CRITICAL - 2025-07-07 03:20:06 --> syntax error, unexpected token "[", expecting "," or ";"
in APPPATH/Config/Filters.php on line 91.
 1 SYSTEMPATH/Autoloader/Autoloader.php(291): CodeIgniter\Autoloader\Autoloader->includeFile()
 2 SYSTEMPATH/Autoloader/Autoloader.php(269): CodeIgniter\Autoloader\Autoloader->loadInNamespace()
 3 [internal function]: CodeIgniter\Autoloader\Autoloader->loadClass()
 4 SYSTEMPATH/Config/Factories.php(283): class_exists()
 5 SYSTEMPATH/Config/Factories.php(202): CodeIgniter\Config\Factories::locateClass()
 6 SYSTEMPATH/Config/Factories.php(161): CodeIgniter\Config\Factories::getDefinedInstance()
 7 SYSTEMPATH/Common.php(217): CodeIgniter\Config\Factories::__callStatic()
 8 SYSTEMPATH/Config/Services.php(291): config()
 9 SYSTEMPATH/Config/BaseService.php(258): CodeIgniter\Config\Services::filters()
10 SYSTEMPATH/Config/BaseService.php(199): CodeIgniter\Config\BaseService::__callStatic()
11 SYSTEMPATH/Config/Services.php(288): CodeIgniter\Config\BaseService::getSharedInstance()
12 SYSTEMPATH/Config/BaseService.php(258): CodeIgniter\Config\Services::filters()
13 SYSTEMPATH/CodeIgniter.php(456): CodeIgniter\Config\BaseService::__callStatic()
14 SYSTEMPATH/CodeIgniter.php(361): CodeIgniter\CodeIgniter->handleRequest()
15 FCPATH/index.php(79): CodeIgniter\CodeIgniter->run()
CRITICAL - 2025-07-07 03:23:10 --> syntax error, unexpected token "[", expecting "," or ";"
in APPPATH/Config/Filters.php on line 76.
 1 SYSTEMPATH/Autoloader/Autoloader.php(291): CodeIgniter\Autoloader\Autoloader->includeFile()
 2 SYSTEMPATH/Autoloader/Autoloader.php(269): CodeIgniter\Autoloader\Autoloader->loadInNamespace()
 3 [internal function]: CodeIgniter\Autoloader\Autoloader->loadClass()
 4 SYSTEMPATH/Config/Factories.php(283): class_exists()
 5 SYSTEMPATH/Config/Factories.php(202): CodeIgniter\Config\Factories::locateClass()
 6 SYSTEMPATH/Config/Factories.php(161): CodeIgniter\Config\Factories::getDefinedInstance()
 7 SYSTEMPATH/Common.php(217): CodeIgniter\Config\Factories::__callStatic()
 8 SYSTEMPATH/Config/Services.php(291): config()
 9 SYSTEMPATH/Config/BaseService.php(258): CodeIgniter\Config\Services::filters()
10 SYSTEMPATH/Config/BaseService.php(199): CodeIgniter\Config\BaseService::__callStatic()
11 SYSTEMPATH/Config/Services.php(288): CodeIgniter\Config\BaseService::getSharedInstance()
12 SYSTEMPATH/Config/BaseService.php(258): CodeIgniter\Config\Services::filters()
13 SYSTEMPATH/CodeIgniter.php(456): CodeIgniter\Config\BaseService::__callStatic()
14 SYSTEMPATH/CodeIgniter.php(361): CodeIgniter\CodeIgniter->handleRequest()
15 FCPATH/index.php(79): CodeIgniter\CodeIgniter->run()
CRITICAL - 2025-07-07 03:23:11 --> syntax error, unexpected token "[", expecting "," or ";"
in APPPATH/Config/Filters.php on line 76.
 1 SYSTEMPATH/Autoloader/Autoloader.php(291): CodeIgniter\Autoloader\Autoloader->includeFile()
 2 SYSTEMPATH/Autoloader/Autoloader.php(269): CodeIgniter\Autoloader\Autoloader->loadInNamespace()
 3 [internal function]: CodeIgniter\Autoloader\Autoloader->loadClass()
 4 SYSTEMPATH/Config/Factories.php(283): class_exists()
 5 SYSTEMPATH/Config/Factories.php(202): CodeIgniter\Config\Factories::locateClass()
 6 SYSTEMPATH/Config/Factories.php(161): CodeIgniter\Config\Factories::getDefinedInstance()
 7 SYSTEMPATH/Common.php(217): CodeIgniter\Config\Factories::__callStatic()
 8 SYSTEMPATH/Config/Services.php(291): config()
 9 SYSTEMPATH/Config/BaseService.php(258): CodeIgniter\Config\Services::filters()
10 SYSTEMPATH/Config/BaseService.php(199): CodeIgniter\Config\BaseService::__callStatic()
11 SYSTEMPATH/Config/Services.php(288): CodeIgniter\Config\BaseService::getSharedInstance()
12 SYSTEMPATH/Config/BaseService.php(258): CodeIgniter\Config\Services::filters()
13 SYSTEMPATH/CodeIgniter.php(456): CodeIgniter\Config\BaseService::__callStatic()
14 SYSTEMPATH/CodeIgniter.php(361): CodeIgniter\CodeIgniter->handleRequest()
15 FCPATH/index.php(79): CodeIgniter\CodeIgniter->run()
CRITICAL - 2025-07-07 03:23:25 --> syntax error, unexpected token "[", expecting "," or ";"
in APPPATH/Config/Filters.php on line 76.
 1 SYSTEMPATH/Autoloader/Autoloader.php(291): CodeIgniter\Autoloader\Autoloader->includeFile()
 2 SYSTEMPATH/Autoloader/Autoloader.php(269): CodeIgniter\Autoloader\Autoloader->loadInNamespace()
 3 [internal function]: CodeIgniter\Autoloader\Autoloader->loadClass()
 4 SYSTEMPATH/Config/Factories.php(283): class_exists()
 5 SYSTEMPATH/Config/Factories.php(202): CodeIgniter\Config\Factories::locateClass()
 6 SYSTEMPATH/Config/Factories.php(161): CodeIgniter\Config\Factories::getDefinedInstance()
 7 SYSTEMPATH/Common.php(217): CodeIgniter\Config\Factories::__callStatic()
 8 SYSTEMPATH/Config/Services.php(291): config()
 9 SYSTEMPATH/Config/BaseService.php(258): CodeIgniter\Config\Services::filters()
10 SYSTEMPATH/Config/BaseService.php(199): CodeIgniter\Config\BaseService::__callStatic()
11 SYSTEMPATH/Config/Services.php(288): CodeIgniter\Config\BaseService::getSharedInstance()
12 SYSTEMPATH/Config/BaseService.php(258): CodeIgniter\Config\Services::filters()
13 SYSTEMPATH/CodeIgniter.php(456): CodeIgniter\Config\BaseService::__callStatic()
14 SYSTEMPATH/CodeIgniter.php(361): CodeIgniter\CodeIgniter->handleRequest()
15 FCPATH/index.php(79): CodeIgniter\CodeIgniter->run()
CRITICAL - 2025-07-07 03:23:37 --> syntax error, unexpected token "[", expecting "," or ";"
in APPPATH/Config/Filters.php on line 76.
 1 SYSTEMPATH/Autoloader/Autoloader.php(291): CodeIgniter\Autoloader\Autoloader->includeFile()
 2 SYSTEMPATH/Autoloader/Autoloader.php(269): CodeIgniter\Autoloader\Autoloader->loadInNamespace()
 3 [internal function]: CodeIgniter\Autoloader\Autoloader->loadClass()
 4 SYSTEMPATH/Config/Factories.php(283): class_exists()
 5 SYSTEMPATH/Config/Factories.php(202): CodeIgniter\Config\Factories::locateClass()
 6 SYSTEMPATH/Config/Factories.php(161): CodeIgniter\Config\Factories::getDefinedInstance()
 7 SYSTEMPATH/Common.php(217): CodeIgniter\Config\Factories::__callStatic()
 8 SYSTEMPATH/Config/Services.php(291): config()
 9 SYSTEMPATH/Config/BaseService.php(258): CodeIgniter\Config\Services::filters()
10 SYSTEMPATH/Config/BaseService.php(199): CodeIgniter\Config\BaseService::__callStatic()
11 SYSTEMPATH/Config/Services.php(288): CodeIgniter\Config\BaseService::getSharedInstance()
12 SYSTEMPATH/Config/BaseService.php(258): CodeIgniter\Config\Services::filters()
13 SYSTEMPATH/CodeIgniter.php(456): CodeIgniter\Config\BaseService::__callStatic()
14 SYSTEMPATH/CodeIgniter.php(361): CodeIgniter\CodeIgniter->handleRequest()
15 FCPATH/index.php(79): CodeIgniter\CodeIgniter->run()
CRITICAL - 2025-07-07 03:23:38 --> syntax error, unexpected token "[", expecting "," or ";"
in APPPATH/Config/Filters.php on line 76.
 1 SYSTEMPATH/Autoloader/Autoloader.php(291): CodeIgniter\Autoloader\Autoloader->includeFile()
 2 SYSTEMPATH/Autoloader/Autoloader.php(269): CodeIgniter\Autoloader\Autoloader->loadInNamespace()
 3 [internal function]: CodeIgniter\Autoloader\Autoloader->loadClass()
 4 SYSTEMPATH/Config/Factories.php(283): class_exists()
 5 SYSTEMPATH/Config/Factories.php(202): CodeIgniter\Config\Factories::locateClass()
 6 SYSTEMPATH/Config/Factories.php(161): CodeIgniter\Config\Factories::getDefinedInstance()
 7 SYSTEMPATH/Common.php(217): CodeIgniter\Config\Factories::__callStatic()
 8 SYSTEMPATH/Config/Services.php(291): config()
 9 SYSTEMPATH/Config/BaseService.php(258): CodeIgniter\Config\Services::filters()
10 SYSTEMPATH/Config/BaseService.php(199): CodeIgniter\Config\BaseService::__callStatic()
11 SYSTEMPATH/Config/Services.php(288): CodeIgniter\Config\BaseService::getSharedInstance()
12 SYSTEMPATH/Config/BaseService.php(258): CodeIgniter\Config\Services::filters()
13 SYSTEMPATH/CodeIgniter.php(456): CodeIgniter\Config\BaseService::__callStatic()
14 SYSTEMPATH/CodeIgniter.php(361): CodeIgniter\CodeIgniter->handleRequest()
15 FCPATH/index.php(79): CodeIgniter\CodeIgniter->run()
CRITICAL - 2025-07-07 03:23:39 --> syntax error, unexpected token "[", expecting "," or ";"
in APPPATH/Config/Filters.php on line 76.
 1 SYSTEMPATH/Autoloader/Autoloader.php(291): CodeIgniter\Autoloader\Autoloader->includeFile()
 2 SYSTEMPATH/Autoloader/Autoloader.php(269): CodeIgniter\Autoloader\Autoloader->loadInNamespace()
 3 [internal function]: CodeIgniter\Autoloader\Autoloader->loadClass()
 4 SYSTEMPATH/Config/Factories.php(283): class_exists()
 5 SYSTEMPATH/Config/Factories.php(202): CodeIgniter\Config\Factories::locateClass()
 6 SYSTEMPATH/Config/Factories.php(161): CodeIgniter\Config\Factories::getDefinedInstance()
 7 SYSTEMPATH/Common.php(217): CodeIgniter\Config\Factories::__callStatic()
 8 SYSTEMPATH/Config/Services.php(291): config()
 9 SYSTEMPATH/Config/BaseService.php(258): CodeIgniter\Config\Services::filters()
10 SYSTEMPATH/Config/BaseService.php(199): CodeIgniter\Config\BaseService::__callStatic()
11 SYSTEMPATH/Config/Services.php(288): CodeIgniter\Config\BaseService::getSharedInstance()
12 SYSTEMPATH/Config/BaseService.php(258): CodeIgniter\Config\Services::filters()
13 SYSTEMPATH/CodeIgniter.php(456): CodeIgniter\Config\BaseService::__callStatic()
14 SYSTEMPATH/CodeIgniter.php(361): CodeIgniter\CodeIgniter->handleRequest()
15 FCPATH/index.php(79): CodeIgniter\CodeIgniter->run()
CRITICAL - 2025-07-07 08:24:10 --> syntax error, unexpected variable "$routes", expecting "function" or "const"
in APPPATH/Config/Filters.php on line 83.
 1 SYSTEMPATH/Autoloader/Autoloader.php(291): CodeIgniter\Autoloader\Autoloader->includeFile()
 2 SYSTEMPATH/Autoloader/Autoloader.php(269): CodeIgniter\Autoloader\Autoloader->loadInNamespace()
 3 [internal function]: CodeIgniter\Autoloader\Autoloader->loadClass()
 4 SYSTEMPATH/Config/Factories.php(283): class_exists()
 5 SYSTEMPATH/Config/Factories.php(202): CodeIgniter\Config\Factories::locateClass()
 6 SYSTEMPATH/Config/Factories.php(161): CodeIgniter\Config\Factories::getDefinedInstance()
 7 SYSTEMPATH/Common.php(217): CodeIgniter\Config\Factories::__callStatic()
 8 SYSTEMPATH/Config/Services.php(291): config()
 9 SYSTEMPATH/Config/BaseService.php(258): CodeIgniter\Config\Services::filters()
10 SYSTEMPATH/Config/BaseService.php(199): CodeIgniter\Config\BaseService::__callStatic()
11 SYSTEMPATH/Config/Services.php(288): CodeIgniter\Config\BaseService::getSharedInstance()
12 SYSTEMPATH/Config/BaseService.php(258): CodeIgniter\Config\Services::filters()
13 SYSTEMPATH/CodeIgniter.php(456): CodeIgniter\Config\BaseService::__callStatic()
14 SYSTEMPATH/CodeIgniter.php(361): CodeIgniter\CodeIgniter->handleRequest()
15 FCPATH/index.php(79): CodeIgniter\CodeIgniter->run()
CRITICAL - 2025-07-07 08:24:13 --> syntax error, unexpected variable "$routes", expecting "function" or "const"
in APPPATH/Config/Filters.php on line 83.
 1 SYSTEMPATH/Autoloader/Autoloader.php(291): CodeIgniter\Autoloader\Autoloader->includeFile()
 2 SYSTEMPATH/Autoloader/Autoloader.php(269): CodeIgniter\Autoloader\Autoloader->loadInNamespace()
 3 [internal function]: CodeIgniter\Autoloader\Autoloader->loadClass()
 4 SYSTEMPATH/Config/Factories.php(283): class_exists()
 5 SYSTEMPATH/Config/Factories.php(202): CodeIgniter\Config\Factories::locateClass()
 6 SYSTEMPATH/Config/Factories.php(161): CodeIgniter\Config\Factories::getDefinedInstance()
 7 SYSTEMPATH/Common.php(217): CodeIgniter\Config\Factories::__callStatic()
 8 SYSTEMPATH/Config/Services.php(291): config()
 9 SYSTEMPATH/Config/BaseService.php(258): CodeIgniter\Config\Services::filters()
10 SYSTEMPATH/Config/BaseService.php(199): CodeIgniter\Config\BaseService::__callStatic()
11 SYSTEMPATH/Config/Services.php(288): CodeIgniter\Config\BaseService::getSharedInstance()
12 SYSTEMPATH/Config/BaseService.php(258): CodeIgniter\Config\Services::filters()
13 SYSTEMPATH/CodeIgniter.php(456): CodeIgniter\Config\BaseService::__callStatic()
14 SYSTEMPATH/CodeIgniter.php(361): CodeIgniter\CodeIgniter->handleRequest()
15 FCPATH/index.php(79): CodeIgniter\CodeIgniter->run()
CRITICAL - 2025-07-07 08:24:17 --> syntax error, unexpected variable "$routes", expecting "function" or "const"
in APPPATH/Config/Filters.php on line 83.
 1 SYSTEMPATH/Autoloader/Autoloader.php(291): CodeIgniter\Autoloader\Autoloader->includeFile()
 2 SYSTEMPATH/Autoloader/Autoloader.php(269): CodeIgniter\Autoloader\Autoloader->loadInNamespace()
 3 [internal function]: CodeIgniter\Autoloader\Autoloader->loadClass()
 4 SYSTEMPATH/Config/Factories.php(283): class_exists()
 5 SYSTEMPATH/Config/Factories.php(202): CodeIgniter\Config\Factories::locateClass()
 6 SYSTEMPATH/Config/Factories.php(161): CodeIgniter\Config\Factories::getDefinedInstance()
 7 SYSTEMPATH/Common.php(217): CodeIgniter\Config\Factories::__callStatic()
 8 SYSTEMPATH/Config/Services.php(291): config()
 9 SYSTEMPATH/Config/BaseService.php(258): CodeIgniter\Config\Services::filters()
10 SYSTEMPATH/Config/BaseService.php(199): CodeIgniter\Config\BaseService::__callStatic()
11 SYSTEMPATH/Config/Services.php(288): CodeIgniter\Config\BaseService::getSharedInstance()
12 SYSTEMPATH/Config/BaseService.php(258): CodeIgniter\Config\Services::filters()
13 SYSTEMPATH/CodeIgniter.php(456): CodeIgniter\Config\BaseService::__callStatic()
14 SYSTEMPATH/CodeIgniter.php(361): CodeIgniter\CodeIgniter->handleRequest()
15 FCPATH/index.php(79): CodeIgniter\CodeIgniter->run()
CRITICAL - 2025-07-07 08:24:21 --> syntax error, unexpected variable "$routes", expecting "function" or "const"
in APPPATH/Config/Filters.php on line 83.
 1 SYSTEMPATH/Autoloader/Autoloader.php(291): CodeIgniter\Autoloader\Autoloader->includeFile()
 2 SYSTEMPATH/Autoloader/Autoloader.php(269): CodeIgniter\Autoloader\Autoloader->loadInNamespace()
 3 [internal function]: CodeIgniter\Autoloader\Autoloader->loadClass()
 4 SYSTEMPATH/Config/Factories.php(283): class_exists()
 5 SYSTEMPATH/Config/Factories.php(202): CodeIgniter\Config\Factories::locateClass()
 6 SYSTEMPATH/Config/Factories.php(161): CodeIgniter\Config\Factories::getDefinedInstance()
 7 SYSTEMPATH/Common.php(217): CodeIgniter\Config\Factories::__callStatic()
 8 SYSTEMPATH/Config/Services.php(291): config()
 9 SYSTEMPATH/Config/BaseService.php(258): CodeIgniter\Config\Services::filters()
10 SYSTEMPATH/Config/BaseService.php(199): CodeIgniter\Config\BaseService::__callStatic()
11 SYSTEMPATH/Config/Services.php(288): CodeIgniter\Config\BaseService::getSharedInstance()
12 SYSTEMPATH/Config/BaseService.php(258): CodeIgniter\Config\Services::filters()
13 SYSTEMPATH/CodeIgniter.php(456): CodeIgniter\Config\BaseService::__callStatic()
14 SYSTEMPATH/CodeIgniter.php(361): CodeIgniter\CodeIgniter->handleRequest()
15 FCPATH/index.php(79): CodeIgniter\CodeIgniter->run()
CRITICAL - 2025-07-07 08:28:38 --> syntax error, unexpected variable "$routes", expecting "function" or "const"
in APPPATH/Config/Filters.php on line 83.
 1 SYSTEMPATH/Autoloader/Autoloader.php(291): CodeIgniter\Autoloader\Autoloader->includeFile()
 2 SYSTEMPATH/Autoloader/Autoloader.php(269): CodeIgniter\Autoloader\Autoloader->loadInNamespace()
 3 [internal function]: CodeIgniter\Autoloader\Autoloader->loadClass()
 4 SYSTEMPATH/Config/Factories.php(283): class_exists()
 5 SYSTEMPATH/Config/Factories.php(202): CodeIgniter\Config\Factories::locateClass()
 6 SYSTEMPATH/Config/Factories.php(161): CodeIgniter\Config\Factories::getDefinedInstance()
 7 SYSTEMPATH/Common.php(217): CodeIgniter\Config\Factories::__callStatic()
 8 SYSTEMPATH/Config/Services.php(291): config()
 9 SYSTEMPATH/Config/BaseService.php(258): CodeIgniter\Config\Services::filters()
10 SYSTEMPATH/Config/BaseService.php(199): CodeIgniter\Config\BaseService::__callStatic()
11 SYSTEMPATH/Config/Services.php(288): CodeIgniter\Config\BaseService::getSharedInstance()
12 SYSTEMPATH/Config/BaseService.php(258): CodeIgniter\Config\Services::filters()
13 SYSTEMPATH/CodeIgniter.php(456): CodeIgniter\Config\BaseService::__callStatic()
14 SYSTEMPATH/CodeIgniter.php(361): CodeIgniter\CodeIgniter->handleRequest()
15 FCPATH/index.php(79): CodeIgniter\CodeIgniter->run()
CRITICAL - 2025-07-07 08:28:41 --> syntax error, unexpected variable "$routes", expecting "function" or "const"
in APPPATH/Config/Filters.php on line 83.
 1 SYSTEMPATH/Autoloader/Autoloader.php(291): CodeIgniter\Autoloader\Autoloader->includeFile()
 2 SYSTEMPATH/Autoloader/Autoloader.php(269): CodeIgniter\Autoloader\Autoloader->loadInNamespace()
 3 [internal function]: CodeIgniter\Autoloader\Autoloader->loadClass()
 4 SYSTEMPATH/Config/Factories.php(283): class_exists()
 5 SYSTEMPATH/Config/Factories.php(202): CodeIgniter\Config\Factories::locateClass()
 6 SYSTEMPATH/Config/Factories.php(161): CodeIgniter\Config\Factories::getDefinedInstance()
 7 SYSTEMPATH/Common.php(217): CodeIgniter\Config\Factories::__callStatic()
 8 SYSTEMPATH/Config/Services.php(291): config()
 9 SYSTEMPATH/Config/BaseService.php(258): CodeIgniter\Config\Services::filters()
10 SYSTEMPATH/Config/BaseService.php(199): CodeIgniter\Config\BaseService::__callStatic()
11 SYSTEMPATH/Config/Services.php(288): CodeIgniter\Config\BaseService::getSharedInstance()
12 SYSTEMPATH/Config/BaseService.php(258): CodeIgniter\Config\Services::filters()
13 SYSTEMPATH/CodeIgniter.php(456): CodeIgniter\Config\BaseService::__callStatic()
14 SYSTEMPATH/CodeIgniter.php(361): CodeIgniter\CodeIgniter->handleRequest()
15 FCPATH/index.php(79): CodeIgniter\CodeIgniter->run()
CRITICAL - 2025-07-07 08:28:42 --> syntax error, unexpected variable "$routes", expecting "function" or "const"
in APPPATH/Config/Filters.php on line 83.
 1 SYSTEMPATH/Autoloader/Autoloader.php(291): CodeIgniter\Autoloader\Autoloader->includeFile()
 2 SYSTEMPATH/Autoloader/Autoloader.php(269): CodeIgniter\Autoloader\Autoloader->loadInNamespace()
 3 [internal function]: CodeIgniter\Autoloader\Autoloader->loadClass()
 4 SYSTEMPATH/Config/Factories.php(283): class_exists()
 5 SYSTEMPATH/Config/Factories.php(202): CodeIgniter\Config\Factories::locateClass()
 6 SYSTEMPATH/Config/Factories.php(161): CodeIgniter\Config\Factories::getDefinedInstance()
 7 SYSTEMPATH/Common.php(217): CodeIgniter\Config\Factories::__callStatic()
 8 SYSTEMPATH/Config/Services.php(291): config()
 9 SYSTEMPATH/Config/BaseService.php(258): CodeIgniter\Config\Services::filters()
10 SYSTEMPATH/Config/BaseService.php(199): CodeIgniter\Config\BaseService::__callStatic()
11 SYSTEMPATH/Config/Services.php(288): CodeIgniter\Config\BaseService::getSharedInstance()
12 SYSTEMPATH/Config/BaseService.php(258): CodeIgniter\Config\Services::filters()
13 SYSTEMPATH/CodeIgniter.php(456): CodeIgniter\Config\BaseService::__callStatic()
14 SYSTEMPATH/CodeIgniter.php(361): CodeIgniter\CodeIgniter->handleRequest()
15 FCPATH/index.php(79): CodeIgniter\CodeIgniter->run()
CRITICAL - 2025-07-07 08:29:02 --> syntax error, unexpected variable "$routes", expecting "function" or "const"
in APPPATH/Config/Filters.php on line 83.
 1 SYSTEMPATH/Autoloader/Autoloader.php(291): CodeIgniter\Autoloader\Autoloader->includeFile()
 2 SYSTEMPATH/Autoloader/Autoloader.php(269): CodeIgniter\Autoloader\Autoloader->loadInNamespace()
 3 [internal function]: CodeIgniter\Autoloader\Autoloader->loadClass()
 4 SYSTEMPATH/Config/Factories.php(283): class_exists()
 5 SYSTEMPATH/Config/Factories.php(202): CodeIgniter\Config\Factories::locateClass()
 6 SYSTEMPATH/Config/Factories.php(161): CodeIgniter\Config\Factories::getDefinedInstance()
 7 SYSTEMPATH/Common.php(217): CodeIgniter\Config\Factories::__callStatic()
 8 SYSTEMPATH/Config/Services.php(291): config()
 9 SYSTEMPATH/Config/BaseService.php(258): CodeIgniter\Config\Services::filters()
10 SYSTEMPATH/Config/BaseService.php(199): CodeIgniter\Config\BaseService::__callStatic()
11 SYSTEMPATH/Config/Services.php(288): CodeIgniter\Config\BaseService::getSharedInstance()
12 SYSTEMPATH/Config/BaseService.php(258): CodeIgniter\Config\Services::filters()
13 SYSTEMPATH/CodeIgniter.php(456): CodeIgniter\Config\BaseService::__callStatic()
14 SYSTEMPATH/CodeIgniter.php(361): CodeIgniter\CodeIgniter->handleRequest()
15 FCPATH/index.php(79): CodeIgniter\CodeIgniter->run()
CRITICAL - 2025-07-07 08:29:17 --> syntax error, unexpected variable "$routes", expecting "function" or "const"
in APPPATH/Config/Filters.php on line 83.
 1 SYSTEMPATH/Autoloader/Autoloader.php(291): CodeIgniter\Autoloader\Autoloader->includeFile()
 2 SYSTEMPATH/Autoloader/Autoloader.php(269): CodeIgniter\Autoloader\Autoloader->loadInNamespace()
 3 [internal function]: CodeIgniter\Autoloader\Autoloader->loadClass()
 4 SYSTEMPATH/Config/Factories.php(283): class_exists()
 5 SYSTEMPATH/Config/Factories.php(202): CodeIgniter\Config\Factories::locateClass()
 6 SYSTEMPATH/Config/Factories.php(161): CodeIgniter\Config\Factories::getDefinedInstance()
 7 SYSTEMPATH/Common.php(217): CodeIgniter\Config\Factories::__callStatic()
 8 SYSTEMPATH/Config/Services.php(291): config()
 9 SYSTEMPATH/Config/BaseService.php(258): CodeIgniter\Config\Services::filters()
10 SYSTEMPATH/Config/BaseService.php(199): CodeIgniter\Config\BaseService::__callStatic()
11 SYSTEMPATH/Config/Services.php(288): CodeIgniter\Config\BaseService::getSharedInstance()
12 SYSTEMPATH/Config/BaseService.php(258): CodeIgniter\Config\Services::filters()
13 SYSTEMPATH/CodeIgniter.php(456): CodeIgniter\Config\BaseService::__callStatic()
14 SYSTEMPATH/CodeIgniter.php(361): CodeIgniter\CodeIgniter->handleRequest()
15 FCPATH/index.php(79): CodeIgniter\CodeIgniter->run()
CRITICAL - 2025-07-07 08:29:18 --> syntax error, unexpected variable "$routes", expecting "function" or "const"
in APPPATH/Config/Filters.php on line 83.
 1 SYSTEMPATH/Autoloader/Autoloader.php(291): CodeIgniter\Autoloader\Autoloader->includeFile()
 2 SYSTEMPATH/Autoloader/Autoloader.php(269): CodeIgniter\Autoloader\Autoloader->loadInNamespace()
 3 [internal function]: CodeIgniter\Autoloader\Autoloader->loadClass()
 4 SYSTEMPATH/Config/Factories.php(283): class_exists()
 5 SYSTEMPATH/Config/Factories.php(202): CodeIgniter\Config\Factories::locateClass()
 6 SYSTEMPATH/Config/Factories.php(161): CodeIgniter\Config\Factories::getDefinedInstance()
 7 SYSTEMPATH/Common.php(217): CodeIgniter\Config\Factories::__callStatic()
 8 SYSTEMPATH/Config/Services.php(291): config()
 9 SYSTEMPATH/Config/BaseService.php(258): CodeIgniter\Config\Services::filters()
10 SYSTEMPATH/Config/BaseService.php(199): CodeIgniter\Config\BaseService::__callStatic()
11 SYSTEMPATH/Config/Services.php(288): CodeIgniter\Config\BaseService::getSharedInstance()
12 SYSTEMPATH/Config/BaseService.php(258): CodeIgniter\Config\Services::filters()
13 SYSTEMPATH/CodeIgniter.php(456): CodeIgniter\Config\BaseService::__callStatic()
14 SYSTEMPATH/CodeIgniter.php(361): CodeIgniter\CodeIgniter->handleRequest()
15 FCPATH/index.php(79): CodeIgniter\CodeIgniter->run()
CRITICAL - 2025-07-07 08:29:33 --> syntax error, unexpected variable "$routes", expecting "function" or "const"
in APPPATH/Config/Filters.php on line 83.
 1 SYSTEMPATH/Autoloader/Autoloader.php(291): CodeIgniter\Autoloader\Autoloader->includeFile()
 2 SYSTEMPATH/Autoloader/Autoloader.php(269): CodeIgniter\Autoloader\Autoloader->loadInNamespace()
 3 [internal function]: CodeIgniter\Autoloader\Autoloader->loadClass()
 4 SYSTEMPATH/Config/Factories.php(283): class_exists()
 5 SYSTEMPATH/Config/Factories.php(202): CodeIgniter\Config\Factories::locateClass()
 6 SYSTEMPATH/Config/Factories.php(161): CodeIgniter\Config\Factories::getDefinedInstance()
 7 SYSTEMPATH/Common.php(217): CodeIgniter\Config\Factories::__callStatic()
 8 SYSTEMPATH/Config/Services.php(291): config()
 9 SYSTEMPATH/Config/BaseService.php(258): CodeIgniter\Config\Services::filters()
10 SYSTEMPATH/Config/BaseService.php(199): CodeIgniter\Config\BaseService::__callStatic()
11 SYSTEMPATH/Config/Services.php(288): CodeIgniter\Config\BaseService::getSharedInstance()
12 SYSTEMPATH/Config/BaseService.php(258): CodeIgniter\Config\Services::filters()
13 SYSTEMPATH/CodeIgniter.php(456): CodeIgniter\Config\BaseService::__callStatic()
14 SYSTEMPATH/CodeIgniter.php(361): CodeIgniter\CodeIgniter->handleRequest()
15 FCPATH/index.php(79): CodeIgniter\CodeIgniter->run()
CRITICAL - 2025-07-07 08:38:36 --> syntax error, unexpected variable "$routes", expecting "function" or "const"
in APPPATH/Config/Filters.php on line 83.
 1 SYSTEMPATH/Autoloader/Autoloader.php(291): CodeIgniter\Autoloader\Autoloader->includeFile()
 2 SYSTEMPATH/Autoloader/Autoloader.php(269): CodeIgniter\Autoloader\Autoloader->loadInNamespace()
 3 [internal function]: CodeIgniter\Autoloader\Autoloader->loadClass()
 4 SYSTEMPATH/Config/Factories.php(283): class_exists()
 5 SYSTEMPATH/Config/Factories.php(202): CodeIgniter\Config\Factories::locateClass()
 6 SYSTEMPATH/Config/Factories.php(161): CodeIgniter\Config\Factories::getDefinedInstance()
 7 SYSTEMPATH/Common.php(217): CodeIgniter\Config\Factories::__callStatic()
 8 SYSTEMPATH/Config/Services.php(291): config()
 9 SYSTEMPATH/Config/BaseService.php(258): CodeIgniter\Config\Services::filters()
10 SYSTEMPATH/Config/BaseService.php(199): CodeIgniter\Config\BaseService::__callStatic()
11 SYSTEMPATH/Config/Services.php(288): CodeIgniter\Config\BaseService::getSharedInstance()
12 SYSTEMPATH/Config/BaseService.php(258): CodeIgniter\Config\Services::filters()
13 SYSTEMPATH/CodeIgniter.php(456): CodeIgniter\Config\BaseService::__callStatic()
14 SYSTEMPATH/CodeIgniter.php(361): CodeIgniter\CodeIgniter->handleRequest()
15 FCPATH/index.php(79): CodeIgniter\CodeIgniter->run()
CRITICAL - 2025-07-07 08:40:08 --> syntax error, unexpected variable "$routes", expecting "function" or "const"
in APPPATH/Config/Filters.php on line 83.
 1 SYSTEMPATH/Autoloader/Autoloader.php(291): CodeIgniter\Autoloader\Autoloader->includeFile()
 2 SYSTEMPATH/Autoloader/Autoloader.php(269): CodeIgniter\Autoloader\Autoloader->loadInNamespace()
 3 [internal function]: CodeIgniter\Autoloader\Autoloader->loadClass()
 4 SYSTEMPATH/Config/Factories.php(283): class_exists()
 5 SYSTEMPATH/Config/Factories.php(202): CodeIgniter\Config\Factories::locateClass()
 6 SYSTEMPATH/Config/Factories.php(161): CodeIgniter\Config\Factories::getDefinedInstance()
 7 SYSTEMPATH/Common.php(217): CodeIgniter\Config\Factories::__callStatic()
 8 SYSTEMPATH/Config/Services.php(291): config()
 9 SYSTEMPATH/Config/BaseService.php(258): CodeIgniter\Config\Services::filters()
10 SYSTEMPATH/Config/BaseService.php(199): CodeIgniter\Config\BaseService::__callStatic()
11 SYSTEMPATH/Config/Services.php(288): CodeIgniter\Config\BaseService::getSharedInstance()
12 SYSTEMPATH/Config/BaseService.php(258): CodeIgniter\Config\Services::filters()
13 SYSTEMPATH/CodeIgniter.php(456): CodeIgniter\Config\BaseService::__callStatic()
14 SYSTEMPATH/CodeIgniter.php(361): CodeIgniter\CodeIgniter->handleRequest()
15 FCPATH/index.php(79): CodeIgniter\CodeIgniter->run()
CRITICAL - 2025-07-07 08:56:25 --> Call to undefined function logged_in()
in APPPATH/Views/template.php on line 155.
 1 SYSTEMPATH/View/View.php(228): include()
 2 SYSTEMPATH/View/View.php(231): CodeIgniter\View\View->CodeIgniter\View\{closure}()
 3 SYSTEMPATH/View/View.php(244): CodeIgniter\View\View->render()
 4 SYSTEMPATH/Common.php(1190): CodeIgniter\View\View->render()
 5 APPPATH/Controllers/Page.php(419): view()
 6 SYSTEMPATH/CodeIgniter.php(942): App\Controllers\Page->datatunggakan()
 7 SYSTEMPATH/CodeIgniter.php(502): CodeIgniter\CodeIgniter->runController()
 8 SYSTEMPATH/CodeIgniter.php(361): CodeIgniter\CodeIgniter->handleRequest()
 9 FCPATH/index.php(79): CodeIgniter\CodeIgniter->run()
CRITICAL - 2025-07-07 08:56:27 --> Call to undefined function logged_in()
in APPPATH/Views/template.php on line 155.
 1 SYSTEMPATH/View/View.php(228): include()
 2 SYSTEMPATH/View/View.php(231): CodeIgniter\View\View->CodeIgniter\View\{closure}()
 3 SYSTEMPATH/View/View.php(244): CodeIgniter\View\View->render()
 4 SYSTEMPATH/Common.php(1190): CodeIgniter\View\View->render()
 5 APPPATH/Controllers/Page.php(419): view()
 6 SYSTEMPATH/CodeIgniter.php(942): App\Controllers\Page->datatunggakan()
 7 SYSTEMPATH/CodeIgniter.php(502): CodeIgniter\CodeIgniter->runController()
 8 SYSTEMPATH/CodeIgniter.php(361): CodeIgniter\CodeIgniter->handleRequest()
 9 FCPATH/index.php(79): CodeIgniter\CodeIgniter->run()
CRITICAL - 2025-07-07 10:08:27 --> Call to undefined function badgeStyle()
in APPPATH/Views/pages/home.php on line 14.
 1 SYSTEMPATH/View/View.php(228): include()
 2 SYSTEMPATH/View/View.php(231): CodeIgniter\View\View->CodeIgniter\View\{closure}()
 3 SYSTEMPATH/Common.php(1190): CodeIgniter\View\View->render()
 4 APPPATH/Controllers/Home.php(68): view()
 5 SYSTEMPATH/CodeIgniter.php(942): App\Controllers\Home->index()
 6 SYSTEMPATH/CodeIgniter.php(502): CodeIgniter\CodeIgniter->runController()
 7 SYSTEMPATH/CodeIgniter.php(361): CodeIgniter\CodeIgniter->handleRequest()
 8 FCPATH/index.php(79): CodeIgniter\CodeIgniter->run()
CRITICAL - 2025-07-07 10:08:28 --> Call to undefined function badgeStyle()
in APPPATH/Views/pages/home.php on line 14.
 1 SYSTEMPATH/View/View.php(228): include()
 2 SYSTEMPATH/View/View.php(231): CodeIgniter\View\View->CodeIgniter\View\{closure}()
 3 SYSTEMPATH/Common.php(1190): CodeIgniter\View\View->render()
 4 APPPATH/Controllers/Home.php(68): view()
 5 SYSTEMPATH/CodeIgniter.php(942): App\Controllers\Home->index()
 6 SYSTEMPATH/CodeIgniter.php(502): CodeIgniter\CodeIgniter->runController()
 7 SYSTEMPATH/CodeIgniter.php(361): CodeIgniter\CodeIgniter->handleRequest()
 8 FCPATH/index.php(79): CodeIgniter\CodeIgniter->run()
CRITICAL - 2025-07-07 10:09:40 --> Call to undefined function badgeStyle()
in APPPATH/Views/pages/home.php on line 14.
 1 SYSTEMPATH/View/View.php(228): include()
 2 SYSTEMPATH/View/View.php(231): CodeIgniter\View\View->CodeIgniter\View\{closure}()
 3 SYSTEMPATH/Common.php(1190): CodeIgniter\View\View->render()
 4 APPPATH/Controllers/Home.php(68): view()
 5 SYSTEMPATH/CodeIgniter.php(942): App\Controllers\Home->index()
 6 SYSTEMPATH/CodeIgniter.php(502): CodeIgniter\CodeIgniter->runController()
 7 SYSTEMPATH/CodeIgniter.php(361): CodeIgniter\CodeIgniter->handleRequest()
 8 FCPATH/index.php(79): CodeIgniter\CodeIgniter->run()
CRITICAL - 2025-07-07 10:11:59 --> Call to undefined function badgeStyle()
in APPPATH/Views/pages/home.php on line 16.
 1 SYSTEMPATH/View/View.php(228): include()
 2 SYSTEMPATH/View/View.php(231): CodeIgniter\View\View->CodeIgniter\View\{closure}()
 3 SYSTEMPATH/Common.php(1190): CodeIgniter\View\View->render()
 4 APPPATH/Controllers/Home.php(68): view()
 5 SYSTEMPATH/CodeIgniter.php(942): App\Controllers\Home->index()
 6 SYSTEMPATH/CodeIgniter.php(502): CodeIgniter\CodeIgniter->runController()
 7 SYSTEMPATH/CodeIgniter.php(361): CodeIgniter\CodeIgniter->handleRequest()
 8 FCPATH/index.php(79): CodeIgniter\CodeIgniter->run()
CRITICAL - 2025-07-07 10:12:00 --> Call to undefined function badgeStyle()
in APPPATH/Views/pages/home.php on line 16.
 1 SYSTEMPATH/View/View.php(228): include()
 2 SYSTEMPATH/View/View.php(231): CodeIgniter\View\View->CodeIgniter\View\{closure}()
 3 SYSTEMPATH/Common.php(1190): CodeIgniter\View\View->render()
 4 APPPATH/Controllers/Home.php(68): view()
 5 SYSTEMPATH/CodeIgniter.php(942): App\Controllers\Home->index()
 6 SYSTEMPATH/CodeIgniter.php(502): CodeIgniter\CodeIgniter->runController()
 7 SYSTEMPATH/CodeIgniter.php(361): CodeIgniter\CodeIgniter->handleRequest()
 8 FCPATH/index.php(79): CodeIgniter\CodeIgniter->run()
CRITICAL - 2025-07-07 10:12:01 --> Call to undefined function badgeStyle()
in APPPATH/Views/pages/home.php on line 16.
 1 SYSTEMPATH/View/View.php(228): include()
 2 SYSTEMPATH/View/View.php(231): CodeIgniter\View\View->CodeIgniter\View\{closure}()
 3 SYSTEMPATH/Common.php(1190): CodeIgniter\View\View->render()
 4 APPPATH/Controllers/Home.php(68): view()
 5 SYSTEMPATH/CodeIgniter.php(942): App\Controllers\Home->index()
 6 SYSTEMPATH/CodeIgniter.php(502): CodeIgniter\CodeIgniter->runController()
 7 SYSTEMPATH/CodeIgniter.php(361): CodeIgniter\CodeIgniter->handleRequest()
 8 FCPATH/index.php(79): CodeIgniter\CodeIgniter->run()
CRITICAL - 2025-07-07 10:16:13 --> Call to undefined function badgeStyle()
in APPPATH/Views/pages/home.php on line 16.
 1 SYSTEMPATH/View/View.php(228): include()
 2 SYSTEMPATH/View/View.php(231): CodeIgniter\View\View->CodeIgniter\View\{closure}()
 3 SYSTEMPATH/Common.php(1190): CodeIgniter\View\View->render()
 4 APPPATH/Controllers/Home.php(68): view()
 5 SYSTEMPATH/CodeIgniter.php(942): App\Controllers\Home->index()
 6 SYSTEMPATH/CodeIgniter.php(502): CodeIgniter\CodeIgniter->runController()
 7 SYSTEMPATH/CodeIgniter.php(361): CodeIgniter\CodeIgniter->handleRequest()
 8 FCPATH/index.php(79): CodeIgniter\CodeIgniter->run()
CRITICAL - 2025-07-07 10:16:14 --> Call to undefined function badgeStyle()
in APPPATH/Views/pages/home.php on line 16.
 1 SYSTEMPATH/View/View.php(228): include()
 2 SYSTEMPATH/View/View.php(231): CodeIgniter\View\View->CodeIgniter\View\{closure}()
 3 SYSTEMPATH/Common.php(1190): CodeIgniter\View\View->render()
 4 APPPATH/Controllers/Home.php(68): view()
 5 SYSTEMPATH/CodeIgniter.php(942): App\Controllers\Home->index()
 6 SYSTEMPATH/CodeIgniter.php(502): CodeIgniter\CodeIgniter->runController()
 7 SYSTEMPATH/CodeIgniter.php(361): CodeIgniter\CodeIgniter->handleRequest()
 8 FCPATH/index.php(79): CodeIgniter\CodeIgniter->run()
CRITICAL - 2025-07-07 10:16:18 --> Call to undefined function badgeStyle()
in APPPATH/Views/pages/home.php on line 16.
 1 SYSTEMPATH/View/View.php(228): include()
 2 SYSTEMPATH/View/View.php(231): CodeIgniter\View\View->CodeIgniter\View\{closure}()
 3 SYSTEMPATH/Common.php(1190): CodeIgniter\View\View->render()
 4 APPPATH/Controllers/Home.php(68): view()
 5 SYSTEMPATH/CodeIgniter.php(942): App\Controllers\Home->index()
 6 SYSTEMPATH/CodeIgniter.php(502): CodeIgniter\CodeIgniter->runController()
 7 SYSTEMPATH/CodeIgniter.php(361): CodeIgniter\CodeIgniter->handleRequest()
 8 FCPATH/index.php(79): CodeIgniter\CodeIgniter->run()
CRITICAL - 2025-07-07 12:29:24 --> Undefined variable $filterJenjang
in APPPATH/Views/santri/psb.php on line 49.
 1 APPPATH/Views/santri/psb.php(49): CodeIgniter\Debug\Exceptions->errorHandler()
 2 SYSTEMPATH/View/View.php(228): include('/home/u927597906/domains/51-574-ff.darulhijrah.in/public_html/app/Views/santri/psb.php')
 3 SYSTEMPATH/View/View.php(231): CodeIgniter\View\View->CodeIgniter\View\{closure}()
 4 SYSTEMPATH/Common.php(1190): CodeIgniter\View\View->render()
 5 APPPATH/Controllers/Santri.php(117): view()
 6 SYSTEMPATH/CodeIgniter.php(942): App\Controllers\Santri->psb()
 7 SYSTEMPATH/CodeIgniter.php(502): CodeIgniter\CodeIgniter->runController()
 8 SYSTEMPATH/CodeIgniter.php(361): CodeIgniter\CodeIgniter->handleRequest()
 9 FCPATH/index.php(79): CodeIgniter\CodeIgniter->run()
CRITICAL - 2025-07-07 14:13:32 --> Undefined variable $santriModel
in APPPATH/Controllers/Santri.php on line 107.
 1 APPPATH/Controllers/Santri.php(107): CodeIgniter\Debug\Exceptions->errorHandler()
 2 SYSTEMPATH/CodeIgniter.php(942): App\Controllers\Santri->psb()
 3 SYSTEMPATH/CodeIgniter.php(502): CodeIgniter\CodeIgniter->runController()
 4 SYSTEMPATH/CodeIgniter.php(361): CodeIgniter\CodeIgniter->handleRequest()
 5 FCPATH/index.php(79): CodeIgniter\CodeIgniter->run()
CRITICAL - 2025-07-07 14:18:28 --> Undefined variable $santriModel
in APPPATH/Controllers/Santri.php on line 107.
 1 APPPATH/Controllers/Santri.php(107): CodeIgniter\Debug\Exceptions->errorHandler()
 2 SYSTEMPATH/CodeIgniter.php(942): App\Controllers\Santri->psb()
 3 SYSTEMPATH/CodeIgniter.php(502): CodeIgniter\CodeIgniter->runController()
 4 SYSTEMPATH/CodeIgniter.php(361): CodeIgniter\CodeIgniter->handleRequest()
 5 FCPATH/index.php(79): CodeIgniter\CodeIgniter->run()
CRITICAL - 2025-07-07 14:18:29 --> Undefined variable $santriModel
in APPPATH/Controllers/Santri.php on line 107.
 1 APPPATH/Controllers/Santri.php(107): CodeIgniter\Debug\Exceptions->errorHandler()
 2 SYSTEMPATH/CodeIgniter.php(942): App\Controllers\Santri->psb()
 3 SYSTEMPATH/CodeIgniter.php(502): CodeIgniter\CodeIgniter->runController()
 4 SYSTEMPATH/CodeIgniter.php(361): CodeIgniter\CodeIgniter->handleRequest()
 5 FCPATH/index.php(79): CodeIgniter\CodeIgniter->run()
CRITICAL - 2025-07-07 14:22:41 --> Call to a member function select() on array
in APPPATH/Controllers/Santri.php on line 135.
 1 SYSTEMPATH/CodeIgniter.php(942): App\Controllers\Santri->psb()
 2 SYSTEMPATH/CodeIgniter.php(502): CodeIgniter\CodeIgniter->runController()
 3 SYSTEMPATH/CodeIgniter.php(361): CodeIgniter\CodeIgniter->handleRequest()
 4 FCPATH/index.php(79): CodeIgniter\CodeIgniter->run()
CRITICAL - 2025-07-07 14:22:43 --> Call to a member function select() on array
in APPPATH/Controllers/Santri.php on line 135.
 1 SYSTEMPATH/CodeIgniter.php(942): App\Controllers\Santri->psb()
 2 SYSTEMPATH/CodeIgniter.php(502): CodeIgniter\CodeIgniter->runController()
 3 SYSTEMPATH/CodeIgniter.php(361): CodeIgniter\CodeIgniter->handleRequest()
 4 FCPATH/index.php(79): CodeIgniter\CodeIgniter->run()
CRITICAL - 2025-07-07 14:26:16 --> syntax error, unexpected variable "$data", expecting "function" or "const"
in APPPATH/Controllers/Santri.php on line 132.
 1 SYSTEMPATH/Autoloader/Autoloader.php(291): CodeIgniter\Autoloader\Autoloader->includeFile()
 2 SYSTEMPATH/Autoloader/Autoloader.php(269): CodeIgniter\Autoloader\Autoloader->loadInNamespace()
 3 [internal function]: CodeIgniter\Autoloader\Autoloader->loadClass()
 4 SYSTEMPATH/CodeIgniter.php(900): class_exists()
 5 SYSTEMPATH/CodeIgniter.php(489): CodeIgniter\CodeIgniter->startController()
 6 SYSTEMPATH/CodeIgniter.php(361): CodeIgniter\CodeIgniter->handleRequest()
 7 FCPATH/index.php(79): CodeIgniter\CodeIgniter->run()
CRITICAL - 2025-07-07 14:26:17 --> syntax error, unexpected variable "$data", expecting "function" or "const"
in APPPATH/Controllers/Santri.php on line 132.
 1 SYSTEMPATH/Autoloader/Autoloader.php(291): CodeIgniter\Autoloader\Autoloader->includeFile()
 2 SYSTEMPATH/Autoloader/Autoloader.php(269): CodeIgniter\Autoloader\Autoloader->loadInNamespace()
 3 [internal function]: CodeIgniter\Autoloader\Autoloader->loadClass()
 4 SYSTEMPATH/CodeIgniter.php(900): class_exists()
 5 SYSTEMPATH/CodeIgniter.php(489): CodeIgniter\CodeIgniter->startController()
 6 SYSTEMPATH/CodeIgniter.php(361): CodeIgniter\CodeIgniter->handleRequest()
 7 FCPATH/index.php(79): CodeIgniter\CodeIgniter->run()
CRITICAL - 2025-07-07 14:26:20 --> syntax error, unexpected variable "$data", expecting "function" or "const"
in APPPATH/Controllers/Santri.php on line 132.
 1 SYSTEMPATH/Autoloader/Autoloader.php(291): CodeIgniter\Autoloader\Autoloader->includeFile()
 2 SYSTEMPATH/Autoloader/Autoloader.php(269): CodeIgniter\Autoloader\Autoloader->loadInNamespace()
 3 [internal function]: CodeIgniter\Autoloader\Autoloader->loadClass()
 4 SYSTEMPATH/CodeIgniter.php(900): class_exists()
 5 SYSTEMPATH/CodeIgniter.php(489): CodeIgniter\CodeIgniter->startController()
 6 SYSTEMPATH/CodeIgniter.php(361): CodeIgniter\CodeIgniter->handleRequest()
 7 FCPATH/index.php(79): CodeIgniter\CodeIgniter->run()
CRITICAL - 2025-07-07 14:58:41 --> syntax error, unexpected token "endif", expecting end of file
in APPPATH/Views/santri/_card_list_santri.php on line 59.
 1 SYSTEMPATH/View/View.php(231): CodeIgniter\View\View->CodeIgniter\View\{closure}()
 2 SYSTEMPATH/Common.php(1190): CodeIgniter\View\View->render()
 3 APPPATH/Controllers/Santri.php(46): view()
 4 SYSTEMPATH/CodeIgniter.php(942): App\Controllers\Santri->data()
 5 SYSTEMPATH/CodeIgniter.php(502): CodeIgniter\CodeIgniter->runController()
 6 SYSTEMPATH/CodeIgniter.php(361): CodeIgniter\CodeIgniter->handleRequest()
 7 FCPATH/index.php(79): CodeIgniter\CodeIgniter->run()
CRITICAL - 2025-07-07 14:59:04 --> syntax error, unexpected token "endif", expecting end of file
in APPPATH/Views/santri/_card_list_santri.php on line 59.
 1 SYSTEMPATH/View/View.php(231): CodeIgniter\View\View->CodeIgniter\View\{closure}()
 2 SYSTEMPATH/Common.php(1190): CodeIgniter\View\View->render()
 3 APPPATH/Controllers/Santri.php(46): view()
 4 SYSTEMPATH/CodeIgniter.php(942): App\Controllers\Santri->data()
 5 SYSTEMPATH/CodeIgniter.php(502): CodeIgniter\CodeIgniter->runController()
 6 SYSTEMPATH/CodeIgniter.php(361): CodeIgniter\CodeIgniter->handleRequest()
 7 FCPATH/index.php(79): CodeIgniter\CodeIgniter->run()
