CRITICAL - 2025-07-02 00:02:17 --> "bootstrap" is not a valid Pager template.
in SYSTEMPATH/Pager/Pager.php on line 122.
 1 SYSTEMPATH/Pager/Pager.php(122): CodeIgniter\Pager\Exceptions\PagerException::forInvalidTemplate()
 2 SYSTEMPATH/Pager/Pager.php(85): CodeIgniter\Pager\Pager->displayLinks()
 3 APPPATH/Views/santri/data.php(119): CodeIgniter\Pager\Pager->links()
 4 SYSTEMPATH/View/View.php(228): include('/home/u927597906/domains/51-574-ff.darulhijrah.in/public_html/app/Views/santri/data.php')
 5 SYSTEMPATH/View/View.php(231): CodeIgniter\View\View->CodeIgniter\View\{closure}()
 6 SYSTEMPATH/Common.php(1190): CodeIgniter\View\View->render()
 7 APPPATH/Controllers/Santri.php(54): view()
 8 SYSTEMPATH/CodeIgniter.php(942): App\Controllers\Santri->data()
 9 SYSTEMPATH/CodeIgniter.php(502): CodeIgniter\CodeIgniter->runController()
10 SYSTEMPATH/CodeIgniter.php(361): CodeIgniter\CodeIgniter->handleRequest()
11 FCPATH/index.php(79): CodeIgniter\CodeIgniter->run()
CRITICAL - 2025-07-02 00:02:41 --> "bootstrap" is not a valid Pager template.
in SYSTEMPATH/Pager/Pager.php on line 122.
 1 SYSTEMPATH/Pager/Pager.php(122): CodeIgniter\Pager\Exceptions\PagerException::forInvalidTemplate()
 2 SYSTEMPATH/Pager/Pager.php(85): CodeIgniter\Pager\Pager->displayLinks()
 3 APPPATH/Views/santri/data.php(118): CodeIgniter\Pager\Pager->links()
 4 SYSTEMPATH/View/View.php(228): include('/home/u927597906/domains/51-574-ff.darulhijrah.in/public_html/app/Views/santri/data.php')
 5 SYSTEMPATH/View/View.php(231): CodeIgniter\View\View->CodeIgniter\View\{closure}()
 6 SYSTEMPATH/Common.php(1190): CodeIgniter\View\View->render()
 7 APPPATH/Controllers/Santri.php(54): view()
 8 SYSTEMPATH/CodeIgniter.php(942): App\Controllers\Santri->data()
 9 SYSTEMPATH/CodeIgniter.php(502): CodeIgniter\CodeIgniter->runController()
10 SYSTEMPATH/CodeIgniter.php(361): CodeIgniter\CodeIgniter->handleRequest()
11 FCPATH/index.php(79): CodeIgniter\CodeIgniter->run()
CRITICAL - 2025-07-02 00:07:36 --> syntax error, unexpected token "endforeach", expecting end of file
in APPPATH/Views/santri/data.php on line 100.
 1 SYSTEMPATH/View/View.php(231): CodeIgniter\View\View->CodeIgniter\View\{closure}()
 2 SYSTEMPATH/Common.php(1190): CodeIgniter\View\View->render()
 3 APPPATH/Controllers/Santri.php(54): view()
 4 SYSTEMPATH/CodeIgniter.php(942): App\Controllers\Santri->data()
 5 SYSTEMPATH/CodeIgniter.php(502): CodeIgniter\CodeIgniter->runController()
 6 SYSTEMPATH/CodeIgniter.php(361): CodeIgniter\CodeIgniter->handleRequest()
 7 FCPATH/index.php(79): CodeIgniter\CodeIgniter->run()
CRITICAL - 2025-07-02 00:10:48 --> "default" is not a valid Pager template.
in SYSTEMPATH/Pager/Pager.php on line 122.
 1 SYSTEMPATH/Pager/Pager.php(122): CodeIgniter\Pager\Exceptions\PagerException::forInvalidTemplate()
 2 SYSTEMPATH/Pager/Pager.php(85): CodeIgniter\Pager\Pager->displayLinks()
 3 APPPATH/Views/santri/data.php(118): CodeIgniter\Pager\Pager->links()
 4 SYSTEMPATH/View/View.php(228): include('/home/u927597906/domains/51-574-ff.darulhijrah.in/public_html/app/Views/santri/data.php')
 5 SYSTEMPATH/View/View.php(231): CodeIgniter\View\View->CodeIgniter\View\{closure}()
 6 SYSTEMPATH/Common.php(1190): CodeIgniter\View\View->render()
 7 APPPATH/Controllers/Santri.php(54): view()
 8 SYSTEMPATH/CodeIgniter.php(942): App\Controllers\Santri->data()
 9 SYSTEMPATH/CodeIgniter.php(502): CodeIgniter\CodeIgniter->runController()
10 SYSTEMPATH/CodeIgniter.php(361): CodeIgniter\CodeIgniter->handleRequest()
11 FCPATH/index.php(79): CodeIgniter\CodeIgniter->run()
CRITICAL - 2025-07-02 00:11:27 --> "default" is not a valid Pager template.
in SYSTEMPATH/Pager/Pager.php on line 122.
 1 SYSTEMPATH/Pager/Pager.php(122): CodeIgniter\Pager\Exceptions\PagerException::forInvalidTemplate()
 2 SYSTEMPATH/Pager/Pager.php(85): CodeIgniter\Pager\Pager->displayLinks()
 3 APPPATH/Views/santri/data.php(119): CodeIgniter\Pager\Pager->links()
 4 SYSTEMPATH/View/View.php(228): include('/home/u927597906/domains/51-574-ff.darulhijrah.in/public_html/app/Views/santri/data.php')
 5 SYSTEMPATH/View/View.php(231): CodeIgniter\View\View->CodeIgniter\View\{closure}()
 6 SYSTEMPATH/Common.php(1190): CodeIgniter\View\View->render()
 7 APPPATH/Controllers/Santri.php(54): view()
 8 SYSTEMPATH/CodeIgniter.php(942): App\Controllers\Santri->data()
 9 SYSTEMPATH/CodeIgniter.php(502): CodeIgniter\CodeIgniter->runController()
10 SYSTEMPATH/CodeIgniter.php(361): CodeIgniter\CodeIgniter->handleRequest()
11 FCPATH/index.php(79): CodeIgniter\CodeIgniter->run()
CRITICAL - 2025-07-02 00:14:47 --> "bootstrap" is not a valid Pager template.
in SYSTEMPATH/Pager/Pager.php on line 122.
 1 SYSTEMPATH/Pager/Pager.php(122): CodeIgniter\Pager\Exceptions\PagerException::forInvalidTemplate()
 2 SYSTEMPATH/Pager/Pager.php(85): CodeIgniter\Pager\Pager->displayLinks()
 3 APPPATH/Views/santri/data.php(119): CodeIgniter\Pager\Pager->links()
 4 SYSTEMPATH/View/View.php(228): include('/home/u927597906/domains/51-574-ff.darulhijrah.in/public_html/app/Views/santri/data.php')
 5 SYSTEMPATH/View/View.php(231): CodeIgniter\View\View->CodeIgniter\View\{closure}()
 6 SYSTEMPATH/Common.php(1190): CodeIgniter\View\View->render()
 7 APPPATH/Controllers/Santri.php(54): view()
 8 SYSTEMPATH/CodeIgniter.php(942): App\Controllers\Santri->data()
 9 SYSTEMPATH/CodeIgniter.php(502): CodeIgniter\CodeIgniter->runController()
10 SYSTEMPATH/CodeIgniter.php(361): CodeIgniter\CodeIgniter->handleRequest()
11 FCPATH/index.php(79): CodeIgniter\CodeIgniter->run()
CRITICAL - 2025-07-02 00:18:56 --> Undefined variable $santri
in APPPATH/Controllers/Santri.php on line 45.
 1 APPPATH/Controllers/Santri.php(45): CodeIgniter\Debug\Exceptions->errorHandler()
 2 SYSTEMPATH/CodeIgniter.php(942): App\Controllers\Santri->data()
 3 SYSTEMPATH/CodeIgniter.php(502): CodeIgniter\CodeIgniter->runController()
 4 SYSTEMPATH/CodeIgniter.php(361): CodeIgniter\CodeIgniter->handleRequest()
 5 FCPATH/index.php(79): CodeIgniter\CodeIgniter->run()
CRITICAL - 2025-07-02 00:20:58 --> "bootstrap" is not a valid Pager template.
in SYSTEMPATH/Pager/Pager.php on line 122.
 1 SYSTEMPATH/Pager/Pager.php(122): CodeIgniter\Pager\Exceptions\PagerException::forInvalidTemplate()
 2 SYSTEMPATH/Pager/Pager.php(85): CodeIgniter\Pager\Pager->displayLinks()
 3 APPPATH/Views/santri/data.php(119): CodeIgniter\Pager\Pager->links()
 4 SYSTEMPATH/View/View.php(228): include('/home/u927597906/domains/51-574-ff.darulhijrah.in/public_html/app/Views/santri/data.php')
 5 SYSTEMPATH/View/View.php(231): CodeIgniter\View\View->CodeIgniter\View\{closure}()
 6 SYSTEMPATH/Common.php(1190): CodeIgniter\View\View->render()
 7 APPPATH/Controllers/Santri.php(53): view()
 8 SYSTEMPATH/CodeIgniter.php(942): App\Controllers\Santri->data()
 9 SYSTEMPATH/CodeIgniter.php(502): CodeIgniter\CodeIgniter->runController()
10 SYSTEMPATH/CodeIgniter.php(361): CodeIgniter\CodeIgniter->handleRequest()
11 FCPATH/index.php(79): CodeIgniter\CodeIgniter->run()
CRITICAL - 2025-07-02 00:22:32 --> "bootstrap" is not a valid Pager template.
in SYSTEMPATH/Pager/Pager.php on line 122.
 1 SYSTEMPATH/Pager/Pager.php(122): CodeIgniter\Pager\Exceptions\PagerException::forInvalidTemplate()
 2 SYSTEMPATH/Pager/Pager.php(85): CodeIgniter\Pager\Pager->displayLinks()
 3 APPPATH/Views/santri/data.php(119): CodeIgniter\Pager\Pager->links()
 4 SYSTEMPATH/View/View.php(228): include('/home/u927597906/domains/51-574-ff.darulhijrah.in/public_html/app/Views/santri/data.php')
 5 SYSTEMPATH/View/View.php(231): CodeIgniter\View\View->CodeIgniter\View\{closure}()
 6 SYSTEMPATH/Common.php(1190): CodeIgniter\View\View->render()
 7 APPPATH/Controllers/Santri.php(53): view()
 8 SYSTEMPATH/CodeIgniter.php(942): App\Controllers\Santri->data()
 9 SYSTEMPATH/CodeIgniter.php(502): CodeIgniter\CodeIgniter->runController()
10 SYSTEMPATH/CodeIgniter.php(361): CodeIgniter\CodeIgniter->handleRequest()
11 FCPATH/index.php(79): CodeIgniter\CodeIgniter->run()
CRITICAL - 2025-07-02 03:06:24 --> syntax error, unexpected token ";", expecting ")"
in APPPATH/Views/pages/mutasi.php on line 31.
 1 SYSTEMPATH/View/View.php(231): CodeIgniter\View\View->CodeIgniter\View\{closure}()
 2 SYSTEMPATH/Common.php(1190): CodeIgniter\View\View->render()
 3 APPPATH/Controllers/Page.php(358): view()
 4 SYSTEMPATH/CodeIgniter.php(942): App\Controllers\Page->mutasi()
 5 SYSTEMPATH/CodeIgniter.php(502): CodeIgniter\CodeIgniter->runController()
 6 SYSTEMPATH/CodeIgniter.php(361): CodeIgniter\CodeIgniter->handleRequest()
 7 FCPATH/index.php(79): CodeIgniter\CodeIgniter->run()
CRITICAL - 2025-07-02 03:07:24 --> Undefined variable $data
in APPPATH/Views/pages/mutasi.php on line 31.
 1 APPPATH/Views/pages/mutasi.php(31): CodeIgniter\Debug\Exceptions->errorHandler()
 2 SYSTEMPATH/View/View.php(228): include('/home/u927597906/domains/51-574-ff.darulhijrah.in/public_html/app/Views/pages/mutasi.php')
 3 SYSTEMPATH/View/View.php(231): CodeIgniter\View\View->CodeIgniter\View\{closure}()
 4 SYSTEMPATH/Common.php(1190): CodeIgniter\View\View->render()
 5 APPPATH/Controllers/Page.php(358): view()
 6 SYSTEMPATH/CodeIgniter.php(942): App\Controllers\Page->mutasi()
 7 SYSTEMPATH/CodeIgniter.php(502): CodeIgniter\CodeIgniter->runController()
 8 SYSTEMPATH/CodeIgniter.php(361): CodeIgniter\CodeIgniter->handleRequest()
 9 FCPATH/index.php(79): CodeIgniter\CodeIgniter->run()
CRITICAL - 2025-07-02 03:08:53 --> setlocale() expects at least 2 arguments, 1 given
in APPPATH/Views/pages/mutasi.php on line 31.
 1 APPPATH/Views/pages/mutasi.php(31): setlocale()
 2 SYSTEMPATH/View/View.php(228): include('/home/u927597906/domains/51-574-ff.darulhijrah.in/public_html/app/Views/pages/mutasi.php')
 3 SYSTEMPATH/View/View.php(231): CodeIgniter\View\View->CodeIgniter\View\{closure}()
 4 SYSTEMPATH/Common.php(1190): CodeIgniter\View\View->render()
 5 APPPATH/Controllers/Page.php(358): view()
 6 SYSTEMPATH/CodeIgniter.php(942): App\Controllers\Page->mutasi()
 7 SYSTEMPATH/CodeIgniter.php(502): CodeIgniter\CodeIgniter->runController()
 8 SYSTEMPATH/CodeIgniter.php(361): CodeIgniter\CodeIgniter->handleRequest()
 9 FCPATH/index.php(79): CodeIgniter\CodeIgniter->run()
CRITICAL - 2025-07-02 06:33:26 --> Trying to access array offset on value of type null
in APPPATH/Views/pages/kwitansi.php on line 206.
 1 APPPATH/Views/pages/kwitansi.php(206): CodeIgniter\Debug\Exceptions->errorHandler()
 2 SYSTEMPATH/View/View.php(228): include('/home/u927597906/domains/51-574-ff.darulhijrah.in/public_html/app/Views/pages/kwitansi.php')
 3 SYSTEMPATH/View/View.php(231): CodeIgniter\View\View->CodeIgniter\View\{closure}()
 4 SYSTEMPATH/Common.php(1190): CodeIgniter\View\View->render()
 5 APPPATH/Controllers/Page.php(321): view()
 6 SYSTEMPATH/CodeIgniter.php(942): App\Controllers\Page->edit()
 7 SYSTEMPATH/CodeIgniter.php(502): CodeIgniter\CodeIgniter->runController()
 8 SYSTEMPATH/CodeIgniter.php(361): CodeIgniter\CodeIgniter->handleRequest()
 9 FCPATH/index.php(79): CodeIgniter\CodeIgniter->run()
