CRITICAL - 2025-07-16 21:27:59 --> Invalid file: "guru/abse.php"
in SYSTEMPATH/Exceptions/FrameworkException.php on line 39.
 1 SYSTEMPATH/View/View.php(216): CodeIgniter\Exceptions\FrameworkException::forInvalidFile()
 2 SYSTEMPATH/Common.php(1190): CodeIgniter\View\View->render()
 3 APPPATH/Controllers/Guru.php(16): view()
 4 SYSTEMPATH/CodeIgniter.php(942): App\Controllers\Guru->absen()
 5 SYSTEMPATH/CodeIgniter.php(502): CodeIgniter\CodeIgniter->runController()
 6 SYSTEMPATH/CodeIgniter.php(361): CodeIgniter\CodeIgniter->handleRequest()
 7 FCPATH/index.php(79): CodeIgniter\CodeIgniter->run()
CRITICAL - 2025-07-16 21:28:24 --> Undefined variable $namaMusrif
in APPPATH/Views/guru/absen.php on line 11.
 1 APPPATH/Views/guru/absen.php(11): CodeIgniter\Debug\Exceptions->errorHandler()
 2 SYSTEMPATH/View/View.php(228): include('/home/u927597906/domains/51-574-ff.darulhijrah.in/public_html/app/Views/guru/absen.php')
 3 SYSTEMPATH/View/View.php(231): CodeIgniter\View\View->CodeIgniter\View\{closure}()
 4 SYSTEMPATH/Common.php(1190): CodeIgniter\View\View->render()
 5 APPPATH/Controllers/Guru.php(16): view()
 6 SYSTEMPATH/CodeIgniter.php(942): App\Controllers\Guru->absen()
 7 SYSTEMPATH/CodeIgniter.php(502): CodeIgniter\CodeIgniter->runController()
 8 SYSTEMPATH/CodeIgniter.php(361): CodeIgniter\CodeIgniter->handleRequest()
 9 FCPATH/index.php(79): CodeIgniter\CodeIgniter->run()
CRITICAL - 2025-07-16 21:29:57 --> Undefined variable $namaMusrif
in APPPATH/Views/guru/absen.php on line 11.
 1 APPPATH/Views/guru/absen.php(11): CodeIgniter\Debug\Exceptions->errorHandler()
 2 SYSTEMPATH/View/View.php(228): include('/home/u927597906/domains/51-574-ff.darulhijrah.in/public_html/app/Views/guru/absen.php')
 3 SYSTEMPATH/View/View.php(231): CodeIgniter\View\View->CodeIgniter\View\{closure}()
 4 SYSTEMPATH/Common.php(1190): CodeIgniter\View\View->render()
 5 APPPATH/Controllers/Guru.php(16): view()
 6 SYSTEMPATH/CodeIgniter.php(942): App\Controllers\Guru->absen()
 7 SYSTEMPATH/CodeIgniter.php(502): CodeIgniter\CodeIgniter->runController()
 8 SYSTEMPATH/CodeIgniter.php(361): CodeIgniter\CodeIgniter->handleRequest()
 9 FCPATH/index.php(79): CodeIgniter\CodeIgniter->run()
CRITICAL - 2025-07-16 21:30:47 --> Undefined variable $namaMusrif
in APPPATH/Views/guru/absen.php on line 11.
 1 APPPATH/Views/guru/absen.php(11): CodeIgniter\Debug\Exceptions->errorHandler()
 2 SYSTEMPATH/View/View.php(228): include('/home/u927597906/domains/51-574-ff.darulhijrah.in/public_html/app/Views/guru/absen.php')
 3 SYSTEMPATH/View/View.php(231): CodeIgniter\View\View->CodeIgniter\View\{closure}()
 4 SYSTEMPATH/Common.php(1190): CodeIgniter\View\View->render()
 5 APPPATH/Controllers/Guru.php(16): view()
 6 SYSTEMPATH/CodeIgniter.php(942): App\Controllers\Guru->absen()
 7 SYSTEMPATH/CodeIgniter.php(502): CodeIgniter\CodeIgniter->runController()
 8 SYSTEMPATH/CodeIgniter.php(361): CodeIgniter\CodeIgniter->handleRequest()
 9 FCPATH/index.php(79): CodeIgniter\CodeIgniter->run()
