CRITICAL - 2024-01-15 12:00:11 --> Cannot access offset of type string on string
in APPPATH\Controllers\Page.php on line 54.
 1 SYSTEMPATH\CodeIgniter.php(942): App\Controllers\Page->save()
 2 SYSTEMPATH\CodeIgniter.php(502): CodeIgniter\CodeIgniter->runController(Object(App\Controllers\Page))
 3 SYSTEMPATH\CodeIgniter.php(361): CodeIgniter\CodeIgniter->handleRequest(null, Object(Config\Cache), false)
 4 FCPATH\index.php(79): CodeIgniter\CodeIgniter->run()
CRITICAL - 2024-01-15 12:24:21 --> Unsupported operand types: string - string
in APPPATH\Controllers\Page.php on line 55.
 1 SYSTEMPATH\CodeIgniter.php(942): App\Controllers\Page->save()
 2 SYSTEMPATH\CodeIgniter.php(502): CodeIgniter\CodeIgniter->runController(Object(App\Controllers\Page))
 3 SYSTEMPATH\CodeIgniter.php(361): CodeIgniter\CodeIgniter->handleRequest(null, Object(Config\Cache), false)
 4 FCPATH\index.php(79): CodeIgniter\CodeIgniter->run()
CRITICAL - 2024-01-15 12:31:31 --> Unsupported operand types: string - string
in APPPATH\Controllers\Page.php on line 54.
 1 SYSTEMPATH\CodeIgniter.php(942): App\Controllers\Page->save()
 2 SYSTEMPATH\CodeIgniter.php(502): CodeIgniter\CodeIgniter->runController(Object(App\Controllers\Page))
 3 SYSTEMPATH\CodeIgniter.php(361): CodeIgniter\CodeIgniter->handleRequest(null, Object(Config\Cache), false)
 4 FCPATH\index.php(79): CodeIgniter\CodeIgniter->run()
CRITICAL - 2024-01-15 12:47:17 --> Unsupported operand types: string - string
in APPPATH\Controllers\Page.php on line 64.
 1 SYSTEMPATH\CodeIgniter.php(942): App\Controllers\Page->save()
 2 SYSTEMPATH\CodeIgniter.php(502): CodeIgniter\CodeIgniter->runController(Object(App\Controllers\Page))
 3 SYSTEMPATH\CodeIgniter.php(361): CodeIgniter\CodeIgniter->handleRequest(null, Object(Config\Cache), false)
 4 FCPATH\index.php(79): CodeIgniter\CodeIgniter->run()
CRITICAL - 2024-01-15 12:48:04 --> Unsupported operand types: string - string
in APPPATH\Controllers\Page.php on line 64.
 1 SYSTEMPATH\CodeIgniter.php(942): App\Controllers\Page->save()
 2 SYSTEMPATH\CodeIgniter.php(502): CodeIgniter\CodeIgniter->runController(Object(App\Controllers\Page))
 3 SYSTEMPATH\CodeIgniter.php(361): CodeIgniter\CodeIgniter->handleRequest(null, Object(Config\Cache), false)
 4 FCPATH\index.php(79): CodeIgniter\CodeIgniter->run()
CRITICAL - 2024-01-15 12:48:33 --> Unsupported operand types: string - string
in APPPATH\Controllers\Page.php on line 64.
 1 SYSTEMPATH\CodeIgniter.php(942): App\Controllers\Page->save()
 2 SYSTEMPATH\CodeIgniter.php(502): CodeIgniter\CodeIgniter->runController(Object(App\Controllers\Page))
 3 SYSTEMPATH\CodeIgniter.php(361): CodeIgniter\CodeIgniter->handleRequest(null, Object(Config\Cache), false)
 4 FCPATH\index.php(79): CodeIgniter\CodeIgniter->run()
CRITICAL - 2024-01-15 12:55:49 --> Unsupported operand types: string - string
in APPPATH\Controllers\Page.php on line 64.
 1 SYSTEMPATH\CodeIgniter.php(942): App\Controllers\Page->save()
 2 SYSTEMPATH\CodeIgniter.php(502): CodeIgniter\CodeIgniter->runController(Object(App\Controllers\Page))
 3 SYSTEMPATH\CodeIgniter.php(361): CodeIgniter\CodeIgniter->handleRequest(null, Object(Config\Cache), false)
 4 FCPATH\index.php(79): CodeIgniter\CodeIgniter->run()
