CRITICAL - 2024-01-21 03:56:54 --> Call to a member function like() on array
in APPPATH\Controllers\Page.php on line 21.
 1 SYSTEMPATH\CodeIgniter.php(942): App\Controllers\Page->keuangan()
 2 SYSTEMPATH\CodeIgniter.php(502): CodeIgniter\CodeIgniter->runController(Object(App\Controllers\Page))
 3 SYSTEMPATH\CodeIgniter.php(361): CodeIgniter\CodeIgniter->handleRequest(null, Object(Config\Cache), false)
 4 FCPATH\index.php(79): CodeIgniter\CodeIgniter->run()
CRITICAL - 2024-01-21 04:03:18 --> Object of class App\Models\SantriModel could not be converted to string
in APPPATH\Controllers\Page.php on line 25.
 1 SYSTEMPATH\CodeIgniter.php(942): App\Controllers\Page->keuangan()
 2 SYSTEMPATH\CodeIgniter.php(502): CodeIgniter\CodeIgniter->runController(Object(App\Controllers\Page))
 3 SYSTEMPATH\CodeIgniter.php(361): CodeIgniter\CodeIgniter->handleRequest(null, Object(Config\Cache), false)
 4 FCPATH\index.php(79): CodeIgniter\CodeIgniter->run()
CRITICAL - 2024-01-21 04:03:43 --> Object of class App\Models\SantriModel could not be converted to string
in APPPATH\Controllers\Page.php on line 25.
 1 SYSTEMPATH\CodeIgniter.php(942): App\Controllers\Page->keuangan()
 2 SYSTEMPATH\CodeIgniter.php(502): CodeIgniter\CodeIgniter->runController(Object(App\Controllers\Page))
 3 SYSTEMPATH\CodeIgniter.php(361): CodeIgniter\CodeIgniter->handleRequest(null, Object(Config\Cache), false)
 4 FCPATH\index.php(79): CodeIgniter\CodeIgniter->run()
CRITICAL - 2024-01-21 04:06:12 --> Undefined variable $currentPage
in APPPATH\Views\pages\keuangan.php on line 74.
 1 APPPATH\Views\pages\keuangan.php(74): CodeIgniter\Debug\Exceptions->errorHandler(2, 'Undefined variable $currentPage', 'C:\\xampp\\htdocs\\sistaff\\app\\Views\\pages\\keuangan.php', 74)
 2 SYSTEMPATH\View\View.php(228): include('C:\\xampp\\htdocs\\sistaff\\app\\Views\\pages\\keuangan.php')
 3 SYSTEMPATH\View\View.php(231): CodeIgniter\View\View->CodeIgniter\View\{closure}()
 4 SYSTEMPATH\Common.php(1190): CodeIgniter\View\View->render('pages/keuangan', [], true)
 5 APPPATH\Controllers\Page.php(26): view('pages/keuangan', [...])
 6 SYSTEMPATH\CodeIgniter.php(942): App\Controllers\Page->keuangan()
 7 SYSTEMPATH\CodeIgniter.php(502): CodeIgniter\CodeIgniter->runController(Object(App\Controllers\Page))
 8 SYSTEMPATH\CodeIgniter.php(361): CodeIgniter\CodeIgniter->handleRequest(null, Object(Config\Cache), false)
 9 FCPATH\index.php(79): CodeIgniter\CodeIgniter->run()
CRITICAL - 2024-01-21 04:17:06 --> Call to undefined method App\Models\SantriModel::search
in SYSTEMPATH\Model.php on line 873.
 1 APPPATH\Controllers\Page.php(18): CodeIgniter\Model->__call('search', [...])
 2 SYSTEMPATH\CodeIgniter.php(942): App\Controllers\Page->keuangan()
 3 SYSTEMPATH\CodeIgniter.php(502): CodeIgniter\CodeIgniter->runController(Object(App\Controllers\Page))
 4 SYSTEMPATH\CodeIgniter.php(361): CodeIgniter\CodeIgniter->handleRequest(null, Object(Config\Cache), false)
 5 FCPATH\index.php(79): CodeIgniter\CodeIgniter->run()
CRITICAL - 2024-01-21 04:17:26 --> Call to undefined method App\Models\SantriModel::search
in SYSTEMPATH\Model.php on line 873.
 1 APPPATH\Controllers\Page.php(18): CodeIgniter\Model->__call('search', [...])
 2 SYSTEMPATH\CodeIgniter.php(942): App\Controllers\Page->keuangan()
 3 SYSTEMPATH\CodeIgniter.php(502): CodeIgniter\CodeIgniter->runController(Object(App\Controllers\Page))
 4 SYSTEMPATH\CodeIgniter.php(361): CodeIgniter\CodeIgniter->handleRequest(null, Object(Config\Cache), false)
 5 FCPATH\index.php(79): CodeIgniter\CodeIgniter->run()
CRITICAL - 2024-01-21 04:18:23 --> Call to undefined method App\Models\SantriModel::search
in SYSTEMPATH\Model.php on line 873.
 1 APPPATH\Controllers\Page.php(18): CodeIgniter\Model->__call('search', [...])
 2 SYSTEMPATH\CodeIgniter.php(942): App\Controllers\Page->keuangan()
 3 SYSTEMPATH\CodeIgniter.php(502): CodeIgniter\CodeIgniter->runController(Object(App\Controllers\Page))
 4 SYSTEMPATH\CodeIgniter.php(361): CodeIgniter\CodeIgniter->handleRequest(null, Object(Config\Cache), false)
 5 FCPATH\index.php(79): CodeIgniter\CodeIgniter->run()
CRITICAL - 2024-01-21 04:19:23 --> Object of class App\Models\SantriModel could not be converted to string
in APPPATH\Controllers\Page.php on line 18.
 1 SYSTEMPATH\CodeIgniter.php(942): App\Controllers\Page->keuangan()
 2 SYSTEMPATH\CodeIgniter.php(502): CodeIgniter\CodeIgniter->runController(Object(App\Controllers\Page))
 3 SYSTEMPATH\CodeIgniter.php(361): CodeIgniter\CodeIgniter->handleRequest(null, Object(Config\Cache), false)
 4 FCPATH\index.php(79): CodeIgniter\CodeIgniter->run()
CRITICAL - 2024-01-21 04:20:33 --> Call to a member function search() on array
in APPPATH\Controllers\Page.php on line 18.
 1 SYSTEMPATH\CodeIgniter.php(942): App\Controllers\Page->keuangan()
 2 SYSTEMPATH\CodeIgniter.php(502): CodeIgniter\CodeIgniter->runController(Object(App\Controllers\Page))
 3 SYSTEMPATH\CodeIgniter.php(361): CodeIgniter\CodeIgniter->handleRequest(null, Object(Config\Cache), false)
 4 FCPATH\index.php(79): CodeIgniter\CodeIgniter->run()
CRITICAL - 2024-01-21 04:20:47 --> Call to undefined method App\Models\SantriModel::search
in SYSTEMPATH\Model.php on line 873.
 1 APPPATH\Controllers\Page.php(18): CodeIgniter\Model->__call('search', [...])
 2 SYSTEMPATH\CodeIgniter.php(942): App\Controllers\Page->keuangan()
 3 SYSTEMPATH\CodeIgniter.php(502): CodeIgniter\CodeIgniter->runController(Object(App\Controllers\Page))
 4 SYSTEMPATH\CodeIgniter.php(361): CodeIgniter\CodeIgniter->handleRequest(null, Object(Config\Cache), false)
 5 FCPATH\index.php(79): CodeIgniter\CodeIgniter->run()
CRITICAL - 2024-01-21 05:56:42 --> CodeIgniter\Database\BaseBuilder::like(): Argument #2 ($match) must be of type string, null given, called in C:\xampp\htdocs\sistaff\system\Model.php on line 871
in SYSTEMPATH\Database\BaseBuilder.php on line 983.
 1 SYSTEMPATH\Model.php(871): CodeIgniter\Database\BaseBuilder->like('nama', null)
 2 APPPATH\Models\SantriModel.php(15): CodeIgniter\Model->__call('like', [...])
 3 APPPATH\Controllers\Page.php(41): App\Models\SantriModel->search(null)
 4 SYSTEMPATH\CodeIgniter.php(942): App\Controllers\Page->tambah()
 5 SYSTEMPATH\CodeIgniter.php(502): CodeIgniter\CodeIgniter->runController(Object(App\Controllers\Page))
 6 SYSTEMPATH\CodeIgniter.php(361): CodeIgniter\CodeIgniter->handleRequest(null, Object(Config\Cache), false)
 7 FCPATH\index.php(79): CodeIgniter\CodeIgniter->run()
CRITICAL - 2024-01-21 05:58:14 --> CodeIgniter\Database\BaseBuilder::like(): Argument #2 ($match) must be of type string, null given, called in C:\xampp\htdocs\sistaff\system\Model.php on line 871
in SYSTEMPATH\Database\BaseBuilder.php on line 983.
 1 SYSTEMPATH\Model.php(871): CodeIgniter\Database\BaseBuilder->like('nama', null)
 2 APPPATH\Models\SantriModel.php(15): CodeIgniter\Model->__call('like', [...])
 3 APPPATH\Controllers\Page.php(41): App\Models\SantriModel->search(null)
 4 SYSTEMPATH\CodeIgniter.php(942): App\Controllers\Page->tambah()
 5 SYSTEMPATH\CodeIgniter.php(502): CodeIgniter\CodeIgniter->runController(Object(App\Controllers\Page))
 6 SYSTEMPATH\CodeIgniter.php(361): CodeIgniter\CodeIgniter->handleRequest(null, Object(Config\Cache), false)
 7 FCPATH\index.php(79): CodeIgniter\CodeIgniter->run()
CRITICAL - 2024-01-21 05:58:16 --> CodeIgniter\Database\BaseBuilder::like(): Argument #2 ($match) must be of type string, null given, called in C:\xampp\htdocs\sistaff\system\Model.php on line 871
in SYSTEMPATH\Database\BaseBuilder.php on line 983.
 1 SYSTEMPATH\Model.php(871): CodeIgniter\Database\BaseBuilder->like('nama', null)
 2 APPPATH\Models\SantriModel.php(15): CodeIgniter\Model->__call('like', [...])
 3 APPPATH\Controllers\Page.php(41): App\Models\SantriModel->search(null)
 4 SYSTEMPATH\CodeIgniter.php(942): App\Controllers\Page->tambah()
 5 SYSTEMPATH\CodeIgniter.php(502): CodeIgniter\CodeIgniter->runController(Object(App\Controllers\Page))
 6 SYSTEMPATH\CodeIgniter.php(361): CodeIgniter\CodeIgniter->handleRequest(null, Object(Config\Cache), false)
 7 FCPATH\index.php(79): CodeIgniter\CodeIgniter->run()
CRITICAL - 2024-01-21 05:58:58 --> CodeIgniter\Database\BaseBuilder::like(): Argument #2 ($match) must be of type string, null given, called in C:\xampp\htdocs\sistaff\system\Model.php on line 871
in SYSTEMPATH\Database\BaseBuilder.php on line 983.
 1 SYSTEMPATH\Model.php(871): CodeIgniter\Database\BaseBuilder->like('nama', null)
 2 APPPATH\Models\SantriModel.php(15): CodeIgniter\Model->__call('like', [...])
 3 APPPATH\Controllers\Page.php(41): App\Models\SantriModel->search(null)
 4 SYSTEMPATH\CodeIgniter.php(942): App\Controllers\Page->tambah()
 5 SYSTEMPATH\CodeIgniter.php(502): CodeIgniter\CodeIgniter->runController(Object(App\Controllers\Page))
 6 SYSTEMPATH\CodeIgniter.php(361): CodeIgniter\CodeIgniter->handleRequest(null, Object(Config\Cache), false)
 7 FCPATH\index.php(79): CodeIgniter\CodeIgniter->run()
CRITICAL - 2024-01-21 05:59:00 --> CodeIgniter\Database\BaseBuilder::like(): Argument #2 ($match) must be of type string, null given, called in C:\xampp\htdocs\sistaff\system\Model.php on line 871
in SYSTEMPATH\Database\BaseBuilder.php on line 983.
 1 SYSTEMPATH\Model.php(871): CodeIgniter\Database\BaseBuilder->like('nama', null)
 2 APPPATH\Models\SantriModel.php(15): CodeIgniter\Model->__call('like', [...])
 3 APPPATH\Controllers\Page.php(41): App\Models\SantriModel->search(null)
 4 SYSTEMPATH\CodeIgniter.php(942): App\Controllers\Page->tambah()
 5 SYSTEMPATH\CodeIgniter.php(502): CodeIgniter\CodeIgniter->runController(Object(App\Controllers\Page))
 6 SYSTEMPATH\CodeIgniter.php(361): CodeIgniter\CodeIgniter->handleRequest(null, Object(Config\Cache), false)
 7 FCPATH\index.php(79): CodeIgniter\CodeIgniter->run()
CRITICAL - 2024-01-21 06:38:38 --> CodeIgniter\Database\BaseBuilder::like(): Argument #2 ($match) must be of type string, null given, called in C:\xampp\htdocs\sistaff\system\Model.php on line 871
in SYSTEMPATH\Database\BaseBuilder.php on line 983.
 1 SYSTEMPATH\Model.php(871): CodeIgniter\Database\BaseBuilder->like('nama', null)
 2 APPPATH\Models\SantriModel.php(15): CodeIgniter\Model->__call('like', [...])
 3 APPPATH\Controllers\Page.php(41): App\Models\SantriModel->search(null)
 4 SYSTEMPATH\CodeIgniter.php(942): App\Controllers\Page->tambah()
 5 SYSTEMPATH\CodeIgniter.php(502): CodeIgniter\CodeIgniter->runController(Object(App\Controllers\Page))
 6 SYSTEMPATH\CodeIgniter.php(361): CodeIgniter\CodeIgniter->handleRequest(null, Object(Config\Cache), false)
 7 FCPATH\index.php(79): CodeIgniter\CodeIgniter->run()
CRITICAL - 2024-01-21 11:33:25 --> Undefined variable $hitungDu
in APPPATH\Controllers\Page.php on line 81.
 1 APPPATH\Controllers\Page.php(81): CodeIgniter\Debug\Exceptions->errorHandler(2, 'Undefined variable $hitungDu', 'C:\\xampp\\htdocs\\sistaff\\app\\Controllers\\Page.php', 81)
 2 SYSTEMPATH\CodeIgniter.php(942): App\Controllers\Page->save()
 3 SYSTEMPATH\CodeIgniter.php(502): CodeIgniter\CodeIgniter->runController(Object(App\Controllers\Page))
 4 SYSTEMPATH\CodeIgniter.php(361): CodeIgniter\CodeIgniter->handleRequest(null, Object(Config\Cache), false)
 5 FCPATH\index.php(79): CodeIgniter\CodeIgniter->run()
CRITICAL - 2024-01-21 11:38:33 --> Undefined variable $hitungDu
in APPPATH\Controllers\Page.php on line 81.
 1 APPPATH\Controllers\Page.php(81): CodeIgniter\Debug\Exceptions->errorHandler(2, 'Undefined variable $hitungDu', 'C:\\xampp\\htdocs\\sistaff\\app\\Controllers\\Page.php', 81)
 2 SYSTEMPATH\CodeIgniter.php(942): App\Controllers\Page->save()
 3 SYSTEMPATH\CodeIgniter.php(502): CodeIgniter\CodeIgniter->runController(Object(App\Controllers\Page))
 4 SYSTEMPATH\CodeIgniter.php(361): CodeIgniter\CodeIgniter->handleRequest(null, Object(Config\Cache), false)
 5 FCPATH\index.php(79): CodeIgniter\CodeIgniter->run()
CRITICAL - 2024-01-21 11:41:59 --> Undefined variable $hitungDu
in APPPATH\Controllers\Page.php on line 81.
 1 APPPATH\Controllers\Page.php(81): CodeIgniter\Debug\Exceptions->errorHandler(2, 'Undefined variable $hitungDu', 'C:\\xampp\\htdocs\\sistaff\\app\\Controllers\\Page.php', 81)
 2 SYSTEMPATH\CodeIgniter.php(942): App\Controllers\Page->save()
 3 SYSTEMPATH\CodeIgniter.php(502): CodeIgniter\CodeIgniter->runController(Object(App\Controllers\Page))
 4 SYSTEMPATH\CodeIgniter.php(361): CodeIgniter\CodeIgniter->handleRequest(null, Object(Config\Cache), false)
 5 FCPATH\index.php(79): CodeIgniter\CodeIgniter->run()
CRITICAL - 2024-01-21 11:51:41 --> Undefined variable $hitungDu
in APPPATH\Controllers\Page.php on line 81.
 1 APPPATH\Controllers\Page.php(81): CodeIgniter\Debug\Exceptions->errorHandler(2, 'Undefined variable $hitungDu', 'C:\\xampp\\htdocs\\sistaff\\app\\Controllers\\Page.php', 81)
 2 SYSTEMPATH\CodeIgniter.php(942): App\Controllers\Page->save()
 3 SYSTEMPATH\CodeIgniter.php(502): CodeIgniter\CodeIgniter->runController(Object(App\Controllers\Page))
 4 SYSTEMPATH\CodeIgniter.php(361): CodeIgniter\CodeIgniter->handleRequest(null, Object(Config\Cache), false)
 5 FCPATH\index.php(79): CodeIgniter\CodeIgniter->run()
CRITICAL - 2024-01-21 11:59:01 --> Trying to access array offset on value of type null
in APPPATH\Views\pages\kwitansi.php on line 34.
 1 APPPATH\Views\pages\kwitansi.php(34): CodeIgniter\Debug\Exceptions->errorHandler(2, 'Trying to access array offset on value of type null', 'C:\\xampp\\htdocs\\sistaff\\app\\Views\\pages\\kwitansi.php', 34)
 2 SYSTEMPATH\View\View.php(228): include('C:\\xampp\\htdocs\\sistaff\\app\\Views\\pages\\kwitansi.php')
 3 SYSTEMPATH\View\View.php(231): CodeIgniter\View\View->CodeIgniter\View\{closure}()
 4 SYSTEMPATH\Common.php(1190): CodeIgniter\View\View->render('pages/kwitansi', [], true)
 5 APPPATH\Controllers\Page.php(88): view('pages/kwitansi')
 6 SYSTEMPATH\CodeIgniter.php(942): App\Controllers\Page->save()
 7 SYSTEMPATH\CodeIgniter.php(502): CodeIgniter\CodeIgniter->runController(Object(App\Controllers\Page))
 8 SYSTEMPATH\CodeIgniter.php(361): CodeIgniter\CodeIgniter->handleRequest(null, Object(Config\Cache), false)
 9 FCPATH\index.php(79): CodeIgniter\CodeIgniter->run()
