INFO - 2025-09-08 00:05:43 --> Session: Class initialized using 'CodeIgniter\Session\Handlers\FileHandler' driver.
INFO - 2025-09-08 00:05:48 --> Session: Class initialized using 'CodeIgniter\Session\Handlers\FileHandler' driver.
INFO - 2025-09-08 00:05:54 --> Session: Class initialized using 'CodeIgniter\Session\Handlers\FileHandler' driver.
INFO - 2025-09-08 00:06:10 --> Session: Class initialized using 'CodeIgniter\Session\Handlers\FileHandler' driver.
INFO - 2025-09-08 00:06:10 --> Session: Class initialized using 'CodeIgniter\Session\Handlers\FileHandler' driver.
INFO - 2025-09-08 00:20:27 --> Session: Class initialized using 'CodeIgniter\Session\Handlers\FileHandler' driver.
INFO - 2025-09-08 00:20:29 --> Session: Class initialized using 'CodeIgniter\Session\Handlers\FileHandler' driver.
INFO - 2025-09-08 00:25:19 --> Session: Class initialized using 'CodeIgniter\Session\Handlers\FileHandler' driver.
INFO - 2025-09-08 00:25:22 --> Session: Class initialized using 'CodeIgniter\Session\Handlers\FileHandler' driver.
INFO - 2025-09-08 00:25:23 --> Session: Class initialized using 'CodeIgniter\Session\Handlers\FileHandler' driver.
INFO - 2025-09-08 00:41:11 --> Session: Class initialized using 'CodeIgniter\Session\Handlers\FileHandler' driver.
INFO - 2025-09-08 00:41:11 --> Session: Class initialized using 'CodeIgniter\Session\Handlers\FileHandler' driver.
INFO - 2025-09-08 01:04:20 --> Session: Class initialized using 'CodeIgniter\Session\Handlers\FileHandler' driver.
INFO - 2025-09-08 01:27:12 --> Session: Class initialized using 'CodeIgniter\Session\Handlers\FileHandler' driver.
INFO - 2025-09-08 01:27:12 --> Session: Class initialized using 'CodeIgniter\Session\Handlers\FileHandler' driver.
INFO - 2025-09-08 01:27:17 --> Session: Class initialized using 'CodeIgniter\Session\Handlers\FileHandler' driver.
INFO - 2025-09-08 01:27:17 --> Session: Class initialized using 'CodeIgniter\Session\Handlers\FileHandler' driver.
INFO - 2025-09-08 01:27:36 --> Session: Class initialized using 'CodeIgniter\Session\Handlers\FileHandler' driver.
INFO - 2025-09-08 01:27:36 --> Session: Class initialized using 'CodeIgniter\Session\Handlers\FileHandler' driver.
INFO - 2025-09-08 01:27:43 --> Session: Class initialized using 'CodeIgniter\Session\Handlers\FileHandler' driver.
INFO - 2025-09-08 01:27:43 --> Session: Class initialized using 'CodeIgniter\Session\Handlers\FileHandler' driver.
INFO - 2025-09-08 01:33:29 --> Session: Class initialized using 'CodeIgniter\Session\Handlers\FileHandler' driver.
INFO - 2025-09-08 01:33:29 --> Session: Class initialized using 'CodeIgniter\Session\Handlers\FileHandler' driver.
INFO - 2025-09-08 01:33:44 --> Session: Class initialized using 'CodeIgniter\Session\Handlers\FileHandler' driver.
INFO - 2025-09-08 01:33:44 --> Session: Class initialized using 'CodeIgniter\Session\Handlers\FileHandler' driver.
INFO - 2025-09-08 01:33:49 --> Session: Class initialized using 'CodeIgniter\Session\Handlers\FileHandler' driver.
INFO - 2025-09-08 01:33:50 --> Session: Class initialized using 'CodeIgniter\Session\Handlers\FileHandler' driver.
INFO - 2025-09-08 01:33:57 --> Session: Class initialized using 'CodeIgniter\Session\Handlers\FileHandler' driver.
INFO - 2025-09-08 01:33:57 --> Session: Class initialized using 'CodeIgniter\Session\Handlers\FileHandler' driver.
INFO - 2025-09-08 01:34:05 --> Session: Class initialized using 'CodeIgniter\Session\Handlers\FileHandler' driver.
INFO - 2025-09-08 01:34:05 --> Session: Class initialized using 'CodeIgniter\Session\Handlers\FileHandler' driver.
INFO - 2025-09-08 01:34:17 --> Session: Class initialized using 'CodeIgniter\Session\Handlers\FileHandler' driver.
INFO - 2025-09-08 01:34:17 --> Session: Class initialized using 'CodeIgniter\Session\Handlers\FileHandler' driver.
INFO - 2025-09-08 01:34:23 --> Session: Class initialized using 'CodeIgniter\Session\Handlers\FileHandler' driver.
INFO - 2025-09-08 01:34:23 --> Session: Class initialized using 'CodeIgniter\Session\Handlers\FileHandler' driver.
INFO - 2025-09-08 01:34:33 --> Session: Class initialized using 'CodeIgniter\Session\Handlers\FileHandler' driver.
INFO - 2025-09-08 01:34:33 --> Session: Class initialized using 'CodeIgniter\Session\Handlers\FileHandler' driver.
INFO - 2025-09-08 02:46:31 --> Session: Class initialized using 'CodeIgniter\Session\Handlers\FileHandler' driver.
INFO - 2025-09-08 02:46:34 --> Session: Class initialized using 'CodeIgniter\Session\Handlers\FileHandler' driver.
INFO - 2025-09-08 02:46:34 --> Session: Class initialized using 'CodeIgniter\Session\Handlers\FileHandler' driver.
INFO - 2025-09-08 02:46:43 --> Session: Class initialized using 'CodeIgniter\Session\Handlers\FileHandler' driver.
INFO - 2025-09-08 02:48:25 --> Session: Class initialized using 'CodeIgniter\Session\Handlers\FileHandler' driver.
INFO - 2025-09-08 02:48:25 --> Session: Class initialized using 'CodeIgniter\Session\Handlers\FileHandler' driver.
INFO - 2025-09-08 02:49:59 --> Session: Class initialized using 'CodeIgniter\Session\Handlers\FileHandler' driver.
INFO - 2025-09-08 02:50:16 --> Session: Class initialized using 'CodeIgniter\Session\Handlers\FileHandler' driver.
INFO - 2025-09-08 02:50:16 --> Session: Class initialized using 'CodeIgniter\Session\Handlers\FileHandler' driver.
INFO - 2025-09-08 02:53:27 --> Session: Class initialized using 'CodeIgniter\Session\Handlers\FileHandler' driver.
INFO - 2025-09-08 02:53:31 --> Session: Class initialized using 'CodeIgniter\Session\Handlers\FileHandler' driver.
INFO - 2025-09-08 02:53:36 --> Session: Class initialized using 'CodeIgniter\Session\Handlers\FileHandler' driver.
INFO - 2025-09-08 02:53:37 --> Session: Class initialized using 'CodeIgniter\Session\Handlers\FileHandler' driver.
INFO - 2025-09-08 02:53:37 --> Session: Class initialized using 'CodeIgniter\Session\Handlers\FileHandler' driver.
INFO - 2025-09-08 02:53:37 --> Session: Class initialized using 'CodeIgniter\Session\Handlers\FileHandler' driver.
INFO - 2025-09-08 02:53:37 --> Session: Class initialized using 'CodeIgniter\Session\Handlers\FileHandler' driver.
INFO - 2025-09-08 02:53:37 --> Session: Class initialized using 'CodeIgniter\Session\Handlers\FileHandler' driver.
INFO - 2025-09-08 02:53:38 --> Session: Class initialized using 'CodeIgniter\Session\Handlers\FileHandler' driver.
INFO - 2025-09-08 02:53:39 --> Session: Class initialized using 'CodeIgniter\Session\Handlers\FileHandler' driver.
INFO - 2025-09-08 02:53:40 --> Session: Class initialized using 'CodeIgniter\Session\Handlers\FileHandler' driver.
INFO - 2025-09-08 02:53:40 --> Session: Class initialized using 'CodeIgniter\Session\Handlers\FileHandler' driver.
INFO - 2025-09-08 02:53:40 --> Session: Class initialized using 'CodeIgniter\Session\Handlers\FileHandler' driver.
INFO - 2025-09-08 02:53:40 --> Session: Class initialized using 'CodeIgniter\Session\Handlers\FileHandler' driver.
INFO - 2025-09-08 02:53:40 --> Session: Class initialized using 'CodeIgniter\Session\Handlers\FileHandler' driver.
INFO - 2025-09-08 02:54:10 --> Session: Class initialized using 'CodeIgniter\Session\Handlers\FileHandler' driver.
INFO - 2025-09-08 02:54:20 --> Session: Class initialized using 'CodeIgniter\Session\Handlers\FileHandler' driver.
INFO - 2025-09-08 02:55:26 --> Session: Class initialized using 'CodeIgniter\Session\Handlers\FileHandler' driver.
INFO - 2025-09-08 02:55:26 --> Session: Class initialized using 'CodeIgniter\Session\Handlers\FileHandler' driver.
INFO - 2025-09-08 02:55:26 --> Session: Class initialized using 'CodeIgniter\Session\Handlers\FileHandler' driver.
INFO - 2025-09-08 02:55:30 --> Session: Class initialized using 'CodeIgniter\Session\Handlers\FileHandler' driver.
INFO - 2025-09-08 02:55:36 --> Session: Class initialized using 'CodeIgniter\Session\Handlers\FileHandler' driver.
INFO - 2025-09-08 02:55:40 --> Session: Class initialized using 'CodeIgniter\Session\Handlers\FileHandler' driver.
INFO - 2025-09-08 02:55:40 --> Session: Class initialized using 'CodeIgniter\Session\Handlers\FileHandler' driver.
INFO - 2025-09-08 02:57:07 --> Session: Class initialized using 'CodeIgniter\Session\Handlers\FileHandler' driver.
INFO - 2025-09-08 02:57:08 --> Session: Class initialized using 'CodeIgniter\Session\Handlers\FileHandler' driver.
INFO - 2025-09-08 02:57:09 --> Session: Class initialized using 'CodeIgniter\Session\Handlers\FileHandler' driver.
INFO - 2025-09-08 02:57:10 --> Session: Class initialized using 'CodeIgniter\Session\Handlers\FileHandler' driver.
INFO - 2025-09-08 02:57:17 --> Session: Class initialized using 'CodeIgniter\Session\Handlers\FileHandler' driver.
INFO - 2025-09-08 02:57:30 --> Session: Class initialized using 'CodeIgniter\Session\Handlers\FileHandler' driver.
INFO - 2025-09-08 02:57:33 --> Session: Class initialized using 'CodeIgniter\Session\Handlers\FileHandler' driver.
INFO - 2025-09-08 02:58:05 --> Session: Class initialized using 'CodeIgniter\Session\Handlers\FileHandler' driver.
WARNING - 2025-09-08 02:58:05 --> [DEPRECATED] Function strftime() is deprecated in APPPATH/Views/psb/kwitansi.php on line 210.
 1 SYSTEMPATH/View/View.php(228): include('/home/u927597906/domains/51-574-ff.darulhijrah.in/public_html/app/Views/psb/kwitansi.php')
 2 SYSTEMPATH/View/View.php(231): CodeIgniter\View\View->CodeIgniter\View\{closure}()
 3 SYSTEMPATH/Common.php(1190): CodeIgniter\View\View->render('psb/kwitansi', [], true)
 4 APPPATH/Controllers/Psb.php(275): view('psb/kwitansi', [...])
 5 SYSTEMPATH/CodeIgniter.php(942): App\Controllers\Psb->bayar()
 6 SYSTEMPATH/CodeIgniter.php(502): CodeIgniter\CodeIgniter->runController(Object(App\Controllers\Psb))
 7 SYSTEMPATH/CodeIgniter.php(361): CodeIgniter\CodeIgniter->handleRequest(null, Object(Config\Cache), false)
 8 FCPATH/index.php(79): CodeIgniter\CodeIgniter->run()
INFO - 2025-09-08 02:58:49 --> Session: Class initialized using 'CodeIgniter\Session\Handlers\FileHandler' driver.
INFO - 2025-09-08 02:58:53 --> Session: Class initialized using 'CodeIgniter\Session\Handlers\FileHandler' driver.
INFO - 2025-09-08 02:58:57 --> Session: Class initialized using 'CodeIgniter\Session\Handlers\FileHandler' driver.
INFO - 2025-09-08 02:58:57 --> Session: Class initialized using 'CodeIgniter\Session\Handlers\FileHandler' driver.
INFO - 2025-09-08 02:58:57 --> Session: Class initialized using 'CodeIgniter\Session\Handlers\FileHandler' driver.
INFO - 2025-09-08 02:58:59 --> Session: Class initialized using 'CodeIgniter\Session\Handlers\FileHandler' driver.
INFO - 2025-09-08 02:58:59 --> Session: Class initialized using 'CodeIgniter\Session\Handlers\FileHandler' driver.
INFO - 2025-09-08 02:58:59 --> Session: Class initialized using 'CodeIgniter\Session\Handlers\FileHandler' driver.
INFO - 2025-09-08 02:58:59 --> Session: Class initialized using 'CodeIgniter\Session\Handlers\FileHandler' driver.
INFO - 2025-09-08 02:59:14 --> Session: Class initialized using 'CodeIgniter\Session\Handlers\FileHandler' driver.
INFO - 2025-09-08 02:59:15 --> Session: Class initialized using 'CodeIgniter\Session\Handlers\FileHandler' driver.
INFO - 2025-09-08 02:59:15 --> Session: Class initialized using 'CodeIgniter\Session\Handlers\FileHandler' driver.
INFO - 2025-09-08 02:59:15 --> Session: Class initialized using 'CodeIgniter\Session\Handlers\FileHandler' driver.
INFO - 2025-09-08 02:59:16 --> Session: Class initialized using 'CodeIgniter\Session\Handlers\FileHandler' driver.
INFO - 2025-09-08 02:59:17 --> Session: Class initialized using 'CodeIgniter\Session\Handlers\FileHandler' driver.
INFO - 2025-09-08 02:59:18 --> Session: Class initialized using 'CodeIgniter\Session\Handlers\FileHandler' driver.
INFO - 2025-09-08 02:59:18 --> Session: Class initialized using 'CodeIgniter\Session\Handlers\FileHandler' driver.
INFO - 2025-09-08 02:59:25 --> Session: Class initialized using 'CodeIgniter\Session\Handlers\FileHandler' driver.
WARNING - 2025-09-08 02:59:25 --> [DEPRECATED] Function strftime() is deprecated in APPPATH/Views/pages/mutasi.php on line 131.
 1 SYSTEMPATH/View/View.php(228): include('/home/u927597906/domains/51-574-ff.darulhijrah.in/public_html/app/Views/pages/mutasi.php')
 2 SYSTEMPATH/View/View.php(231): CodeIgniter\View\View->CodeIgniter\View\{closure}()
 3 SYSTEMPATH/Common.php(1190): CodeIgniter\View\View->render('pages/mutasi', [], true)
 4 APPPATH/Controllers/Page.php(362): view('pages/mutasi', [...])
 5 SYSTEMPATH/CodeIgniter.php(942): App\Controllers\Page->mutasi()
 6 SYSTEMPATH/CodeIgniter.php(502): CodeIgniter\CodeIgniter->runController(Object(App\Controllers\Page))
 7 SYSTEMPATH/CodeIgniter.php(361): CodeIgniter\CodeIgniter->handleRequest(null, Object(Config\Cache), false)
 8 FCPATH/index.php(79): CodeIgniter\CodeIgniter->run()
INFO - 2025-09-08 02:59:30 --> Session: Class initialized using 'CodeIgniter\Session\Handlers\FileHandler' driver.
WARNING - 2025-09-08 02:59:30 --> [DEPRECATED] Function strftime() is deprecated in APPPATH/Views/pages/mutasi.php on line 131.
 1 SYSTEMPATH/View/View.php(228): include('/home/u927597906/domains/51-574-ff.darulhijrah.in/public_html/app/Views/pages/mutasi.php')
 2 SYSTEMPATH/View/View.php(231): CodeIgniter\View\View->CodeIgniter\View\{closure}()
 3 SYSTEMPATH/Common.php(1190): CodeIgniter\View\View->render('pages/mutasi', [], true)
 4 APPPATH/Controllers/Page.php(362): view('pages/mutasi', [...])
 5 SYSTEMPATH/CodeIgniter.php(942): App\Controllers\Page->mutasi()
 6 SYSTEMPATH/CodeIgniter.php(502): CodeIgniter\CodeIgniter->runController(Object(App\Controllers\Page))
 7 SYSTEMPATH/CodeIgniter.php(361): CodeIgniter\CodeIgniter->handleRequest(null, Object(Config\Cache), false)
 8 FCPATH/index.php(79): CodeIgniter\CodeIgniter->run()
INFO - 2025-09-08 02:59:35 --> Session: Class initialized using 'CodeIgniter\Session\Handlers\FileHandler' driver.
INFO - 2025-09-08 02:59:37 --> Session: Class initialized using 'CodeIgniter\Session\Handlers\FileHandler' driver.
INFO - 2025-09-08 02:59:40 --> Session: Class initialized using 'CodeIgniter\Session\Handlers\FileHandler' driver.
INFO - 2025-09-08 02:59:52 --> Session: Class initialized using 'CodeIgniter\Session\Handlers\FileHandler' driver.
INFO - 2025-09-08 03:01:11 --> Session: Class initialized using 'CodeIgniter\Session\Handlers\FileHandler' driver.
WARNING - 2025-09-08 03:01:11 --> [DEPRECATED] Function strftime() is deprecated in APPPATH/Views/pages/mutasi.php on line 131.
 1 SYSTEMPATH/View/View.php(228): include('/home/u927597906/domains/51-574-ff.darulhijrah.in/public_html/app/Views/pages/mutasi.php')
 2 SYSTEMPATH/View/View.php(231): CodeIgniter\View\View->CodeIgniter\View\{closure}()
 3 SYSTEMPATH/Common.php(1190): CodeIgniter\View\View->render('pages/mutasi', [], true)
 4 APPPATH/Controllers/Page.php(362): view('pages/mutasi', [...])
 5 SYSTEMPATH/CodeIgniter.php(942): App\Controllers\Page->mutasi()
 6 SYSTEMPATH/CodeIgniter.php(502): CodeIgniter\CodeIgniter->runController(Object(App\Controllers\Page))
 7 SYSTEMPATH/CodeIgniter.php(361): CodeIgniter\CodeIgniter->handleRequest(null, Object(Config\Cache), false)
 8 FCPATH/index.php(79): CodeIgniter\CodeIgniter->run()
INFO - 2025-09-08 03:01:15 --> Session: Class initialized using 'CodeIgniter\Session\Handlers\FileHandler' driver.
INFO - 2025-09-08 03:01:19 --> Session: Class initialized using 'CodeIgniter\Session\Handlers\FileHandler' driver.
CRITICAL - 2025-09-08 03:01:19 --> Trying to access array offset on value of type null
in APPPATH/Views/pages/kwitansi-update.php on line 87.
 1 APPPATH/Views/pages/kwitansi-update.php(87): CodeIgniter\Debug\Exceptions->errorHandler()
 2 SYSTEMPATH/View/View.php(228): include('/home/u927597906/domains/51-574-ff.darulhijrah.in/public_html/app/Views/pages/kwitansi-update.php')
 3 SYSTEMPATH/View/View.php(231): CodeIgniter\View\View->CodeIgniter\View\{closure}()
 4 SYSTEMPATH/Common.php(1190): CodeIgniter\View\View->render()
 5 APPPATH/Controllers/Page.php(139): view()
 6 SYSTEMPATH/CodeIgniter.php(942): App\Controllers\Page->kwitansi_santri_aktif()
 7 SYSTEMPATH/CodeIgniter.php(502): CodeIgniter\CodeIgniter->runController()
 8 SYSTEMPATH/CodeIgniter.php(361): CodeIgniter\CodeIgniter->handleRequest()
 9 FCPATH/index.php(79): CodeIgniter\CodeIgniter->run()
INFO - 2025-09-08 03:01:43 --> Session: Class initialized using 'CodeIgniter\Session\Handlers\FileHandler' driver.
CRITICAL - 2025-09-08 03:01:43 --> Trying to access array offset on value of type null
in APPPATH/Views/pages/kwitansi-update.php on line 87.
 1 APPPATH/Views/pages/kwitansi-update.php(87): CodeIgniter\Debug\Exceptions->errorHandler()
 2 SYSTEMPATH/View/View.php(228): include('/home/u927597906/domains/51-574-ff.darulhijrah.in/public_html/app/Views/pages/kwitansi-update.php')
 3 SYSTEMPATH/View/View.php(231): CodeIgniter\View\View->CodeIgniter\View\{closure}()
 4 SYSTEMPATH/Common.php(1190): CodeIgniter\View\View->render()
 5 APPPATH/Controllers/Page.php(139): view()
 6 SYSTEMPATH/CodeIgniter.php(942): App\Controllers\Page->kwitansi_santri_aktif()
 7 SYSTEMPATH/CodeIgniter.php(502): CodeIgniter\CodeIgniter->runController()
 8 SYSTEMPATH/CodeIgniter.php(361): CodeIgniter\CodeIgniter->handleRequest()
 9 FCPATH/index.php(79): CodeIgniter\CodeIgniter->run()
INFO - 2025-09-08 03:02:02 --> Session: Class initialized using 'CodeIgniter\Session\Handlers\FileHandler' driver.
INFO - 2025-09-08 03:02:21 --> Session: Class initialized using 'CodeIgniter\Session\Handlers\FileHandler' driver.
INFO - 2025-09-08 03:02:21 --> Session: Class initialized using 'CodeIgniter\Session\Handlers\FileHandler' driver.
INFO - 2025-09-08 03:02:26 --> Session: Class initialized using 'CodeIgniter\Session\Handlers\FileHandler' driver.
WARNING - 2025-09-08 03:02:26 --> [DEPRECATED] Function strftime() is deprecated in APPPATH/Views/pages/mutasi.php on line 131.
 1 SYSTEMPATH/View/View.php(228): include('/home/u927597906/domains/51-574-ff.darulhijrah.in/public_html/app/Views/pages/mutasi.php')
 2 SYSTEMPATH/View/View.php(231): CodeIgniter\View\View->CodeIgniter\View\{closure}()
 3 SYSTEMPATH/Common.php(1190): CodeIgniter\View\View->render('pages/mutasi', [], true)
 4 APPPATH/Controllers/Page.php(362): view('pages/mutasi', [...])
 5 SYSTEMPATH/CodeIgniter.php(942): App\Controllers\Page->mutasi()
 6 SYSTEMPATH/CodeIgniter.php(502): CodeIgniter\CodeIgniter->runController(Object(App\Controllers\Page))
 7 SYSTEMPATH/CodeIgniter.php(361): CodeIgniter\CodeIgniter->handleRequest(null, Object(Config\Cache), false)
 8 FCPATH/index.php(79): CodeIgniter\CodeIgniter->run()
INFO - 2025-09-08 03:02:28 --> Session: Class initialized using 'CodeIgniter\Session\Handlers\FileHandler' driver.
INFO - 2025-09-08 03:02:30 --> Session: Class initialized using 'CodeIgniter\Session\Handlers\FileHandler' driver.
INFO - 2025-09-08 03:04:12 --> Session: Class initialized using 'CodeIgniter\Session\Handlers\FileHandler' driver.
INFO - 2025-09-08 03:04:35 --> Session: Class initialized using 'CodeIgniter\Session\Handlers\FileHandler' driver.
INFO - 2025-09-08 03:04:54 --> Session: Class initialized using 'CodeIgniter\Session\Handlers\FileHandler' driver.
INFO - 2025-09-08 03:05:33 --> Session: Class initialized using 'CodeIgniter\Session\Handlers\FileHandler' driver.
INFO - 2025-09-08 03:05:33 --> Session: Class initialized using 'CodeIgniter\Session\Handlers\FileHandler' driver.
INFO - 2025-09-08 03:05:42 --> Session: Class initialized using 'CodeIgniter\Session\Handlers\FileHandler' driver.
INFO - 2025-09-08 03:05:55 --> Session: Class initialized using 'CodeIgniter\Session\Handlers\FileHandler' driver.
INFO - 2025-09-08 03:05:55 --> Session: Class initialized using 'CodeIgniter\Session\Handlers\FileHandler' driver.
INFO - 2025-09-08 03:06:03 --> Session: Class initialized using 'CodeIgniter\Session\Handlers\FileHandler' driver.
INFO - 2025-09-08 03:06:21 --> Session: Class initialized using 'CodeIgniter\Session\Handlers\FileHandler' driver.
INFO - 2025-09-08 03:06:21 --> Session: Class initialized using 'CodeIgniter\Session\Handlers\FileHandler' driver.
INFO - 2025-09-08 03:06:27 --> Session: Class initialized using 'CodeIgniter\Session\Handlers\FileHandler' driver.
INFO - 2025-09-08 03:06:45 --> Session: Class initialized using 'CodeIgniter\Session\Handlers\FileHandler' driver.
INFO - 2025-09-08 03:06:45 --> Session: Class initialized using 'CodeIgniter\Session\Handlers\FileHandler' driver.
INFO - 2025-09-08 03:11:37 --> Session: Class initialized using 'CodeIgniter\Session\Handlers\FileHandler' driver.
WARNING - 2025-09-08 03:11:37 --> [DEPRECATED] Function strftime() is deprecated in APPPATH/Views/pages/mutasi.php on line 131.
 1 SYSTEMPATH/View/View.php(228): include('/home/u927597906/domains/51-574-ff.darulhijrah.in/public_html/app/Views/pages/mutasi.php')
 2 SYSTEMPATH/View/View.php(231): CodeIgniter\View\View->CodeIgniter\View\{closure}()
 3 SYSTEMPATH/Common.php(1190): CodeIgniter\View\View->render('pages/mutasi', [], true)
 4 APPPATH/Controllers/Page.php(362): view('pages/mutasi', [...])
 5 SYSTEMPATH/CodeIgniter.php(942): App\Controllers\Page->mutasi()
 6 SYSTEMPATH/CodeIgniter.php(502): CodeIgniter\CodeIgniter->runController(Object(App\Controllers\Page))
 7 SYSTEMPATH/CodeIgniter.php(361): CodeIgniter\CodeIgniter->handleRequest(null, Object(Config\Cache), false)
 8 FCPATH/index.php(79): CodeIgniter\CodeIgniter->run()
INFO - 2025-09-08 03:11:40 --> Session: Class initialized using 'CodeIgniter\Session\Handlers\FileHandler' driver.
INFO - 2025-09-08 03:11:43 --> Session: Class initialized using 'CodeIgniter\Session\Handlers\FileHandler' driver.
CRITICAL - 2025-09-08 03:11:43 --> Trying to access array offset on value of type null
in APPPATH/Views/pages/kwitansi-update.php on line 87.
 1 APPPATH/Views/pages/kwitansi-update.php(87): CodeIgniter\Debug\Exceptions->errorHandler()
 2 SYSTEMPATH/View/View.php(228): include('/home/u927597906/domains/51-574-ff.darulhijrah.in/public_html/app/Views/pages/kwitansi-update.php')
 3 SYSTEMPATH/View/View.php(231): CodeIgniter\View\View->CodeIgniter\View\{closure}()
 4 SYSTEMPATH/Common.php(1190): CodeIgniter\View\View->render()
 5 APPPATH/Controllers/Page.php(139): view()
 6 SYSTEMPATH/CodeIgniter.php(942): App\Controllers\Page->kwitansi_santri_aktif()
 7 SYSTEMPATH/CodeIgniter.php(502): CodeIgniter\CodeIgniter->runController()
 8 SYSTEMPATH/CodeIgniter.php(361): CodeIgniter\CodeIgniter->handleRequest()
 9 FCPATH/index.php(79): CodeIgniter\CodeIgniter->run()
INFO - 2025-09-08 03:13:35 --> Session: Class initialized using 'CodeIgniter\Session\Handlers\FileHandler' driver.
INFO - 2025-09-08 03:13:39 --> Session: Class initialized using 'CodeIgniter\Session\Handlers\FileHandler' driver.
INFO - 2025-09-08 03:14:55 --> Session: Class initialized using 'CodeIgniter\Session\Handlers\FileHandler' driver.
INFO - 2025-09-08 03:14:55 --> Session: Class initialized using 'CodeIgniter\Session\Handlers\FileHandler' driver.
INFO - 2025-09-08 03:19:24 --> Session: Class initialized using 'CodeIgniter\Session\Handlers\FileHandler' driver.
CRITICAL - 2025-09-08 03:19:24 --> Trying to access array offset on value of type null
in APPPATH/Views/pages/kwitansi-update.php on line 87.
 1 APPPATH/Views/pages/kwitansi-update.php(87): CodeIgniter\Debug\Exceptions->errorHandler()
 2 SYSTEMPATH/View/View.php(228): include('/home/u927597906/domains/51-574-ff.darulhijrah.in/public_html/app/Views/pages/kwitansi-update.php')
 3 SYSTEMPATH/View/View.php(231): CodeIgniter\View\View->CodeIgniter\View\{closure}()
 4 SYSTEMPATH/Common.php(1190): CodeIgniter\View\View->render()
 5 APPPATH/Controllers/Page.php(139): view()
 6 SYSTEMPATH/CodeIgniter.php(942): App\Controllers\Page->kwitansi_santri_aktif()
 7 SYSTEMPATH/CodeIgniter.php(502): CodeIgniter\CodeIgniter->runController()
 8 SYSTEMPATH/CodeIgniter.php(361): CodeIgniter\CodeIgniter->handleRequest()
 9 FCPATH/index.php(79): CodeIgniter\CodeIgniter->run()
CRITICAL - 2025-09-08 03:23:00 --> Trying to access array offset on value of type null
in APPPATH/Views/pages/kwitansi-update.php on line 87.
 1 APPPATH/Views/pages/kwitansi-update.php(87): CodeIgniter\Debug\Exceptions->errorHandler()
 2 SYSTEMPATH/View/View.php(228): include('/home/u927597906/domains/51-574-ff.darulhijrah.in/public_html/app/Views/pages/kwitansi-update.php')
 3 SYSTEMPATH/View/View.php(231): CodeIgniter\View\View->CodeIgniter\View\{closure}()
 4 SYSTEMPATH/Common.php(1190): CodeIgniter\View\View->render()
 5 APPPATH/Controllers/Page.php(139): view()
 6 SYSTEMPATH/CodeIgniter.php(942): App\Controllers\Page->kwitansi_santri_aktif()
 7 SYSTEMPATH/CodeIgniter.php(502): CodeIgniter\CodeIgniter->runController()
 8 SYSTEMPATH/CodeIgniter.php(361): CodeIgniter\CodeIgniter->handleRequest()
 9 FCPATH/index.php(79): CodeIgniter\CodeIgniter->run()
CRITICAL - 2025-09-08 03:33:58 --> Trying to access array offset on value of type null
in APPPATH/Views/pages/kwitansi-update.php on line 87.
 1 APPPATH/Views/pages/kwitansi-update.php(87): CodeIgniter\Debug\Exceptions->errorHandler()
 2 SYSTEMPATH/View/View.php(228): include('/home/u927597906/domains/51-574-ff.darulhijrah.in/public_html/app/Views/pages/kwitansi-update.php')
 3 SYSTEMPATH/View/View.php(231): CodeIgniter\View\View->CodeIgniter\View\{closure}()
 4 SYSTEMPATH/Common.php(1190): CodeIgniter\View\View->render()
 5 APPPATH/Controllers/Page.php(139): view()
 6 SYSTEMPATH/CodeIgniter.php(942): App\Controllers\Page->kwitansi_santri_aktif()
 7 SYSTEMPATH/CodeIgniter.php(502): CodeIgniter\CodeIgniter->runController()
 8 SYSTEMPATH/CodeIgniter.php(361): CodeIgniter\CodeIgniter->handleRequest()
 9 FCPATH/index.php(79): CodeIgniter\CodeIgniter->run()
CRITICAL - 2025-09-08 03:53:18 --> Trying to access array offset on value of type null
in APPPATH/Views/pages/kwitansi-update.php on line 87.
 1 APPPATH/Views/pages/kwitansi-update.php(87): CodeIgniter\Debug\Exceptions->errorHandler()
 2 SYSTEMPATH/View/View.php(228): include('/home/u927597906/domains/51-574-ff.darulhijrah.in/public_html/app/Views/pages/kwitansi-update.php')
 3 SYSTEMPATH/View/View.php(231): CodeIgniter\View\View->CodeIgniter\View\{closure}()
 4 SYSTEMPATH/Common.php(1190): CodeIgniter\View\View->render()
 5 APPPATH/Controllers/Page.php(169): view()
 6 SYSTEMPATH/CodeIgniter.php(942): App\Controllers\Page->kwitansi_santri_psb()
 7 SYSTEMPATH/CodeIgniter.php(502): CodeIgniter\CodeIgniter->runController()
 8 SYSTEMPATH/CodeIgniter.php(361): CodeIgniter\CodeIgniter->handleRequest()
 9 FCPATH/index.php(79): CodeIgniter\CodeIgniter->run()
ERROR - 2025-09-08 04:35:08 --> mysqli_sql_exception: Unknown column 'tdu' in 'SELECT' in /home/u927597906/domains/51-574-ff.darulhijrah.in/public_html/system/Database/MySQLi/Connection.php:306
Stack trace:
#0 /home/u927597906/domains/51-574-ff.darulhijrah.in/public_html/system/Database/MySQLi/Connection.php(306): mysqli->query()
#1 /home/u927597906/domains/51-574-ff.darulhijrah.in/public_html/system/Database/BaseConnection.php(693): CodeIgniter\Database\MySQLi\Connection->execute()
#2 /home/u927597906/domains/51-574-ff.darulhijrah.in/public_html/system/Database/BaseConnection.php(607): CodeIgniter\Database\BaseConnection->simpleQuery()
#3 /home/u927597906/domains/51-574-ff.darulhijrah.in/public_html/system/Database/BaseBuilder.php(1615): CodeIgniter\Database\BaseConnection->query()
#4 /home/u927597906/domains/51-574-ff.darulhijrah.in/public_html/system/Model.php(237): CodeIgniter\Database\BaseBuilder->get()
#5 /home/u927597906/domains/51-574-ff.darulhijrah.in/public_html/system/BaseModel.php(624): CodeIgniter\Model->doFindAll()
#6 /home/u927597906/domains/51-574-ff.darulhijrah.in/public_html/app/Controllers/Home.php(81): CodeIgniter\BaseModel->findAll()
#7 /home/u927597906/domains/51-574-ff.darulhijrah.in/public_html/system/CodeIgniter.php(942): App\Controllers\Home->beranda()
#8 /home/u927597906/domains/51-574-ff.darulhijrah.in/public_html/system/CodeIgniter.php(502): CodeIgniter\CodeIgniter->runController()
#9 /home/u927597906/domains/51-574-ff.darulhijrah.in/public_html/system/CodeIgniter.php(361): CodeIgniter\CodeIgniter->handleRequest()
#10 /home/u927597906/domains/51-574-ff.darulhijrah.in/public_html/index.php(79): CodeIgniter\CodeIgniter->run()
#11 {main}
CRITICAL - 2025-09-08 04:35:08 --> Unknown column 'tdu' in 'SELECT'
in SYSTEMPATH/Database/BaseConnection.php on line 647.
 1 SYSTEMPATH/Database/BaseBuilder.php(1615): CodeIgniter\Database\BaseConnection->query()
 2 SYSTEMPATH/Model.php(237): CodeIgniter\Database\BaseBuilder->get()
 3 SYSTEMPATH/BaseModel.php(624): CodeIgniter\Model->doFindAll()
 4 APPPATH/Controllers/Home.php(81): CodeIgniter\BaseModel->findAll()
 5 SYSTEMPATH/CodeIgniter.php(942): App\Controllers\Home->beranda()
 6 SYSTEMPATH/CodeIgniter.php(502): CodeIgniter\CodeIgniter->runController()
 7 SYSTEMPATH/CodeIgniter.php(361): CodeIgniter\CodeIgniter->handleRequest()
 8 FCPATH/index.php(79): CodeIgniter\CodeIgniter->run()
ERROR - 2025-09-08 04:35:21 --> mysqli_sql_exception: Unknown column 'tdu' in 'SELECT' in /home/u927597906/domains/51-574-ff.darulhijrah.in/public_html/system/Database/MySQLi/Connection.php:306
Stack trace:
#0 /home/u927597906/domains/51-574-ff.darulhijrah.in/public_html/system/Database/MySQLi/Connection.php(306): mysqli->query()
#1 /home/u927597906/domains/51-574-ff.darulhijrah.in/public_html/system/Database/BaseConnection.php(693): CodeIgniter\Database\MySQLi\Connection->execute()
#2 /home/u927597906/domains/51-574-ff.darulhijrah.in/public_html/system/Database/BaseConnection.php(607): CodeIgniter\Database\BaseConnection->simpleQuery()
#3 /home/u927597906/domains/51-574-ff.darulhijrah.in/public_html/system/Database/BaseBuilder.php(1615): CodeIgniter\Database\BaseConnection->query()
#4 /home/u927597906/domains/51-574-ff.darulhijrah.in/public_html/system/Model.php(237): CodeIgniter\Database\BaseBuilder->get()
#5 /home/u927597906/domains/51-574-ff.darulhijrah.in/public_html/system/BaseModel.php(624): CodeIgniter\Model->doFindAll()
#6 /home/u927597906/domains/51-574-ff.darulhijrah.in/public_html/app/Controllers/Home.php(81): CodeIgniter\BaseModel->findAll()
#7 /home/u927597906/domains/51-574-ff.darulhijrah.in/public_html/system/CodeIgniter.php(942): App\Controllers\Home->beranda()
#8 /home/u927597906/domains/51-574-ff.darulhijrah.in/public_html/system/CodeIgniter.php(502): CodeIgniter\CodeIgniter->runController()
#9 /home/u927597906/domains/51-574-ff.darulhijrah.in/public_html/system/CodeIgniter.php(361): CodeIgniter\CodeIgniter->handleRequest()
#10 /home/u927597906/domains/51-574-ff.darulhijrah.in/public_html/index.php(79): CodeIgniter\CodeIgniter->run()
#11 {main}
CRITICAL - 2025-09-08 04:35:21 --> Unknown column 'tdu' in 'SELECT'
in SYSTEMPATH/Database/BaseConnection.php on line 647.
 1 SYSTEMPATH/Database/BaseBuilder.php(1615): CodeIgniter\Database\BaseConnection->query()
 2 SYSTEMPATH/Model.php(237): CodeIgniter\Database\BaseBuilder->get()
 3 SYSTEMPATH/BaseModel.php(624): CodeIgniter\Model->doFindAll()
 4 APPPATH/Controllers/Home.php(81): CodeIgniter\BaseModel->findAll()
 5 SYSTEMPATH/CodeIgniter.php(942): App\Controllers\Home->beranda()
 6 SYSTEMPATH/CodeIgniter.php(502): CodeIgniter\CodeIgniter->runController()
 7 SYSTEMPATH/CodeIgniter.php(361): CodeIgniter\CodeIgniter->handleRequest()
 8 FCPATH/index.php(79): CodeIgniter\CodeIgniter->run()
ERROR - 2025-09-08 05:10:57 --> mysqli_sql_exception: Unknown column 'tdu' in 'SELECT' in /home/u927597906/domains/51-574-ff.darulhijrah.in/public_html/system/Database/MySQLi/Connection.php:306
Stack trace:
#0 /home/u927597906/domains/51-574-ff.darulhijrah.in/public_html/system/Database/MySQLi/Connection.php(306): mysqli->query()
#1 /home/u927597906/domains/51-574-ff.darulhijrah.in/public_html/system/Database/BaseConnection.php(693): CodeIgniter\Database\MySQLi\Connection->execute()
#2 /home/u927597906/domains/51-574-ff.darulhijrah.in/public_html/system/Database/BaseConnection.php(607): CodeIgniter\Database\BaseConnection->simpleQuery()
#3 /home/u927597906/domains/51-574-ff.darulhijrah.in/public_html/system/Database/BaseBuilder.php(1615): CodeIgniter\Database\BaseConnection->query()
#4 /home/u927597906/domains/51-574-ff.darulhijrah.in/public_html/system/Model.php(237): CodeIgniter\Database\BaseBuilder->get()
#5 /home/u927597906/domains/51-574-ff.darulhijrah.in/public_html/system/BaseModel.php(624): CodeIgniter\Model->doFindAll()
#6 /home/u927597906/domains/51-574-ff.darulhijrah.in/public_html/app/Controllers/Home.php(81): CodeIgniter\BaseModel->findAll()
#7 /home/u927597906/domains/51-574-ff.darulhijrah.in/public_html/system/CodeIgniter.php(942): App\Controllers\Home->beranda()
#8 /home/u927597906/domains/51-574-ff.darulhijrah.in/public_html/system/CodeIgniter.php(502): CodeIgniter\CodeIgniter->runController()
#9 /home/u927597906/domains/51-574-ff.darulhijrah.in/public_html/system/CodeIgniter.php(361): CodeIgniter\CodeIgniter->handleRequest()
#10 /home/u927597906/domains/51-574-ff.darulhijrah.in/public_html/index.php(79): CodeIgniter\CodeIgniter->run()
#11 {main}
CRITICAL - 2025-09-08 05:10:57 --> Unknown column 'tdu' in 'SELECT'
in SYSTEMPATH/Database/BaseConnection.php on line 647.
 1 SYSTEMPATH/Database/BaseBuilder.php(1615): CodeIgniter\Database\BaseConnection->query()
 2 SYSTEMPATH/Model.php(237): CodeIgniter\Database\BaseBuilder->get()
 3 SYSTEMPATH/BaseModel.php(624): CodeIgniter\Model->doFindAll()
 4 APPPATH/Controllers/Home.php(81): CodeIgniter\BaseModel->findAll()
 5 SYSTEMPATH/CodeIgniter.php(942): App\Controllers\Home->beranda()
 6 SYSTEMPATH/CodeIgniter.php(502): CodeIgniter\CodeIgniter->runController()
 7 SYSTEMPATH/CodeIgniter.php(361): CodeIgniter\CodeIgniter->handleRequest()
 8 FCPATH/index.php(79): CodeIgniter\CodeIgniter->run()
ERROR - 2025-09-08 05:11:07 --> mysqli_sql_exception: Unknown column 'tdu' in 'SELECT' in /home/u927597906/domains/51-574-ff.darulhijrah.in/public_html/system/Database/MySQLi/Connection.php:306
Stack trace:
#0 /home/u927597906/domains/51-574-ff.darulhijrah.in/public_html/system/Database/MySQLi/Connection.php(306): mysqli->query()
#1 /home/u927597906/domains/51-574-ff.darulhijrah.in/public_html/system/Database/BaseConnection.php(693): CodeIgniter\Database\MySQLi\Connection->execute()
#2 /home/u927597906/domains/51-574-ff.darulhijrah.in/public_html/system/Database/BaseConnection.php(607): CodeIgniter\Database\BaseConnection->simpleQuery()
#3 /home/u927597906/domains/51-574-ff.darulhijrah.in/public_html/system/Database/BaseBuilder.php(1615): CodeIgniter\Database\BaseConnection->query()
#4 /home/u927597906/domains/51-574-ff.darulhijrah.in/public_html/system/Model.php(237): CodeIgniter\Database\BaseBuilder->get()
#5 /home/u927597906/domains/51-574-ff.darulhijrah.in/public_html/system/BaseModel.php(624): CodeIgniter\Model->doFindAll()
#6 /home/u927597906/domains/51-574-ff.darulhijrah.in/public_html/app/Controllers/Home.php(81): CodeIgniter\BaseModel->findAll()
#7 /home/u927597906/domains/51-574-ff.darulhijrah.in/public_html/system/CodeIgniter.php(942): App\Controllers\Home->beranda()
#8 /home/u927597906/domains/51-574-ff.darulhijrah.in/public_html/system/CodeIgniter.php(502): CodeIgniter\CodeIgniter->runController()
#9 /home/u927597906/domains/51-574-ff.darulhijrah.in/public_html/system/CodeIgniter.php(361): CodeIgniter\CodeIgniter->handleRequest()
#10 /home/u927597906/domains/51-574-ff.darulhijrah.in/public_html/index.php(79): CodeIgniter\CodeIgniter->run()
#11 {main}
CRITICAL - 2025-09-08 05:11:07 --> Unknown column 'tdu' in 'SELECT'
in SYSTEMPATH/Database/BaseConnection.php on line 647.
 1 SYSTEMPATH/Database/BaseBuilder.php(1615): CodeIgniter\Database\BaseConnection->query()
 2 SYSTEMPATH/Model.php(237): CodeIgniter\Database\BaseBuilder->get()
 3 SYSTEMPATH/BaseModel.php(624): CodeIgniter\Model->doFindAll()
 4 APPPATH/Controllers/Home.php(81): CodeIgniter\BaseModel->findAll()
 5 SYSTEMPATH/CodeIgniter.php(942): App\Controllers\Home->beranda()
 6 SYSTEMPATH/CodeIgniter.php(502): CodeIgniter\CodeIgniter->runController()
 7 SYSTEMPATH/CodeIgniter.php(361): CodeIgniter\CodeIgniter->handleRequest()
 8 FCPATH/index.php(79): CodeIgniter\CodeIgniter->run()
ERROR - 2025-09-08 05:34:13 --> mysqli_sql_exception: Unknown column 'tdu' in 'SELECT' in /home/u927597906/domains/51-574-ff.darulhijrah.in/public_html/system/Database/MySQLi/Connection.php:306
Stack trace:
#0 /home/u927597906/domains/51-574-ff.darulhijrah.in/public_html/system/Database/MySQLi/Connection.php(306): mysqli->query()
#1 /home/u927597906/domains/51-574-ff.darulhijrah.in/public_html/system/Database/BaseConnection.php(693): CodeIgniter\Database\MySQLi\Connection->execute()
#2 /home/u927597906/domains/51-574-ff.darulhijrah.in/public_html/system/Database/BaseConnection.php(607): CodeIgniter\Database\BaseConnection->simpleQuery()
#3 /home/u927597906/domains/51-574-ff.darulhijrah.in/public_html/system/Database/BaseBuilder.php(1615): CodeIgniter\Database\BaseConnection->query()
#4 /home/u927597906/domains/51-574-ff.darulhijrah.in/public_html/system/Model.php(237): CodeIgniter\Database\BaseBuilder->get()
#5 /home/u927597906/domains/51-574-ff.darulhijrah.in/public_html/system/BaseModel.php(624): CodeIgniter\Model->doFindAll()
#6 /home/u927597906/domains/51-574-ff.darulhijrah.in/public_html/app/Controllers/Home.php(81): CodeIgniter\BaseModel->findAll()
#7 /home/u927597906/domains/51-574-ff.darulhijrah.in/public_html/system/CodeIgniter.php(942): App\Controllers\Home->beranda()
#8 /home/u927597906/domains/51-574-ff.darulhijrah.in/public_html/system/CodeIgniter.php(502): CodeIgniter\CodeIgniter->runController()
#9 /home/u927597906/domains/51-574-ff.darulhijrah.in/public_html/system/CodeIgniter.php(361): CodeIgniter\CodeIgniter->handleRequest()
#10 /home/u927597906/domains/51-574-ff.darulhijrah.in/public_html/index.php(79): CodeIgniter\CodeIgniter->run()
#11 {main}
CRITICAL - 2025-09-08 05:34:13 --> Unknown column 'tdu' in 'SELECT'
in SYSTEMPATH/Database/BaseConnection.php on line 647.
 1 SYSTEMPATH/Database/BaseBuilder.php(1615): CodeIgniter\Database\BaseConnection->query()
 2 SYSTEMPATH/Model.php(237): CodeIgniter\Database\BaseBuilder->get()
 3 SYSTEMPATH/BaseModel.php(624): CodeIgniter\Model->doFindAll()
 4 APPPATH/Controllers/Home.php(81): CodeIgniter\BaseModel->findAll()
 5 SYSTEMPATH/CodeIgniter.php(942): App\Controllers\Home->beranda()
 6 SYSTEMPATH/CodeIgniter.php(502): CodeIgniter\CodeIgniter->runController()
 7 SYSTEMPATH/CodeIgniter.php(361): CodeIgniter\CodeIgniter->handleRequest()
 8 FCPATH/index.php(79): CodeIgniter\CodeIgniter->run()
CRITICAL - 2025-09-08 05:34:16 --> Trying to access array offset on value of type null
in APPPATH/Views/pages/kwitansi-update.php on line 87.
 1 APPPATH/Views/pages/kwitansi-update.php(87): CodeIgniter\Debug\Exceptions->errorHandler()
 2 SYSTEMPATH/View/View.php(228): include('/home/u927597906/domains/51-574-ff.darulhijrah.in/public_html/app/Views/pages/kwitansi-update.php')
 3 SYSTEMPATH/View/View.php(231): CodeIgniter\View\View->CodeIgniter\View\{closure}()
 4 SYSTEMPATH/Common.php(1190): CodeIgniter\View\View->render()
 5 APPPATH/Controllers/Page.php(139): view()
 6 SYSTEMPATH/CodeIgniter.php(942): App\Controllers\Page->kwitansi_santri_aktif()
 7 SYSTEMPATH/CodeIgniter.php(502): CodeIgniter\CodeIgniter->runController()
 8 SYSTEMPATH/CodeIgniter.php(361): CodeIgniter\CodeIgniter->handleRequest()
 9 FCPATH/index.php(79): CodeIgniter\CodeIgniter->run()
INFO - 2025-09-08 05:34:30 --> Session: Class initialized using 'CodeIgniter\Session\Handlers\FileHandler' driver.
ERROR - 2025-09-08 05:34:30 --> mysqli_sql_exception: Unknown column 'tdu' in 'SELECT' in /home/u927597906/domains/51-574-ff.darulhijrah.in/public_html/system/Database/MySQLi/Connection.php:306
Stack trace:
#0 /home/u927597906/domains/51-574-ff.darulhijrah.in/public_html/system/Database/MySQLi/Connection.php(306): mysqli->query()
#1 /home/u927597906/domains/51-574-ff.darulhijrah.in/public_html/system/Database/BaseConnection.php(693): CodeIgniter\Database\MySQLi\Connection->execute()
#2 /home/u927597906/domains/51-574-ff.darulhijrah.in/public_html/system/Database/BaseConnection.php(607): CodeIgniter\Database\BaseConnection->simpleQuery()
#3 /home/u927597906/domains/51-574-ff.darulhijrah.in/public_html/system/Database/BaseBuilder.php(1615): CodeIgniter\Database\BaseConnection->query()
#4 /home/u927597906/domains/51-574-ff.darulhijrah.in/public_html/system/Model.php(237): CodeIgniter\Database\BaseBuilder->get()
#5 /home/u927597906/domains/51-574-ff.darulhijrah.in/public_html/system/BaseModel.php(624): CodeIgniter\Model->doFindAll()
#6 /home/u927597906/domains/51-574-ff.darulhijrah.in/public_html/app/Controllers/Home.php(81): CodeIgniter\BaseModel->findAll()
#7 /home/u927597906/domains/51-574-ff.darulhijrah.in/public_html/system/CodeIgniter.php(942): App\Controllers\Home->beranda()
#8 /home/u927597906/domains/51-574-ff.darulhijrah.in/public_html/system/CodeIgniter.php(502): CodeIgniter\CodeIgniter->runController()
#9 /home/u927597906/domains/51-574-ff.darulhijrah.in/public_html/system/CodeIgniter.php(361): CodeIgniter\CodeIgniter->handleRequest()
#10 /home/u927597906/domains/51-574-ff.darulhijrah.in/public_html/index.php(79): CodeIgniter\CodeIgniter->run()
#11 {main}
CRITICAL - 2025-09-08 05:34:30 --> Unknown column 'tdu' in 'SELECT'
in SYSTEMPATH/Database/BaseConnection.php on line 647.
 1 SYSTEMPATH/Database/BaseBuilder.php(1615): CodeIgniter\Database\BaseConnection->query()
 2 SYSTEMPATH/Model.php(237): CodeIgniter\Database\BaseBuilder->get()
 3 SYSTEMPATH/BaseModel.php(624): CodeIgniter\Model->doFindAll()
 4 APPPATH/Controllers/Home.php(81): CodeIgniter\BaseModel->findAll()
 5 SYSTEMPATH/CodeIgniter.php(942): App\Controllers\Home->beranda()
 6 SYSTEMPATH/CodeIgniter.php(502): CodeIgniter\CodeIgniter->runController()
 7 SYSTEMPATH/CodeIgniter.php(361): CodeIgniter\CodeIgniter->handleRequest()
 8 FCPATH/index.php(79): CodeIgniter\CodeIgniter->run()
INFO - 2025-09-08 05:35:19 --> Session: Class initialized using 'CodeIgniter\Session\Handlers\FileHandler' driver.
INFO - 2025-09-08 05:35:25 --> Session: Class initialized using 'CodeIgniter\Session\Handlers\FileHandler' driver.
CRITICAL - 2025-09-08 05:35:25 --> Trying to access array offset on value of type null
in APPPATH/Views/pages/kwitansi-update.php on line 87.
 1 APPPATH/Views/pages/kwitansi-update.php(87): CodeIgniter\Debug\Exceptions->errorHandler()
 2 SYSTEMPATH/View/View.php(228): include('/home/u927597906/domains/51-574-ff.darulhijrah.in/public_html/app/Views/pages/kwitansi-update.php')
 3 SYSTEMPATH/View/View.php(231): CodeIgniter\View\View->CodeIgniter\View\{closure}()
 4 SYSTEMPATH/Common.php(1190): CodeIgniter\View\View->render()
 5 APPPATH/Controllers/Page.php(139): view()
 6 SYSTEMPATH/CodeIgniter.php(942): App\Controllers\Page->kwitansi_santri_aktif()
 7 SYSTEMPATH/CodeIgniter.php(502): CodeIgniter\CodeIgniter->runController()
 8 SYSTEMPATH/CodeIgniter.php(361): CodeIgniter\CodeIgniter->handleRequest()
 9 FCPATH/index.php(79): CodeIgniter\CodeIgniter->run()
INFO - 2025-09-08 05:35:26 --> Session: Class initialized using 'CodeIgniter\Session\Handlers\FileHandler' driver.
CRITICAL - 2025-09-08 05:35:26 --> Trying to access array offset on value of type null
in APPPATH/Views/pages/kwitansi-update.php on line 87.
 1 APPPATH/Views/pages/kwitansi-update.php(87): CodeIgniter\Debug\Exceptions->errorHandler()
 2 SYSTEMPATH/View/View.php(228): include('/home/u927597906/domains/51-574-ff.darulhijrah.in/public_html/app/Views/pages/kwitansi-update.php')
 3 SYSTEMPATH/View/View.php(231): CodeIgniter\View\View->CodeIgniter\View\{closure}()
 4 SYSTEMPATH/Common.php(1190): CodeIgniter\View\View->render()
 5 APPPATH/Controllers/Page.php(139): view()
 6 SYSTEMPATH/CodeIgniter.php(942): App\Controllers\Page->kwitansi_santri_aktif()
 7 SYSTEMPATH/CodeIgniter.php(502): CodeIgniter\CodeIgniter->runController()
 8 SYSTEMPATH/CodeIgniter.php(361): CodeIgniter\CodeIgniter->handleRequest()
 9 FCPATH/index.php(79): CodeIgniter\CodeIgniter->run()
INFO - 2025-09-08 05:35:28 --> Session: Class initialized using 'CodeIgniter\Session\Handlers\FileHandler' driver.
CRITICAL - 2025-09-08 05:35:28 --> Trying to access array offset on value of type null
in APPPATH/Views/pages/kwitansi-update.php on line 87.
 1 APPPATH/Views/pages/kwitansi-update.php(87): CodeIgniter\Debug\Exceptions->errorHandler()
 2 SYSTEMPATH/View/View.php(228): include('/home/u927597906/domains/51-574-ff.darulhijrah.in/public_html/app/Views/pages/kwitansi-update.php')
 3 SYSTEMPATH/View/View.php(231): CodeIgniter\View\View->CodeIgniter\View\{closure}()
 4 SYSTEMPATH/Common.php(1190): CodeIgniter\View\View->render()
 5 APPPATH/Controllers/Page.php(139): view()
 6 SYSTEMPATH/CodeIgniter.php(942): App\Controllers\Page->kwitansi_santri_aktif()
 7 SYSTEMPATH/CodeIgniter.php(502): CodeIgniter\CodeIgniter->runController()
 8 SYSTEMPATH/CodeIgniter.php(361): CodeIgniter\CodeIgniter->handleRequest()
 9 FCPATH/index.php(79): CodeIgniter\CodeIgniter->run()
INFO - 2025-09-08 05:36:03 --> Session: Class initialized using 'CodeIgniter\Session\Handlers\FileHandler' driver.
INFO - 2025-09-08 05:37:26 --> Session: Class initialized using 'CodeIgniter\Session\Handlers\FileHandler' driver.
INFO - 2025-09-08 05:42:06 --> Session: Class initialized using 'CodeIgniter\Session\Handlers\FileHandler' driver.
INFO - 2025-09-08 05:43:26 --> Session: Class initialized using 'CodeIgniter\Session\Handlers\FileHandler' driver.
CRITICAL - 2025-09-08 05:47:34 --> Undefined array key "tdu"
in APPPATH/Views/psb/kwitansi.php on line 230.
 1 APPPATH/Views/psb/kwitansi.php(230): CodeIgniter\Debug\Exceptions->errorHandler()
 2 SYSTEMPATH/View/View.php(228): include('/home/u927597906/domains/51-574-ff.darulhijrah.in/public_html/app/Views/psb/kwitansi.php')
 3 SYSTEMPATH/View/View.php(231): CodeIgniter\View\View->CodeIgniter\View\{closure}()
 4 SYSTEMPATH/Common.php(1190): CodeIgniter\View\View->render()
 5 APPPATH/Controllers/Psb.php(275): view()
 6 SYSTEMPATH/CodeIgniter.php(942): App\Controllers\Psb->bayar()
 7 SYSTEMPATH/CodeIgniter.php(502): CodeIgniter\CodeIgniter->runController()
 8 SYSTEMPATH/CodeIgniter.php(361): CodeIgniter\CodeIgniter->handleRequest()
 9 FCPATH/index.php(79): CodeIgniter\CodeIgniter->run()
INFO - 2025-09-08 05:48:07 --> Session: Class initialized using 'CodeIgniter\Session\Handlers\FileHandler' driver.
INFO - 2025-09-08 05:48:09 --> Session: Class initialized using 'CodeIgniter\Session\Handlers\FileHandler' driver.
WARNING - 2025-09-08 05:48:09 --> [DEPRECATED] Function strftime() is deprecated in APPPATH/Views/pages/mutasi.php on line 131.
 1 SYSTEMPATH/View/View.php(228): include('/home/u927597906/domains/51-574-ff.darulhijrah.in/public_html/app/Views/pages/mutasi.php')
 2 SYSTEMPATH/View/View.php(231): CodeIgniter\View\View->CodeIgniter\View\{closure}()
 3 SYSTEMPATH/Common.php(1190): CodeIgniter\View\View->render('pages/mutasi', [], true)
 4 APPPATH/Controllers/Page.php(362): view('pages/mutasi', [...])
 5 SYSTEMPATH/CodeIgniter.php(942): App\Controllers\Page->mutasi()
 6 SYSTEMPATH/CodeIgniter.php(502): CodeIgniter\CodeIgniter->runController(Object(App\Controllers\Page))
 7 SYSTEMPATH/CodeIgniter.php(361): CodeIgniter\CodeIgniter->handleRequest(null, Object(Config\Cache), false)
 8 FCPATH/index.php(79): CodeIgniter\CodeIgniter->run()
WARNING - 2025-09-08 05:48:09 --> [DEPRECATED] Function strftime() is deprecated in APPPATH/Views/pages/mutasi.php on line 131.
 1 SYSTEMPATH/View/View.php(228): include('/home/u927597906/domains/51-574-ff.darulhijrah.in/public_html/app/Views/pages/mutasi.php')
 2 SYSTEMPATH/View/View.php(231): CodeIgniter\View\View->CodeIgniter\View\{closure}()
 3 SYSTEMPATH/Common.php(1190): CodeIgniter\View\View->render('pages/mutasi', [], true)
 4 APPPATH/Controllers/Page.php(362): view('pages/mutasi', [...])
 5 SYSTEMPATH/CodeIgniter.php(942): App\Controllers\Page->mutasi()
 6 SYSTEMPATH/CodeIgniter.php(502): CodeIgniter\CodeIgniter->runController(Object(App\Controllers\Page))
 7 SYSTEMPATH/CodeIgniter.php(361): CodeIgniter\CodeIgniter->handleRequest(null, Object(Config\Cache), false)
 8 FCPATH/index.php(79): CodeIgniter\CodeIgniter->run()
WARNING - 2025-09-08 05:48:09 --> [DEPRECATED] Function strftime() is deprecated in APPPATH/Views/pages/mutasi.php on line 131.
 1 SYSTEMPATH/View/View.php(228): include('/home/u927597906/domains/51-574-ff.darulhijrah.in/public_html/app/Views/pages/mutasi.php')
 2 SYSTEMPATH/View/View.php(231): CodeIgniter\View\View->CodeIgniter\View\{closure}()
 3 SYSTEMPATH/Common.php(1190): CodeIgniter\View\View->render('pages/mutasi', [], true)
 4 APPPATH/Controllers/Page.php(362): view('pages/mutasi', [...])
 5 SYSTEMPATH/CodeIgniter.php(942): App\Controllers\Page->mutasi()
 6 SYSTEMPATH/CodeIgniter.php(502): CodeIgniter\CodeIgniter->runController(Object(App\Controllers\Page))
 7 SYSTEMPATH/CodeIgniter.php(361): CodeIgniter\CodeIgniter->handleRequest(null, Object(Config\Cache), false)
 8 FCPATH/index.php(79): CodeIgniter\CodeIgniter->run()
WARNING - 2025-09-08 05:48:09 --> [DEPRECATED] Function strftime() is deprecated in APPPATH/Views/pages/mutasi.php on line 131.
 1 SYSTEMPATH/View/View.php(228): include('/home/u927597906/domains/51-574-ff.darulhijrah.in/public_html/app/Views/pages/mutasi.php')
 2 SYSTEMPATH/View/View.php(231): CodeIgniter\View\View->CodeIgniter\View\{closure}()
 3 SYSTEMPATH/Common.php(1190): CodeIgniter\View\View->render('pages/mutasi', [], true)
 4 APPPATH/Controllers/Page.php(362): view('pages/mutasi', [...])
 5 SYSTEMPATH/CodeIgniter.php(942): App\Controllers\Page->mutasi()
 6 SYSTEMPATH/CodeIgniter.php(502): CodeIgniter\CodeIgniter->runController(Object(App\Controllers\Page))
 7 SYSTEMPATH/CodeIgniter.php(361): CodeIgniter\CodeIgniter->handleRequest(null, Object(Config\Cache), false)
 8 FCPATH/index.php(79): CodeIgniter\CodeIgniter->run()
INFO - 2025-09-08 05:48:12 --> Session: Class initialized using 'CodeIgniter\Session\Handlers\FileHandler' driver.
INFO - 2025-09-08 05:48:15 --> Session: Class initialized using 'CodeIgniter\Session\Handlers\FileHandler' driver.
CRITICAL - 2025-09-08 05:48:15 --> Trying to access array offset on value of type null
in APPPATH/Views/pages/kwitansi-update.php on line 87.
 1 APPPATH/Views/pages/kwitansi-update.php(87): CodeIgniter\Debug\Exceptions->errorHandler()
 2 SYSTEMPATH/View/View.php(228): include('/home/u927597906/domains/51-574-ff.darulhijrah.in/public_html/app/Views/pages/kwitansi-update.php')
 3 SYSTEMPATH/View/View.php(231): CodeIgniter\View\View->CodeIgniter\View\{closure}()
 4 SYSTEMPATH/Common.php(1190): CodeIgniter\View\View->render()
 5 APPPATH/Controllers/Page.php(139): view()
 6 SYSTEMPATH/CodeIgniter.php(942): App\Controllers\Page->kwitansi_santri_aktif()
 7 SYSTEMPATH/CodeIgniter.php(502): CodeIgniter\CodeIgniter->runController()
 8 SYSTEMPATH/CodeIgniter.php(361): CodeIgniter\CodeIgniter->handleRequest()
 9 FCPATH/index.php(79): CodeIgniter\CodeIgniter->run()
INFO - 2025-09-08 05:50:14 --> Session: Class initialized using 'CodeIgniter\Session\Handlers\FileHandler' driver.
WARNING - 2025-09-08 05:50:14 --> [DEPRECATED] Function strftime() is deprecated in APPPATH/Views/pages/mutasi.php on line 131.
 1 SYSTEMPATH/View/View.php(228): include('/home/u927597906/domains/51-574-ff.darulhijrah.in/public_html/app/Views/pages/mutasi.php')
 2 SYSTEMPATH/View/View.php(231): CodeIgniter\View\View->CodeIgniter\View\{closure}()
 3 SYSTEMPATH/Common.php(1190): CodeIgniter\View\View->render('pages/mutasi', [], true)
 4 APPPATH/Controllers/Page.php(362): view('pages/mutasi', [...])
 5 SYSTEMPATH/CodeIgniter.php(942): App\Controllers\Page->mutasi()
 6 SYSTEMPATH/CodeIgniter.php(502): CodeIgniter\CodeIgniter->runController(Object(App\Controllers\Page))
 7 SYSTEMPATH/CodeIgniter.php(361): CodeIgniter\CodeIgniter->handleRequest(null, Object(Config\Cache), false)
 8 FCPATH/index.php(79): CodeIgniter\CodeIgniter->run()
WARNING - 2025-09-08 05:50:14 --> [DEPRECATED] Function strftime() is deprecated in APPPATH/Views/pages/mutasi.php on line 131.
 1 SYSTEMPATH/View/View.php(228): include('/home/u927597906/domains/51-574-ff.darulhijrah.in/public_html/app/Views/pages/mutasi.php')
 2 SYSTEMPATH/View/View.php(231): CodeIgniter\View\View->CodeIgniter\View\{closure}()
 3 SYSTEMPATH/Common.php(1190): CodeIgniter\View\View->render('pages/mutasi', [], true)
 4 APPPATH/Controllers/Page.php(362): view('pages/mutasi', [...])
 5 SYSTEMPATH/CodeIgniter.php(942): App\Controllers\Page->mutasi()
 6 SYSTEMPATH/CodeIgniter.php(502): CodeIgniter\CodeIgniter->runController(Object(App\Controllers\Page))
 7 SYSTEMPATH/CodeIgniter.php(361): CodeIgniter\CodeIgniter->handleRequest(null, Object(Config\Cache), false)
 8 FCPATH/index.php(79): CodeIgniter\CodeIgniter->run()
WARNING - 2025-09-08 05:50:14 --> [DEPRECATED] Function strftime() is deprecated in APPPATH/Views/pages/mutasi.php on line 131.
 1 SYSTEMPATH/View/View.php(228): include('/home/u927597906/domains/51-574-ff.darulhijrah.in/public_html/app/Views/pages/mutasi.php')
 2 SYSTEMPATH/View/View.php(231): CodeIgniter\View\View->CodeIgniter\View\{closure}()
 3 SYSTEMPATH/Common.php(1190): CodeIgniter\View\View->render('pages/mutasi', [], true)
 4 APPPATH/Controllers/Page.php(362): view('pages/mutasi', [...])
 5 SYSTEMPATH/CodeIgniter.php(942): App\Controllers\Page->mutasi()
 6 SYSTEMPATH/CodeIgniter.php(502): CodeIgniter\CodeIgniter->runController(Object(App\Controllers\Page))
 7 SYSTEMPATH/CodeIgniter.php(361): CodeIgniter\CodeIgniter->handleRequest(null, Object(Config\Cache), false)
 8 FCPATH/index.php(79): CodeIgniter\CodeIgniter->run()
WARNING - 2025-09-08 05:50:14 --> [DEPRECATED] Function strftime() is deprecated in APPPATH/Views/pages/mutasi.php on line 131.
 1 SYSTEMPATH/View/View.php(228): include('/home/u927597906/domains/51-574-ff.darulhijrah.in/public_html/app/Views/pages/mutasi.php')
 2 SYSTEMPATH/View/View.php(231): CodeIgniter\View\View->CodeIgniter\View\{closure}()
 3 SYSTEMPATH/Common.php(1190): CodeIgniter\View\View->render('pages/mutasi', [], true)
 4 APPPATH/Controllers/Page.php(362): view('pages/mutasi', [...])
 5 SYSTEMPATH/CodeIgniter.php(942): App\Controllers\Page->mutasi()
 6 SYSTEMPATH/CodeIgniter.php(502): CodeIgniter\CodeIgniter->runController(Object(App\Controllers\Page))
 7 SYSTEMPATH/CodeIgniter.php(361): CodeIgniter\CodeIgniter->handleRequest(null, Object(Config\Cache), false)
 8 FCPATH/index.php(79): CodeIgniter\CodeIgniter->run()
INFO - 2025-09-08 05:50:17 --> Session: Class initialized using 'CodeIgniter\Session\Handlers\FileHandler' driver.
INFO - 2025-09-08 05:50:20 --> Session: Class initialized using 'CodeIgniter\Session\Handlers\FileHandler' driver.
INFO - 2025-09-08 05:51:29 --> Session: Class initialized using 'CodeIgniter\Session\Handlers\FileHandler' driver.
INFO - 2025-09-08 05:51:49 --> Session: Class initialized using 'CodeIgniter\Session\Handlers\FileHandler' driver.
WARNING - 2025-09-08 05:51:49 --> [DEPRECATED] Function strftime() is deprecated in APPPATH/Views/psb/kwitansi.php on line 210.
 1 SYSTEMPATH/View/View.php(228): include('/home/u927597906/domains/51-574-ff.darulhijrah.in/public_html/app/Views/psb/kwitansi.php')
 2 SYSTEMPATH/View/View.php(231): CodeIgniter\View\View->CodeIgniter\View\{closure}()
 3 SYSTEMPATH/Common.php(1190): CodeIgniter\View\View->render('psb/kwitansi', [], true)
 4 APPPATH/Controllers/Psb.php(275): view('psb/kwitansi', [...])
 5 SYSTEMPATH/CodeIgniter.php(942): App\Controllers\Psb->bayar()
 6 SYSTEMPATH/CodeIgniter.php(502): CodeIgniter\CodeIgniter->runController(Object(App\Controllers\Psb))
 7 SYSTEMPATH/CodeIgniter.php(361): CodeIgniter\CodeIgniter->handleRequest(null, Object(Config\Cache), false)
 8 FCPATH/index.php(79): CodeIgniter\CodeIgniter->run()
CRITICAL - 2025-09-08 05:51:49 --> Undefined array key "tdu"
in APPPATH/Views/psb/kwitansi.php on line 230.
 1 APPPATH/Views/psb/kwitansi.php(230): CodeIgniter\Debug\Exceptions->errorHandler()
 2 SYSTEMPATH/View/View.php(228): include('/home/u927597906/domains/51-574-ff.darulhijrah.in/public_html/app/Views/psb/kwitansi.php')
 3 SYSTEMPATH/View/View.php(231): CodeIgniter\View\View->CodeIgniter\View\{closure}()
 4 SYSTEMPATH/Common.php(1190): CodeIgniter\View\View->render()
 5 APPPATH/Controllers/Psb.php(275): view()
 6 SYSTEMPATH/CodeIgniter.php(942): App\Controllers\Psb->bayar()
 7 SYSTEMPATH/CodeIgniter.php(502): CodeIgniter\CodeIgniter->runController()
 8 SYSTEMPATH/CodeIgniter.php(361): CodeIgniter\CodeIgniter->handleRequest()
 9 FCPATH/index.php(79): CodeIgniter\CodeIgniter->run()
INFO - 2025-09-08 05:57:33 --> Session: Class initialized using 'CodeIgniter\Session\Handlers\FileHandler' driver.
INFO - 2025-09-08 05:57:36 --> Session: Class initialized using 'CodeIgniter\Session\Handlers\FileHandler' driver.
WARNING - 2025-09-08 05:57:36 --> [DEPRECATED] Function strftime() is deprecated in APPPATH/Views/pages/mutasi.php on line 131.
 1 SYSTEMPATH/View/View.php(228): include('/home/u927597906/domains/51-574-ff.darulhijrah.in/public_html/app/Views/pages/mutasi.php')
 2 SYSTEMPATH/View/View.php(231): CodeIgniter\View\View->CodeIgniter\View\{closure}()
 3 SYSTEMPATH/Common.php(1190): CodeIgniter\View\View->render('pages/mutasi', [], true)
 4 APPPATH/Controllers/Page.php(362): view('pages/mutasi', [...])
 5 SYSTEMPATH/CodeIgniter.php(942): App\Controllers\Page->mutasi()
 6 SYSTEMPATH/CodeIgniter.php(502): CodeIgniter\CodeIgniter->runController(Object(App\Controllers\Page))
 7 SYSTEMPATH/CodeIgniter.php(361): CodeIgniter\CodeIgniter->handleRequest(null, Object(Config\Cache), false)
 8 FCPATH/index.php(79): CodeIgniter\CodeIgniter->run()
WARNING - 2025-09-08 05:57:36 --> [DEPRECATED] Function strftime() is deprecated in APPPATH/Views/pages/mutasi.php on line 131.
 1 SYSTEMPATH/View/View.php(228): include('/home/u927597906/domains/51-574-ff.darulhijrah.in/public_html/app/Views/pages/mutasi.php')
 2 SYSTEMPATH/View/View.php(231): CodeIgniter\View\View->CodeIgniter\View\{closure}()
 3 SYSTEMPATH/Common.php(1190): CodeIgniter\View\View->render('pages/mutasi', [], true)
 4 APPPATH/Controllers/Page.php(362): view('pages/mutasi', [...])
 5 SYSTEMPATH/CodeIgniter.php(942): App\Controllers\Page->mutasi()
 6 SYSTEMPATH/CodeIgniter.php(502): CodeIgniter\CodeIgniter->runController(Object(App\Controllers\Page))
 7 SYSTEMPATH/CodeIgniter.php(361): CodeIgniter\CodeIgniter->handleRequest(null, Object(Config\Cache), false)
 8 FCPATH/index.php(79): CodeIgniter\CodeIgniter->run()
WARNING - 2025-09-08 05:57:36 --> [DEPRECATED] Function strftime() is deprecated in APPPATH/Views/pages/mutasi.php on line 131.
 1 SYSTEMPATH/View/View.php(228): include('/home/u927597906/domains/51-574-ff.darulhijrah.in/public_html/app/Views/pages/mutasi.php')
 2 SYSTEMPATH/View/View.php(231): CodeIgniter\View\View->CodeIgniter\View\{closure}()
 3 SYSTEMPATH/Common.php(1190): CodeIgniter\View\View->render('pages/mutasi', [], true)
 4 APPPATH/Controllers/Page.php(362): view('pages/mutasi', [...])
 5 SYSTEMPATH/CodeIgniter.php(942): App\Controllers\Page->mutasi()
 6 SYSTEMPATH/CodeIgniter.php(502): CodeIgniter\CodeIgniter->runController(Object(App\Controllers\Page))
 7 SYSTEMPATH/CodeIgniter.php(361): CodeIgniter\CodeIgniter->handleRequest(null, Object(Config\Cache), false)
 8 FCPATH/index.php(79): CodeIgniter\CodeIgniter->run()
WARNING - 2025-09-08 05:57:36 --> [DEPRECATED] Function strftime() is deprecated in APPPATH/Views/pages/mutasi.php on line 131.
 1 SYSTEMPATH/View/View.php(228): include('/home/u927597906/domains/51-574-ff.darulhijrah.in/public_html/app/Views/pages/mutasi.php')
 2 SYSTEMPATH/View/View.php(231): CodeIgniter\View\View->CodeIgniter\View\{closure}()
 3 SYSTEMPATH/Common.php(1190): CodeIgniter\View\View->render('pages/mutasi', [], true)
 4 APPPATH/Controllers/Page.php(362): view('pages/mutasi', [...])
 5 SYSTEMPATH/CodeIgniter.php(942): App\Controllers\Page->mutasi()
 6 SYSTEMPATH/CodeIgniter.php(502): CodeIgniter\CodeIgniter->runController(Object(App\Controllers\Page))
 7 SYSTEMPATH/CodeIgniter.php(361): CodeIgniter\CodeIgniter->handleRequest(null, Object(Config\Cache), false)
 8 FCPATH/index.php(79): CodeIgniter\CodeIgniter->run()
INFO - 2025-09-08 05:57:41 --> Session: Class initialized using 'CodeIgniter\Session\Handlers\FileHandler' driver.
INFO - 2025-09-08 05:57:44 --> Session: Class initialized using 'CodeIgniter\Session\Handlers\FileHandler' driver.
INFO - 2025-09-08 06:47:44 --> Session: Class initialized using 'CodeIgniter\Session\Handlers\FileHandler' driver.
INFO - 2025-09-08 07:19:19 --> Session: Class initialized using 'CodeIgniter\Session\Handlers\FileHandler' driver.
WARNING - 2025-09-08 07:19:19 --> [DEPRECATED] Function strftime() is deprecated in APPPATH/Views/pages/mutasi.php on line 131.
 1 SYSTEMPATH/View/View.php(228): include('/home/u927597906/domains/51-574-ff.darulhijrah.in/public_html/app/Views/pages/mutasi.php')
 2 SYSTEMPATH/View/View.php(231): CodeIgniter\View\View->CodeIgniter\View\{closure}()
 3 SYSTEMPATH/Common.php(1190): CodeIgniter\View\View->render('pages/mutasi', [], true)
 4 APPPATH/Controllers/Page.php(362): view('pages/mutasi', [...])
 5 SYSTEMPATH/CodeIgniter.php(942): App\Controllers\Page->mutasi()
 6 SYSTEMPATH/CodeIgniter.php(502): CodeIgniter\CodeIgniter->runController(Object(App\Controllers\Page))
 7 SYSTEMPATH/CodeIgniter.php(361): CodeIgniter\CodeIgniter->handleRequest(null, Object(Config\Cache), false)
 8 FCPATH/index.php(79): CodeIgniter\CodeIgniter->run()
WARNING - 2025-09-08 07:19:19 --> [DEPRECATED] Function strftime() is deprecated in APPPATH/Views/pages/mutasi.php on line 131.
 1 SYSTEMPATH/View/View.php(228): include('/home/u927597906/domains/51-574-ff.darulhijrah.in/public_html/app/Views/pages/mutasi.php')
 2 SYSTEMPATH/View/View.php(231): CodeIgniter\View\View->CodeIgniter\View\{closure}()
 3 SYSTEMPATH/Common.php(1190): CodeIgniter\View\View->render('pages/mutasi', [], true)
 4 APPPATH/Controllers/Page.php(362): view('pages/mutasi', [...])
 5 SYSTEMPATH/CodeIgniter.php(942): App\Controllers\Page->mutasi()
 6 SYSTEMPATH/CodeIgniter.php(502): CodeIgniter\CodeIgniter->runController(Object(App\Controllers\Page))
 7 SYSTEMPATH/CodeIgniter.php(361): CodeIgniter\CodeIgniter->handleRequest(null, Object(Config\Cache), false)
 8 FCPATH/index.php(79): CodeIgniter\CodeIgniter->run()
WARNING - 2025-09-08 07:19:19 --> [DEPRECATED] Function strftime() is deprecated in APPPATH/Views/pages/mutasi.php on line 131.
 1 SYSTEMPATH/View/View.php(228): include('/home/u927597906/domains/51-574-ff.darulhijrah.in/public_html/app/Views/pages/mutasi.php')
 2 SYSTEMPATH/View/View.php(231): CodeIgniter\View\View->CodeIgniter\View\{closure}()
 3 SYSTEMPATH/Common.php(1190): CodeIgniter\View\View->render('pages/mutasi', [], true)
 4 APPPATH/Controllers/Page.php(362): view('pages/mutasi', [...])
 5 SYSTEMPATH/CodeIgniter.php(942): App\Controllers\Page->mutasi()
 6 SYSTEMPATH/CodeIgniter.php(502): CodeIgniter\CodeIgniter->runController(Object(App\Controllers\Page))
 7 SYSTEMPATH/CodeIgniter.php(361): CodeIgniter\CodeIgniter->handleRequest(null, Object(Config\Cache), false)
 8 FCPATH/index.php(79): CodeIgniter\CodeIgniter->run()
WARNING - 2025-09-08 07:19:19 --> [DEPRECATED] Function strftime() is deprecated in APPPATH/Views/pages/mutasi.php on line 131.
 1 SYSTEMPATH/View/View.php(228): include('/home/u927597906/domains/51-574-ff.darulhijrah.in/public_html/app/Views/pages/mutasi.php')
 2 SYSTEMPATH/View/View.php(231): CodeIgniter\View\View->CodeIgniter\View\{closure}()
 3 SYSTEMPATH/Common.php(1190): CodeIgniter\View\View->render('pages/mutasi', [], true)
 4 APPPATH/Controllers/Page.php(362): view('pages/mutasi', [...])
 5 SYSTEMPATH/CodeIgniter.php(942): App\Controllers\Page->mutasi()
 6 SYSTEMPATH/CodeIgniter.php(502): CodeIgniter\CodeIgniter->runController(Object(App\Controllers\Page))
 7 SYSTEMPATH/CodeIgniter.php(361): CodeIgniter\CodeIgniter->handleRequest(null, Object(Config\Cache), false)
 8 FCPATH/index.php(79): CodeIgniter\CodeIgniter->run()
INFO - 2025-09-08 07:19:24 --> Session: Class initialized using 'CodeIgniter\Session\Handlers\FileHandler' driver.
INFO - 2025-09-08 07:19:43 --> Session: Class initialized using 'CodeIgniter\Session\Handlers\FileHandler' driver.
INFO - 2025-09-08 07:19:43 --> Session: Class initialized using 'CodeIgniter\Session\Handlers\FileHandler' driver.
INFO - 2025-09-08 07:20:30 --> Session: Class initialized using 'CodeIgniter\Session\Handlers\FileHandler' driver.
INFO - 2025-09-08 07:20:47 --> Session: Class initialized using 'CodeIgniter\Session\Handlers\FileHandler' driver.
INFO - 2025-09-08 07:20:47 --> Session: Class initialized using 'CodeIgniter\Session\Handlers\FileHandler' driver.
INFO - 2025-09-08 07:28:37 --> Session: Class initialized using 'CodeIgniter\Session\Handlers\FileHandler' driver.
INFO - 2025-09-08 07:28:41 --> Session: Class initialized using 'CodeIgniter\Session\Handlers\FileHandler' driver.
INFO - 2025-09-08 07:28:58 --> Session: Class initialized using 'CodeIgniter\Session\Handlers\FileHandler' driver.
CRITICAL - 2025-09-08 07:28:58 --> Undefined array key "tdu"
in APPPATH/Views/pages/tunggakan.php on line 204.
 1 APPPATH/Views/pages/tunggakan.php(204): CodeIgniter\Debug\Exceptions->errorHandler()
 2 SYSTEMPATH/View/View.php(228): include('/home/u927597906/domains/51-574-ff.darulhijrah.in/public_html/app/Views/pages/tunggakan.php')
 3 SYSTEMPATH/View/View.php(231): CodeIgniter\View\View->CodeIgniter\View\{closure}()
 4 SYSTEMPATH/Common.php(1190): CodeIgniter\View\View->render()
 5 APPPATH/Controllers/Page.php(461): view()
 6 SYSTEMPATH/CodeIgniter.php(942): App\Controllers\Page->datatunggakan()
 7 SYSTEMPATH/CodeIgniter.php(502): CodeIgniter\CodeIgniter->runController()
 8 SYSTEMPATH/CodeIgniter.php(361): CodeIgniter\CodeIgniter->handleRequest()
 9 FCPATH/index.php(79): CodeIgniter\CodeIgniter->run()
INFO - 2025-09-08 07:30:33 --> Session: Class initialized using 'CodeIgniter\Session\Handlers\FileHandler' driver.
INFO - 2025-09-08 07:30:53 --> Session: Class initialized using 'CodeIgniter\Session\Handlers\FileHandler' driver.
WARNING - 2025-09-08 07:30:53 --> [DEPRECATED] Function strftime() is deprecated in APPPATH/Views/pages/mutasi.php on line 131.
 1 SYSTEMPATH/View/View.php(228): include('/home/u927597906/domains/51-574-ff.darulhijrah.in/public_html/app/Views/pages/mutasi.php')
 2 SYSTEMPATH/View/View.php(231): CodeIgniter\View\View->CodeIgniter\View\{closure}()
 3 SYSTEMPATH/Common.php(1190): CodeIgniter\View\View->render('pages/mutasi', [], true)
 4 APPPATH/Controllers/Page.php(362): view('pages/mutasi', [...])
 5 SYSTEMPATH/CodeIgniter.php(942): App\Controllers\Page->mutasi()
 6 SYSTEMPATH/CodeIgniter.php(502): CodeIgniter\CodeIgniter->runController(Object(App\Controllers\Page))
 7 SYSTEMPATH/CodeIgniter.php(361): CodeIgniter\CodeIgniter->handleRequest(null, Object(Config\Cache), false)
 8 FCPATH/index.php(79): CodeIgniter\CodeIgniter->run()
WARNING - 2025-09-08 07:30:53 --> [DEPRECATED] Function strftime() is deprecated in APPPATH/Views/pages/mutasi.php on line 131.
 1 SYSTEMPATH/View/View.php(228): include('/home/u927597906/domains/51-574-ff.darulhijrah.in/public_html/app/Views/pages/mutasi.php')
 2 SYSTEMPATH/View/View.php(231): CodeIgniter\View\View->CodeIgniter\View\{closure}()
 3 SYSTEMPATH/Common.php(1190): CodeIgniter\View\View->render('pages/mutasi', [], true)
 4 APPPATH/Controllers/Page.php(362): view('pages/mutasi', [...])
 5 SYSTEMPATH/CodeIgniter.php(942): App\Controllers\Page->mutasi()
 6 SYSTEMPATH/CodeIgniter.php(502): CodeIgniter\CodeIgniter->runController(Object(App\Controllers\Page))
 7 SYSTEMPATH/CodeIgniter.php(361): CodeIgniter\CodeIgniter->handleRequest(null, Object(Config\Cache), false)
 8 FCPATH/index.php(79): CodeIgniter\CodeIgniter->run()
WARNING - 2025-09-08 07:30:53 --> [DEPRECATED] Function strftime() is deprecated in APPPATH/Views/pages/mutasi.php on line 131.
 1 SYSTEMPATH/View/View.php(228): include('/home/u927597906/domains/51-574-ff.darulhijrah.in/public_html/app/Views/pages/mutasi.php')
 2 SYSTEMPATH/View/View.php(231): CodeIgniter\View\View->CodeIgniter\View\{closure}()
 3 SYSTEMPATH/Common.php(1190): CodeIgniter\View\View->render('pages/mutasi', [], true)
 4 APPPATH/Controllers/Page.php(362): view('pages/mutasi', [...])
 5 SYSTEMPATH/CodeIgniter.php(942): App\Controllers\Page->mutasi()
 6 SYSTEMPATH/CodeIgniter.php(502): CodeIgniter\CodeIgniter->runController(Object(App\Controllers\Page))
 7 SYSTEMPATH/CodeIgniter.php(361): CodeIgniter\CodeIgniter->handleRequest(null, Object(Config\Cache), false)
 8 FCPATH/index.php(79): CodeIgniter\CodeIgniter->run()
WARNING - 2025-09-08 07:30:53 --> [DEPRECATED] Function strftime() is deprecated in APPPATH/Views/pages/mutasi.php on line 131.
 1 SYSTEMPATH/View/View.php(228): include('/home/u927597906/domains/51-574-ff.darulhijrah.in/public_html/app/Views/pages/mutasi.php')
 2 SYSTEMPATH/View/View.php(231): CodeIgniter\View\View->CodeIgniter\View\{closure}()
 3 SYSTEMPATH/Common.php(1190): CodeIgniter\View\View->render('pages/mutasi', [], true)
 4 APPPATH/Controllers/Page.php(362): view('pages/mutasi', [...])
 5 SYSTEMPATH/CodeIgniter.php(942): App\Controllers\Page->mutasi()
 6 SYSTEMPATH/CodeIgniter.php(502): CodeIgniter\CodeIgniter->runController(Object(App\Controllers\Page))
 7 SYSTEMPATH/CodeIgniter.php(361): CodeIgniter\CodeIgniter->handleRequest(null, Object(Config\Cache), false)
 8 FCPATH/index.php(79): CodeIgniter\CodeIgniter->run()
WARNING - 2025-09-08 07:30:53 --> [DEPRECATED] Function strftime() is deprecated in APPPATH/Views/pages/mutasi.php on line 131.
 1 SYSTEMPATH/View/View.php(228): include('/home/u927597906/domains/51-574-ff.darulhijrah.in/public_html/app/Views/pages/mutasi.php')
 2 SYSTEMPATH/View/View.php(231): CodeIgniter\View\View->CodeIgniter\View\{closure}()
 3 SYSTEMPATH/Common.php(1190): CodeIgniter\View\View->render('pages/mutasi', [], true)
 4 APPPATH/Controllers/Page.php(362): view('pages/mutasi', [...])
 5 SYSTEMPATH/CodeIgniter.php(942): App\Controllers\Page->mutasi()
 6 SYSTEMPATH/CodeIgniter.php(502): CodeIgniter\CodeIgniter->runController(Object(App\Controllers\Page))
 7 SYSTEMPATH/CodeIgniter.php(361): CodeIgniter\CodeIgniter->handleRequest(null, Object(Config\Cache), false)
 8 FCPATH/index.php(79): CodeIgniter\CodeIgniter->run()
WARNING - 2025-09-08 07:30:53 --> [DEPRECATED] Function strftime() is deprecated in APPPATH/Views/pages/mutasi.php on line 131.
 1 SYSTEMPATH/View/View.php(228): include('/home/u927597906/domains/51-574-ff.darulhijrah.in/public_html/app/Views/pages/mutasi.php')
 2 SYSTEMPATH/View/View.php(231): CodeIgniter\View\View->CodeIgniter\View\{closure}()
 3 SYSTEMPATH/Common.php(1190): CodeIgniter\View\View->render('pages/mutasi', [], true)
 4 APPPATH/Controllers/Page.php(362): view('pages/mutasi', [...])
 5 SYSTEMPATH/CodeIgniter.php(942): App\Controllers\Page->mutasi()
 6 SYSTEMPATH/CodeIgniter.php(502): CodeIgniter\CodeIgniter->runController(Object(App\Controllers\Page))
 7 SYSTEMPATH/CodeIgniter.php(361): CodeIgniter\CodeIgniter->handleRequest(null, Object(Config\Cache), false)
 8 FCPATH/index.php(79): CodeIgniter\CodeIgniter->run()
INFO - 2025-09-08 07:30:56 --> Session: Class initialized using 'CodeIgniter\Session\Handlers\FileHandler' driver.
INFO - 2025-09-08 07:30:59 --> Session: Class initialized using 'CodeIgniter\Session\Handlers\FileHandler' driver.
INFO - 2025-09-08 07:31:24 --> Session: Class initialized using 'CodeIgniter\Session\Handlers\FileHandler' driver.
INFO - 2025-09-08 07:31:25 --> Session: Class initialized using 'CodeIgniter\Session\Handlers\FileHandler' driver.
INFO - 2025-09-08 07:31:27 --> Session: Class initialized using 'CodeIgniter\Session\Handlers\FileHandler' driver.
INFO - 2025-09-08 07:31:28 --> Session: Class initialized using 'CodeIgniter\Session\Handlers\FileHandler' driver.
INFO - 2025-09-08 07:31:50 --> Session: Class initialized using 'CodeIgniter\Session\Handlers\FileHandler' driver.
INFO - 2025-09-08 07:31:52 --> Session: Class initialized using 'CodeIgniter\Session\Handlers\FileHandler' driver.
INFO - 2025-09-08 07:31:54 --> Session: Class initialized using 'CodeIgniter\Session\Handlers\FileHandler' driver.
INFO - 2025-09-08 07:32:32 --> Session: Class initialized using 'CodeIgniter\Session\Handlers\FileHandler' driver.
INFO - 2025-09-08 07:32:34 --> Session: Class initialized using 'CodeIgniter\Session\Handlers\FileHandler' driver.
INFO - 2025-09-08 07:32:36 --> Session: Class initialized using 'CodeIgniter\Session\Handlers\FileHandler' driver.
INFO - 2025-09-08 07:32:38 --> Session: Class initialized using 'CodeIgniter\Session\Handlers\FileHandler' driver.
INFO - 2025-09-08 07:33:21 --> Session: Class initialized using 'CodeIgniter\Session\Handlers\FileHandler' driver.
WARNING - 2025-09-08 07:33:21 --> [DEPRECATED] Function strftime() is deprecated in APPPATH/Views/pages/mutasi.php on line 131.
 1 SYSTEMPATH/View/View.php(228): include('/home/u927597906/domains/51-574-ff.darulhijrah.in/public_html/app/Views/pages/mutasi.php')
 2 SYSTEMPATH/View/View.php(231): CodeIgniter\View\View->CodeIgniter\View\{closure}()
 3 SYSTEMPATH/Common.php(1190): CodeIgniter\View\View->render('pages/mutasi', [], true)
 4 APPPATH/Controllers/Page.php(362): view('pages/mutasi', [...])
 5 SYSTEMPATH/CodeIgniter.php(942): App\Controllers\Page->mutasi()
 6 SYSTEMPATH/CodeIgniter.php(502): CodeIgniter\CodeIgniter->runController(Object(App\Controllers\Page))
 7 SYSTEMPATH/CodeIgniter.php(361): CodeIgniter\CodeIgniter->handleRequest(null, Object(Config\Cache), false)
 8 FCPATH/index.php(79): CodeIgniter\CodeIgniter->run()
WARNING - 2025-09-08 07:33:21 --> [DEPRECATED] Function strftime() is deprecated in APPPATH/Views/pages/mutasi.php on line 131.
 1 SYSTEMPATH/View/View.php(228): include('/home/u927597906/domains/51-574-ff.darulhijrah.in/public_html/app/Views/pages/mutasi.php')
 2 SYSTEMPATH/View/View.php(231): CodeIgniter\View\View->CodeIgniter\View\{closure}()
 3 SYSTEMPATH/Common.php(1190): CodeIgniter\View\View->render('pages/mutasi', [], true)
 4 APPPATH/Controllers/Page.php(362): view('pages/mutasi', [...])
 5 SYSTEMPATH/CodeIgniter.php(942): App\Controllers\Page->mutasi()
 6 SYSTEMPATH/CodeIgniter.php(502): CodeIgniter\CodeIgniter->runController(Object(App\Controllers\Page))
 7 SYSTEMPATH/CodeIgniter.php(361): CodeIgniter\CodeIgniter->handleRequest(null, Object(Config\Cache), false)
 8 FCPATH/index.php(79): CodeIgniter\CodeIgniter->run()
WARNING - 2025-09-08 07:33:21 --> [DEPRECATED] Function strftime() is deprecated in APPPATH/Views/pages/mutasi.php on line 131.
 1 SYSTEMPATH/View/View.php(228): include('/home/u927597906/domains/51-574-ff.darulhijrah.in/public_html/app/Views/pages/mutasi.php')
 2 SYSTEMPATH/View/View.php(231): CodeIgniter\View\View->CodeIgniter\View\{closure}()
 3 SYSTEMPATH/Common.php(1190): CodeIgniter\View\View->render('pages/mutasi', [], true)
 4 APPPATH/Controllers/Page.php(362): view('pages/mutasi', [...])
 5 SYSTEMPATH/CodeIgniter.php(942): App\Controllers\Page->mutasi()
 6 SYSTEMPATH/CodeIgniter.php(502): CodeIgniter\CodeIgniter->runController(Object(App\Controllers\Page))
 7 SYSTEMPATH/CodeIgniter.php(361): CodeIgniter\CodeIgniter->handleRequest(null, Object(Config\Cache), false)
 8 FCPATH/index.php(79): CodeIgniter\CodeIgniter->run()
WARNING - 2025-09-08 07:33:21 --> [DEPRECATED] Function strftime() is deprecated in APPPATH/Views/pages/mutasi.php on line 131.
 1 SYSTEMPATH/View/View.php(228): include('/home/u927597906/domains/51-574-ff.darulhijrah.in/public_html/app/Views/pages/mutasi.php')
 2 SYSTEMPATH/View/View.php(231): CodeIgniter\View\View->CodeIgniter\View\{closure}()
 3 SYSTEMPATH/Common.php(1190): CodeIgniter\View\View->render('pages/mutasi', [], true)
 4 APPPATH/Controllers/Page.php(362): view('pages/mutasi', [...])
 5 SYSTEMPATH/CodeIgniter.php(942): App\Controllers\Page->mutasi()
 6 SYSTEMPATH/CodeIgniter.php(502): CodeIgniter\CodeIgniter->runController(Object(App\Controllers\Page))
 7 SYSTEMPATH/CodeIgniter.php(361): CodeIgniter\CodeIgniter->handleRequest(null, Object(Config\Cache), false)
 8 FCPATH/index.php(79): CodeIgniter\CodeIgniter->run()
WARNING - 2025-09-08 07:33:21 --> [DEPRECATED] Function strftime() is deprecated in APPPATH/Views/pages/mutasi.php on line 131.
 1 SYSTEMPATH/View/View.php(228): include('/home/u927597906/domains/51-574-ff.darulhijrah.in/public_html/app/Views/pages/mutasi.php')
 2 SYSTEMPATH/View/View.php(231): CodeIgniter\View\View->CodeIgniter\View\{closure}()
 3 SYSTEMPATH/Common.php(1190): CodeIgniter\View\View->render('pages/mutasi', [], true)
 4 APPPATH/Controllers/Page.php(362): view('pages/mutasi', [...])
 5 SYSTEMPATH/CodeIgniter.php(942): App\Controllers\Page->mutasi()
 6 SYSTEMPATH/CodeIgniter.php(502): CodeIgniter\CodeIgniter->runController(Object(App\Controllers\Page))
 7 SYSTEMPATH/CodeIgniter.php(361): CodeIgniter\CodeIgniter->handleRequest(null, Object(Config\Cache), false)
 8 FCPATH/index.php(79): CodeIgniter\CodeIgniter->run()
WARNING - 2025-09-08 07:33:21 --> [DEPRECATED] Function strftime() is deprecated in APPPATH/Views/pages/mutasi.php on line 131.
 1 SYSTEMPATH/View/View.php(228): include('/home/u927597906/domains/51-574-ff.darulhijrah.in/public_html/app/Views/pages/mutasi.php')
 2 SYSTEMPATH/View/View.php(231): CodeIgniter\View\View->CodeIgniter\View\{closure}()
 3 SYSTEMPATH/Common.php(1190): CodeIgniter\View\View->render('pages/mutasi', [], true)
 4 APPPATH/Controllers/Page.php(362): view('pages/mutasi', [...])
 5 SYSTEMPATH/CodeIgniter.php(942): App\Controllers\Page->mutasi()
 6 SYSTEMPATH/CodeIgniter.php(502): CodeIgniter\CodeIgniter->runController(Object(App\Controllers\Page))
 7 SYSTEMPATH/CodeIgniter.php(361): CodeIgniter\CodeIgniter->handleRequest(null, Object(Config\Cache), false)
 8 FCPATH/index.php(79): CodeIgniter\CodeIgniter->run()
INFO - 2025-09-08 07:33:25 --> Session: Class initialized using 'CodeIgniter\Session\Handlers\FileHandler' driver.
INFO - 2025-09-08 07:33:39 --> Session: Class initialized using 'CodeIgniter\Session\Handlers\FileHandler' driver.
INFO - 2025-09-08 07:33:42 --> Session: Class initialized using 'CodeIgniter\Session\Handlers\FileHandler' driver.
CRITICAL - 2025-09-08 07:33:42 --> Trying to access array offset on value of type null
in APPPATH/Views/pages/kwitansi-update.php on line 87.
 1 APPPATH/Views/pages/kwitansi-update.php(87): CodeIgniter\Debug\Exceptions->errorHandler()
 2 SYSTEMPATH/View/View.php(228): include('/home/u927597906/domains/51-574-ff.darulhijrah.in/public_html/app/Views/pages/kwitansi-update.php')
 3 SYSTEMPATH/View/View.php(231): CodeIgniter\View\View->CodeIgniter\View\{closure}()
 4 SYSTEMPATH/Common.php(1190): CodeIgniter\View\View->render()
 5 APPPATH/Controllers/Page.php(169): view()
 6 SYSTEMPATH/CodeIgniter.php(942): App\Controllers\Page->kwitansi_santri_psb()
 7 SYSTEMPATH/CodeIgniter.php(502): CodeIgniter\CodeIgniter->runController()
 8 SYSTEMPATH/CodeIgniter.php(361): CodeIgniter\CodeIgniter->handleRequest()
 9 FCPATH/index.php(79): CodeIgniter\CodeIgniter->run()
INFO - 2025-09-08 07:33:58 --> Session: Class initialized using 'CodeIgniter\Session\Handlers\FileHandler' driver.
INFO - 2025-09-08 07:34:02 --> Session: Class initialized using 'CodeIgniter\Session\Handlers\FileHandler' driver.
INFO - 2025-09-08 07:34:04 --> Session: Class initialized using 'CodeIgniter\Session\Handlers\FileHandler' driver.
INFO - 2025-09-08 07:34:51 --> Session: Class initialized using 'CodeIgniter\Session\Handlers\FileHandler' driver.
