CRITICAL - 2025-07-24 00:17:10 --> syntax error, unexpected end of file, expecting "elseif" or "else" or "endif"
in APPPATH/Views/guru/insert.php on line 250.
 1 SYSTEMPATH/View/View.php(231): CodeIgniter\View\View->CodeIgniter\View\{closure}()
 2 SYSTEMPATH/Common.php(1190): CodeIgniter\View\View->render()
 3 APPPATH/Controllers/Guru.php(51): view()
 4 SYSTEMPATH/CodeIgniter.php(942): App\Controllers\Guru->index()
 5 SYSTEMPATH/CodeIgniter.php(502): CodeIgniter\CodeIgniter->runController()
 6 SYSTEMPATH/CodeIgniter.php(361): CodeIgniter\CodeIgniter->handleRequest()
 7 FCPATH/index.php(79): CodeIgniter\CodeIgniter->run()
CRITICAL - 2025-07-24 00:18:17 --> syntax error, unexpected end of file, expecting "elseif" or "else" or "endif"
in APPPATH/Views/guru/insert.php on line 250.
 1 SYSTEMPATH/View/View.php(231): CodeIgniter\View\View->CodeIgniter\View\{closure}()
 2 SYSTEMPATH/Common.php(1190): CodeIgniter\View\View->render()
 3 APPPATH/Controllers/Guru.php(51): view()
 4 SYSTEMPATH/CodeIgniter.php(942): App\Controllers\Guru->index()
 5 SYSTEMPATH/CodeIgniter.php(502): CodeIgniter\CodeIgniter->runController()
 6 SYSTEMPATH/CodeIgniter.php(361): CodeIgniter\CodeIgniter->handleRequest()
 7 FCPATH/index.php(79): CodeIgniter\CodeIgniter->run()
CRITICAL - 2025-07-24 00:18:24 --> syntax error, unexpected end of file, expecting "elseif" or "else" or "endif"
in APPPATH/Views/guru/insert.php on line 250.
 1 SYSTEMPATH/View/View.php(231): CodeIgniter\View\View->CodeIgniter\View\{closure}()
 2 SYSTEMPATH/Common.php(1190): CodeIgniter\View\View->render()
 3 APPPATH/Controllers/Guru.php(51): view()
 4 SYSTEMPATH/CodeIgniter.php(942): App\Controllers\Guru->index()
 5 SYSTEMPATH/CodeIgniter.php(502): CodeIgniter\CodeIgniter->runController()
 6 SYSTEMPATH/CodeIgniter.php(361): CodeIgniter\CodeIgniter->handleRequest()
 7 FCPATH/index.php(79): CodeIgniter\CodeIgniter->run()
CRITICAL - 2025-07-24 00:19:49 --> syntax error, unexpected end of file, expecting "elseif" or "else" or "endif"
in APPPATH/Views/guru/insert.php on line 250.
 1 SYSTEMPATH/View/View.php(231): CodeIgniter\View\View->CodeIgniter\View\{closure}()
 2 SYSTEMPATH/Common.php(1190): CodeIgniter\View\View->render()
 3 APPPATH/Controllers/Guru.php(51): view()
 4 SYSTEMPATH/CodeIgniter.php(942): App\Controllers\Guru->index()
 5 SYSTEMPATH/CodeIgniter.php(502): CodeIgniter\CodeIgniter->runController()
 6 SYSTEMPATH/CodeIgniter.php(361): CodeIgniter\CodeIgniter->handleRequest()
 7 FCPATH/index.php(79): CodeIgniter\CodeIgniter->run()
INFO - 2025-07-24 00:20:06 --> Session: Class initialized using 'CodeIgniter\Session\Handlers\FileHandler' driver.
WARNING - 2025-07-24 00:20:06 --> [DEPRECATED] Creation of dynamic property App\Controllers\Guru::$mapelModel is deprecated in APPPATH/Controllers/Guru.php on line 21.
 1 SYSTEMPATH/CodeIgniter.php(914): App\Controllers\Guru->__construct()
 2 SYSTEMPATH/CodeIgniter.php(493): CodeIgniter\CodeIgniter->createController()
 3 SYSTEMPATH/CodeIgniter.php(361): CodeIgniter\CodeIgniter->handleRequest(null, Object(Config\Cache), false)
 4 FCPATH/index.php(79): CodeIgniter\CodeIgniter->run()
WARNING - 2025-07-24 00:20:06 --> [DEPRECATED] Creation of dynamic property App\Controllers\Guru::$kelasModel is deprecated in APPPATH/Controllers/Guru.php on line 22.
 1 SYSTEMPATH/CodeIgniter.php(914): App\Controllers\Guru->__construct()
 2 SYSTEMPATH/CodeIgniter.php(493): CodeIgniter\CodeIgniter->createController()
 3 SYSTEMPATH/CodeIgniter.php(361): CodeIgniter\CodeIgniter->handleRequest(null, Object(Config\Cache), false)
 4 FCPATH/index.php(79): CodeIgniter\CodeIgniter->run()
WARNING - 2025-07-24 00:20:06 --> [DEPRECATED] Creation of dynamic property App\Controllers\Guru::$hariModel is deprecated in APPPATH/Controllers/Guru.php on line 23.
 1 SYSTEMPATH/CodeIgniter.php(914): App\Controllers\Guru->__construct()
 2 SYSTEMPATH/CodeIgniter.php(493): CodeIgniter\CodeIgniter->createController()
 3 SYSTEMPATH/CodeIgniter.php(361): CodeIgniter\CodeIgniter->handleRequest(null, Object(Config\Cache), false)
 4 FCPATH/index.php(79): CodeIgniter\CodeIgniter->run()
WARNING - 2025-07-24 00:20:06 --> [DEPRECATED] Creation of dynamic property App\Controllers\Guru::$jadwalModel is deprecated in APPPATH/Controllers/Guru.php on line 24.
 1 SYSTEMPATH/CodeIgniter.php(914): App\Controllers\Guru->__construct()
 2 SYSTEMPATH/CodeIgniter.php(493): CodeIgniter\CodeIgniter->createController()
 3 SYSTEMPATH/CodeIgniter.php(361): CodeIgniter\CodeIgniter->handleRequest(null, Object(Config\Cache), false)
 4 FCPATH/index.php(79): CodeIgniter\CodeIgniter->run()
WARNING - 2025-07-24 00:20:06 --> [DEPRECATED] Creation of dynamic property App\Controllers\Guru::$guruMapelModel is deprecated in APPPATH/Controllers/Guru.php on line 25.
 1 SYSTEMPATH/CodeIgniter.php(914): App\Controllers\Guru->__construct()
 2 SYSTEMPATH/CodeIgniter.php(493): CodeIgniter\CodeIgniter->createController()
 3 SYSTEMPATH/CodeIgniter.php(361): CodeIgniter\CodeIgniter->handleRequest(null, Object(Config\Cache), false)
 4 FCPATH/index.php(79): CodeIgniter\CodeIgniter->run()
WARNING - 2025-07-24 00:20:06 --> [DEPRECATED] Creation of dynamic property App\Controllers\Guru::$slotModel is deprecated in APPPATH/Controllers/Guru.php on line 26.
 1 SYSTEMPATH/CodeIgniter.php(914): App\Controllers\Guru->__construct()
 2 SYSTEMPATH/CodeIgniter.php(493): CodeIgniter\CodeIgniter->createController()
 3 SYSTEMPATH/CodeIgniter.php(361): CodeIgniter\CodeIgniter->handleRequest(null, Object(Config\Cache), false)
 4 FCPATH/index.php(79): CodeIgniter\CodeIgniter->run()
CRITICAL - 2025-07-24 00:20:06 --> syntax error, unexpected end of file, expecting "elseif" or "else" or "endif"
in APPPATH/Views/guru/insert.php on line 250.
 1 SYSTEMPATH/View/View.php(231): CodeIgniter\View\View->CodeIgniter\View\{closure}()
 2 SYSTEMPATH/Common.php(1190): CodeIgniter\View\View->render()
 3 APPPATH/Controllers/Guru.php(51): view()
 4 SYSTEMPATH/CodeIgniter.php(942): App\Controllers\Guru->index()
 5 SYSTEMPATH/CodeIgniter.php(502): CodeIgniter\CodeIgniter->runController()
 6 SYSTEMPATH/CodeIgniter.php(361): CodeIgniter\CodeIgniter->handleRequest()
 7 FCPATH/index.php(79): CodeIgniter\CodeIgniter->run()
INFO - 2025-07-24 00:22:46 --> Session: Class initialized using 'CodeIgniter\Session\Handlers\FileHandler' driver.
WARNING - 2025-07-24 00:22:46 --> [DEPRECATED] Creation of dynamic property App\Controllers\Guru::$mapelModel is deprecated in APPPATH/Controllers/Guru.php on line 21.
 1 SYSTEMPATH/CodeIgniter.php(914): App\Controllers\Guru->__construct()
 2 SYSTEMPATH/CodeIgniter.php(493): CodeIgniter\CodeIgniter->createController()
 3 SYSTEMPATH/CodeIgniter.php(361): CodeIgniter\CodeIgniter->handleRequest(null, Object(Config\Cache), false)
 4 FCPATH/index.php(79): CodeIgniter\CodeIgniter->run()
WARNING - 2025-07-24 00:22:46 --> [DEPRECATED] Creation of dynamic property App\Controllers\Guru::$kelasModel is deprecated in APPPATH/Controllers/Guru.php on line 22.
 1 SYSTEMPATH/CodeIgniter.php(914): App\Controllers\Guru->__construct()
 2 SYSTEMPATH/CodeIgniter.php(493): CodeIgniter\CodeIgniter->createController()
 3 SYSTEMPATH/CodeIgniter.php(361): CodeIgniter\CodeIgniter->handleRequest(null, Object(Config\Cache), false)
 4 FCPATH/index.php(79): CodeIgniter\CodeIgniter->run()
WARNING - 2025-07-24 00:22:46 --> [DEPRECATED] Creation of dynamic property App\Controllers\Guru::$hariModel is deprecated in APPPATH/Controllers/Guru.php on line 23.
 1 SYSTEMPATH/CodeIgniter.php(914): App\Controllers\Guru->__construct()
 2 SYSTEMPATH/CodeIgniter.php(493): CodeIgniter\CodeIgniter->createController()
 3 SYSTEMPATH/CodeIgniter.php(361): CodeIgniter\CodeIgniter->handleRequest(null, Object(Config\Cache), false)
 4 FCPATH/index.php(79): CodeIgniter\CodeIgniter->run()
WARNING - 2025-07-24 00:22:46 --> [DEPRECATED] Creation of dynamic property App\Controllers\Guru::$jadwalModel is deprecated in APPPATH/Controllers/Guru.php on line 24.
 1 SYSTEMPATH/CodeIgniter.php(914): App\Controllers\Guru->__construct()
 2 SYSTEMPATH/CodeIgniter.php(493): CodeIgniter\CodeIgniter->createController()
 3 SYSTEMPATH/CodeIgniter.php(361): CodeIgniter\CodeIgniter->handleRequest(null, Object(Config\Cache), false)
 4 FCPATH/index.php(79): CodeIgniter\CodeIgniter->run()
WARNING - 2025-07-24 00:22:46 --> [DEPRECATED] Creation of dynamic property App\Controllers\Guru::$guruMapelModel is deprecated in APPPATH/Controllers/Guru.php on line 25.
 1 SYSTEMPATH/CodeIgniter.php(914): App\Controllers\Guru->__construct()
 2 SYSTEMPATH/CodeIgniter.php(493): CodeIgniter\CodeIgniter->createController()
 3 SYSTEMPATH/CodeIgniter.php(361): CodeIgniter\CodeIgniter->handleRequest(null, Object(Config\Cache), false)
 4 FCPATH/index.php(79): CodeIgniter\CodeIgniter->run()
WARNING - 2025-07-24 00:22:46 --> [DEPRECATED] Creation of dynamic property App\Controllers\Guru::$slotModel is deprecated in APPPATH/Controllers/Guru.php on line 26.
 1 SYSTEMPATH/CodeIgniter.php(914): App\Controllers\Guru->__construct()
 2 SYSTEMPATH/CodeIgniter.php(493): CodeIgniter\CodeIgniter->createController()
 3 SYSTEMPATH/CodeIgniter.php(361): CodeIgniter\CodeIgniter->handleRequest(null, Object(Config\Cache), false)
 4 FCPATH/index.php(79): CodeIgniter\CodeIgniter->run()
CRITICAL - 2025-07-24 00:22:46 --> syntax error, unexpected end of file, expecting "elseif" or "else" or "endif"
in APPPATH/Views/guru/insert.php on line 250.
 1 SYSTEMPATH/View/View.php(231): CodeIgniter\View\View->CodeIgniter\View\{closure}()
 2 SYSTEMPATH/Common.php(1190): CodeIgniter\View\View->render()
 3 APPPATH/Controllers/Guru.php(51): view()
 4 SYSTEMPATH/CodeIgniter.php(942): App\Controllers\Guru->index()
 5 SYSTEMPATH/CodeIgniter.php(502): CodeIgniter\CodeIgniter->runController()
 6 SYSTEMPATH/CodeIgniter.php(361): CodeIgniter\CodeIgniter->handleRequest()
 7 FCPATH/index.php(79): CodeIgniter\CodeIgniter->run()
INFO - 2025-07-24 00:23:01 --> Session: Class initialized using 'CodeIgniter\Session\Handlers\FileHandler' driver.
WARNING - 2025-07-24 00:23:01 --> [DEPRECATED] Creation of dynamic property App\Controllers\Guru::$mapelModel is deprecated in APPPATH/Controllers/Guru.php on line 21.
 1 SYSTEMPATH/CodeIgniter.php(914): App\Controllers\Guru->__construct()
 2 SYSTEMPATH/CodeIgniter.php(493): CodeIgniter\CodeIgniter->createController()
 3 SYSTEMPATH/CodeIgniter.php(361): CodeIgniter\CodeIgniter->handleRequest(null, Object(Config\Cache), false)
 4 FCPATH/index.php(79): CodeIgniter\CodeIgniter->run()
WARNING - 2025-07-24 00:23:01 --> [DEPRECATED] Creation of dynamic property App\Controllers\Guru::$kelasModel is deprecated in APPPATH/Controllers/Guru.php on line 22.
 1 SYSTEMPATH/CodeIgniter.php(914): App\Controllers\Guru->__construct()
 2 SYSTEMPATH/CodeIgniter.php(493): CodeIgniter\CodeIgniter->createController()
 3 SYSTEMPATH/CodeIgniter.php(361): CodeIgniter\CodeIgniter->handleRequest(null, Object(Config\Cache), false)
 4 FCPATH/index.php(79): CodeIgniter\CodeIgniter->run()
WARNING - 2025-07-24 00:23:01 --> [DEPRECATED] Creation of dynamic property App\Controllers\Guru::$hariModel is deprecated in APPPATH/Controllers/Guru.php on line 23.
 1 SYSTEMPATH/CodeIgniter.php(914): App\Controllers\Guru->__construct()
 2 SYSTEMPATH/CodeIgniter.php(493): CodeIgniter\CodeIgniter->createController()
 3 SYSTEMPATH/CodeIgniter.php(361): CodeIgniter\CodeIgniter->handleRequest(null, Object(Config\Cache), false)
 4 FCPATH/index.php(79): CodeIgniter\CodeIgniter->run()
WARNING - 2025-07-24 00:23:01 --> [DEPRECATED] Creation of dynamic property App\Controllers\Guru::$jadwalModel is deprecated in APPPATH/Controllers/Guru.php on line 24.
 1 SYSTEMPATH/CodeIgniter.php(914): App\Controllers\Guru->__construct()
 2 SYSTEMPATH/CodeIgniter.php(493): CodeIgniter\CodeIgniter->createController()
 3 SYSTEMPATH/CodeIgniter.php(361): CodeIgniter\CodeIgniter->handleRequest(null, Object(Config\Cache), false)
 4 FCPATH/index.php(79): CodeIgniter\CodeIgniter->run()
WARNING - 2025-07-24 00:23:01 --> [DEPRECATED] Creation of dynamic property App\Controllers\Guru::$guruMapelModel is deprecated in APPPATH/Controllers/Guru.php on line 25.
 1 SYSTEMPATH/CodeIgniter.php(914): App\Controllers\Guru->__construct()
 2 SYSTEMPATH/CodeIgniter.php(493): CodeIgniter\CodeIgniter->createController()
 3 SYSTEMPATH/CodeIgniter.php(361): CodeIgniter\CodeIgniter->handleRequest(null, Object(Config\Cache), false)
 4 FCPATH/index.php(79): CodeIgniter\CodeIgniter->run()
WARNING - 2025-07-24 00:23:01 --> [DEPRECATED] Creation of dynamic property App\Controllers\Guru::$slotModel is deprecated in APPPATH/Controllers/Guru.php on line 26.
 1 SYSTEMPATH/CodeIgniter.php(914): App\Controllers\Guru->__construct()
 2 SYSTEMPATH/CodeIgniter.php(493): CodeIgniter\CodeIgniter->createController()
 3 SYSTEMPATH/CodeIgniter.php(361): CodeIgniter\CodeIgniter->handleRequest(null, Object(Config\Cache), false)
 4 FCPATH/index.php(79): CodeIgniter\CodeIgniter->run()
INFO - 2025-07-24 00:23:44 --> Session: Class initialized using 'CodeIgniter\Session\Handlers\FileHandler' driver.
WARNING - 2025-07-24 00:23:44 --> [DEPRECATED] Creation of dynamic property App\Controllers\Guru::$mapelModel is deprecated in APPPATH/Controllers/Guru.php on line 21.
 1 SYSTEMPATH/CodeIgniter.php(914): App\Controllers\Guru->__construct()
 2 SYSTEMPATH/CodeIgniter.php(493): CodeIgniter\CodeIgniter->createController()
 3 SYSTEMPATH/CodeIgniter.php(361): CodeIgniter\CodeIgniter->handleRequest(null, Object(Config\Cache), false)
 4 FCPATH/index.php(79): CodeIgniter\CodeIgniter->run()
WARNING - 2025-07-24 00:23:44 --> [DEPRECATED] Creation of dynamic property App\Controllers\Guru::$kelasModel is deprecated in APPPATH/Controllers/Guru.php on line 22.
 1 SYSTEMPATH/CodeIgniter.php(914): App\Controllers\Guru->__construct()
 2 SYSTEMPATH/CodeIgniter.php(493): CodeIgniter\CodeIgniter->createController()
 3 SYSTEMPATH/CodeIgniter.php(361): CodeIgniter\CodeIgniter->handleRequest(null, Object(Config\Cache), false)
 4 FCPATH/index.php(79): CodeIgniter\CodeIgniter->run()
WARNING - 2025-07-24 00:23:44 --> [DEPRECATED] Creation of dynamic property App\Controllers\Guru::$hariModel is deprecated in APPPATH/Controllers/Guru.php on line 23.
 1 SYSTEMPATH/CodeIgniter.php(914): App\Controllers\Guru->__construct()
 2 SYSTEMPATH/CodeIgniter.php(493): CodeIgniter\CodeIgniter->createController()
 3 SYSTEMPATH/CodeIgniter.php(361): CodeIgniter\CodeIgniter->handleRequest(null, Object(Config\Cache), false)
 4 FCPATH/index.php(79): CodeIgniter\CodeIgniter->run()
WARNING - 2025-07-24 00:23:44 --> [DEPRECATED] Creation of dynamic property App\Controllers\Guru::$jadwalModel is deprecated in APPPATH/Controllers/Guru.php on line 24.
 1 SYSTEMPATH/CodeIgniter.php(914): App\Controllers\Guru->__construct()
 2 SYSTEMPATH/CodeIgniter.php(493): CodeIgniter\CodeIgniter->createController()
 3 SYSTEMPATH/CodeIgniter.php(361): CodeIgniter\CodeIgniter->handleRequest(null, Object(Config\Cache), false)
 4 FCPATH/index.php(79): CodeIgniter\CodeIgniter->run()
WARNING - 2025-07-24 00:23:44 --> [DEPRECATED] Creation of dynamic property App\Controllers\Guru::$guruMapelModel is deprecated in APPPATH/Controllers/Guru.php on line 25.
 1 SYSTEMPATH/CodeIgniter.php(914): App\Controllers\Guru->__construct()
 2 SYSTEMPATH/CodeIgniter.php(493): CodeIgniter\CodeIgniter->createController()
 3 SYSTEMPATH/CodeIgniter.php(361): CodeIgniter\CodeIgniter->handleRequest(null, Object(Config\Cache), false)
 4 FCPATH/index.php(79): CodeIgniter\CodeIgniter->run()
WARNING - 2025-07-24 00:23:44 --> [DEPRECATED] Creation of dynamic property App\Controllers\Guru::$slotModel is deprecated in APPPATH/Controllers/Guru.php on line 26.
 1 SYSTEMPATH/CodeIgniter.php(914): App\Controllers\Guru->__construct()
 2 SYSTEMPATH/CodeIgniter.php(493): CodeIgniter\CodeIgniter->createController()
 3 SYSTEMPATH/CodeIgniter.php(361): CodeIgniter\CodeIgniter->handleRequest(null, Object(Config\Cache), false)
 4 FCPATH/index.php(79): CodeIgniter\CodeIgniter->run()
INFO - 2025-07-24 00:23:56 --> Session: Class initialized using 'CodeIgniter\Session\Handlers\FileHandler' driver.
WARNING - 2025-07-24 00:23:56 --> [DEPRECATED] Creation of dynamic property App\Controllers\Guru::$mapelModel is deprecated in APPPATH/Controllers/Guru.php on line 21.
 1 SYSTEMPATH/CodeIgniter.php(914): App\Controllers\Guru->__construct()
 2 SYSTEMPATH/CodeIgniter.php(493): CodeIgniter\CodeIgniter->createController()
 3 SYSTEMPATH/CodeIgniter.php(361): CodeIgniter\CodeIgniter->handleRequest(null, Object(Config\Cache), false)
 4 FCPATH/index.php(79): CodeIgniter\CodeIgniter->run()
WARNING - 2025-07-24 00:23:56 --> [DEPRECATED] Creation of dynamic property App\Controllers\Guru::$kelasModel is deprecated in APPPATH/Controllers/Guru.php on line 22.
 1 SYSTEMPATH/CodeIgniter.php(914): App\Controllers\Guru->__construct()
 2 SYSTEMPATH/CodeIgniter.php(493): CodeIgniter\CodeIgniter->createController()
 3 SYSTEMPATH/CodeIgniter.php(361): CodeIgniter\CodeIgniter->handleRequest(null, Object(Config\Cache), false)
 4 FCPATH/index.php(79): CodeIgniter\CodeIgniter->run()
WARNING - 2025-07-24 00:23:56 --> [DEPRECATED] Creation of dynamic property App\Controllers\Guru::$hariModel is deprecated in APPPATH/Controllers/Guru.php on line 23.
 1 SYSTEMPATH/CodeIgniter.php(914): App\Controllers\Guru->__construct()
 2 SYSTEMPATH/CodeIgniter.php(493): CodeIgniter\CodeIgniter->createController()
 3 SYSTEMPATH/CodeIgniter.php(361): CodeIgniter\CodeIgniter->handleRequest(null, Object(Config\Cache), false)
 4 FCPATH/index.php(79): CodeIgniter\CodeIgniter->run()
WARNING - 2025-07-24 00:23:56 --> [DEPRECATED] Creation of dynamic property App\Controllers\Guru::$jadwalModel is deprecated in APPPATH/Controllers/Guru.php on line 24.
 1 SYSTEMPATH/CodeIgniter.php(914): App\Controllers\Guru->__construct()
 2 SYSTEMPATH/CodeIgniter.php(493): CodeIgniter\CodeIgniter->createController()
 3 SYSTEMPATH/CodeIgniter.php(361): CodeIgniter\CodeIgniter->handleRequest(null, Object(Config\Cache), false)
 4 FCPATH/index.php(79): CodeIgniter\CodeIgniter->run()
WARNING - 2025-07-24 00:23:56 --> [DEPRECATED] Creation of dynamic property App\Controllers\Guru::$guruMapelModel is deprecated in APPPATH/Controllers/Guru.php on line 25.
 1 SYSTEMPATH/CodeIgniter.php(914): App\Controllers\Guru->__construct()
 2 SYSTEMPATH/CodeIgniter.php(493): CodeIgniter\CodeIgniter->createController()
 3 SYSTEMPATH/CodeIgniter.php(361): CodeIgniter\CodeIgniter->handleRequest(null, Object(Config\Cache), false)
 4 FCPATH/index.php(79): CodeIgniter\CodeIgniter->run()
WARNING - 2025-07-24 00:23:56 --> [DEPRECATED] Creation of dynamic property App\Controllers\Guru::$slotModel is deprecated in APPPATH/Controllers/Guru.php on line 26.
 1 SYSTEMPATH/CodeIgniter.php(914): App\Controllers\Guru->__construct()
 2 SYSTEMPATH/CodeIgniter.php(493): CodeIgniter\CodeIgniter->createController()
 3 SYSTEMPATH/CodeIgniter.php(361): CodeIgniter\CodeIgniter->handleRequest(null, Object(Config\Cache), false)
 4 FCPATH/index.php(79): CodeIgniter\CodeIgniter->run()
INFO - 2025-07-24 00:26:16 --> Session: Class initialized using 'CodeIgniter\Session\Handlers\FileHandler' driver.
WARNING - 2025-07-24 00:26:16 --> [DEPRECATED] Creation of dynamic property App\Controllers\Guru::$mapelModel is deprecated in APPPATH/Controllers/Guru.php on line 21.
 1 SYSTEMPATH/CodeIgniter.php(914): App\Controllers\Guru->__construct()
 2 SYSTEMPATH/CodeIgniter.php(493): CodeIgniter\CodeIgniter->createController()
 3 SYSTEMPATH/CodeIgniter.php(361): CodeIgniter\CodeIgniter->handleRequest(null, Object(Config\Cache), false)
 4 FCPATH/index.php(79): CodeIgniter\CodeIgniter->run()
WARNING - 2025-07-24 00:26:16 --> [DEPRECATED] Creation of dynamic property App\Controllers\Guru::$kelasModel is deprecated in APPPATH/Controllers/Guru.php on line 22.
 1 SYSTEMPATH/CodeIgniter.php(914): App\Controllers\Guru->__construct()
 2 SYSTEMPATH/CodeIgniter.php(493): CodeIgniter\CodeIgniter->createController()
 3 SYSTEMPATH/CodeIgniter.php(361): CodeIgniter\CodeIgniter->handleRequest(null, Object(Config\Cache), false)
 4 FCPATH/index.php(79): CodeIgniter\CodeIgniter->run()
WARNING - 2025-07-24 00:26:16 --> [DEPRECATED] Creation of dynamic property App\Controllers\Guru::$hariModel is deprecated in APPPATH/Controllers/Guru.php on line 23.
 1 SYSTEMPATH/CodeIgniter.php(914): App\Controllers\Guru->__construct()
 2 SYSTEMPATH/CodeIgniter.php(493): CodeIgniter\CodeIgniter->createController()
 3 SYSTEMPATH/CodeIgniter.php(361): CodeIgniter\CodeIgniter->handleRequest(null, Object(Config\Cache), false)
 4 FCPATH/index.php(79): CodeIgniter\CodeIgniter->run()
WARNING - 2025-07-24 00:26:16 --> [DEPRECATED] Creation of dynamic property App\Controllers\Guru::$jadwalModel is deprecated in APPPATH/Controllers/Guru.php on line 24.
 1 SYSTEMPATH/CodeIgniter.php(914): App\Controllers\Guru->__construct()
 2 SYSTEMPATH/CodeIgniter.php(493): CodeIgniter\CodeIgniter->createController()
 3 SYSTEMPATH/CodeIgniter.php(361): CodeIgniter\CodeIgniter->handleRequest(null, Object(Config\Cache), false)
 4 FCPATH/index.php(79): CodeIgniter\CodeIgniter->run()
WARNING - 2025-07-24 00:26:16 --> [DEPRECATED] Creation of dynamic property App\Controllers\Guru::$guruMapelModel is deprecated in APPPATH/Controllers/Guru.php on line 25.
 1 SYSTEMPATH/CodeIgniter.php(914): App\Controllers\Guru->__construct()
 2 SYSTEMPATH/CodeIgniter.php(493): CodeIgniter\CodeIgniter->createController()
 3 SYSTEMPATH/CodeIgniter.php(361): CodeIgniter\CodeIgniter->handleRequest(null, Object(Config\Cache), false)
 4 FCPATH/index.php(79): CodeIgniter\CodeIgniter->run()
WARNING - 2025-07-24 00:26:16 --> [DEPRECATED] Creation of dynamic property App\Controllers\Guru::$slotModel is deprecated in APPPATH/Controllers/Guru.php on line 26.
 1 SYSTEMPATH/CodeIgniter.php(914): App\Controllers\Guru->__construct()
 2 SYSTEMPATH/CodeIgniter.php(493): CodeIgniter\CodeIgniter->createController()
 3 SYSTEMPATH/CodeIgniter.php(361): CodeIgniter\CodeIgniter->handleRequest(null, Object(Config\Cache), false)
 4 FCPATH/index.php(79): CodeIgniter\CodeIgniter->run()
INFO - 2025-07-24 00:26:52 --> Session: Class initialized using 'CodeIgniter\Session\Handlers\FileHandler' driver.
WARNING - 2025-07-24 00:26:52 --> [DEPRECATED] Creation of dynamic property App\Controllers\Guru::$mapelModel is deprecated in APPPATH/Controllers/Guru.php on line 21.
 1 SYSTEMPATH/CodeIgniter.php(914): App\Controllers\Guru->__construct()
 2 SYSTEMPATH/CodeIgniter.php(493): CodeIgniter\CodeIgniter->createController()
 3 SYSTEMPATH/CodeIgniter.php(361): CodeIgniter\CodeIgniter->handleRequest(null, Object(Config\Cache), false)
 4 FCPATH/index.php(79): CodeIgniter\CodeIgniter->run()
WARNING - 2025-07-24 00:26:52 --> [DEPRECATED] Creation of dynamic property App\Controllers\Guru::$kelasModel is deprecated in APPPATH/Controllers/Guru.php on line 22.
 1 SYSTEMPATH/CodeIgniter.php(914): App\Controllers\Guru->__construct()
 2 SYSTEMPATH/CodeIgniter.php(493): CodeIgniter\CodeIgniter->createController()
 3 SYSTEMPATH/CodeIgniter.php(361): CodeIgniter\CodeIgniter->handleRequest(null, Object(Config\Cache), false)
 4 FCPATH/index.php(79): CodeIgniter\CodeIgniter->run()
WARNING - 2025-07-24 00:26:52 --> [DEPRECATED] Creation of dynamic property App\Controllers\Guru::$hariModel is deprecated in APPPATH/Controllers/Guru.php on line 23.
 1 SYSTEMPATH/CodeIgniter.php(914): App\Controllers\Guru->__construct()
 2 SYSTEMPATH/CodeIgniter.php(493): CodeIgniter\CodeIgniter->createController()
 3 SYSTEMPATH/CodeIgniter.php(361): CodeIgniter\CodeIgniter->handleRequest(null, Object(Config\Cache), false)
 4 FCPATH/index.php(79): CodeIgniter\CodeIgniter->run()
WARNING - 2025-07-24 00:26:52 --> [DEPRECATED] Creation of dynamic property App\Controllers\Guru::$jadwalModel is deprecated in APPPATH/Controllers/Guru.php on line 24.
 1 SYSTEMPATH/CodeIgniter.php(914): App\Controllers\Guru->__construct()
 2 SYSTEMPATH/CodeIgniter.php(493): CodeIgniter\CodeIgniter->createController()
 3 SYSTEMPATH/CodeIgniter.php(361): CodeIgniter\CodeIgniter->handleRequest(null, Object(Config\Cache), false)
 4 FCPATH/index.php(79): CodeIgniter\CodeIgniter->run()
WARNING - 2025-07-24 00:26:52 --> [DEPRECATED] Creation of dynamic property App\Controllers\Guru::$guruMapelModel is deprecated in APPPATH/Controllers/Guru.php on line 25.
 1 SYSTEMPATH/CodeIgniter.php(914): App\Controllers\Guru->__construct()
 2 SYSTEMPATH/CodeIgniter.php(493): CodeIgniter\CodeIgniter->createController()
 3 SYSTEMPATH/CodeIgniter.php(361): CodeIgniter\CodeIgniter->handleRequest(null, Object(Config\Cache), false)
 4 FCPATH/index.php(79): CodeIgniter\CodeIgniter->run()
WARNING - 2025-07-24 00:26:52 --> [DEPRECATED] Creation of dynamic property App\Controllers\Guru::$slotModel is deprecated in APPPATH/Controllers/Guru.php on line 26.
 1 SYSTEMPATH/CodeIgniter.php(914): App\Controllers\Guru->__construct()
 2 SYSTEMPATH/CodeIgniter.php(493): CodeIgniter\CodeIgniter->createController()
 3 SYSTEMPATH/CodeIgniter.php(361): CodeIgniter\CodeIgniter->handleRequest(null, Object(Config\Cache), false)
 4 FCPATH/index.php(79): CodeIgniter\CodeIgniter->run()
CRITICAL - 2025-07-24 00:26:52 --> Invalid file: "guru/edit.php"
in SYSTEMPATH/Exceptions/FrameworkException.php on line 39.
 1 SYSTEMPATH/View/View.php(216): CodeIgniter\Exceptions\FrameworkException::forInvalidFile()
 2 SYSTEMPATH/Common.php(1190): CodeIgniter\View\View->render()
 3 APPPATH/Controllers/Guru.php(84): view()
 4 SYSTEMPATH/CodeIgniter.php(942): App\Controllers\Guru->edit()
 5 SYSTEMPATH/CodeIgniter.php(502): CodeIgniter\CodeIgniter->runController()
 6 SYSTEMPATH/CodeIgniter.php(361): CodeIgniter\CodeIgniter->handleRequest()
 7 FCPATH/index.php(79): CodeIgniter\CodeIgniter->run()
INFO - 2025-07-24 00:27:04 --> Session: Class initialized using 'CodeIgniter\Session\Handlers\FileHandler' driver.
WARNING - 2025-07-24 00:27:04 --> [DEPRECATED] Creation of dynamic property App\Controllers\Guru::$mapelModel is deprecated in APPPATH/Controllers/Guru.php on line 21.
 1 SYSTEMPATH/CodeIgniter.php(914): App\Controllers\Guru->__construct()
 2 SYSTEMPATH/CodeIgniter.php(493): CodeIgniter\CodeIgniter->createController()
 3 SYSTEMPATH/CodeIgniter.php(361): CodeIgniter\CodeIgniter->handleRequest(null, Object(Config\Cache), false)
 4 FCPATH/index.php(79): CodeIgniter\CodeIgniter->run()
WARNING - 2025-07-24 00:27:04 --> [DEPRECATED] Creation of dynamic property App\Controllers\Guru::$kelasModel is deprecated in APPPATH/Controllers/Guru.php on line 22.
 1 SYSTEMPATH/CodeIgniter.php(914): App\Controllers\Guru->__construct()
 2 SYSTEMPATH/CodeIgniter.php(493): CodeIgniter\CodeIgniter->createController()
 3 SYSTEMPATH/CodeIgniter.php(361): CodeIgniter\CodeIgniter->handleRequest(null, Object(Config\Cache), false)
 4 FCPATH/index.php(79): CodeIgniter\CodeIgniter->run()
WARNING - 2025-07-24 00:27:04 --> [DEPRECATED] Creation of dynamic property App\Controllers\Guru::$hariModel is deprecated in APPPATH/Controllers/Guru.php on line 23.
 1 SYSTEMPATH/CodeIgniter.php(914): App\Controllers\Guru->__construct()
 2 SYSTEMPATH/CodeIgniter.php(493): CodeIgniter\CodeIgniter->createController()
 3 SYSTEMPATH/CodeIgniter.php(361): CodeIgniter\CodeIgniter->handleRequest(null, Object(Config\Cache), false)
 4 FCPATH/index.php(79): CodeIgniter\CodeIgniter->run()
WARNING - 2025-07-24 00:27:04 --> [DEPRECATED] Creation of dynamic property App\Controllers\Guru::$jadwalModel is deprecated in APPPATH/Controllers/Guru.php on line 24.
 1 SYSTEMPATH/CodeIgniter.php(914): App\Controllers\Guru->__construct()
 2 SYSTEMPATH/CodeIgniter.php(493): CodeIgniter\CodeIgniter->createController()
 3 SYSTEMPATH/CodeIgniter.php(361): CodeIgniter\CodeIgniter->handleRequest(null, Object(Config\Cache), false)
 4 FCPATH/index.php(79): CodeIgniter\CodeIgniter->run()
WARNING - 2025-07-24 00:27:04 --> [DEPRECATED] Creation of dynamic property App\Controllers\Guru::$guruMapelModel is deprecated in APPPATH/Controllers/Guru.php on line 25.
 1 SYSTEMPATH/CodeIgniter.php(914): App\Controllers\Guru->__construct()
 2 SYSTEMPATH/CodeIgniter.php(493): CodeIgniter\CodeIgniter->createController()
 3 SYSTEMPATH/CodeIgniter.php(361): CodeIgniter\CodeIgniter->handleRequest(null, Object(Config\Cache), false)
 4 FCPATH/index.php(79): CodeIgniter\CodeIgniter->run()
WARNING - 2025-07-24 00:27:04 --> [DEPRECATED] Creation of dynamic property App\Controllers\Guru::$slotModel is deprecated in APPPATH/Controllers/Guru.php on line 26.
 1 SYSTEMPATH/CodeIgniter.php(914): App\Controllers\Guru->__construct()
 2 SYSTEMPATH/CodeIgniter.php(493): CodeIgniter\CodeIgniter->createController()
 3 SYSTEMPATH/CodeIgniter.php(361): CodeIgniter\CodeIgniter->handleRequest(null, Object(Config\Cache), false)
 4 FCPATH/index.php(79): CodeIgniter\CodeIgniter->run()
CRITICAL - 2025-07-24 10:30:45 --> Invalid file: "guru/edit.php"
in SYSTEMPATH/Exceptions/FrameworkException.php on line 39.
 1 SYSTEMPATH/View/View.php(216): CodeIgniter\Exceptions\FrameworkException::forInvalidFile()
 2 SYSTEMPATH/Common.php(1190): CodeIgniter\View\View->render()
 3 APPPATH/Controllers/Guru.php(84): view()
 4 SYSTEMPATH/CodeIgniter.php(942): App\Controllers\Guru->edit()
 5 SYSTEMPATH/CodeIgniter.php(502): CodeIgniter\CodeIgniter->runController()
 6 SYSTEMPATH/CodeIgniter.php(361): CodeIgniter\CodeIgniter->handleRequest()
 7 FCPATH/index.php(79): CodeIgniter\CodeIgniter->run()
CRITICAL - 2025-07-24 14:40:04 --> Undefined array key "kelas_id"
in APPPATH/Views/guru/insert.php on line 242.
 1 APPPATH/Views/guru/insert.php(242): CodeIgniter\Debug\Exceptions->errorHandler()
 2 SYSTEMPATH/View/View.php(228): include('/home/u927597906/domains/51-574-ff.darulhijrah.in/public_html/app/Views/guru/insert.php')
 3 SYSTEMPATH/View/View.php(231): CodeIgniter\View\View->CodeIgniter\View\{closure}()
 4 SYSTEMPATH/Common.php(1190): CodeIgniter\View\View->render()
 5 APPPATH/Controllers/Guru.php(56): view()
 6 SYSTEMPATH/CodeIgniter.php(942): App\Controllers\Guru->index()
 7 SYSTEMPATH/CodeIgniter.php(502): CodeIgniter\CodeIgniter->runController()
 8 SYSTEMPATH/CodeIgniter.php(361): CodeIgniter\CodeIgniter->handleRequest()
 9 FCPATH/index.php(79): CodeIgniter\CodeIgniter->run()
CRITICAL - 2025-07-24 15:14:50 --> Undefined array key "guru_id"
in APPPATH/Views/guru/insert.php on line 163.
 1 APPPATH/Views/guru/insert.php(163): CodeIgniter\Debug\Exceptions->errorHandler()
 2 SYSTEMPATH/View/View.php(228): include('/home/u927597906/domains/51-574-ff.darulhijrah.in/public_html/app/Views/guru/insert.php')
 3 SYSTEMPATH/View/View.php(231): CodeIgniter\View\View->CodeIgniter\View\{closure}()
 4 SYSTEMPATH/Common.php(1190): CodeIgniter\View\View->render()
 5 APPPATH/Controllers/Guru.php(60): view()
 6 SYSTEMPATH/CodeIgniter.php(942): App\Controllers\Guru->index()
 7 SYSTEMPATH/CodeIgniter.php(502): CodeIgniter\CodeIgniter->runController()
 8 SYSTEMPATH/CodeIgniter.php(361): CodeIgniter\CodeIgniter->handleRequest()
 9 FCPATH/index.php(79): CodeIgniter\CodeIgniter->run()
CRITICAL - 2025-07-24 15:14:51 --> Undefined array key "guru_id"
in APPPATH/Views/guru/insert.php on line 163.
 1 APPPATH/Views/guru/insert.php(163): CodeIgniter\Debug\Exceptions->errorHandler()
 2 SYSTEMPATH/View/View.php(228): include('/home/u927597906/domains/51-574-ff.darulhijrah.in/public_html/app/Views/guru/insert.php')
 3 SYSTEMPATH/View/View.php(231): CodeIgniter\View\View->CodeIgniter\View\{closure}()
 4 SYSTEMPATH/Common.php(1190): CodeIgniter\View\View->render()
 5 APPPATH/Controllers/Guru.php(60): view()
 6 SYSTEMPATH/CodeIgniter.php(942): App\Controllers\Guru->index()
 7 SYSTEMPATH/CodeIgniter.php(502): CodeIgniter\CodeIgniter->runController()
 8 SYSTEMPATH/CodeIgniter.php(361): CodeIgniter\CodeIgniter->handleRequest()
 9 FCPATH/index.php(79): CodeIgniter\CodeIgniter->run()
CRITICAL - 2025-07-24 15:14:52 --> Undefined array key "guru_id"
in APPPATH/Views/guru/insert.php on line 163.
 1 APPPATH/Views/guru/insert.php(163): CodeIgniter\Debug\Exceptions->errorHandler()
 2 SYSTEMPATH/View/View.php(228): include('/home/u927597906/domains/51-574-ff.darulhijrah.in/public_html/app/Views/guru/insert.php')
 3 SYSTEMPATH/View/View.php(231): CodeIgniter\View\View->CodeIgniter\View\{closure}()
 4 SYSTEMPATH/Common.php(1190): CodeIgniter\View\View->render()
 5 APPPATH/Controllers/Guru.php(60): view()
 6 SYSTEMPATH/CodeIgniter.php(942): App\Controllers\Guru->index()
 7 SYSTEMPATH/CodeIgniter.php(502): CodeIgniter\CodeIgniter->runController()
 8 SYSTEMPATH/CodeIgniter.php(361): CodeIgniter\CodeIgniter->handleRequest()
 9 FCPATH/index.php(79): CodeIgniter\CodeIgniter->run()
CRITICAL - 2025-07-24 15:15:25 --> Undefined array key "guru_id"
in APPPATH/Views/guru/insert.php on line 163.
 1 APPPATH/Views/guru/insert.php(163): CodeIgniter\Debug\Exceptions->errorHandler()
 2 SYSTEMPATH/View/View.php(228): include('/home/u927597906/domains/51-574-ff.darulhijrah.in/public_html/app/Views/guru/insert.php')
 3 SYSTEMPATH/View/View.php(231): CodeIgniter\View\View->CodeIgniter\View\{closure}()
 4 SYSTEMPATH/Common.php(1190): CodeIgniter\View\View->render()
 5 APPPATH/Controllers/Guru.php(60): view()
 6 SYSTEMPATH/CodeIgniter.php(942): App\Controllers\Guru->index()
 7 SYSTEMPATH/CodeIgniter.php(502): CodeIgniter\CodeIgniter->runController()
 8 SYSTEMPATH/CodeIgniter.php(361): CodeIgniter\CodeIgniter->handleRequest()
 9 FCPATH/index.php(79): CodeIgniter\CodeIgniter->run()
CRITICAL - 2025-07-24 15:15:26 --> Undefined array key "guru_id"
in APPPATH/Views/guru/insert.php on line 163.
 1 APPPATH/Views/guru/insert.php(163): CodeIgniter\Debug\Exceptions->errorHandler()
 2 SYSTEMPATH/View/View.php(228): include('/home/u927597906/domains/51-574-ff.darulhijrah.in/public_html/app/Views/guru/insert.php')
 3 SYSTEMPATH/View/View.php(231): CodeIgniter\View\View->CodeIgniter\View\{closure}()
 4 SYSTEMPATH/Common.php(1190): CodeIgniter\View\View->render()
 5 APPPATH/Controllers/Guru.php(60): view()
 6 SYSTEMPATH/CodeIgniter.php(942): App\Controllers\Guru->index()
 7 SYSTEMPATH/CodeIgniter.php(502): CodeIgniter\CodeIgniter->runController()
 8 SYSTEMPATH/CodeIgniter.php(361): CodeIgniter\CodeIgniter->handleRequest()
 9 FCPATH/index.php(79): CodeIgniter\CodeIgniter->run()
CRITICAL - 2025-07-24 15:47:45 --> syntax error, unexpected end of file, expecting "elseif" or "else" or "endif"
in APPPATH/Views/guru/insert.php on line 386.
 1 SYSTEMPATH/View/View.php(231): CodeIgniter\View\View->CodeIgniter\View\{closure}()
 2 SYSTEMPATH/Common.php(1190): CodeIgniter\View\View->render()
 3 APPPATH/Controllers/Guru.php(60): view()
 4 SYSTEMPATH/CodeIgniter.php(942): App\Controllers\Guru->index()
 5 SYSTEMPATH/CodeIgniter.php(502): CodeIgniter\CodeIgniter->runController()
 6 SYSTEMPATH/CodeIgniter.php(361): CodeIgniter\CodeIgniter->handleRequest()
 7 FCPATH/index.php(79): CodeIgniter\CodeIgniter->run()
CRITICAL - 2025-07-24 15:47:46 --> syntax error, unexpected end of file, expecting "elseif" or "else" or "endif"
in APPPATH/Views/guru/insert.php on line 386.
 1 SYSTEMPATH/View/View.php(231): CodeIgniter\View\View->CodeIgniter\View\{closure}()
 2 SYSTEMPATH/Common.php(1190): CodeIgniter\View\View->render()
 3 APPPATH/Controllers/Guru.php(60): view()
 4 SYSTEMPATH/CodeIgniter.php(942): App\Controllers\Guru->index()
 5 SYSTEMPATH/CodeIgniter.php(502): CodeIgniter\CodeIgniter->runController()
 6 SYSTEMPATH/CodeIgniter.php(361): CodeIgniter\CodeIgniter->handleRequest()
 7 FCPATH/index.php(79): CodeIgniter\CodeIgniter->run()
INFO - 2025-07-24 15:49:16 --> Session: Class initialized using 'CodeIgniter\Session\Handlers\FileHandler' driver.
WARNING - 2025-07-24 15:49:16 --> [DEPRECATED] Creation of dynamic property App\Controllers\Guru::$mapelModel is deprecated in APPPATH/Controllers/Guru.php on line 21.
 1 SYSTEMPATH/CodeIgniter.php(914): App\Controllers\Guru->__construct()
 2 SYSTEMPATH/CodeIgniter.php(493): CodeIgniter\CodeIgniter->createController()
 3 SYSTEMPATH/CodeIgniter.php(361): CodeIgniter\CodeIgniter->handleRequest(null, Object(Config\Cache), false)
 4 FCPATH/index.php(79): CodeIgniter\CodeIgniter->run()
WARNING - 2025-07-24 15:49:16 --> [DEPRECATED] Creation of dynamic property App\Controllers\Guru::$kelasModel is deprecated in APPPATH/Controllers/Guru.php on line 22.
 1 SYSTEMPATH/CodeIgniter.php(914): App\Controllers\Guru->__construct()
 2 SYSTEMPATH/CodeIgniter.php(493): CodeIgniter\CodeIgniter->createController()
 3 SYSTEMPATH/CodeIgniter.php(361): CodeIgniter\CodeIgniter->handleRequest(null, Object(Config\Cache), false)
 4 FCPATH/index.php(79): CodeIgniter\CodeIgniter->run()
WARNING - 2025-07-24 15:49:16 --> [DEPRECATED] Creation of dynamic property App\Controllers\Guru::$hariModel is deprecated in APPPATH/Controllers/Guru.php on line 23.
 1 SYSTEMPATH/CodeIgniter.php(914): App\Controllers\Guru->__construct()
 2 SYSTEMPATH/CodeIgniter.php(493): CodeIgniter\CodeIgniter->createController()
 3 SYSTEMPATH/CodeIgniter.php(361): CodeIgniter\CodeIgniter->handleRequest(null, Object(Config\Cache), false)
 4 FCPATH/index.php(79): CodeIgniter\CodeIgniter->run()
WARNING - 2025-07-24 15:49:16 --> [DEPRECATED] Creation of dynamic property App\Controllers\Guru::$jadwalModel is deprecated in APPPATH/Controllers/Guru.php on line 24.
 1 SYSTEMPATH/CodeIgniter.php(914): App\Controllers\Guru->__construct()
 2 SYSTEMPATH/CodeIgniter.php(493): CodeIgniter\CodeIgniter->createController()
 3 SYSTEMPATH/CodeIgniter.php(361): CodeIgniter\CodeIgniter->handleRequest(null, Object(Config\Cache), false)
 4 FCPATH/index.php(79): CodeIgniter\CodeIgniter->run()
WARNING - 2025-07-24 15:49:16 --> [DEPRECATED] Creation of dynamic property App\Controllers\Guru::$guruMapelModel is deprecated in APPPATH/Controllers/Guru.php on line 25.
 1 SYSTEMPATH/CodeIgniter.php(914): App\Controllers\Guru->__construct()
 2 SYSTEMPATH/CodeIgniter.php(493): CodeIgniter\CodeIgniter->createController()
 3 SYSTEMPATH/CodeIgniter.php(361): CodeIgniter\CodeIgniter->handleRequest(null, Object(Config\Cache), false)
 4 FCPATH/index.php(79): CodeIgniter\CodeIgniter->run()
WARNING - 2025-07-24 15:49:16 --> [DEPRECATED] Creation of dynamic property App\Controllers\Guru::$slotModel is deprecated in APPPATH/Controllers/Guru.php on line 26.
 1 SYSTEMPATH/CodeIgniter.php(914): App\Controllers\Guru->__construct()
 2 SYSTEMPATH/CodeIgniter.php(493): CodeIgniter\CodeIgniter->createController()
 3 SYSTEMPATH/CodeIgniter.php(361): CodeIgniter\CodeIgniter->handleRequest(null, Object(Config\Cache), false)
 4 FCPATH/index.php(79): CodeIgniter\CodeIgniter->run()
CRITICAL - 2025-07-24 15:49:16 --> syntax error, unexpected end of file, expecting "elseif" or "else" or "endif"
in APPPATH/Views/guru/insert.php on line 386.
 1 SYSTEMPATH/View/View.php(231): CodeIgniter\View\View->CodeIgniter\View\{closure}()
 2 SYSTEMPATH/Common.php(1190): CodeIgniter\View\View->render()
 3 APPPATH/Controllers/Guru.php(60): view()
 4 SYSTEMPATH/CodeIgniter.php(942): App\Controllers\Guru->index()
 5 SYSTEMPATH/CodeIgniter.php(502): CodeIgniter\CodeIgniter->runController()
 6 SYSTEMPATH/CodeIgniter.php(361): CodeIgniter\CodeIgniter->handleRequest()
 7 FCPATH/index.php(79): CodeIgniter\CodeIgniter->run()
INFO - 2025-07-24 15:53:33 --> Session: Class initialized using 'CodeIgniter\Session\Handlers\FileHandler' driver.
WARNING - 2025-07-24 15:53:33 --> [DEPRECATED] Creation of dynamic property App\Controllers\Guru::$mapelModel is deprecated in APPPATH/Controllers/Guru.php on line 21.
 1 SYSTEMPATH/CodeIgniter.php(914): App\Controllers\Guru->__construct()
 2 SYSTEMPATH/CodeIgniter.php(493): CodeIgniter\CodeIgniter->createController()
 3 SYSTEMPATH/CodeIgniter.php(361): CodeIgniter\CodeIgniter->handleRequest(null, Object(Config\Cache), false)
 4 FCPATH/index.php(79): CodeIgniter\CodeIgniter->run()
WARNING - 2025-07-24 15:53:33 --> [DEPRECATED] Creation of dynamic property App\Controllers\Guru::$kelasModel is deprecated in APPPATH/Controllers/Guru.php on line 22.
 1 SYSTEMPATH/CodeIgniter.php(914): App\Controllers\Guru->__construct()
 2 SYSTEMPATH/CodeIgniter.php(493): CodeIgniter\CodeIgniter->createController()
 3 SYSTEMPATH/CodeIgniter.php(361): CodeIgniter\CodeIgniter->handleRequest(null, Object(Config\Cache), false)
 4 FCPATH/index.php(79): CodeIgniter\CodeIgniter->run()
WARNING - 2025-07-24 15:53:33 --> [DEPRECATED] Creation of dynamic property App\Controllers\Guru::$hariModel is deprecated in APPPATH/Controllers/Guru.php on line 23.
 1 SYSTEMPATH/CodeIgniter.php(914): App\Controllers\Guru->__construct()
 2 SYSTEMPATH/CodeIgniter.php(493): CodeIgniter\CodeIgniter->createController()
 3 SYSTEMPATH/CodeIgniter.php(361): CodeIgniter\CodeIgniter->handleRequest(null, Object(Config\Cache), false)
 4 FCPATH/index.php(79): CodeIgniter\CodeIgniter->run()
WARNING - 2025-07-24 15:53:33 --> [DEPRECATED] Creation of dynamic property App\Controllers\Guru::$jadwalModel is deprecated in APPPATH/Controllers/Guru.php on line 24.
 1 SYSTEMPATH/CodeIgniter.php(914): App\Controllers\Guru->__construct()
 2 SYSTEMPATH/CodeIgniter.php(493): CodeIgniter\CodeIgniter->createController()
 3 SYSTEMPATH/CodeIgniter.php(361): CodeIgniter\CodeIgniter->handleRequest(null, Object(Config\Cache), false)
 4 FCPATH/index.php(79): CodeIgniter\CodeIgniter->run()
WARNING - 2025-07-24 15:53:33 --> [DEPRECATED] Creation of dynamic property App\Controllers\Guru::$guruMapelModel is deprecated in APPPATH/Controllers/Guru.php on line 25.
 1 SYSTEMPATH/CodeIgniter.php(914): App\Controllers\Guru->__construct()
 2 SYSTEMPATH/CodeIgniter.php(493): CodeIgniter\CodeIgniter->createController()
 3 SYSTEMPATH/CodeIgniter.php(361): CodeIgniter\CodeIgniter->handleRequest(null, Object(Config\Cache), false)
 4 FCPATH/index.php(79): CodeIgniter\CodeIgniter->run()
WARNING - 2025-07-24 15:53:33 --> [DEPRECATED] Creation of dynamic property App\Controllers\Guru::$slotModel is deprecated in APPPATH/Controllers/Guru.php on line 26.
 1 SYSTEMPATH/CodeIgniter.php(914): App\Controllers\Guru->__construct()
 2 SYSTEMPATH/CodeIgniter.php(493): CodeIgniter\CodeIgniter->createController()
 3 SYSTEMPATH/CodeIgniter.php(361): CodeIgniter\CodeIgniter->handleRequest(null, Object(Config\Cache), false)
 4 FCPATH/index.php(79): CodeIgniter\CodeIgniter->run()
CRITICAL - 2025-07-24 15:53:33 --> foreach() argument must be of type array|object, string given
in APPPATH/Views/guru/insert.php on line 224.
 1 APPPATH/Views/guru/insert.php(224): CodeIgniter\Debug\Exceptions->errorHandler()
 2 SYSTEMPATH/View/View.php(228): include('/home/u927597906/domains/51-574-ff.darulhijrah.in/public_html/app/Views/guru/insert.php')
 3 SYSTEMPATH/View/View.php(231): CodeIgniter\View\View->CodeIgniter\View\{closure}()
 4 SYSTEMPATH/Common.php(1190): CodeIgniter\View\View->render()
 5 APPPATH/Controllers/Guru.php(60): view()
 6 SYSTEMPATH/CodeIgniter.php(942): App\Controllers\Guru->index()
 7 SYSTEMPATH/CodeIgniter.php(502): CodeIgniter\CodeIgniter->runController()
 8 SYSTEMPATH/CodeIgniter.php(361): CodeIgniter\CodeIgniter->handleRequest()
 9 FCPATH/index.php(79): CodeIgniter\CodeIgniter->run()
INFO - 2025-07-24 15:53:34 --> Session: Class initialized using 'CodeIgniter\Session\Handlers\FileHandler' driver.
WARNING - 2025-07-24 15:53:34 --> [DEPRECATED] Creation of dynamic property App\Controllers\Guru::$mapelModel is deprecated in APPPATH/Controllers/Guru.php on line 21.
 1 SYSTEMPATH/CodeIgniter.php(914): App\Controllers\Guru->__construct()
 2 SYSTEMPATH/CodeIgniter.php(493): CodeIgniter\CodeIgniter->createController()
 3 SYSTEMPATH/CodeIgniter.php(361): CodeIgniter\CodeIgniter->handleRequest(null, Object(Config\Cache), false)
 4 FCPATH/index.php(79): CodeIgniter\CodeIgniter->run()
WARNING - 2025-07-24 15:53:34 --> [DEPRECATED] Creation of dynamic property App\Controllers\Guru::$kelasModel is deprecated in APPPATH/Controllers/Guru.php on line 22.
 1 SYSTEMPATH/CodeIgniter.php(914): App\Controllers\Guru->__construct()
 2 SYSTEMPATH/CodeIgniter.php(493): CodeIgniter\CodeIgniter->createController()
 3 SYSTEMPATH/CodeIgniter.php(361): CodeIgniter\CodeIgniter->handleRequest(null, Object(Config\Cache), false)
 4 FCPATH/index.php(79): CodeIgniter\CodeIgniter->run()
WARNING - 2025-07-24 15:53:34 --> [DEPRECATED] Creation of dynamic property App\Controllers\Guru::$hariModel is deprecated in APPPATH/Controllers/Guru.php on line 23.
 1 SYSTEMPATH/CodeIgniter.php(914): App\Controllers\Guru->__construct()
 2 SYSTEMPATH/CodeIgniter.php(493): CodeIgniter\CodeIgniter->createController()
 3 SYSTEMPATH/CodeIgniter.php(361): CodeIgniter\CodeIgniter->handleRequest(null, Object(Config\Cache), false)
 4 FCPATH/index.php(79): CodeIgniter\CodeIgniter->run()
WARNING - 2025-07-24 15:53:34 --> [DEPRECATED] Creation of dynamic property App\Controllers\Guru::$jadwalModel is deprecated in APPPATH/Controllers/Guru.php on line 24.
 1 SYSTEMPATH/CodeIgniter.php(914): App\Controllers\Guru->__construct()
 2 SYSTEMPATH/CodeIgniter.php(493): CodeIgniter\CodeIgniter->createController()
 3 SYSTEMPATH/CodeIgniter.php(361): CodeIgniter\CodeIgniter->handleRequest(null, Object(Config\Cache), false)
 4 FCPATH/index.php(79): CodeIgniter\CodeIgniter->run()
WARNING - 2025-07-24 15:53:34 --> [DEPRECATED] Creation of dynamic property App\Controllers\Guru::$guruMapelModel is deprecated in APPPATH/Controllers/Guru.php on line 25.
 1 SYSTEMPATH/CodeIgniter.php(914): App\Controllers\Guru->__construct()
 2 SYSTEMPATH/CodeIgniter.php(493): CodeIgniter\CodeIgniter->createController()
 3 SYSTEMPATH/CodeIgniter.php(361): CodeIgniter\CodeIgniter->handleRequest(null, Object(Config\Cache), false)
 4 FCPATH/index.php(79): CodeIgniter\CodeIgniter->run()
WARNING - 2025-07-24 15:53:34 --> [DEPRECATED] Creation of dynamic property App\Controllers\Guru::$slotModel is deprecated in APPPATH/Controllers/Guru.php on line 26.
 1 SYSTEMPATH/CodeIgniter.php(914): App\Controllers\Guru->__construct()
 2 SYSTEMPATH/CodeIgniter.php(493): CodeIgniter\CodeIgniter->createController()
 3 SYSTEMPATH/CodeIgniter.php(361): CodeIgniter\CodeIgniter->handleRequest(null, Object(Config\Cache), false)
 4 FCPATH/index.php(79): CodeIgniter\CodeIgniter->run()
CRITICAL - 2025-07-24 15:53:34 --> foreach() argument must be of type array|object, string given
in APPPATH/Views/guru/insert.php on line 224.
 1 APPPATH/Views/guru/insert.php(224): CodeIgniter\Debug\Exceptions->errorHandler()
 2 SYSTEMPATH/View/View.php(228): include('/home/u927597906/domains/51-574-ff.darulhijrah.in/public_html/app/Views/guru/insert.php')
 3 SYSTEMPATH/View/View.php(231): CodeIgniter\View\View->CodeIgniter\View\{closure}()
 4 SYSTEMPATH/Common.php(1190): CodeIgniter\View\View->render()
 5 APPPATH/Controllers/Guru.php(60): view()
 6 SYSTEMPATH/CodeIgniter.php(942): App\Controllers\Guru->index()
 7 SYSTEMPATH/CodeIgniter.php(502): CodeIgniter\CodeIgniter->runController()
 8 SYSTEMPATH/CodeIgniter.php(361): CodeIgniter\CodeIgniter->handleRequest()
 9 FCPATH/index.php(79): CodeIgniter\CodeIgniter->run()
INFO - 2025-07-24 15:55:53 --> Session: Class initialized using 'CodeIgniter\Session\Handlers\FileHandler' driver.
WARNING - 2025-07-24 15:55:53 --> [DEPRECATED] Creation of dynamic property App\Controllers\Guru::$mapelModel is deprecated in APPPATH/Controllers/Guru.php on line 21.
 1 SYSTEMPATH/CodeIgniter.php(914): App\Controllers\Guru->__construct()
 2 SYSTEMPATH/CodeIgniter.php(493): CodeIgniter\CodeIgniter->createController()
 3 SYSTEMPATH/CodeIgniter.php(361): CodeIgniter\CodeIgniter->handleRequest(null, Object(Config\Cache), false)
 4 FCPATH/index.php(79): CodeIgniter\CodeIgniter->run()
WARNING - 2025-07-24 15:55:53 --> [DEPRECATED] Creation of dynamic property App\Controllers\Guru::$kelasModel is deprecated in APPPATH/Controllers/Guru.php on line 22.
 1 SYSTEMPATH/CodeIgniter.php(914): App\Controllers\Guru->__construct()
 2 SYSTEMPATH/CodeIgniter.php(493): CodeIgniter\CodeIgniter->createController()
 3 SYSTEMPATH/CodeIgniter.php(361): CodeIgniter\CodeIgniter->handleRequest(null, Object(Config\Cache), false)
 4 FCPATH/index.php(79): CodeIgniter\CodeIgniter->run()
WARNING - 2025-07-24 15:55:53 --> [DEPRECATED] Creation of dynamic property App\Controllers\Guru::$hariModel is deprecated in APPPATH/Controllers/Guru.php on line 23.
 1 SYSTEMPATH/CodeIgniter.php(914): App\Controllers\Guru->__construct()
 2 SYSTEMPATH/CodeIgniter.php(493): CodeIgniter\CodeIgniter->createController()
 3 SYSTEMPATH/CodeIgniter.php(361): CodeIgniter\CodeIgniter->handleRequest(null, Object(Config\Cache), false)
 4 FCPATH/index.php(79): CodeIgniter\CodeIgniter->run()
WARNING - 2025-07-24 15:55:53 --> [DEPRECATED] Creation of dynamic property App\Controllers\Guru::$jadwalModel is deprecated in APPPATH/Controllers/Guru.php on line 24.
 1 SYSTEMPATH/CodeIgniter.php(914): App\Controllers\Guru->__construct()
 2 SYSTEMPATH/CodeIgniter.php(493): CodeIgniter\CodeIgniter->createController()
 3 SYSTEMPATH/CodeIgniter.php(361): CodeIgniter\CodeIgniter->handleRequest(null, Object(Config\Cache), false)
 4 FCPATH/index.php(79): CodeIgniter\CodeIgniter->run()
WARNING - 2025-07-24 15:55:53 --> [DEPRECATED] Creation of dynamic property App\Controllers\Guru::$guruMapelModel is deprecated in APPPATH/Controllers/Guru.php on line 25.
 1 SYSTEMPATH/CodeIgniter.php(914): App\Controllers\Guru->__construct()
 2 SYSTEMPATH/CodeIgniter.php(493): CodeIgniter\CodeIgniter->createController()
 3 SYSTEMPATH/CodeIgniter.php(361): CodeIgniter\CodeIgniter->handleRequest(null, Object(Config\Cache), false)
 4 FCPATH/index.php(79): CodeIgniter\CodeIgniter->run()
WARNING - 2025-07-24 15:55:53 --> [DEPRECATED] Creation of dynamic property App\Controllers\Guru::$slotModel is deprecated in APPPATH/Controllers/Guru.php on line 26.
 1 SYSTEMPATH/CodeIgniter.php(914): App\Controllers\Guru->__construct()
 2 SYSTEMPATH/CodeIgniter.php(493): CodeIgniter\CodeIgniter->createController()
 3 SYSTEMPATH/CodeIgniter.php(361): CodeIgniter\CodeIgniter->handleRequest(null, Object(Config\Cache), false)
 4 FCPATH/index.php(79): CodeIgniter\CodeIgniter->run()
CRITICAL - 2025-07-24 15:55:53 --> foreach() argument must be of type array|object, string given
in APPPATH/Views/guru/insert.php on line 224.
 1 APPPATH/Views/guru/insert.php(224): CodeIgniter\Debug\Exceptions->errorHandler()
 2 SYSTEMPATH/View/View.php(228): include('/home/u927597906/domains/51-574-ff.darulhijrah.in/public_html/app/Views/guru/insert.php')
 3 SYSTEMPATH/View/View.php(231): CodeIgniter\View\View->CodeIgniter\View\{closure}()
 4 SYSTEMPATH/Common.php(1190): CodeIgniter\View\View->render()
 5 APPPATH/Controllers/Guru.php(60): view()
 6 SYSTEMPATH/CodeIgniter.php(942): App\Controllers\Guru->index()
 7 SYSTEMPATH/CodeIgniter.php(502): CodeIgniter\CodeIgniter->runController()
 8 SYSTEMPATH/CodeIgniter.php(361): CodeIgniter\CodeIgniter->handleRequest()
 9 FCPATH/index.php(79): CodeIgniter\CodeIgniter->run()
INFO - 2025-07-24 16:02:12 --> Session: Class initialized using 'CodeIgniter\Session\Handlers\FileHandler' driver.
WARNING - 2025-07-24 16:02:12 --> [DEPRECATED] Creation of dynamic property App\Controllers\Guru::$mapelModel is deprecated in APPPATH/Controllers/Guru.php on line 21.
 1 SYSTEMPATH/CodeIgniter.php(914): App\Controllers\Guru->__construct()
 2 SYSTEMPATH/CodeIgniter.php(493): CodeIgniter\CodeIgniter->createController()
 3 SYSTEMPATH/CodeIgniter.php(361): CodeIgniter\CodeIgniter->handleRequest(null, Object(Config\Cache), false)
 4 FCPATH/index.php(79): CodeIgniter\CodeIgniter->run()
WARNING - 2025-07-24 16:02:12 --> [DEPRECATED] Creation of dynamic property App\Controllers\Guru::$kelasModel is deprecated in APPPATH/Controllers/Guru.php on line 22.
 1 SYSTEMPATH/CodeIgniter.php(914): App\Controllers\Guru->__construct()
 2 SYSTEMPATH/CodeIgniter.php(493): CodeIgniter\CodeIgniter->createController()
 3 SYSTEMPATH/CodeIgniter.php(361): CodeIgniter\CodeIgniter->handleRequest(null, Object(Config\Cache), false)
 4 FCPATH/index.php(79): CodeIgniter\CodeIgniter->run()
WARNING - 2025-07-24 16:02:12 --> [DEPRECATED] Creation of dynamic property App\Controllers\Guru::$hariModel is deprecated in APPPATH/Controllers/Guru.php on line 23.
 1 SYSTEMPATH/CodeIgniter.php(914): App\Controllers\Guru->__construct()
 2 SYSTEMPATH/CodeIgniter.php(493): CodeIgniter\CodeIgniter->createController()
 3 SYSTEMPATH/CodeIgniter.php(361): CodeIgniter\CodeIgniter->handleRequest(null, Object(Config\Cache), false)
 4 FCPATH/index.php(79): CodeIgniter\CodeIgniter->run()
WARNING - 2025-07-24 16:02:12 --> [DEPRECATED] Creation of dynamic property App\Controllers\Guru::$jadwalModel is deprecated in APPPATH/Controllers/Guru.php on line 24.
 1 SYSTEMPATH/CodeIgniter.php(914): App\Controllers\Guru->__construct()
 2 SYSTEMPATH/CodeIgniter.php(493): CodeIgniter\CodeIgniter->createController()
 3 SYSTEMPATH/CodeIgniter.php(361): CodeIgniter\CodeIgniter->handleRequest(null, Object(Config\Cache), false)
 4 FCPATH/index.php(79): CodeIgniter\CodeIgniter->run()
WARNING - 2025-07-24 16:02:12 --> [DEPRECATED] Creation of dynamic property App\Controllers\Guru::$guruMapelModel is deprecated in APPPATH/Controllers/Guru.php on line 25.
 1 SYSTEMPATH/CodeIgniter.php(914): App\Controllers\Guru->__construct()
 2 SYSTEMPATH/CodeIgniter.php(493): CodeIgniter\CodeIgniter->createController()
 3 SYSTEMPATH/CodeIgniter.php(361): CodeIgniter\CodeIgniter->handleRequest(null, Object(Config\Cache), false)
 4 FCPATH/index.php(79): CodeIgniter\CodeIgniter->run()
WARNING - 2025-07-24 16:02:12 --> [DEPRECATED] Creation of dynamic property App\Controllers\Guru::$slotModel is deprecated in APPPATH/Controllers/Guru.php on line 26.
 1 SYSTEMPATH/CodeIgniter.php(914): App\Controllers\Guru->__construct()
 2 SYSTEMPATH/CodeIgniter.php(493): CodeIgniter\CodeIgniter->createController()
 3 SYSTEMPATH/CodeIgniter.php(361): CodeIgniter\CodeIgniter->handleRequest(null, Object(Config\Cache), false)
 4 FCPATH/index.php(79): CodeIgniter\CodeIgniter->run()
CRITICAL - 2025-07-24 16:02:12 --> foreach() argument must be of type array|object, string given
in APPPATH/Views/guru/insert.php on line 224.
 1 APPPATH/Views/guru/insert.php(224): CodeIgniter\Debug\Exceptions->errorHandler()
 2 SYSTEMPATH/View/View.php(228): include('/home/u927597906/domains/51-574-ff.darulhijrah.in/public_html/app/Views/guru/insert.php')
 3 SYSTEMPATH/View/View.php(231): CodeIgniter\View\View->CodeIgniter\View\{closure}()
 4 SYSTEMPATH/Common.php(1190): CodeIgniter\View\View->render()
 5 APPPATH/Controllers/Guru.php(60): view()
 6 SYSTEMPATH/CodeIgniter.php(942): App\Controllers\Guru->index()
 7 SYSTEMPATH/CodeIgniter.php(502): CodeIgniter\CodeIgniter->runController()
 8 SYSTEMPATH/CodeIgniter.php(361): CodeIgniter\CodeIgniter->handleRequest()
 9 FCPATH/index.php(79): CodeIgniter\CodeIgniter->run()
INFO - 2025-07-24 16:02:14 --> Session: Class initialized using 'CodeIgniter\Session\Handlers\FileHandler' driver.
WARNING - 2025-07-24 16:02:14 --> [DEPRECATED] Creation of dynamic property App\Controllers\Guru::$mapelModel is deprecated in APPPATH/Controllers/Guru.php on line 21.
 1 SYSTEMPATH/CodeIgniter.php(914): App\Controllers\Guru->__construct()
 2 SYSTEMPATH/CodeIgniter.php(493): CodeIgniter\CodeIgniter->createController()
 3 SYSTEMPATH/CodeIgniter.php(361): CodeIgniter\CodeIgniter->handleRequest(null, Object(Config\Cache), false)
 4 FCPATH/index.php(79): CodeIgniter\CodeIgniter->run()
WARNING - 2025-07-24 16:02:14 --> [DEPRECATED] Creation of dynamic property App\Controllers\Guru::$kelasModel is deprecated in APPPATH/Controllers/Guru.php on line 22.
 1 SYSTEMPATH/CodeIgniter.php(914): App\Controllers\Guru->__construct()
 2 SYSTEMPATH/CodeIgniter.php(493): CodeIgniter\CodeIgniter->createController()
 3 SYSTEMPATH/CodeIgniter.php(361): CodeIgniter\CodeIgniter->handleRequest(null, Object(Config\Cache), false)
 4 FCPATH/index.php(79): CodeIgniter\CodeIgniter->run()
WARNING - 2025-07-24 16:02:14 --> [DEPRECATED] Creation of dynamic property App\Controllers\Guru::$hariModel is deprecated in APPPATH/Controllers/Guru.php on line 23.
 1 SYSTEMPATH/CodeIgniter.php(914): App\Controllers\Guru->__construct()
 2 SYSTEMPATH/CodeIgniter.php(493): CodeIgniter\CodeIgniter->createController()
 3 SYSTEMPATH/CodeIgniter.php(361): CodeIgniter\CodeIgniter->handleRequest(null, Object(Config\Cache), false)
 4 FCPATH/index.php(79): CodeIgniter\CodeIgniter->run()
WARNING - 2025-07-24 16:02:14 --> [DEPRECATED] Creation of dynamic property App\Controllers\Guru::$jadwalModel is deprecated in APPPATH/Controllers/Guru.php on line 24.
 1 SYSTEMPATH/CodeIgniter.php(914): App\Controllers\Guru->__construct()
 2 SYSTEMPATH/CodeIgniter.php(493): CodeIgniter\CodeIgniter->createController()
 3 SYSTEMPATH/CodeIgniter.php(361): CodeIgniter\CodeIgniter->handleRequest(null, Object(Config\Cache), false)
 4 FCPATH/index.php(79): CodeIgniter\CodeIgniter->run()
WARNING - 2025-07-24 16:02:14 --> [DEPRECATED] Creation of dynamic property App\Controllers\Guru::$guruMapelModel is deprecated in APPPATH/Controllers/Guru.php on line 25.
 1 SYSTEMPATH/CodeIgniter.php(914): App\Controllers\Guru->__construct()
 2 SYSTEMPATH/CodeIgniter.php(493): CodeIgniter\CodeIgniter->createController()
 3 SYSTEMPATH/CodeIgniter.php(361): CodeIgniter\CodeIgniter->handleRequest(null, Object(Config\Cache), false)
 4 FCPATH/index.php(79): CodeIgniter\CodeIgniter->run()
WARNING - 2025-07-24 16:02:14 --> [DEPRECATED] Creation of dynamic property App\Controllers\Guru::$slotModel is deprecated in APPPATH/Controllers/Guru.php on line 26.
 1 SYSTEMPATH/CodeIgniter.php(914): App\Controllers\Guru->__construct()
 2 SYSTEMPATH/CodeIgniter.php(493): CodeIgniter\CodeIgniter->createController()
 3 SYSTEMPATH/CodeIgniter.php(361): CodeIgniter\CodeIgniter->handleRequest(null, Object(Config\Cache), false)
 4 FCPATH/index.php(79): CodeIgniter\CodeIgniter->run()
CRITICAL - 2025-07-24 16:02:14 --> foreach() argument must be of type array|object, string given
in APPPATH/Views/guru/insert.php on line 224.
 1 APPPATH/Views/guru/insert.php(224): CodeIgniter\Debug\Exceptions->errorHandler()
 2 SYSTEMPATH/View/View.php(228): include('/home/u927597906/domains/51-574-ff.darulhijrah.in/public_html/app/Views/guru/insert.php')
 3 SYSTEMPATH/View/View.php(231): CodeIgniter\View\View->CodeIgniter\View\{closure}()
 4 SYSTEMPATH/Common.php(1190): CodeIgniter\View\View->render()
 5 APPPATH/Controllers/Guru.php(60): view()
 6 SYSTEMPATH/CodeIgniter.php(942): App\Controllers\Guru->index()
 7 SYSTEMPATH/CodeIgniter.php(502): CodeIgniter\CodeIgniter->runController()
 8 SYSTEMPATH/CodeIgniter.php(361): CodeIgniter\CodeIgniter->handleRequest()
 9 FCPATH/index.php(79): CodeIgniter\CodeIgniter->run()
INFO - 2025-07-24 16:04:17 --> Session: Class initialized using 'CodeIgniter\Session\Handlers\FileHandler' driver.
WARNING - 2025-07-24 16:04:17 --> [DEPRECATED] Creation of dynamic property App\Controllers\Guru::$mapelModel is deprecated in APPPATH/Controllers/Guru.php on line 21.
 1 SYSTEMPATH/CodeIgniter.php(914): App\Controllers\Guru->__construct()
 2 SYSTEMPATH/CodeIgniter.php(493): CodeIgniter\CodeIgniter->createController()
 3 SYSTEMPATH/CodeIgniter.php(361): CodeIgniter\CodeIgniter->handleRequest(null, Object(Config\Cache), false)
 4 FCPATH/index.php(79): CodeIgniter\CodeIgniter->run()
WARNING - 2025-07-24 16:04:17 --> [DEPRECATED] Creation of dynamic property App\Controllers\Guru::$kelasModel is deprecated in APPPATH/Controllers/Guru.php on line 22.
 1 SYSTEMPATH/CodeIgniter.php(914): App\Controllers\Guru->__construct()
 2 SYSTEMPATH/CodeIgniter.php(493): CodeIgniter\CodeIgniter->createController()
 3 SYSTEMPATH/CodeIgniter.php(361): CodeIgniter\CodeIgniter->handleRequest(null, Object(Config\Cache), false)
 4 FCPATH/index.php(79): CodeIgniter\CodeIgniter->run()
WARNING - 2025-07-24 16:04:17 --> [DEPRECATED] Creation of dynamic property App\Controllers\Guru::$hariModel is deprecated in APPPATH/Controllers/Guru.php on line 23.
 1 SYSTEMPATH/CodeIgniter.php(914): App\Controllers\Guru->__construct()
 2 SYSTEMPATH/CodeIgniter.php(493): CodeIgniter\CodeIgniter->createController()
 3 SYSTEMPATH/CodeIgniter.php(361): CodeIgniter\CodeIgniter->handleRequest(null, Object(Config\Cache), false)
 4 FCPATH/index.php(79): CodeIgniter\CodeIgniter->run()
WARNING - 2025-07-24 16:04:17 --> [DEPRECATED] Creation of dynamic property App\Controllers\Guru::$jadwalModel is deprecated in APPPATH/Controllers/Guru.php on line 24.
 1 SYSTEMPATH/CodeIgniter.php(914): App\Controllers\Guru->__construct()
 2 SYSTEMPATH/CodeIgniter.php(493): CodeIgniter\CodeIgniter->createController()
 3 SYSTEMPATH/CodeIgniter.php(361): CodeIgniter\CodeIgniter->handleRequest(null, Object(Config\Cache), false)
 4 FCPATH/index.php(79): CodeIgniter\CodeIgniter->run()
WARNING - 2025-07-24 16:04:17 --> [DEPRECATED] Creation of dynamic property App\Controllers\Guru::$guruMapelModel is deprecated in APPPATH/Controllers/Guru.php on line 25.
 1 SYSTEMPATH/CodeIgniter.php(914): App\Controllers\Guru->__construct()
 2 SYSTEMPATH/CodeIgniter.php(493): CodeIgniter\CodeIgniter->createController()
 3 SYSTEMPATH/CodeIgniter.php(361): CodeIgniter\CodeIgniter->handleRequest(null, Object(Config\Cache), false)
 4 FCPATH/index.php(79): CodeIgniter\CodeIgniter->run()
WARNING - 2025-07-24 16:04:17 --> [DEPRECATED] Creation of dynamic property App\Controllers\Guru::$slotModel is deprecated in APPPATH/Controllers/Guru.php on line 26.
 1 SYSTEMPATH/CodeIgniter.php(914): App\Controllers\Guru->__construct()
 2 SYSTEMPATH/CodeIgniter.php(493): CodeIgniter\CodeIgniter->createController()
 3 SYSTEMPATH/CodeIgniter.php(361): CodeIgniter\CodeIgniter->handleRequest(null, Object(Config\Cache), false)
 4 FCPATH/index.php(79): CodeIgniter\CodeIgniter->run()
CRITICAL - 2025-07-24 16:04:17 --> foreach() argument must be of type array|object, string given
in APPPATH/Views/guru/insert.php on line 224.
 1 APPPATH/Views/guru/insert.php(224): CodeIgniter\Debug\Exceptions->errorHandler()
 2 SYSTEMPATH/View/View.php(228): include('/home/u927597906/domains/51-574-ff.darulhijrah.in/public_html/app/Views/guru/insert.php')
 3 SYSTEMPATH/View/View.php(231): CodeIgniter\View\View->CodeIgniter\View\{closure}()
 4 SYSTEMPATH/Common.php(1190): CodeIgniter\View\View->render()
 5 APPPATH/Controllers/Guru.php(60): view()
 6 SYSTEMPATH/CodeIgniter.php(942): App\Controllers\Guru->index()
 7 SYSTEMPATH/CodeIgniter.php(502): CodeIgniter\CodeIgniter->runController()
 8 SYSTEMPATH/CodeIgniter.php(361): CodeIgniter\CodeIgniter->handleRequest()
 9 FCPATH/index.php(79): CodeIgniter\CodeIgniter->run()
INFO - 2025-07-24 16:04:35 --> Session: Class initialized using 'CodeIgniter\Session\Handlers\FileHandler' driver.
WARNING - 2025-07-24 16:04:35 --> [DEPRECATED] Creation of dynamic property App\Controllers\Guru::$mapelModel is deprecated in APPPATH/Controllers/Guru.php on line 21.
 1 SYSTEMPATH/CodeIgniter.php(914): App\Controllers\Guru->__construct()
 2 SYSTEMPATH/CodeIgniter.php(493): CodeIgniter\CodeIgniter->createController()
 3 SYSTEMPATH/CodeIgniter.php(361): CodeIgniter\CodeIgniter->handleRequest(null, Object(Config\Cache), false)
 4 FCPATH/index.php(79): CodeIgniter\CodeIgniter->run()
WARNING - 2025-07-24 16:04:35 --> [DEPRECATED] Creation of dynamic property App\Controllers\Guru::$kelasModel is deprecated in APPPATH/Controllers/Guru.php on line 22.
 1 SYSTEMPATH/CodeIgniter.php(914): App\Controllers\Guru->__construct()
 2 SYSTEMPATH/CodeIgniter.php(493): CodeIgniter\CodeIgniter->createController()
 3 SYSTEMPATH/CodeIgniter.php(361): CodeIgniter\CodeIgniter->handleRequest(null, Object(Config\Cache), false)
 4 FCPATH/index.php(79): CodeIgniter\CodeIgniter->run()
WARNING - 2025-07-24 16:04:35 --> [DEPRECATED] Creation of dynamic property App\Controllers\Guru::$hariModel is deprecated in APPPATH/Controllers/Guru.php on line 23.
 1 SYSTEMPATH/CodeIgniter.php(914): App\Controllers\Guru->__construct()
 2 SYSTEMPATH/CodeIgniter.php(493): CodeIgniter\CodeIgniter->createController()
 3 SYSTEMPATH/CodeIgniter.php(361): CodeIgniter\CodeIgniter->handleRequest(null, Object(Config\Cache), false)
 4 FCPATH/index.php(79): CodeIgniter\CodeIgniter->run()
WARNING - 2025-07-24 16:04:35 --> [DEPRECATED] Creation of dynamic property App\Controllers\Guru::$jadwalModel is deprecated in APPPATH/Controllers/Guru.php on line 24.
 1 SYSTEMPATH/CodeIgniter.php(914): App\Controllers\Guru->__construct()
 2 SYSTEMPATH/CodeIgniter.php(493): CodeIgniter\CodeIgniter->createController()
 3 SYSTEMPATH/CodeIgniter.php(361): CodeIgniter\CodeIgniter->handleRequest(null, Object(Config\Cache), false)
 4 FCPATH/index.php(79): CodeIgniter\CodeIgniter->run()
WARNING - 2025-07-24 16:04:35 --> [DEPRECATED] Creation of dynamic property App\Controllers\Guru::$guruMapelModel is deprecated in APPPATH/Controllers/Guru.php on line 25.
 1 SYSTEMPATH/CodeIgniter.php(914): App\Controllers\Guru->__construct()
 2 SYSTEMPATH/CodeIgniter.php(493): CodeIgniter\CodeIgniter->createController()
 3 SYSTEMPATH/CodeIgniter.php(361): CodeIgniter\CodeIgniter->handleRequest(null, Object(Config\Cache), false)
 4 FCPATH/index.php(79): CodeIgniter\CodeIgniter->run()
WARNING - 2025-07-24 16:04:35 --> [DEPRECATED] Creation of dynamic property App\Controllers\Guru::$slotModel is deprecated in APPPATH/Controllers/Guru.php on line 26.
 1 SYSTEMPATH/CodeIgniter.php(914): App\Controllers\Guru->__construct()
 2 SYSTEMPATH/CodeIgniter.php(493): CodeIgniter\CodeIgniter->createController()
 3 SYSTEMPATH/CodeIgniter.php(361): CodeIgniter\CodeIgniter->handleRequest(null, Object(Config\Cache), false)
 4 FCPATH/index.php(79): CodeIgniter\CodeIgniter->run()
CRITICAL - 2025-07-24 16:04:35 --> foreach() argument must be of type array|object, string given
in APPPATH/Views/guru/insert.php on line 224.
 1 APPPATH/Views/guru/insert.php(224): CodeIgniter\Debug\Exceptions->errorHandler()
 2 SYSTEMPATH/View/View.php(228): include('/home/u927597906/domains/51-574-ff.darulhijrah.in/public_html/app/Views/guru/insert.php')
 3 SYSTEMPATH/View/View.php(231): CodeIgniter\View\View->CodeIgniter\View\{closure}()
 4 SYSTEMPATH/Common.php(1190): CodeIgniter\View\View->render()
 5 APPPATH/Controllers/Guru.php(60): view()
 6 SYSTEMPATH/CodeIgniter.php(942): App\Controllers\Guru->index()
 7 SYSTEMPATH/CodeIgniter.php(502): CodeIgniter\CodeIgniter->runController()
 8 SYSTEMPATH/CodeIgniter.php(361): CodeIgniter\CodeIgniter->handleRequest()
 9 FCPATH/index.php(79): CodeIgniter\CodeIgniter->run()
INFO - 2025-07-24 16:10:51 --> Session: Class initialized using 'CodeIgniter\Session\Handlers\FileHandler' driver.
WARNING - 2025-07-24 16:10:51 --> [DEPRECATED] Creation of dynamic property App\Controllers\Guru::$mapelModel is deprecated in APPPATH/Controllers/Guru.php on line 21.
 1 SYSTEMPATH/CodeIgniter.php(914): App\Controllers\Guru->__construct()
 2 SYSTEMPATH/CodeIgniter.php(493): CodeIgniter\CodeIgniter->createController()
 3 SYSTEMPATH/CodeIgniter.php(361): CodeIgniter\CodeIgniter->handleRequest(null, Object(Config\Cache), false)
 4 FCPATH/index.php(79): CodeIgniter\CodeIgniter->run()
WARNING - 2025-07-24 16:10:51 --> [DEPRECATED] Creation of dynamic property App\Controllers\Guru::$kelasModel is deprecated in APPPATH/Controllers/Guru.php on line 22.
 1 SYSTEMPATH/CodeIgniter.php(914): App\Controllers\Guru->__construct()
 2 SYSTEMPATH/CodeIgniter.php(493): CodeIgniter\CodeIgniter->createController()
 3 SYSTEMPATH/CodeIgniter.php(361): CodeIgniter\CodeIgniter->handleRequest(null, Object(Config\Cache), false)
 4 FCPATH/index.php(79): CodeIgniter\CodeIgniter->run()
WARNING - 2025-07-24 16:10:51 --> [DEPRECATED] Creation of dynamic property App\Controllers\Guru::$hariModel is deprecated in APPPATH/Controllers/Guru.php on line 23.
 1 SYSTEMPATH/CodeIgniter.php(914): App\Controllers\Guru->__construct()
 2 SYSTEMPATH/CodeIgniter.php(493): CodeIgniter\CodeIgniter->createController()
 3 SYSTEMPATH/CodeIgniter.php(361): CodeIgniter\CodeIgniter->handleRequest(null, Object(Config\Cache), false)
 4 FCPATH/index.php(79): CodeIgniter\CodeIgniter->run()
WARNING - 2025-07-24 16:10:51 --> [DEPRECATED] Creation of dynamic property App\Controllers\Guru::$jadwalModel is deprecated in APPPATH/Controllers/Guru.php on line 24.
 1 SYSTEMPATH/CodeIgniter.php(914): App\Controllers\Guru->__construct()
 2 SYSTEMPATH/CodeIgniter.php(493): CodeIgniter\CodeIgniter->createController()
 3 SYSTEMPATH/CodeIgniter.php(361): CodeIgniter\CodeIgniter->handleRequest(null, Object(Config\Cache), false)
 4 FCPATH/index.php(79): CodeIgniter\CodeIgniter->run()
WARNING - 2025-07-24 16:10:51 --> [DEPRECATED] Creation of dynamic property App\Controllers\Guru::$guruMapelModel is deprecated in APPPATH/Controllers/Guru.php on line 25.
 1 SYSTEMPATH/CodeIgniter.php(914): App\Controllers\Guru->__construct()
 2 SYSTEMPATH/CodeIgniter.php(493): CodeIgniter\CodeIgniter->createController()
 3 SYSTEMPATH/CodeIgniter.php(361): CodeIgniter\CodeIgniter->handleRequest(null, Object(Config\Cache), false)
 4 FCPATH/index.php(79): CodeIgniter\CodeIgniter->run()
WARNING - 2025-07-24 16:10:51 --> [DEPRECATED] Creation of dynamic property App\Controllers\Guru::$slotModel is deprecated in APPPATH/Controllers/Guru.php on line 26.
 1 SYSTEMPATH/CodeIgniter.php(914): App\Controllers\Guru->__construct()
 2 SYSTEMPATH/CodeIgniter.php(493): CodeIgniter\CodeIgniter->createController()
 3 SYSTEMPATH/CodeIgniter.php(361): CodeIgniter\CodeIgniter->handleRequest(null, Object(Config\Cache), false)
 4 FCPATH/index.php(79): CodeIgniter\CodeIgniter->run()
CRITICAL - 2025-07-24 16:10:51 --> syntax error, unexpected token ";"
in APPPATH/Views/guru/insert.php on line 225.
 1 SYSTEMPATH/View/View.php(231): CodeIgniter\View\View->CodeIgniter\View\{closure}()
 2 SYSTEMPATH/Common.php(1190): CodeIgniter\View\View->render()
 3 APPPATH/Controllers/Guru.php(60): view()
 4 SYSTEMPATH/CodeIgniter.php(942): App\Controllers\Guru->index()
 5 SYSTEMPATH/CodeIgniter.php(502): CodeIgniter\CodeIgniter->runController()
 6 SYSTEMPATH/CodeIgniter.php(361): CodeIgniter\CodeIgniter->handleRequest()
 7 FCPATH/index.php(79): CodeIgniter\CodeIgniter->run()
INFO - 2025-07-24 16:11:35 --> Session: Class initialized using 'CodeIgniter\Session\Handlers\FileHandler' driver.
WARNING - 2025-07-24 16:11:35 --> [DEPRECATED] Creation of dynamic property App\Controllers\Guru::$mapelModel is deprecated in APPPATH/Controllers/Guru.php on line 21.
 1 SYSTEMPATH/CodeIgniter.php(914): App\Controllers\Guru->__construct()
 2 SYSTEMPATH/CodeIgniter.php(493): CodeIgniter\CodeIgniter->createController()
 3 SYSTEMPATH/CodeIgniter.php(361): CodeIgniter\CodeIgniter->handleRequest(null, Object(Config\Cache), false)
 4 FCPATH/index.php(79): CodeIgniter\CodeIgniter->run()
WARNING - 2025-07-24 16:11:35 --> [DEPRECATED] Creation of dynamic property App\Controllers\Guru::$kelasModel is deprecated in APPPATH/Controllers/Guru.php on line 22.
 1 SYSTEMPATH/CodeIgniter.php(914): App\Controllers\Guru->__construct()
 2 SYSTEMPATH/CodeIgniter.php(493): CodeIgniter\CodeIgniter->createController()
 3 SYSTEMPATH/CodeIgniter.php(361): CodeIgniter\CodeIgniter->handleRequest(null, Object(Config\Cache), false)
 4 FCPATH/index.php(79): CodeIgniter\CodeIgniter->run()
WARNING - 2025-07-24 16:11:35 --> [DEPRECATED] Creation of dynamic property App\Controllers\Guru::$hariModel is deprecated in APPPATH/Controllers/Guru.php on line 23.
 1 SYSTEMPATH/CodeIgniter.php(914): App\Controllers\Guru->__construct()
 2 SYSTEMPATH/CodeIgniter.php(493): CodeIgniter\CodeIgniter->createController()
 3 SYSTEMPATH/CodeIgniter.php(361): CodeIgniter\CodeIgniter->handleRequest(null, Object(Config\Cache), false)
 4 FCPATH/index.php(79): CodeIgniter\CodeIgniter->run()
WARNING - 2025-07-24 16:11:35 --> [DEPRECATED] Creation of dynamic property App\Controllers\Guru::$jadwalModel is deprecated in APPPATH/Controllers/Guru.php on line 24.
 1 SYSTEMPATH/CodeIgniter.php(914): App\Controllers\Guru->__construct()
 2 SYSTEMPATH/CodeIgniter.php(493): CodeIgniter\CodeIgniter->createController()
 3 SYSTEMPATH/CodeIgniter.php(361): CodeIgniter\CodeIgniter->handleRequest(null, Object(Config\Cache), false)
 4 FCPATH/index.php(79): CodeIgniter\CodeIgniter->run()
WARNING - 2025-07-24 16:11:35 --> [DEPRECATED] Creation of dynamic property App\Controllers\Guru::$guruMapelModel is deprecated in APPPATH/Controllers/Guru.php on line 25.
 1 SYSTEMPATH/CodeIgniter.php(914): App\Controllers\Guru->__construct()
 2 SYSTEMPATH/CodeIgniter.php(493): CodeIgniter\CodeIgniter->createController()
 3 SYSTEMPATH/CodeIgniter.php(361): CodeIgniter\CodeIgniter->handleRequest(null, Object(Config\Cache), false)
 4 FCPATH/index.php(79): CodeIgniter\CodeIgniter->run()
WARNING - 2025-07-24 16:11:35 --> [DEPRECATED] Creation of dynamic property App\Controllers\Guru::$slotModel is deprecated in APPPATH/Controllers/Guru.php on line 26.
 1 SYSTEMPATH/CodeIgniter.php(914): App\Controllers\Guru->__construct()
 2 SYSTEMPATH/CodeIgniter.php(493): CodeIgniter\CodeIgniter->createController()
 3 SYSTEMPATH/CodeIgniter.php(361): CodeIgniter\CodeIgniter->handleRequest(null, Object(Config\Cache), false)
 4 FCPATH/index.php(79): CodeIgniter\CodeIgniter->run()
INFO - 2025-07-24 16:19:32 --> Session: Class initialized using 'CodeIgniter\Session\Handlers\FileHandler' driver.
WARNING - 2025-07-24 16:19:32 --> [DEPRECATED] Creation of dynamic property App\Controllers\Guru::$mapelModel is deprecated in APPPATH/Controllers/Guru.php on line 21.
 1 SYSTEMPATH/CodeIgniter.php(914): App\Controllers\Guru->__construct()
 2 SYSTEMPATH/CodeIgniter.php(493): CodeIgniter\CodeIgniter->createController()
 3 SYSTEMPATH/CodeIgniter.php(361): CodeIgniter\CodeIgniter->handleRequest(null, Object(Config\Cache), false)
 4 FCPATH/index.php(79): CodeIgniter\CodeIgniter->run()
WARNING - 2025-07-24 16:19:32 --> [DEPRECATED] Creation of dynamic property App\Controllers\Guru::$kelasModel is deprecated in APPPATH/Controllers/Guru.php on line 22.
 1 SYSTEMPATH/CodeIgniter.php(914): App\Controllers\Guru->__construct()
 2 SYSTEMPATH/CodeIgniter.php(493): CodeIgniter\CodeIgniter->createController()
 3 SYSTEMPATH/CodeIgniter.php(361): CodeIgniter\CodeIgniter->handleRequest(null, Object(Config\Cache), false)
 4 FCPATH/index.php(79): CodeIgniter\CodeIgniter->run()
WARNING - 2025-07-24 16:19:32 --> [DEPRECATED] Creation of dynamic property App\Controllers\Guru::$hariModel is deprecated in APPPATH/Controllers/Guru.php on line 23.
 1 SYSTEMPATH/CodeIgniter.php(914): App\Controllers\Guru->__construct()
 2 SYSTEMPATH/CodeIgniter.php(493): CodeIgniter\CodeIgniter->createController()
 3 SYSTEMPATH/CodeIgniter.php(361): CodeIgniter\CodeIgniter->handleRequest(null, Object(Config\Cache), false)
 4 FCPATH/index.php(79): CodeIgniter\CodeIgniter->run()
WARNING - 2025-07-24 16:19:32 --> [DEPRECATED] Creation of dynamic property App\Controllers\Guru::$jadwalModel is deprecated in APPPATH/Controllers/Guru.php on line 24.
 1 SYSTEMPATH/CodeIgniter.php(914): App\Controllers\Guru->__construct()
 2 SYSTEMPATH/CodeIgniter.php(493): CodeIgniter\CodeIgniter->createController()
 3 SYSTEMPATH/CodeIgniter.php(361): CodeIgniter\CodeIgniter->handleRequest(null, Object(Config\Cache), false)
 4 FCPATH/index.php(79): CodeIgniter\CodeIgniter->run()
WARNING - 2025-07-24 16:19:32 --> [DEPRECATED] Creation of dynamic property App\Controllers\Guru::$guruMapelModel is deprecated in APPPATH/Controllers/Guru.php on line 25.
 1 SYSTEMPATH/CodeIgniter.php(914): App\Controllers\Guru->__construct()
 2 SYSTEMPATH/CodeIgniter.php(493): CodeIgniter\CodeIgniter->createController()
 3 SYSTEMPATH/CodeIgniter.php(361): CodeIgniter\CodeIgniter->handleRequest(null, Object(Config\Cache), false)
 4 FCPATH/index.php(79): CodeIgniter\CodeIgniter->run()
WARNING - 2025-07-24 16:19:32 --> [DEPRECATED] Creation of dynamic property App\Controllers\Guru::$slotModel is deprecated in APPPATH/Controllers/Guru.php on line 26.
 1 SYSTEMPATH/CodeIgniter.php(914): App\Controllers\Guru->__construct()
 2 SYSTEMPATH/CodeIgniter.php(493): CodeIgniter\CodeIgniter->createController()
 3 SYSTEMPATH/CodeIgniter.php(361): CodeIgniter\CodeIgniter->handleRequest(null, Object(Config\Cache), false)
 4 FCPATH/index.php(79): CodeIgniter\CodeIgniter->run()
INFO - 2025-07-24 21:07:47 --> Session: Class initialized using 'CodeIgniter\Session\Handlers\FileHandler' driver.
INFO - 2025-07-24 21:07:47 --> Session: Class initialized using 'CodeIgniter\Session\Handlers\FileHandler' driver.
INFO - 2025-07-24 21:07:52 --> Session: Class initialized using 'CodeIgniter\Session\Handlers\FileHandler' driver.
INFO - 2025-07-24 21:07:52 --> Session: Class initialized using 'CodeIgniter\Session\Handlers\FileHandler' driver.
WARNING - 2025-07-24 21:07:52 --> [DEPRECATED] Creation of dynamic property App\Controllers\Guru::$mapelModel is deprecated in APPPATH/Controllers/Guru.php on line 21.
 1 SYSTEMPATH/CodeIgniter.php(914): App\Controllers\Guru->__construct()
 2 SYSTEMPATH/CodeIgniter.php(493): CodeIgniter\CodeIgniter->createController()
 3 SYSTEMPATH/CodeIgniter.php(361): CodeIgniter\CodeIgniter->handleRequest(null, Object(Config\Cache), false)
 4 FCPATH/index.php(79): CodeIgniter\CodeIgniter->run()
WARNING - 2025-07-24 21:07:52 --> [DEPRECATED] Creation of dynamic property App\Controllers\Guru::$kelasModel is deprecated in APPPATH/Controllers/Guru.php on line 22.
 1 SYSTEMPATH/CodeIgniter.php(914): App\Controllers\Guru->__construct()
 2 SYSTEMPATH/CodeIgniter.php(493): CodeIgniter\CodeIgniter->createController()
 3 SYSTEMPATH/CodeIgniter.php(361): CodeIgniter\CodeIgniter->handleRequest(null, Object(Config\Cache), false)
 4 FCPATH/index.php(79): CodeIgniter\CodeIgniter->run()
WARNING - 2025-07-24 21:07:52 --> [DEPRECATED] Creation of dynamic property App\Controllers\Guru::$hariModel is deprecated in APPPATH/Controllers/Guru.php on line 23.
 1 SYSTEMPATH/CodeIgniter.php(914): App\Controllers\Guru->__construct()
 2 SYSTEMPATH/CodeIgniter.php(493): CodeIgniter\CodeIgniter->createController()
 3 SYSTEMPATH/CodeIgniter.php(361): CodeIgniter\CodeIgniter->handleRequest(null, Object(Config\Cache), false)
 4 FCPATH/index.php(79): CodeIgniter\CodeIgniter->run()
WARNING - 2025-07-24 21:07:52 --> [DEPRECATED] Creation of dynamic property App\Controllers\Guru::$jadwalModel is deprecated in APPPATH/Controllers/Guru.php on line 24.
 1 SYSTEMPATH/CodeIgniter.php(914): App\Controllers\Guru->__construct()
 2 SYSTEMPATH/CodeIgniter.php(493): CodeIgniter\CodeIgniter->createController()
 3 SYSTEMPATH/CodeIgniter.php(361): CodeIgniter\CodeIgniter->handleRequest(null, Object(Config\Cache), false)
 4 FCPATH/index.php(79): CodeIgniter\CodeIgniter->run()
WARNING - 2025-07-24 21:07:52 --> [DEPRECATED] Creation of dynamic property App\Controllers\Guru::$guruMapelModel is deprecated in APPPATH/Controllers/Guru.php on line 25.
 1 SYSTEMPATH/CodeIgniter.php(914): App\Controllers\Guru->__construct()
 2 SYSTEMPATH/CodeIgniter.php(493): CodeIgniter\CodeIgniter->createController()
 3 SYSTEMPATH/CodeIgniter.php(361): CodeIgniter\CodeIgniter->handleRequest(null, Object(Config\Cache), false)
 4 FCPATH/index.php(79): CodeIgniter\CodeIgniter->run()
WARNING - 2025-07-24 21:07:52 --> [DEPRECATED] Creation of dynamic property App\Controllers\Guru::$slotModel is deprecated in APPPATH/Controllers/Guru.php on line 26.
 1 SYSTEMPATH/CodeIgniter.php(914): App\Controllers\Guru->__construct()
 2 SYSTEMPATH/CodeIgniter.php(493): CodeIgniter\CodeIgniter->createController()
 3 SYSTEMPATH/CodeIgniter.php(361): CodeIgniter\CodeIgniter->handleRequest(null, Object(Config\Cache), false)
 4 FCPATH/index.php(79): CodeIgniter\CodeIgniter->run()
