ERROR - 2024-01-27 06:00:18 --> mysqli_sql_exception: FUNCTION sistaff.MOUNTNAME does not exist in C:\xampp\htdocs\sistaff\system\Database\MySQLi\Connection.php:306
Stack trace:
#0 C:\xampp\htdocs\sistaff\system\Database\MySQLi\Connection.php(306): mysqli->query('SELECT YEAR(tan...', 0)
#1 C:\xampp\htdocs\sistaff\system\Database\BaseConnection.php(693): CodeIgniter\Database\MySQLi\Connection->execute('SELECT YEAR(tan...')
#2 C:\xampp\htdocs\sistaff\system\Database\BaseConnection.php(607): CodeIgniter\Database\BaseConnection->simpleQuery('SELECT YEAR(tan...')
#3 C:\xampp\htdocs\sistaff\system\Database\BaseBuilder.php(1615): CodeIgniter\Database\BaseConnection->query('SELECT YEAR(tan...', Array, false)
#4 C:\xampp\htdocs\sistaff\system\Model.php(237): CodeIgniter\Database\BaseBuilder->get()
#5 C:\xampp\htdocs\sistaff\system\BaseModel.php(624): CodeIgniter\Model->doFindAll(0, 0)
#6 C:\xampp\htdocs\sistaff\app\Controllers\Home.php(18): CodeIgniter\BaseModel->findAll()
#7 C:\xampp\htdocs\sistaff\system\CodeIgniter.php(942): App\Controllers\Home->index()
#8 C:\xampp\htdocs\sistaff\system\CodeIgniter.php(502): CodeIgniter\CodeIgniter->runController(Object(App\Controllers\Home))
#9 C:\xampp\htdocs\sistaff\system\CodeIgniter.php(361): CodeIgniter\CodeIgniter->handleRequest(NULL, Object(Config\Cache), false)
#10 C:\xampp\htdocs\sistaff\public\index.php(79): CodeIgniter\CodeIgniter->run()
#11 {main}
CRITICAL - 2024-01-27 06:00:18 --> FUNCTION sistaff.MOUNTNAME does not exist
in SYSTEMPATH\Database\BaseConnection.php on line 647.
 1 SYSTEMPATH\Database\BaseBuilder.php(1615): CodeIgniter\Database\BaseConnection->query('SELECT YEAR(tanggal) as tahun, MOUNTNAME(tanggal) as bulan, sum(saldomasuk) as sum
FROM `transfer`
GROUP BY `tahun`, `bulan`', [], false)
 2 SYSTEMPATH\Model.php(237): CodeIgniter\Database\BaseBuilder->get()
 3 SYSTEMPATH\BaseModel.php(624): CodeIgniter\Model->doFindAll(0, 0)
 4 APPPATH\Controllers\Home.php(18): CodeIgniter\BaseModel->findAll()
 5 SYSTEMPATH\CodeIgniter.php(942): App\Controllers\Home->index()
 6 SYSTEMPATH\CodeIgniter.php(502): CodeIgniter\CodeIgniter->runController(Object(App\Controllers\Home))
 7 SYSTEMPATH\CodeIgniter.php(361): CodeIgniter\CodeIgniter->handleRequest(null, Object(Config\Cache), false)
 8 FCPATH\index.php(79): CodeIgniter\CodeIgniter->run()
CRITICAL - 2024-01-27 06:16:54 --> Undefined array key "rekening"
in APPPATH\Views\pages\home.php on line 36.
 1 APPPATH\Views\pages\home.php(36): CodeIgniter\Debug\Exceptions->errorHandler(2, 'Undefined array key "rekening"', 'C:\\xampp\\htdocs\\sistaff\\app\\Views\\pages\\home.php', 36)
 2 SYSTEMPATH\View\View.php(228): include('C:\\xampp\\htdocs\\sistaff\\app\\Views\\pages\\home.php')
 3 SYSTEMPATH\View\View.php(231): CodeIgniter\View\View->CodeIgniter\View\{closure}()
 4 SYSTEMPATH\Common.php(1190): CodeIgniter\View\View->render('pages/home', [], true)
 5 APPPATH\Controllers\Home.php(26): view('pages/home', [...])
 6 SYSTEMPATH\CodeIgniter.php(942): App\Controllers\Home->index()
 7 SYSTEMPATH\CodeIgniter.php(502): CodeIgniter\CodeIgniter->runController(Object(App\Controllers\Home))
 8 SYSTEMPATH\CodeIgniter.php(361): CodeIgniter\CodeIgniter->handleRequest(null, Object(Config\Cache), false)
 9 FCPATH\index.php(79): CodeIgniter\CodeIgniter->run()
CRITICAL - 2024-01-27 06:23:20 --> Undefined array key "rekening"
in APPPATH\Views\pages\home.php on line 36.
 1 APPPATH\Views\pages\home.php(36): CodeIgniter\Debug\Exceptions->errorHandler(2, 'Undefined array key "rekening"', 'C:\\xampp\\htdocs\\sistaff\\app\\Views\\pages\\home.php', 36)
 2 SYSTEMPATH\View\View.php(228): include('C:\\xampp\\htdocs\\sistaff\\app\\Views\\pages\\home.php')
 3 SYSTEMPATH\View\View.php(231): CodeIgniter\View\View->CodeIgniter\View\{closure}()
 4 SYSTEMPATH\Common.php(1190): CodeIgniter\View\View->render('pages/home', [], true)
 5 APPPATH\Controllers\Home.php(26): view('pages/home', [...])
 6 SYSTEMPATH\CodeIgniter.php(942): App\Controllers\Home->index()
 7 SYSTEMPATH\CodeIgniter.php(502): CodeIgniter\CodeIgniter->runController(Object(App\Controllers\Home))
 8 SYSTEMPATH\CodeIgniter.php(361): CodeIgniter\CodeIgniter->handleRequest(null, Object(Config\Cache), false)
 9 FCPATH\index.php(79): CodeIgniter\CodeIgniter->run()
CRITICAL - 2024-01-27 06:23:30 --> Undefined array key "rekening"
in APPPATH\Views\pages\home.php on line 36.
 1 APPPATH\Views\pages\home.php(36): CodeIgniter\Debug\Exceptions->errorHandler(2, 'Undefined array key "rekening"', 'C:\\xampp\\htdocs\\sistaff\\app\\Views\\pages\\home.php', 36)
 2 SYSTEMPATH\View\View.php(228): include('C:\\xampp\\htdocs\\sistaff\\app\\Views\\pages\\home.php')
 3 SYSTEMPATH\View\View.php(231): CodeIgniter\View\View->CodeIgniter\View\{closure}()
 4 SYSTEMPATH\Common.php(1190): CodeIgniter\View\View->render('pages/home', [], true)
 5 APPPATH\Controllers\Home.php(26): view('pages/home', [...])
 6 SYSTEMPATH\CodeIgniter.php(942): App\Controllers\Home->index()
 7 SYSTEMPATH\CodeIgniter.php(502): CodeIgniter\CodeIgniter->runController(Object(App\Controllers\Home))
 8 SYSTEMPATH\CodeIgniter.php(361): CodeIgniter\CodeIgniter->handleRequest(null, Object(Config\Cache), false)
 9 FCPATH\index.php(79): CodeIgniter\CodeIgniter->run()
CRITICAL - 2024-01-27 06:24:30 --> Undefined array key "rekening"
in APPPATH\Views\pages\home.php on line 36.
 1 APPPATH\Views\pages\home.php(36): CodeIgniter\Debug\Exceptions->errorHandler(2, 'Undefined array key "rekening"', 'C:\\xampp\\htdocs\\sistaff\\app\\Views\\pages\\home.php', 36)
 2 SYSTEMPATH\View\View.php(228): include('C:\\xampp\\htdocs\\sistaff\\app\\Views\\pages\\home.php')
 3 SYSTEMPATH\View\View.php(231): CodeIgniter\View\View->CodeIgniter\View\{closure}()
 4 SYSTEMPATH\Common.php(1190): CodeIgniter\View\View->render('pages/home', [], true)
 5 APPPATH\Controllers\Home.php(26): view('pages/home', [...])
 6 SYSTEMPATH\CodeIgniter.php(942): App\Controllers\Home->index()
 7 SYSTEMPATH\CodeIgniter.php(502): CodeIgniter\CodeIgniter->runController(Object(App\Controllers\Home))
 8 SYSTEMPATH\CodeIgniter.php(361): CodeIgniter\CodeIgniter->handleRequest(null, Object(Config\Cache), false)
 9 FCPATH\index.php(79): CodeIgniter\CodeIgniter->run()
CRITICAL - 2024-01-27 06:25:28 --> Undefined array key "rekening"
in APPPATH\Views\pages\home.php on line 36.
 1 APPPATH\Views\pages\home.php(36): CodeIgniter\Debug\Exceptions->errorHandler(2, 'Undefined array key "rekening"', 'C:\\xampp\\htdocs\\sistaff\\app\\Views\\pages\\home.php', 36)
 2 SYSTEMPATH\View\View.php(228): include('C:\\xampp\\htdocs\\sistaff\\app\\Views\\pages\\home.php')
 3 SYSTEMPATH\View\View.php(231): CodeIgniter\View\View->CodeIgniter\View\{closure}()
 4 SYSTEMPATH\Common.php(1190): CodeIgniter\View\View->render('pages/home', [], true)
 5 APPPATH\Controllers\Home.php(26): view('pages/home', [...])
 6 SYSTEMPATH\CodeIgniter.php(942): App\Controllers\Home->index()
 7 SYSTEMPATH\CodeIgniter.php(502): CodeIgniter\CodeIgniter->runController(Object(App\Controllers\Home))
 8 SYSTEMPATH\CodeIgniter.php(361): CodeIgniter\CodeIgniter->handleRequest(null, Object(Config\Cache), false)
 9 FCPATH\index.php(79): CodeIgniter\CodeIgniter->run()
CRITICAL - 2024-01-27 06:25:37 --> Undefined array key "rekening"
in APPPATH\Views\pages\home.php on line 36.
 1 APPPATH\Views\pages\home.php(36): CodeIgniter\Debug\Exceptions->errorHandler(2, 'Undefined array key "rekening"', 'C:\\xampp\\htdocs\\sistaff\\app\\Views\\pages\\home.php', 36)
 2 SYSTEMPATH\View\View.php(228): include('C:\\xampp\\htdocs\\sistaff\\app\\Views\\pages\\home.php')
 3 SYSTEMPATH\View\View.php(231): CodeIgniter\View\View->CodeIgniter\View\{closure}()
 4 SYSTEMPATH\Common.php(1190): CodeIgniter\View\View->render('pages/home', [], true)
 5 APPPATH\Controllers\Home.php(25): view('pages/home', [...])
 6 SYSTEMPATH\CodeIgniter.php(942): App\Controllers\Home->index()
 7 SYSTEMPATH\CodeIgniter.php(502): CodeIgniter\CodeIgniter->runController(Object(App\Controllers\Home))
 8 SYSTEMPATH\CodeIgniter.php(361): CodeIgniter\CodeIgniter->handleRequest(null, Object(Config\Cache), false)
 9 FCPATH\index.php(79): CodeIgniter\CodeIgniter->run()
CRITICAL - 2024-01-27 06:51:44 --> Undefined array key "rekening"
in APPPATH\Views\pages\home.php on line 36.
 1 APPPATH\Views\pages\home.php(36): CodeIgniter\Debug\Exceptions->errorHandler(2, 'Undefined array key "rekening"', 'C:\\xampp\\htdocs\\sistaff\\app\\Views\\pages\\home.php', 36)
 2 SYSTEMPATH\View\View.php(228): include('C:\\xampp\\htdocs\\sistaff\\app\\Views\\pages\\home.php')
 3 SYSTEMPATH\View\View.php(231): CodeIgniter\View\View->CodeIgniter\View\{closure}()
 4 SYSTEMPATH\Common.php(1190): CodeIgniter\View\View->render('pages/home', [], true)
 5 APPPATH\Controllers\Home.php(25): view('pages/home', [...])
 6 SYSTEMPATH\CodeIgniter.php(942): App\Controllers\Home->index()
 7 SYSTEMPATH\CodeIgniter.php(502): CodeIgniter\CodeIgniter->runController(Object(App\Controllers\Home))
 8 SYSTEMPATH\CodeIgniter.php(361): CodeIgniter\CodeIgniter->handleRequest(null, Object(Config\Cache), false)
 9 FCPATH\index.php(79): CodeIgniter\CodeIgniter->run()
CRITICAL - 2024-01-27 06:52:32 --> Undefined array key "tanggal"
in APPPATH\Views\pages\home.php on line 36.
 1 APPPATH\Views\pages\home.php(36): CodeIgniter\Debug\Exceptions->errorHandler(2, 'Undefined array key "tanggal"', 'C:\\xampp\\htdocs\\sistaff\\app\\Views\\pages\\home.php', 36)
 2 SYSTEMPATH\View\View.php(228): include('C:\\xampp\\htdocs\\sistaff\\app\\Views\\pages\\home.php')
 3 SYSTEMPATH\View\View.php(231): CodeIgniter\View\View->CodeIgniter\View\{closure}()
 4 SYSTEMPATH\Common.php(1190): CodeIgniter\View\View->render('pages/home', [], true)
 5 APPPATH\Controllers\Home.php(25): view('pages/home', [...])
 6 SYSTEMPATH\CodeIgniter.php(942): App\Controllers\Home->index()
 7 SYSTEMPATH\CodeIgniter.php(502): CodeIgniter\CodeIgniter->runController(Object(App\Controllers\Home))
 8 SYSTEMPATH\CodeIgniter.php(361): CodeIgniter\CodeIgniter->handleRequest(null, Object(Config\Cache), false)
 9 FCPATH\index.php(79): CodeIgniter\CodeIgniter->run()
CRITICAL - 2024-01-27 07:08:42 --> Undefined array key "rekening"
in APPPATH\Views\pages\home.php on line 36.
 1 APPPATH\Views\pages\home.php(36): CodeIgniter\Debug\Exceptions->errorHandler(2, 'Undefined array key "rekening"', 'C:\\xampp\\htdocs\\sistaff\\app\\Views\\pages\\home.php', 36)
 2 SYSTEMPATH\View\View.php(228): include('C:\\xampp\\htdocs\\sistaff\\app\\Views\\pages\\home.php')
 3 SYSTEMPATH\View\View.php(231): CodeIgniter\View\View->CodeIgniter\View\{closure}()
 4 SYSTEMPATH\Common.php(1190): CodeIgniter\View\View->render('pages/home', [], true)
 5 APPPATH\Controllers\Home.php(27): view('pages/home', [...])
 6 SYSTEMPATH\CodeIgniter.php(942): App\Controllers\Home->index()
 7 SYSTEMPATH\CodeIgniter.php(502): CodeIgniter\CodeIgniter->runController(Object(App\Controllers\Home))
 8 SYSTEMPATH\CodeIgniter.php(361): CodeIgniter\CodeIgniter->handleRequest(null, Object(Config\Cache), false)
 9 FCPATH\index.php(79): CodeIgniter\CodeIgniter->run()
CRITICAL - 2024-01-27 07:09:00 --> Undefined array key "rekening"
in APPPATH\Views\pages\home.php on line 36.
 1 APPPATH\Views\pages\home.php(36): CodeIgniter\Debug\Exceptions->errorHandler(2, 'Undefined array key "rekening"', 'C:\\xampp\\htdocs\\sistaff\\app\\Views\\pages\\home.php', 36)
 2 SYSTEMPATH\View\View.php(228): include('C:\\xampp\\htdocs\\sistaff\\app\\Views\\pages\\home.php')
 3 SYSTEMPATH\View\View.php(231): CodeIgniter\View\View->CodeIgniter\View\{closure}()
 4 SYSTEMPATH\Common.php(1190): CodeIgniter\View\View->render('pages/home', [], true)
 5 APPPATH\Controllers\Home.php(26): view('pages/home', [...])
 6 SYSTEMPATH\CodeIgniter.php(942): App\Controllers\Home->index()
 7 SYSTEMPATH\CodeIgniter.php(502): CodeIgniter\CodeIgniter->runController(Object(App\Controllers\Home))
 8 SYSTEMPATH\CodeIgniter.php(361): CodeIgniter\CodeIgniter->handleRequest(null, Object(Config\Cache), false)
 9 FCPATH\index.php(79): CodeIgniter\CodeIgniter->run()
CRITICAL - 2024-01-27 07:09:05 --> Undefined array key "rekening"
in APPPATH\Views\pages\home.php on line 36.
 1 APPPATH\Views\pages\home.php(36): CodeIgniter\Debug\Exceptions->errorHandler(2, 'Undefined array key "rekening"', 'C:\\xampp\\htdocs\\sistaff\\app\\Views\\pages\\home.php', 36)
 2 SYSTEMPATH\View\View.php(228): include('C:\\xampp\\htdocs\\sistaff\\app\\Views\\pages\\home.php')
 3 SYSTEMPATH\View\View.php(231): CodeIgniter\View\View->CodeIgniter\View\{closure}()
 4 SYSTEMPATH\Common.php(1190): CodeIgniter\View\View->render('pages/home', [], true)
 5 APPPATH\Controllers\Home.php(25): view('pages/home', [...])
 6 SYSTEMPATH\CodeIgniter.php(942): App\Controllers\Home->index()
 7 SYSTEMPATH\CodeIgniter.php(502): CodeIgniter\CodeIgniter->runController(Object(App\Controllers\Home))
 8 SYSTEMPATH\CodeIgniter.php(361): CodeIgniter\CodeIgniter->handleRequest(null, Object(Config\Cache), false)
 9 FCPATH\index.php(79): CodeIgniter\CodeIgniter->run()
CRITICAL - 2024-01-27 07:09:29 --> Undefined array key "rekening"
in APPPATH\Views\pages\home.php on line 36.
 1 APPPATH\Views\pages\home.php(36): CodeIgniter\Debug\Exceptions->errorHandler(2, 'Undefined array key "rekening"', 'C:\\xampp\\htdocs\\sistaff\\app\\Views\\pages\\home.php', 36)
 2 SYSTEMPATH\View\View.php(228): include('C:\\xampp\\htdocs\\sistaff\\app\\Views\\pages\\home.php')
 3 SYSTEMPATH\View\View.php(231): CodeIgniter\View\View->CodeIgniter\View\{closure}()
 4 SYSTEMPATH\Common.php(1190): CodeIgniter\View\View->render('pages/home', [], true)
 5 APPPATH\Controllers\Home.php(26): view('pages/home', [...])
 6 SYSTEMPATH\CodeIgniter.php(942): App\Controllers\Home->index()
 7 SYSTEMPATH\CodeIgniter.php(502): CodeIgniter\CodeIgniter->runController(Object(App\Controllers\Home))
 8 SYSTEMPATH\CodeIgniter.php(361): CodeIgniter\CodeIgniter->handleRequest(null, Object(Config\Cache), false)
 9 FCPATH\index.php(79): CodeIgniter\CodeIgniter->run()
