CRITICAL - 2023-12-30 03:47:53 --> Class "TransferModel" not found
in APPPATH\Views\pages\keuangan.php on line 10.
 1 SYSTEMPATH\View\View.php(228): include()
 2 SYSTEMPATH\View\View.php(231): CodeIgniter\View\View->CodeIgniter\View\{closure}()
 3 SYSTEMPATH\Common.php(1190): CodeIgniter\View\View->render('pages/keuangan', [], true)
 4 APPPATH\Controllers\Page.php(14): view('pages/keuangan', [...])
 5 SYSTEMPATH\CodeIgniter.php(942): App\Controllers\Page->keuangan()
 6 SYSTEMPATH\CodeIgniter.php(502): CodeIgniter\CodeIgniter->runController(Object(App\Controllers\Page))
 7 SYSTEMPATH\CodeIgniter.php(361): CodeIgniter\CodeIgniter->handleRequest(null, Object(Config\Cache), false)
 8 FCPATH\index.php(79): CodeIgniter\CodeIgniter->run()
CRITICAL - 2023-12-30 03:51:25 --> Class "TransferModel" not found
in APPPATH\Views\pages\keuangan.php on line 10.
 1 SYSTEMPATH\View\View.php(228): include()
 2 SYSTEMPATH\View\View.php(231): CodeIgniter\View\View->CodeIgniter\View\{closure}()
 3 SYSTEMPATH\Common.php(1190): CodeIgniter\View\View->render('pages/keuangan', [], true)
 4 APPPATH\Controllers\Page.php(14): view('pages/keuangan', [...])
 5 SYSTEMPATH\CodeIgniter.php(942): App\Controllers\Page->keuangan()
 6 SYSTEMPATH\CodeIgniter.php(502): CodeIgniter\CodeIgniter->runController(Object(App\Controllers\Page))
 7 SYSTEMPATH\CodeIgniter.php(361): CodeIgniter\CodeIgniter->handleRequest(null, Object(Config\Cache), false)
 8 FCPATH\index.php(79): CodeIgniter\CodeIgniter->run()
CRITICAL - 2023-12-30 05:28:23 --> Undefined variable $limit
in APPPATH\Views\pages\keuangan.php on line 13.
 1 APPPATH\Views\pages\keuangan.php(13): CodeIgniter\Debug\Exceptions->errorHandler(2, 'Undefined variable $limit', 'C:\\xampp\\htdocs\\sistaff\\app\\Views\\pages\\keuangan.php', 13)
 2 SYSTEMPATH\View\View.php(228): include('C:\\xampp\\htdocs\\sistaff\\app\\Views\\pages\\keuangan.php')
 3 SYSTEMPATH\View\View.php(231): CodeIgniter\View\View->CodeIgniter\View\{closure}()
 4 SYSTEMPATH\Common.php(1190): CodeIgniter\View\View->render('pages/keuangan', [], true)
 5 APPPATH\Controllers\Page.php(14): view('pages/keuangan', [...])
 6 SYSTEMPATH\CodeIgniter.php(942): App\Controllers\Page->keuangan()
 7 SYSTEMPATH\CodeIgniter.php(502): CodeIgniter\CodeIgniter->runController(Object(App\Controllers\Page))
 8 SYSTEMPATH\CodeIgniter.php(361): CodeIgniter\CodeIgniter->handleRequest(null, Object(Config\Cache), false)
 9 FCPATH\index.php(79): CodeIgniter\CodeIgniter->run()
CRITICAL - 2023-12-30 05:29:02 --> Undefined variable $limit
in APPPATH\Views\pages\keuangan.php on line 13.
 1 APPPATH\Views\pages\keuangan.php(13): CodeIgniter\Debug\Exceptions->errorHandler(2, 'Undefined variable $limit', 'C:\\xampp\\htdocs\\sistaff\\app\\Views\\pages\\keuangan.php', 13)
 2 SYSTEMPATH\View\View.php(228): include('C:\\xampp\\htdocs\\sistaff\\app\\Views\\pages\\keuangan.php')
 3 SYSTEMPATH\View\View.php(231): CodeIgniter\View\View->CodeIgniter\View\{closure}()
 4 SYSTEMPATH\Common.php(1190): CodeIgniter\View\View->render('pages/keuangan', [], true)
 5 APPPATH\Controllers\Page.php(14): view('pages/keuangan', [...])
 6 SYSTEMPATH\CodeIgniter.php(942): App\Controllers\Page->keuangan()
 7 SYSTEMPATH\CodeIgniter.php(502): CodeIgniter\CodeIgniter->runController(Object(App\Controllers\Page))
 8 SYSTEMPATH\CodeIgniter.php(361): CodeIgniter\CodeIgniter->handleRequest(null, Object(Config\Cache), false)
 9 FCPATH\index.php(79): CodeIgniter\CodeIgniter->run()
CRITICAL - 2023-12-30 05:32:17 --> Undefined variable $limit
in APPPATH\Views\pages\keuangan.php on line 13.
 1 APPPATH\Views\pages\keuangan.php(13): CodeIgniter\Debug\Exceptions->errorHandler(2, 'Undefined variable $limit', 'C:\\xampp\\htdocs\\sistaff\\app\\Views\\pages\\keuangan.php', 13)
 2 SYSTEMPATH\View\View.php(228): include('C:\\xampp\\htdocs\\sistaff\\app\\Views\\pages\\keuangan.php')
 3 SYSTEMPATH\View\View.php(231): CodeIgniter\View\View->CodeIgniter\View\{closure}()
 4 SYSTEMPATH\Common.php(1190): CodeIgniter\View\View->render('pages/keuangan', [], true)
 5 APPPATH\Controllers\Page.php(14): view('pages/keuangan', [...])
 6 SYSTEMPATH\CodeIgniter.php(942): App\Controllers\Page->keuangan()
 7 SYSTEMPATH\CodeIgniter.php(502): CodeIgniter\CodeIgniter->runController(Object(App\Controllers\Page))
 8 SYSTEMPATH\CodeIgniter.php(361): CodeIgniter\CodeIgniter->handleRequest(null, Object(Config\Cache), false)
 9 FCPATH\index.php(79): CodeIgniter\CodeIgniter->run()
CRITICAL - 2023-12-30 05:32:33 --> Undefined variable $limit
in APPPATH\Views\pages\keuangan.php on line 13.
 1 APPPATH\Views\pages\keuangan.php(13): CodeIgniter\Debug\Exceptions->errorHandler(2, 'Undefined variable $limit', 'C:\\xampp\\htdocs\\sistaff\\app\\Views\\pages\\keuangan.php', 13)
 2 SYSTEMPATH\View\View.php(228): include('C:\\xampp\\htdocs\\sistaff\\app\\Views\\pages\\keuangan.php')
 3 SYSTEMPATH\View\View.php(231): CodeIgniter\View\View->CodeIgniter\View\{closure}()
 4 SYSTEMPATH\Common.php(1190): CodeIgniter\View\View->render('pages/keuangan', [], true)
 5 APPPATH\Controllers\Page.php(14): view('pages/keuangan', [...])
 6 SYSTEMPATH\CodeIgniter.php(942): App\Controllers\Page->keuangan()
 7 SYSTEMPATH\CodeIgniter.php(502): CodeIgniter\CodeIgniter->runController(Object(App\Controllers\Page))
 8 SYSTEMPATH\CodeIgniter.php(361): CodeIgniter\CodeIgniter->handleRequest(null, Object(Config\Cache), false)
 9 FCPATH\index.php(79): CodeIgniter\CodeIgniter->run()
CRITICAL - 2023-12-30 05:53:00 --> Call to a member function findAll() on null
in APPPATH\Views\pages\keuangan.php on line 13.
 1 SYSTEMPATH\View\View.php(228): include()
 2 SYSTEMPATH\View\View.php(231): CodeIgniter\View\View->CodeIgniter\View\{closure}()
 3 SYSTEMPATH\Common.php(1190): CodeIgniter\View\View->render('pages/keuangan', [], true)
 4 APPPATH\Controllers\Page.php(14): view('pages/keuangan', [...])
 5 SYSTEMPATH\CodeIgniter.php(942): App\Controllers\Page->keuangan()
 6 SYSTEMPATH\CodeIgniter.php(502): CodeIgniter\CodeIgniter->runController(Object(App\Controllers\Page))
 7 SYSTEMPATH\CodeIgniter.php(361): CodeIgniter\CodeIgniter->handleRequest(null, Object(Config\Cache), false)
 8 FCPATH\index.php(79): CodeIgniter\CodeIgniter->run()
CRITICAL - 2023-12-30 05:53:15 --> Trying to access array offset on value of type null
in APPPATH\Views\pages\keuangan.php on line 13.
 1 APPPATH\Views\pages\keuangan.php(13): CodeIgniter\Debug\Exceptions->errorHandler(2, 'Trying to access array offset on value of type null', 'C:\\xampp\\htdocs\\sistaff\\app\\Views\\pages\\keuangan.php', 13)
 2 SYSTEMPATH\View\View.php(228): include('C:\\xampp\\htdocs\\sistaff\\app\\Views\\pages\\keuangan.php')
 3 SYSTEMPATH\View\View.php(231): CodeIgniter\View\View->CodeIgniter\View\{closure}()
 4 SYSTEMPATH\Common.php(1190): CodeIgniter\View\View->render('pages/keuangan', [], true)
 5 APPPATH\Controllers\Page.php(14): view('pages/keuangan', [...])
 6 SYSTEMPATH\CodeIgniter.php(942): App\Controllers\Page->keuangan()
 7 SYSTEMPATH\CodeIgniter.php(502): CodeIgniter\CodeIgniter->runController(Object(App\Controllers\Page))
 8 SYSTEMPATH\CodeIgniter.php(361): CodeIgniter\CodeIgniter->handleRequest(null, Object(Config\Cache), false)
 9 FCPATH\index.php(79): CodeIgniter\CodeIgniter->run()
ERROR - 2023-12-30 07:04:37 --> mysqli_sql_exception: Table 'sistaff.nama' doesn't exist in C:\xampp\htdocs\sistaff\system\Database\MySQLi\Connection.php:306
Stack trace:
#0 C:\xampp\htdocs\sistaff\system\Database\MySQLi\Connection.php(306): mysqli->query('SELECT *\nFROM `...', 0)
#1 C:\xampp\htdocs\sistaff\system\Database\BaseConnection.php(693): CodeIgniter\Database\MySQLi\Connection->execute('SELECT *\nFROM `...')
#2 C:\xampp\htdocs\sistaff\system\Database\BaseConnection.php(607): CodeIgniter\Database\BaseConnection->simpleQuery('SELECT *\nFROM `...')
#3 C:\xampp\htdocs\sistaff\system\Database\BaseBuilder.php(1615): CodeIgniter\Database\BaseConnection->query('SELECT *\nFROM `...', Array, false)
#4 C:\xampp\htdocs\sistaff\system\Model.php(199): CodeIgniter\Database\BaseBuilder->get()
#5 C:\xampp\htdocs\sistaff\system\BaseModel.php(563): CodeIgniter\Model->doFind(false, NULL)
#6 C:\xampp\htdocs\sistaff\app\Views\pages\keuangan.php(13): CodeIgniter\BaseModel->find()
#7 C:\xampp\htdocs\sistaff\system\View\View.php(228): include('C:\\xampp\\htdocs...')
#8 C:\xampp\htdocs\sistaff\system\View\View.php(231): CodeIgniter\View\View->CodeIgniter\View\{closure}()
#9 C:\xampp\htdocs\sistaff\system\Common.php(1190): CodeIgniter\View\View->render('pages/keuangan', Array, true)
#10 C:\xampp\htdocs\sistaff\app\Controllers\Page.php(14): view('pages/keuangan', Array)
#11 C:\xampp\htdocs\sistaff\system\CodeIgniter.php(942): App\Controllers\Page->keuangan()
#12 C:\xampp\htdocs\sistaff\system\CodeIgniter.php(502): CodeIgniter\CodeIgniter->runController(Object(App\Controllers\Page))
#13 C:\xampp\htdocs\sistaff\system\CodeIgniter.php(361): CodeIgniter\CodeIgniter->handleRequest(NULL, Object(Config\Cache), false)
#14 C:\xampp\htdocs\sistaff\public\index.php(79): CodeIgniter\CodeIgniter->run()
#15 {main}
CRITICAL - 2023-12-30 07:04:37 --> Table 'sistaff.nama' doesn't exist
in SYSTEMPATH\Database\BaseConnection.php on line 647.
 1 SYSTEMPATH\Database\BaseBuilder.php(1615): CodeIgniter\Database\BaseConnection->query('SELECT *
FROM `transfer`
JOIN `nama` ON `nama`.`santri` = `nama`.`transfer`
ORDER BY `tanggal` DESC
 LIMIT 5', [], false)
 2 SYSTEMPATH\Model.php(199): CodeIgniter\Database\BaseBuilder->get()
 3 SYSTEMPATH\BaseModel.php(563): CodeIgniter\Model->doFind(false, null)
 4 APPPATH\Views\pages\keuangan.php(13): CodeIgniter\BaseModel->find()
 5 SYSTEMPATH\View\View.php(228): include('C:\\xampp\\htdocs\\sistaff\\app\\Views\\pages\\keuangan.php')
 6 SYSTEMPATH\View\View.php(231): CodeIgniter\View\View->CodeIgniter\View\{closure}()
 7 SYSTEMPATH\Common.php(1190): CodeIgniter\View\View->render('pages/keuangan', [], true)
 8 APPPATH\Controllers\Page.php(14): view('pages/keuangan', [...])
 9 SYSTEMPATH\CodeIgniter.php(942): App\Controllers\Page->keuangan()
10 SYSTEMPATH\CodeIgniter.php(502): CodeIgniter\CodeIgniter->runController(Object(App\Controllers\Page))
11 SYSTEMPATH\CodeIgniter.php(361): CodeIgniter\CodeIgniter->handleRequest(null, Object(Config\Cache), false)
12 FCPATH\index.php(79): CodeIgniter\CodeIgniter->run()
ERROR - 2023-12-30 07:05:33 --> mysqli_sql_exception: Table 'sistaff.nama' doesn't exist in C:\xampp\htdocs\sistaff\system\Database\MySQLi\Connection.php:306
Stack trace:
#0 C:\xampp\htdocs\sistaff\system\Database\MySQLi\Connection.php(306): mysqli->query('SELECT *\nFROM `...', 0)
#1 C:\xampp\htdocs\sistaff\system\Database\BaseConnection.php(693): CodeIgniter\Database\MySQLi\Connection->execute('SELECT *\nFROM `...')
#2 C:\xampp\htdocs\sistaff\system\Database\BaseConnection.php(607): CodeIgniter\Database\BaseConnection->simpleQuery('SELECT *\nFROM `...')
#3 C:\xampp\htdocs\sistaff\system\Database\BaseBuilder.php(1615): CodeIgniter\Database\BaseConnection->query('SELECT *\nFROM `...', Array, false)
#4 C:\xampp\htdocs\sistaff\system\Model.php(199): CodeIgniter\Database\BaseBuilder->get()
#5 C:\xampp\htdocs\sistaff\system\BaseModel.php(563): CodeIgniter\Model->doFind(false, NULL)
#6 C:\xampp\htdocs\sistaff\app\Views\pages\keuangan.php(13): CodeIgniter\BaseModel->find()
#7 C:\xampp\htdocs\sistaff\system\View\View.php(228): include('C:\\xampp\\htdocs...')
#8 C:\xampp\htdocs\sistaff\system\View\View.php(231): CodeIgniter\View\View->CodeIgniter\View\{closure}()
#9 C:\xampp\htdocs\sistaff\system\Common.php(1190): CodeIgniter\View\View->render('pages/keuangan', Array, true)
#10 C:\xampp\htdocs\sistaff\app\Controllers\Page.php(14): view('pages/keuangan', Array)
#11 C:\xampp\htdocs\sistaff\system\CodeIgniter.php(942): App\Controllers\Page->keuangan()
#12 C:\xampp\htdocs\sistaff\system\CodeIgniter.php(502): CodeIgniter\CodeIgniter->runController(Object(App\Controllers\Page))
#13 C:\xampp\htdocs\sistaff\system\CodeIgniter.php(361): CodeIgniter\CodeIgniter->handleRequest(NULL, Object(Config\Cache), false)
#14 C:\xampp\htdocs\sistaff\public\index.php(79): CodeIgniter\CodeIgniter->run()
#15 {main}
CRITICAL - 2023-12-30 07:05:33 --> Table 'sistaff.nama' doesn't exist
in SYSTEMPATH\Database\BaseConnection.php on line 647.
 1 SYSTEMPATH\Database\BaseBuilder.php(1615): CodeIgniter\Database\BaseConnection->query('SELECT *
FROM `transfer`
RIGHT JOIN `nama` ON `nama`.`santri` = `nama`.`transfer`
ORDER BY `tanggal` DESC
 LIMIT 5', [], false)
 2 SYSTEMPATH\Model.php(199): CodeIgniter\Database\BaseBuilder->get()
 3 SYSTEMPATH\BaseModel.php(563): CodeIgniter\Model->doFind(false, null)
 4 APPPATH\Views\pages\keuangan.php(13): CodeIgniter\BaseModel->find()
 5 SYSTEMPATH\View\View.php(228): include('C:\\xampp\\htdocs\\sistaff\\app\\Views\\pages\\keuangan.php')
 6 SYSTEMPATH\View\View.php(231): CodeIgniter\View\View->CodeIgniter\View\{closure}()
 7 SYSTEMPATH\Common.php(1190): CodeIgniter\View\View->render('pages/keuangan', [], true)
 8 APPPATH\Controllers\Page.php(14): view('pages/keuangan', [...])
 9 SYSTEMPATH\CodeIgniter.php(942): App\Controllers\Page->keuangan()
10 SYSTEMPATH\CodeIgniter.php(502): CodeIgniter\CodeIgniter->runController(Object(App\Controllers\Page))
11 SYSTEMPATH\CodeIgniter.php(361): CodeIgniter\CodeIgniter->handleRequest(null, Object(Config\Cache), false)
12 FCPATH\index.php(79): CodeIgniter\CodeIgniter->run()
ERROR - 2023-12-30 07:05:37 --> mysqli_sql_exception: Table 'sistaff.nama' doesn't exist in C:\xampp\htdocs\sistaff\system\Database\MySQLi\Connection.php:306
Stack trace:
#0 C:\xampp\htdocs\sistaff\system\Database\MySQLi\Connection.php(306): mysqli->query('SELECT *\nFROM `...', 0)
#1 C:\xampp\htdocs\sistaff\system\Database\BaseConnection.php(693): CodeIgniter\Database\MySQLi\Connection->execute('SELECT *\nFROM `...')
#2 C:\xampp\htdocs\sistaff\system\Database\BaseConnection.php(607): CodeIgniter\Database\BaseConnection->simpleQuery('SELECT *\nFROM `...')
#3 C:\xampp\htdocs\sistaff\system\Database\BaseBuilder.php(1615): CodeIgniter\Database\BaseConnection->query('SELECT *\nFROM `...', Array, false)
#4 C:\xampp\htdocs\sistaff\system\Model.php(199): CodeIgniter\Database\BaseBuilder->get()
#5 C:\xampp\htdocs\sistaff\system\BaseModel.php(563): CodeIgniter\Model->doFind(false, NULL)
#6 C:\xampp\htdocs\sistaff\app\Views\pages\keuangan.php(13): CodeIgniter\BaseModel->find()
#7 C:\xampp\htdocs\sistaff\system\View\View.php(228): include('C:\\xampp\\htdocs...')
#8 C:\xampp\htdocs\sistaff\system\View\View.php(231): CodeIgniter\View\View->CodeIgniter\View\{closure}()
#9 C:\xampp\htdocs\sistaff\system\Common.php(1190): CodeIgniter\View\View->render('pages/keuangan', Array, true)
#10 C:\xampp\htdocs\sistaff\app\Controllers\Page.php(14): view('pages/keuangan', Array)
#11 C:\xampp\htdocs\sistaff\system\CodeIgniter.php(942): App\Controllers\Page->keuangan()
#12 C:\xampp\htdocs\sistaff\system\CodeIgniter.php(502): CodeIgniter\CodeIgniter->runController(Object(App\Controllers\Page))
#13 C:\xampp\htdocs\sistaff\system\CodeIgniter.php(361): CodeIgniter\CodeIgniter->handleRequest(NULL, Object(Config\Cache), false)
#14 C:\xampp\htdocs\sistaff\public\index.php(79): CodeIgniter\CodeIgniter->run()
#15 {main}
CRITICAL - 2023-12-30 07:05:37 --> Table 'sistaff.nama' doesn't exist
in SYSTEMPATH\Database\BaseConnection.php on line 647.
 1 SYSTEMPATH\Database\BaseBuilder.php(1615): CodeIgniter\Database\BaseConnection->query('SELECT *
FROM `transfer`
LEFT JOIN `nama` ON `nama`.`santri` = `nama`.`transfer`
ORDER BY `tanggal` DESC
 LIMIT 5', [], false)
 2 SYSTEMPATH\Model.php(199): CodeIgniter\Database\BaseBuilder->get()
 3 SYSTEMPATH\BaseModel.php(563): CodeIgniter\Model->doFind(false, null)
 4 APPPATH\Views\pages\keuangan.php(13): CodeIgniter\BaseModel->find()
 5 SYSTEMPATH\View\View.php(228): include('C:\\xampp\\htdocs\\sistaff\\app\\Views\\pages\\keuangan.php')
 6 SYSTEMPATH\View\View.php(231): CodeIgniter\View\View->CodeIgniter\View\{closure}()
 7 SYSTEMPATH\Common.php(1190): CodeIgniter\View\View->render('pages/keuangan', [], true)
 8 APPPATH\Controllers\Page.php(14): view('pages/keuangan', [...])
 9 SYSTEMPATH\CodeIgniter.php(942): App\Controllers\Page->keuangan()
10 SYSTEMPATH\CodeIgniter.php(502): CodeIgniter\CodeIgniter->runController(Object(App\Controllers\Page))
11 SYSTEMPATH\CodeIgniter.php(361): CodeIgniter\CodeIgniter->handleRequest(null, Object(Config\Cache), false)
12 FCPATH\index.php(79): CodeIgniter\CodeIgniter->run()
CRITICAL - 2023-12-30 07:05:45 --> Undefined constant "left"
in APPPATH\Views\pages\keuangan.php on line 13.
 1 SYSTEMPATH\View\View.php(228): include()
 2 SYSTEMPATH\View\View.php(231): CodeIgniter\View\View->CodeIgniter\View\{closure}()
 3 SYSTEMPATH\Common.php(1190): CodeIgniter\View\View->render('pages/keuangan', [], true)
 4 APPPATH\Controllers\Page.php(14): view('pages/keuangan', [...])
 5 SYSTEMPATH\CodeIgniter.php(942): App\Controllers\Page->keuangan()
 6 SYSTEMPATH\CodeIgniter.php(502): CodeIgniter\CodeIgniter->runController(Object(App\Controllers\Page))
 7 SYSTEMPATH\CodeIgniter.php(361): CodeIgniter\CodeIgniter->handleRequest(null, Object(Config\Cache), false)
 8 FCPATH\index.php(79): CodeIgniter\CodeIgniter->run()
CRITICAL - 2023-12-30 07:06:00 --> Call to undefined method App\Models\TransferModel::innerjoin
in SYSTEMPATH\Model.php on line 873.
 1 APPPATH\Views\pages\keuangan.php(13): CodeIgniter\Model->__call('innerjoin', [...])
 2 SYSTEMPATH\View\View.php(228): include('C:\\xampp\\htdocs\\sistaff\\app\\Views\\pages\\keuangan.php')
 3 SYSTEMPATH\View\View.php(231): CodeIgniter\View\View->CodeIgniter\View\{closure}()
 4 SYSTEMPATH\Common.php(1190): CodeIgniter\View\View->render('pages/keuangan', [], true)
 5 APPPATH\Controllers\Page.php(14): view('pages/keuangan', [...])
 6 SYSTEMPATH\CodeIgniter.php(942): App\Controllers\Page->keuangan()
 7 SYSTEMPATH\CodeIgniter.php(502): CodeIgniter\CodeIgniter->runController(Object(App\Controllers\Page))
 8 SYSTEMPATH\CodeIgniter.php(361): CodeIgniter\CodeIgniter->handleRequest(null, Object(Config\Cache), false)
 9 FCPATH\index.php(79): CodeIgniter\CodeIgniter->run()
CRITICAL - 2023-12-30 07:18:35 --> Too few arguments to function CodeIgniter\Database\BaseBuilder::join(), 1 passed in C:\xampp\htdocs\sistaff\system\Model.php on line 871 and at least 2 expected
in SYSTEMPATH\Database\BaseBuilder.php on line 617.
 1 SYSTEMPATH\Model.php(871): CodeIgniter\Database\BaseBuilder->join('transfer.nisn=santri.nisn')
 2 APPPATH\Views\pages\keuangan.php(13): CodeIgniter\Model->__call('join', [...])
 3 SYSTEMPATH\View\View.php(228): include('C:\\xampp\\htdocs\\sistaff\\app\\Views\\pages\\keuangan.php')
 4 SYSTEMPATH\View\View.php(231): CodeIgniter\View\View->CodeIgniter\View\{closure}()
 5 SYSTEMPATH\Common.php(1190): CodeIgniter\View\View->render('pages/keuangan', [], true)
 6 APPPATH\Controllers\Page.php(14): view('pages/keuangan', [...])
 7 SYSTEMPATH\CodeIgniter.php(942): App\Controllers\Page->keuangan()
 8 SYSTEMPATH\CodeIgniter.php(502): CodeIgniter\CodeIgniter->runController(Object(App\Controllers\Page))
 9 SYSTEMPATH\CodeIgniter.php(361): CodeIgniter\CodeIgniter->handleRequest(null, Object(Config\Cache), false)
10 FCPATH\index.php(79): CodeIgniter\CodeIgniter->run()
CRITICAL - 2023-12-30 07:18:52 --> Too few arguments to function CodeIgniter\Database\BaseBuilder::join(), 1 passed in C:\xampp\htdocs\sistaff\system\Model.php on line 871 and at least 2 expected
in SYSTEMPATH\Database\BaseBuilder.php on line 617.
 1 SYSTEMPATH\Model.php(871): CodeIgniter\Database\BaseBuilder->join('transfer.nisn = santri.nisn')
 2 APPPATH\Views\pages\keuangan.php(13): CodeIgniter\Model->__call('join', [...])
 3 SYSTEMPATH\View\View.php(228): include('C:\\xampp\\htdocs\\sistaff\\app\\Views\\pages\\keuangan.php')
 4 SYSTEMPATH\View\View.php(231): CodeIgniter\View\View->CodeIgniter\View\{closure}()
 5 SYSTEMPATH\Common.php(1190): CodeIgniter\View\View->render('pages/keuangan', [], true)
 6 APPPATH\Controllers\Page.php(14): view('pages/keuangan', [...])
 7 SYSTEMPATH\CodeIgniter.php(942): App\Controllers\Page->keuangan()
 8 SYSTEMPATH\CodeIgniter.php(502): CodeIgniter\CodeIgniter->runController(Object(App\Controllers\Page))
 9 SYSTEMPATH\CodeIgniter.php(361): CodeIgniter\CodeIgniter->handleRequest(null, Object(Config\Cache), false)
10 FCPATH\index.php(79): CodeIgniter\CodeIgniter->run()
ERROR - 2023-12-30 07:19:15 --> mysqli_sql_exception: You have an error in your SQL syntax; check the manual that corresponds to your MariaDB server version for the right syntax to use near '.`nisn` USING (`left`)
ORDER BY `tanggal` DESC' at line 3 in C:\xampp\htdocs\sistaff\system\Database\MySQLi\Connection.php:306
Stack trace:
#0 C:\xampp\htdocs\sistaff\system\Database\MySQLi\Connection.php(306): mysqli->query('SELECT *\nFROM `...', 0)
#1 C:\xampp\htdocs\sistaff\system\Database\BaseConnection.php(693): CodeIgniter\Database\MySQLi\Connection->execute('SELECT *\nFROM `...')
#2 C:\xampp\htdocs\sistaff\system\Database\BaseConnection.php(607): CodeIgniter\Database\BaseConnection->simpleQuery('SELECT *\nFROM `...')
#3 C:\xampp\htdocs\sistaff\system\Database\BaseBuilder.php(1615): CodeIgniter\Database\BaseConnection->query('SELECT *\nFROM `...', Array, false)
#4 C:\xampp\htdocs\sistaff\system\Model.php(199): CodeIgniter\Database\BaseBuilder->get()
#5 C:\xampp\htdocs\sistaff\system\BaseModel.php(563): CodeIgniter\Model->doFind(false, NULL)
#6 C:\xampp\htdocs\sistaff\app\Views\pages\keuangan.php(13): CodeIgniter\BaseModel->find()
#7 C:\xampp\htdocs\sistaff\system\View\View.php(228): include('C:\\xampp\\htdocs...')
#8 C:\xampp\htdocs\sistaff\system\View\View.php(231): CodeIgniter\View\View->CodeIgniter\View\{closure}()
#9 C:\xampp\htdocs\sistaff\system\Common.php(1190): CodeIgniter\View\View->render('pages/keuangan', Array, true)
#10 C:\xampp\htdocs\sistaff\app\Controllers\Page.php(14): view('pages/keuangan', Array)
#11 C:\xampp\htdocs\sistaff\system\CodeIgniter.php(942): App\Controllers\Page->keuangan()
#12 C:\xampp\htdocs\sistaff\system\CodeIgniter.php(502): CodeIgniter\CodeIgniter->runController(Object(App\Controllers\Page))
#13 C:\xampp\htdocs\sistaff\system\CodeIgniter.php(361): CodeIgniter\CodeIgniter->handleRequest(NULL, Object(Config\Cache), false)
#14 C:\xampp\htdocs\sistaff\public\index.php(79): CodeIgniter\CodeIgniter->run()
#15 {main}
CRITICAL - 2023-12-30 07:19:15 --> You have an error in your SQL syntax; check the manual that corresponds to your MariaDB server version for the right syntax to use near '.`nisn` USING (`left`)
ORDER BY `tanggal` DESC' at line 3
in SYSTEMPATH\Database\BaseConnection.php on line 647.
 1 SYSTEMPATH\Database\BaseBuilder.php(1615): CodeIgniter\Database\BaseConnection->query('SELECT *
FROM `transfer`
JOIN `transfer`.`nisn =` `santri`.`nisn` USING (`left`)
ORDER BY `tanggal` DESC', [], false)
 2 SYSTEMPATH\Model.php(199): CodeIgniter\Database\BaseBuilder->get()
 3 SYSTEMPATH\BaseModel.php(563): CodeIgniter\Model->doFind(false, null)
 4 APPPATH\Views\pages\keuangan.php(13): CodeIgniter\BaseModel->find()
 5 SYSTEMPATH\View\View.php(228): include('C:\\xampp\\htdocs\\sistaff\\app\\Views\\pages\\keuangan.php')
 6 SYSTEMPATH\View\View.php(231): CodeIgniter\View\View->CodeIgniter\View\{closure}()
 7 SYSTEMPATH\Common.php(1190): CodeIgniter\View\View->render('pages/keuangan', [], true)
 8 APPPATH\Controllers\Page.php(14): view('pages/keuangan', [...])
 9 SYSTEMPATH\CodeIgniter.php(942): App\Controllers\Page->keuangan()
10 SYSTEMPATH\CodeIgniter.php(502): CodeIgniter\CodeIgniter->runController(Object(App\Controllers\Page))
11 SYSTEMPATH\CodeIgniter.php(361): CodeIgniter\CodeIgniter->handleRequest(null, Object(Config\Cache), false)
12 FCPATH\index.php(79): CodeIgniter\CodeIgniter->run()
CRITICAL - 2023-12-30 07:19:23 --> Too few arguments to function CodeIgniter\Database\BaseBuilder::join(), 1 passed in C:\xampp\htdocs\sistaff\system\Model.php on line 871 and at least 2 expected
in SYSTEMPATH\Database\BaseBuilder.php on line 617.
 1 SYSTEMPATH\Model.php(871): CodeIgniter\Database\BaseBuilder->join('transfer.nisn = santri.nisn')
 2 APPPATH\Views\pages\keuangan.php(13): CodeIgniter\Model->__call('join', [...])
 3 SYSTEMPATH\View\View.php(228): include('C:\\xampp\\htdocs\\sistaff\\app\\Views\\pages\\keuangan.php')
 4 SYSTEMPATH\View\View.php(231): CodeIgniter\View\View->CodeIgniter\View\{closure}()
 5 SYSTEMPATH\Common.php(1190): CodeIgniter\View\View->render('pages/keuangan', [], true)
 6 APPPATH\Controllers\Page.php(14): view('pages/keuangan', [...])
 7 SYSTEMPATH\CodeIgniter.php(942): App\Controllers\Page->keuangan()
 8 SYSTEMPATH\CodeIgniter.php(502): CodeIgniter\CodeIgniter->runController(Object(App\Controllers\Page))
 9 SYSTEMPATH\CodeIgniter.php(361): CodeIgniter\CodeIgniter->handleRequest(null, Object(Config\Cache), false)
10 FCPATH\index.php(79): CodeIgniter\CodeIgniter->run()
CRITICAL - 2023-12-30 08:04:45 --> Too few arguments to function CodeIgniter\Database\BaseBuilder::join(), 0 passed in C:\xampp\htdocs\sistaff\system\Model.php on line 871 and at least 2 expected
in SYSTEMPATH\Database\BaseBuilder.php on line 617.
 1 SYSTEMPATH\Model.php(871): CodeIgniter\Database\BaseBuilder->join()
 2 APPPATH\Views\pages\keuangan.php(13): CodeIgniter\Model->__call('join', [])
 3 SYSTEMPATH\View\View.php(228): include('C:\\xampp\\htdocs\\sistaff\\app\\Views\\pages\\keuangan.php')
 4 SYSTEMPATH\View\View.php(231): CodeIgniter\View\View->CodeIgniter\View\{closure}()
 5 SYSTEMPATH\Common.php(1190): CodeIgniter\View\View->render('pages/keuangan', [], true)
 6 APPPATH\Controllers\Page.php(14): view('pages/keuangan', [...])
 7 SYSTEMPATH\CodeIgniter.php(942): App\Controllers\Page->keuangan()
 8 SYSTEMPATH\CodeIgniter.php(502): CodeIgniter\CodeIgniter->runController(Object(App\Controllers\Page))
 9 SYSTEMPATH\CodeIgniter.php(361): CodeIgniter\CodeIgniter->handleRequest(null, Object(Config\Cache), false)
10 FCPATH\index.php(79): CodeIgniter\CodeIgniter->run()
CRITICAL - 2023-12-30 08:07:52 --> Too few arguments to function CodeIgniter\Database\BaseBuilder::join(), 0 passed in C:\xampp\htdocs\sistaff\system\Model.php on line 871 and at least 2 expected
in SYSTEMPATH\Database\BaseBuilder.php on line 617.
 1 SYSTEMPATH\Model.php(871): CodeIgniter\Database\BaseBuilder->join()
 2 APPPATH\Views\pages\keuangan.php(13): CodeIgniter\Model->__call('join', [])
 3 SYSTEMPATH\View\View.php(228): include('C:\\xampp\\htdocs\\sistaff\\app\\Views\\pages\\keuangan.php')
 4 SYSTEMPATH\View\View.php(231): CodeIgniter\View\View->CodeIgniter\View\{closure}()
 5 SYSTEMPATH\Common.php(1190): CodeIgniter\View\View->render('pages/keuangan', [], true)
 6 APPPATH\Controllers\Page.php(14): view('pages/keuangan', [...])
 7 SYSTEMPATH\CodeIgniter.php(942): App\Controllers\Page->keuangan()
 8 SYSTEMPATH\CodeIgniter.php(502): CodeIgniter\CodeIgniter->runController(Object(App\Controllers\Page))
 9 SYSTEMPATH\CodeIgniter.php(361): CodeIgniter\CodeIgniter->handleRequest(null, Object(Config\Cache), false)
10 FCPATH\index.php(79): CodeIgniter\CodeIgniter->run()
CRITICAL - 2023-12-30 10:01:17 --> Class "KwitansiModel" not found
in APPPATH\Views\pages\keuangan.php on line 11.
 1 SYSTEMPATH\View\View.php(228): include()
 2 SYSTEMPATH\View\View.php(231): CodeIgniter\View\View->CodeIgniter\View\{closure}()
 3 SYSTEMPATH\Common.php(1190): CodeIgniter\View\View->render('pages/keuangan', [], true)
 4 APPPATH\Controllers\Page.php(14): view('pages/keuangan', [...])
 5 SYSTEMPATH\CodeIgniter.php(942): App\Controllers\Page->keuangan()
 6 SYSTEMPATH\CodeIgniter.php(502): CodeIgniter\CodeIgniter->runController(Object(App\Controllers\Page))
 7 SYSTEMPATH\CodeIgniter.php(361): CodeIgniter\CodeIgniter->handleRequest(null, Object(Config\Cache), false)
 8 FCPATH\index.php(79): CodeIgniter\CodeIgniter->run()
CRITICAL - 2023-12-30 10:06:07 --> Class "KwitansiModel" not found
in APPPATH\Views\pages\keuangan.php on line 11.
 1 SYSTEMPATH\View\View.php(228): include()
 2 SYSTEMPATH\View\View.php(231): CodeIgniter\View\View->CodeIgniter\View\{closure}()
 3 SYSTEMPATH\Common.php(1190): CodeIgniter\View\View->render('pages/keuangan', [], true)
 4 APPPATH\Controllers\Page.php(14): view('pages/keuangan', [...])
 5 SYSTEMPATH\CodeIgniter.php(942): App\Controllers\Page->keuangan()
 6 SYSTEMPATH\CodeIgniter.php(502): CodeIgniter\CodeIgniter->runController(Object(App\Controllers\Page))
 7 SYSTEMPATH\CodeIgniter.php(361): CodeIgniter\CodeIgniter->handleRequest(null, Object(Config\Cache), false)
 8 FCPATH\index.php(79): CodeIgniter\CodeIgniter->run()
CRITICAL - 2023-12-30 10:07:08 --> Class "KwitansiModel" not found
in APPPATH\Views\pages\keuangan.php on line 11.
 1 SYSTEMPATH\View\View.php(228): include()
 2 SYSTEMPATH\View\View.php(231): CodeIgniter\View\View->CodeIgniter\View\{closure}()
 3 SYSTEMPATH\Common.php(1190): CodeIgniter\View\View->render('pages/keuangan', [], true)
 4 APPPATH\Controllers\Page.php(14): view('pages/keuangan', [...])
 5 SYSTEMPATH\CodeIgniter.php(942): App\Controllers\Page->keuangan()
 6 SYSTEMPATH\CodeIgniter.php(502): CodeIgniter\CodeIgniter->runController(Object(App\Controllers\Page))
 7 SYSTEMPATH\CodeIgniter.php(361): CodeIgniter\CodeIgniter->handleRequest(null, Object(Config\Cache), false)
 8 FCPATH\index.php(79): CodeIgniter\CodeIgniter->run()
CRITICAL - 2023-12-30 10:07:21 --> Class "KwitansiModel" not found
in APPPATH\Views\pages\keuangan.php on line 11.
 1 SYSTEMPATH\View\View.php(228): include()
 2 SYSTEMPATH\View\View.php(231): CodeIgniter\View\View->CodeIgniter\View\{closure}()
 3 SYSTEMPATH\Common.php(1190): CodeIgniter\View\View->render('pages/keuangan', [], true)
 4 APPPATH\Controllers\Page.php(14): view('pages/keuangan', [...])
 5 SYSTEMPATH\CodeIgniter.php(942): App\Controllers\Page->keuangan()
 6 SYSTEMPATH\CodeIgniter.php(502): CodeIgniter\CodeIgniter->runController(Object(App\Controllers\Page))
 7 SYSTEMPATH\CodeIgniter.php(361): CodeIgniter\CodeIgniter->handleRequest(null, Object(Config\Cache), false)
 8 FCPATH\index.php(79): CodeIgniter\CodeIgniter->run()
CRITICAL - 2023-12-30 10:07:31 --> Class "KwitansiModel" not found
in APPPATH\Views\pages\keuangan.php on line 11.
 1 SYSTEMPATH\View\View.php(228): include()
 2 SYSTEMPATH\View\View.php(231): CodeIgniter\View\View->CodeIgniter\View\{closure}()
 3 SYSTEMPATH\Common.php(1190): CodeIgniter\View\View->render('pages/keuangan', [], true)
 4 APPPATH\Controllers\Page.php(14): view('pages/keuangan', [...])
 5 SYSTEMPATH\CodeIgniter.php(942): App\Controllers\Page->keuangan()
 6 SYSTEMPATH\CodeIgniter.php(502): CodeIgniter\CodeIgniter->runController(Object(App\Controllers\Page))
 7 SYSTEMPATH\CodeIgniter.php(361): CodeIgniter\CodeIgniter->handleRequest(null, Object(Config\Cache), false)
 8 FCPATH\index.php(79): CodeIgniter\CodeIgniter->run()
CRITICAL - 2023-12-30 10:08:01 --> Undefined variable $kwitansiModel
in APPPATH\Views\pages\keuangan.php on line 14.
 1 APPPATH\Views\pages\keuangan.php(14): CodeIgniter\Debug\Exceptions->errorHandler(2, 'Undefined variable $kwitansiModel', 'C:\\xampp\\htdocs\\sistaff\\app\\Views\\pages\\keuangan.php', 14)
 2 SYSTEMPATH\View\View.php(228): include('C:\\xampp\\htdocs\\sistaff\\app\\Views\\pages\\keuangan.php')
 3 SYSTEMPATH\View\View.php(231): CodeIgniter\View\View->CodeIgniter\View\{closure}()
 4 SYSTEMPATH\Common.php(1190): CodeIgniter\View\View->render('pages/keuangan', [], true)
 5 APPPATH\Controllers\Page.php(14): view('pages/keuangan', [...])
 6 SYSTEMPATH\CodeIgniter.php(942): App\Controllers\Page->keuangan()
 7 SYSTEMPATH\CodeIgniter.php(502): CodeIgniter\CodeIgniter->runController(Object(App\Controllers\Page))
 8 SYSTEMPATH\CodeIgniter.php(361): CodeIgniter\CodeIgniter->handleRequest(null, Object(Config\Cache), false)
 9 FCPATH\index.php(79): CodeIgniter\CodeIgniter->run()
CRITICAL - 2023-12-30 10:08:37 --> Class "KwitansiModel" not found
in APPPATH\Views\pages\keuangan.php on line 11.
 1 SYSTEMPATH\View\View.php(228): include()
 2 SYSTEMPATH\View\View.php(231): CodeIgniter\View\View->CodeIgniter\View\{closure}()
 3 SYSTEMPATH\Common.php(1190): CodeIgniter\View\View->render('pages/keuangan', [], true)
 4 APPPATH\Controllers\Page.php(14): view('pages/keuangan', [...])
 5 SYSTEMPATH\CodeIgniter.php(942): App\Controllers\Page->keuangan()
 6 SYSTEMPATH\CodeIgniter.php(502): CodeIgniter\CodeIgniter->runController(Object(App\Controllers\Page))
 7 SYSTEMPATH\CodeIgniter.php(361): CodeIgniter\CodeIgniter->handleRequest(null, Object(Config\Cache), false)
 8 FCPATH\index.php(79): CodeIgniter\CodeIgniter->run()
ERROR - 2023-12-30 10:10:48 --> mysqli_sql_exception: Unknown column 'transfer.nama' in 'on clause' in C:\xampp\htdocs\sistaff\system\Database\MySQLi\Connection.php:306
Stack trace:
#0 C:\xampp\htdocs\sistaff\system\Database\MySQLi\Connection.php(306): mysqli->query('SELECT *\nFROM `...', 0)
#1 C:\xampp\htdocs\sistaff\system\Database\BaseConnection.php(693): CodeIgniter\Database\MySQLi\Connection->execute('SELECT *\nFROM `...')
#2 C:\xampp\htdocs\sistaff\system\Database\BaseConnection.php(607): CodeIgniter\Database\BaseConnection->simpleQuery('SELECT *\nFROM `...')
#3 C:\xampp\htdocs\sistaff\system\Database\BaseBuilder.php(1615): CodeIgniter\Database\BaseConnection->query('SELECT *\nFROM `...', Array, false)
#4 C:\xampp\htdocs\sistaff\app\Models\KwitansiModel.php(12): CodeIgniter\Database\BaseBuilder->get()
#5 C:\xampp\htdocs\sistaff\app\Views\pages\keuangan.php(13): App\Models\KwitansiModel->getKwitansi()
#6 C:\xampp\htdocs\sistaff\system\View\View.php(228): include('C:\\xampp\\htdocs...')
#7 C:\xampp\htdocs\sistaff\system\View\View.php(231): CodeIgniter\View\View->CodeIgniter\View\{closure}()
#8 C:\xampp\htdocs\sistaff\system\Common.php(1190): CodeIgniter\View\View->render('pages/keuangan', Array, true)
#9 C:\xampp\htdocs\sistaff\app\Controllers\Page.php(14): view('pages/keuangan', Array)
#10 C:\xampp\htdocs\sistaff\system\CodeIgniter.php(942): App\Controllers\Page->keuangan()
#11 C:\xampp\htdocs\sistaff\system\CodeIgniter.php(502): CodeIgniter\CodeIgniter->runController(Object(App\Controllers\Page))
#12 C:\xampp\htdocs\sistaff\system\CodeIgniter.php(361): CodeIgniter\CodeIgniter->handleRequest(NULL, Object(Config\Cache), false)
#13 C:\xampp\htdocs\sistaff\public\index.php(79): CodeIgniter\CodeIgniter->run()
#14 {main}
CRITICAL - 2023-12-30 10:10:48 --> Unknown column 'transfer.nama' in 'on clause'
in SYSTEMPATH\Database\BaseConnection.php on line 647.
 1 SYSTEMPATH\Database\BaseBuilder.php(1615): CodeIgniter\Database\BaseConnection->query('SELECT *
FROM `transfer`
JOIN `santri` ON `santri`.`nama` = `transfer`.`nama`', [], false)
 2 APPPATH\Models\KwitansiModel.php(12): CodeIgniter\Database\BaseBuilder->get()
 3 APPPATH\Views\pages\keuangan.php(13): App\Models\KwitansiModel->getKwitansi()
 4 SYSTEMPATH\View\View.php(228): include('C:\\xampp\\htdocs\\sistaff\\app\\Views\\pages\\keuangan.php')
 5 SYSTEMPATH\View\View.php(231): CodeIgniter\View\View->CodeIgniter\View\{closure}()
 6 SYSTEMPATH\Common.php(1190): CodeIgniter\View\View->render('pages/keuangan', [], true)
 7 APPPATH\Controllers\Page.php(14): view('pages/keuangan', [...])
 8 SYSTEMPATH\CodeIgniter.php(942): App\Controllers\Page->keuangan()
 9 SYSTEMPATH\CodeIgniter.php(502): CodeIgniter\CodeIgniter->runController(Object(App\Controllers\Page))
10 SYSTEMPATH\CodeIgniter.php(361): CodeIgniter\CodeIgniter->handleRequest(null, Object(Config\Cache), false)
11 FCPATH\index.php(79): CodeIgniter\CodeIgniter->run()
CRITICAL - 2023-12-30 10:11:43 --> Undefined variable $transferModel
in APPPATH\Views\pages\keuangan.php on line 15.
 1 APPPATH\Views\pages\keuangan.php(15): CodeIgniter\Debug\Exceptions->errorHandler(2, 'Undefined variable $transferModel', 'C:\\xampp\\htdocs\\sistaff\\app\\Views\\pages\\keuangan.php', 15)
 2 SYSTEMPATH\View\View.php(228): include('C:\\xampp\\htdocs\\sistaff\\app\\Views\\pages\\keuangan.php')
 3 SYSTEMPATH\View\View.php(231): CodeIgniter\View\View->CodeIgniter\View\{closure}()
 4 SYSTEMPATH\Common.php(1190): CodeIgniter\View\View->render('pages/keuangan', [], true)
 5 APPPATH\Controllers\Page.php(14): view('pages/keuangan', [...])
 6 SYSTEMPATH\CodeIgniter.php(942): App\Controllers\Page->keuangan()
 7 SYSTEMPATH\CodeIgniter.php(502): CodeIgniter\CodeIgniter->runController(Object(App\Controllers\Page))
 8 SYSTEMPATH\CodeIgniter.php(361): CodeIgniter\CodeIgniter->handleRequest(null, Object(Config\Cache), false)
 9 FCPATH\index.php(79): CodeIgniter\CodeIgniter->run()
CRITICAL - 2023-12-30 10:12:20 --> Undefined variable $transferModel
in APPPATH\Views\pages\keuangan.php on line 15.
 1 APPPATH\Views\pages\keuangan.php(15): CodeIgniter\Debug\Exceptions->errorHandler(2, 'Undefined variable $transferModel', 'C:\\xampp\\htdocs\\sistaff\\app\\Views\\pages\\keuangan.php', 15)
 2 SYSTEMPATH\View\View.php(228): include('C:\\xampp\\htdocs\\sistaff\\app\\Views\\pages\\keuangan.php')
 3 SYSTEMPATH\View\View.php(231): CodeIgniter\View\View->CodeIgniter\View\{closure}()
 4 SYSTEMPATH\Common.php(1190): CodeIgniter\View\View->render('pages/keuangan', [], true)
 5 APPPATH\Controllers\Page.php(14): view('pages/keuangan', [...])
 6 SYSTEMPATH\CodeIgniter.php(942): App\Controllers\Page->keuangan()
 7 SYSTEMPATH\CodeIgniter.php(502): CodeIgniter\CodeIgniter->runController(Object(App\Controllers\Page))
 8 SYSTEMPATH\CodeIgniter.php(361): CodeIgniter\CodeIgniter->handleRequest(null, Object(Config\Cache), false)
 9 FCPATH\index.php(79): CodeIgniter\CodeIgniter->run()
CRITICAL - 2023-12-30 10:12:21 --> Undefined variable $transferModel
in APPPATH\Views\pages\keuangan.php on line 15.
 1 APPPATH\Views\pages\keuangan.php(15): CodeIgniter\Debug\Exceptions->errorHandler(2, 'Undefined variable $transferModel', 'C:\\xampp\\htdocs\\sistaff\\app\\Views\\pages\\keuangan.php', 15)
 2 SYSTEMPATH\View\View.php(228): include('C:\\xampp\\htdocs\\sistaff\\app\\Views\\pages\\keuangan.php')
 3 SYSTEMPATH\View\View.php(231): CodeIgniter\View\View->CodeIgniter\View\{closure}()
 4 SYSTEMPATH\Common.php(1190): CodeIgniter\View\View->render('pages/keuangan', [], true)
 5 APPPATH\Controllers\Page.php(14): view('pages/keuangan', [...])
 6 SYSTEMPATH\CodeIgniter.php(942): App\Controllers\Page->keuangan()
 7 SYSTEMPATH\CodeIgniter.php(502): CodeIgniter\CodeIgniter->runController(Object(App\Controllers\Page))
 8 SYSTEMPATH\CodeIgniter.php(361): CodeIgniter\CodeIgniter->handleRequest(null, Object(Config\Cache), false)
 9 FCPATH\index.php(79): CodeIgniter\CodeIgniter->run()
CRITICAL - 2023-12-30 10:13:37 --> Class "KwitansiModel" not found
in APPPATH\Views\pages\keuangan.php on line 13.
 1 SYSTEMPATH\View\View.php(228): include()
 2 SYSTEMPATH\View\View.php(231): CodeIgniter\View\View->CodeIgniter\View\{closure}()
 3 SYSTEMPATH\Common.php(1190): CodeIgniter\View\View->render('pages/keuangan', [], true)
 4 APPPATH\Controllers\Page.php(14): view('pages/keuangan', [...])
 5 SYSTEMPATH\CodeIgniter.php(942): App\Controllers\Page->keuangan()
 6 SYSTEMPATH\CodeIgniter.php(502): CodeIgniter\CodeIgniter->runController(Object(App\Controllers\Page))
 7 SYSTEMPATH\CodeIgniter.php(361): CodeIgniter\CodeIgniter->handleRequest(null, Object(Config\Cache), false)
 8 FCPATH\index.php(79): CodeIgniter\CodeIgniter->run()
ERROR - 2023-12-30 10:13:47 --> mysqli_sql_exception: Unknown column 'transfer.nama' in 'on clause' in C:\xampp\htdocs\sistaff\system\Database\MySQLi\Connection.php:306
Stack trace:
#0 C:\xampp\htdocs\sistaff\system\Database\MySQLi\Connection.php(306): mysqli->query('SELECT *\nFROM `...', 0)
#1 C:\xampp\htdocs\sistaff\system\Database\BaseConnection.php(693): CodeIgniter\Database\MySQLi\Connection->execute('SELECT *\nFROM `...')
#2 C:\xampp\htdocs\sistaff\system\Database\BaseConnection.php(607): CodeIgniter\Database\BaseConnection->simpleQuery('SELECT *\nFROM `...')
#3 C:\xampp\htdocs\sistaff\system\Database\BaseBuilder.php(1615): CodeIgniter\Database\BaseConnection->query('SELECT *\nFROM `...', Array, false)
#4 C:\xampp\htdocs\sistaff\app\Models\KwitansiModel.php(12): CodeIgniter\Database\BaseBuilder->get()
#5 C:\xampp\htdocs\sistaff\app\Views\pages\keuangan.php(14): App\Models\KwitansiModel->getKwitansi()
#6 C:\xampp\htdocs\sistaff\system\View\View.php(228): include('C:\\xampp\\htdocs...')
#7 C:\xampp\htdocs\sistaff\system\View\View.php(231): CodeIgniter\View\View->CodeIgniter\View\{closure}()
#8 C:\xampp\htdocs\sistaff\system\Common.php(1190): CodeIgniter\View\View->render('pages/keuangan', Array, true)
#9 C:\xampp\htdocs\sistaff\app\Controllers\Page.php(14): view('pages/keuangan', Array)
#10 C:\xampp\htdocs\sistaff\system\CodeIgniter.php(942): App\Controllers\Page->keuangan()
#11 C:\xampp\htdocs\sistaff\system\CodeIgniter.php(502): CodeIgniter\CodeIgniter->runController(Object(App\Controllers\Page))
#12 C:\xampp\htdocs\sistaff\system\CodeIgniter.php(361): CodeIgniter\CodeIgniter->handleRequest(NULL, Object(Config\Cache), false)
#13 C:\xampp\htdocs\sistaff\public\index.php(79): CodeIgniter\CodeIgniter->run()
#14 {main}
CRITICAL - 2023-12-30 10:13:47 --> Unknown column 'transfer.nama' in 'on clause'
in SYSTEMPATH\Database\BaseConnection.php on line 647.
 1 SYSTEMPATH\Database\BaseBuilder.php(1615): CodeIgniter\Database\BaseConnection->query('SELECT *
FROM `transfer`
JOIN `santri` ON `santri`.`nama` = `transfer`.`nama`', [], false)
 2 APPPATH\Models\KwitansiModel.php(12): CodeIgniter\Database\BaseBuilder->get()
 3 APPPATH\Views\pages\keuangan.php(14): App\Models\KwitansiModel->getKwitansi()
 4 SYSTEMPATH\View\View.php(228): include('C:\\xampp\\htdocs\\sistaff\\app\\Views\\pages\\keuangan.php')
 5 SYSTEMPATH\View\View.php(231): CodeIgniter\View\View->CodeIgniter\View\{closure}()
 6 SYSTEMPATH\Common.php(1190): CodeIgniter\View\View->render('pages/keuangan', [], true)
 7 APPPATH\Controllers\Page.php(14): view('pages/keuangan', [...])
 8 SYSTEMPATH\CodeIgniter.php(942): App\Controllers\Page->keuangan()
 9 SYSTEMPATH\CodeIgniter.php(502): CodeIgniter\CodeIgniter->runController(Object(App\Controllers\Page))
10 SYSTEMPATH\CodeIgniter.php(361): CodeIgniter\CodeIgniter->handleRequest(null, Object(Config\Cache), false)
11 FCPATH\index.php(79): CodeIgniter\CodeIgniter->run()
ERROR - 2023-12-30 10:13:56 --> mysqli_sql_exception: Unknown column 'transfer.nama' in 'on clause' in C:\xampp\htdocs\sistaff\system\Database\MySQLi\Connection.php:306
Stack trace:
#0 C:\xampp\htdocs\sistaff\system\Database\MySQLi\Connection.php(306): mysqli->query('SELECT *\nFROM `...', 0)
#1 C:\xampp\htdocs\sistaff\system\Database\BaseConnection.php(693): CodeIgniter\Database\MySQLi\Connection->execute('SELECT *\nFROM `...')
#2 C:\xampp\htdocs\sistaff\system\Database\BaseConnection.php(607): CodeIgniter\Database\BaseConnection->simpleQuery('SELECT *\nFROM `...')
#3 C:\xampp\htdocs\sistaff\system\Database\BaseBuilder.php(1615): CodeIgniter\Database\BaseConnection->query('SELECT *\nFROM `...', Array, false)
#4 C:\xampp\htdocs\sistaff\app\Models\KwitansiModel.php(12): CodeIgniter\Database\BaseBuilder->get()
#5 C:\xampp\htdocs\sistaff\app\Views\pages\keuangan.php(14): App\Models\KwitansiModel->getKwitansi()
#6 C:\xampp\htdocs\sistaff\system\View\View.php(228): include('C:\\xampp\\htdocs...')
#7 C:\xampp\htdocs\sistaff\system\View\View.php(231): CodeIgniter\View\View->CodeIgniter\View\{closure}()
#8 C:\xampp\htdocs\sistaff\system\Common.php(1190): CodeIgniter\View\View->render('pages/keuangan', Array, true)
#9 C:\xampp\htdocs\sistaff\app\Controllers\Page.php(14): view('pages/keuangan', Array)
#10 C:\xampp\htdocs\sistaff\system\CodeIgniter.php(942): App\Controllers\Page->keuangan()
#11 C:\xampp\htdocs\sistaff\system\CodeIgniter.php(502): CodeIgniter\CodeIgniter->runController(Object(App\Controllers\Page))
#12 C:\xampp\htdocs\sistaff\system\CodeIgniter.php(361): CodeIgniter\CodeIgniter->handleRequest(NULL, Object(Config\Cache), false)
#13 C:\xampp\htdocs\sistaff\public\index.php(79): CodeIgniter\CodeIgniter->run()
#14 {main}
CRITICAL - 2023-12-30 10:13:56 --> Unknown column 'transfer.nama' in 'on clause'
in SYSTEMPATH\Database\BaseConnection.php on line 647.
 1 SYSTEMPATH\Database\BaseBuilder.php(1615): CodeIgniter\Database\BaseConnection->query('SELECT *
FROM `transfer`
JOIN `santri` ON `santri`.`nama` = `transfer`.`nama`', [], false)
 2 APPPATH\Models\KwitansiModel.php(12): CodeIgniter\Database\BaseBuilder->get()
 3 APPPATH\Views\pages\keuangan.php(14): App\Models\KwitansiModel->getKwitansi()
 4 SYSTEMPATH\View\View.php(228): include('C:\\xampp\\htdocs\\sistaff\\app\\Views\\pages\\keuangan.php')
 5 SYSTEMPATH\View\View.php(231): CodeIgniter\View\View->CodeIgniter\View\{closure}()
 6 SYSTEMPATH\Common.php(1190): CodeIgniter\View\View->render('pages/keuangan', [], true)
 7 APPPATH\Controllers\Page.php(14): view('pages/keuangan', [...])
 8 SYSTEMPATH\CodeIgniter.php(942): App\Controllers\Page->keuangan()
 9 SYSTEMPATH\CodeIgniter.php(502): CodeIgniter\CodeIgniter->runController(Object(App\Controllers\Page))
10 SYSTEMPATH\CodeIgniter.php(361): CodeIgniter\CodeIgniter->handleRequest(null, Object(Config\Cache), false)
11 FCPATH\index.php(79): CodeIgniter\CodeIgniter->run()
CRITICAL - 2023-12-30 10:16:35 --> Call to undefined function limit()
in APPPATH\Views\pages\keuangan.php on line 16.
 1 SYSTEMPATH\View\View.php(228): include()
 2 SYSTEMPATH\View\View.php(231): CodeIgniter\View\View->CodeIgniter\View\{closure}()
 3 SYSTEMPATH\Common.php(1190): CodeIgniter\View\View->render('pages/keuangan', [], true)
 4 APPPATH\Controllers\Page.php(14): view('pages/keuangan', [...])
 5 SYSTEMPATH\CodeIgniter.php(942): App\Controllers\Page->keuangan()
 6 SYSTEMPATH\CodeIgniter.php(502): CodeIgniter\CodeIgniter->runController(Object(App\Controllers\Page))
 7 SYSTEMPATH\CodeIgniter.php(361): CodeIgniter\CodeIgniter->handleRequest(null, Object(Config\Cache), false)
 8 FCPATH\index.php(79): CodeIgniter\CodeIgniter->run()
CRITICAL - 2023-12-30 10:17:02 --> Undefined variable $limit
in APPPATH\Views\pages\keuangan.php on line 16.
 1 APPPATH\Views\pages\keuangan.php(16): CodeIgniter\Debug\Exceptions->errorHandler(2, 'Undefined variable $limit', 'C:\\xampp\\htdocs\\sistaff\\app\\Views\\pages\\keuangan.php', 16)
 2 SYSTEMPATH\View\View.php(228): include('C:\\xampp\\htdocs\\sistaff\\app\\Views\\pages\\keuangan.php')
 3 SYSTEMPATH\View\View.php(231): CodeIgniter\View\View->CodeIgniter\View\{closure}()
 4 SYSTEMPATH\Common.php(1190): CodeIgniter\View\View->render('pages/keuangan', [], true)
 5 APPPATH\Controllers\Page.php(14): view('pages/keuangan', [...])
 6 SYSTEMPATH\CodeIgniter.php(942): App\Controllers\Page->keuangan()
 7 SYSTEMPATH\CodeIgniter.php(502): CodeIgniter\CodeIgniter->runController(Object(App\Controllers\Page))
 8 SYSTEMPATH\CodeIgniter.php(361): CodeIgniter\CodeIgniter->handleRequest(null, Object(Config\Cache), false)
 9 FCPATH\index.php(79): CodeIgniter\CodeIgniter->run()
CRITICAL - 2023-12-30 10:17:05 --> Call to undefined function limit()
in APPPATH\Views\pages\keuangan.php on line 16.
 1 SYSTEMPATH\View\View.php(228): include()
 2 SYSTEMPATH\View\View.php(231): CodeIgniter\View\View->CodeIgniter\View\{closure}()
 3 SYSTEMPATH\Common.php(1190): CodeIgniter\View\View->render('pages/keuangan', [], true)
 4 APPPATH\Controllers\Page.php(14): view('pages/keuangan', [...])
 5 SYSTEMPATH\CodeIgniter.php(942): App\Controllers\Page->keuangan()
 6 SYSTEMPATH\CodeIgniter.php(502): CodeIgniter\CodeIgniter->runController(Object(App\Controllers\Page))
 7 SYSTEMPATH\CodeIgniter.php(361): CodeIgniter\CodeIgniter->handleRequest(null, Object(Config\Cache), false)
 8 FCPATH\index.php(79): CodeIgniter\CodeIgniter->run()
CRITICAL - 2023-12-30 10:39:11 --> Undefined property: CodeIgniter\View\View::$transfer
in APPPATH\Views\pages\keuangan.php on line 14.
 1 APPPATH\Views\pages\keuangan.php(14): CodeIgniter\Debug\Exceptions->errorHandler(2, 'Undefined property: CodeIgniter\\View\\View::$transfer', 'C:\\xampp\\htdocs\\sistaff\\app\\Views\\pages\\keuangan.php', 14)
 2 SYSTEMPATH\View\View.php(228): include('C:\\xampp\\htdocs\\sistaff\\app\\Views\\pages\\keuangan.php')
 3 SYSTEMPATH\View\View.php(231): CodeIgniter\View\View->CodeIgniter\View\{closure}()
 4 SYSTEMPATH\Common.php(1190): CodeIgniter\View\View->render('pages/keuangan', [], true)
 5 APPPATH\Controllers\Page.php(14): view('pages/keuangan', [...])
 6 SYSTEMPATH\CodeIgniter.php(942): App\Controllers\Page->keuangan()
 7 SYSTEMPATH\CodeIgniter.php(502): CodeIgniter\CodeIgniter->runController(Object(App\Controllers\Page))
 8 SYSTEMPATH\CodeIgniter.php(361): CodeIgniter\CodeIgniter->handleRequest(null, Object(Config\Cache), false)
 9 FCPATH\index.php(79): CodeIgniter\CodeIgniter->run()
CRITICAL - 2023-12-30 10:40:06 --> Undefined property: CodeIgniter\View\View::$transfer
in APPPATH\Views\pages\keuangan.php on line 14.
 1 APPPATH\Views\pages\keuangan.php(14): CodeIgniter\Debug\Exceptions->errorHandler(2, 'Undefined property: CodeIgniter\\View\\View::$transfer', 'C:\\xampp\\htdocs\\sistaff\\app\\Views\\pages\\keuangan.php', 14)
 2 SYSTEMPATH\View\View.php(228): include('C:\\xampp\\htdocs\\sistaff\\app\\Views\\pages\\keuangan.php')
 3 SYSTEMPATH\View\View.php(231): CodeIgniter\View\View->CodeIgniter\View\{closure}()
 4 SYSTEMPATH\Common.php(1190): CodeIgniter\View\View->render('pages/keuangan', [], true)
 5 APPPATH\Controllers\Page.php(14): view('pages/keuangan', [...])
 6 SYSTEMPATH\CodeIgniter.php(942): App\Controllers\Page->keuangan()
 7 SYSTEMPATH\CodeIgniter.php(502): CodeIgniter\CodeIgniter->runController(Object(App\Controllers\Page))
 8 SYSTEMPATH\CodeIgniter.php(361): CodeIgniter\CodeIgniter->handleRequest(null, Object(Config\Cache), false)
 9 FCPATH\index.php(79): CodeIgniter\CodeIgniter->run()
CRITICAL - 2023-12-30 10:42:06 --> Undefined variable $transfer
in APPPATH\Views\pages\keuangan.php on line 33.
 1 APPPATH\Views\pages\keuangan.php(33): CodeIgniter\Debug\Exceptions->errorHandler(2, 'Undefined variable $transfer', 'C:\\xampp\\htdocs\\sistaff\\app\\Views\\pages\\keuangan.php', 33)
 2 SYSTEMPATH\View\View.php(228): include('C:\\xampp\\htdocs\\sistaff\\app\\Views\\pages\\keuangan.php')
 3 SYSTEMPATH\View\View.php(231): CodeIgniter\View\View->CodeIgniter\View\{closure}()
 4 SYSTEMPATH\Common.php(1190): CodeIgniter\View\View->render('pages/keuangan', [], true)
 5 APPPATH\Controllers\Page.php(14): view('pages/keuangan', [...])
 6 SYSTEMPATH\CodeIgniter.php(942): App\Controllers\Page->keuangan()
 7 SYSTEMPATH\CodeIgniter.php(502): CodeIgniter\CodeIgniter->runController(Object(App\Controllers\Page))
 8 SYSTEMPATH\CodeIgniter.php(361): CodeIgniter\CodeIgniter->handleRequest(null, Object(Config\Cache), false)
 9 FCPATH\index.php(79): CodeIgniter\CodeIgniter->run()
CRITICAL - 2023-12-30 10:43:23 --> Undefined variable $transferin
in APPPATH\Views\pages\keuangan.php on line 33.
 1 APPPATH\Views\pages\keuangan.php(33): CodeIgniter\Debug\Exceptions->errorHandler(2, 'Undefined variable $transferin', 'C:\\xampp\\htdocs\\sistaff\\app\\Views\\pages\\keuangan.php', 33)
 2 SYSTEMPATH\View\View.php(228): include('C:\\xampp\\htdocs\\sistaff\\app\\Views\\pages\\keuangan.php')
 3 SYSTEMPATH\View\View.php(231): CodeIgniter\View\View->CodeIgniter\View\{closure}()
 4 SYSTEMPATH\Common.php(1190): CodeIgniter\View\View->render('pages/keuangan', [], true)
 5 APPPATH\Controllers\Page.php(14): view('pages/keuangan', [...])
 6 SYSTEMPATH\CodeIgniter.php(942): App\Controllers\Page->keuangan()
 7 SYSTEMPATH\CodeIgniter.php(502): CodeIgniter\CodeIgniter->runController(Object(App\Controllers\Page))
 8 SYSTEMPATH\CodeIgniter.php(361): CodeIgniter\CodeIgniter->handleRequest(null, Object(Config\Cache), false)
 9 FCPATH\index.php(79): CodeIgniter\CodeIgniter->run()
CRITICAL - 2023-12-30 10:43:52 --> Undefined variable $transfer
in APPPATH\Views\pages\keuangan.php on line 34.
 1 APPPATH\Views\pages\keuangan.php(34): CodeIgniter\Debug\Exceptions->errorHandler(2, 'Undefined variable $transfer', 'C:\\xampp\\htdocs\\sistaff\\app\\Views\\pages\\keuangan.php', 34)
 2 SYSTEMPATH\View\View.php(228): include('C:\\xampp\\htdocs\\sistaff\\app\\Views\\pages\\keuangan.php')
 3 SYSTEMPATH\View\View.php(231): CodeIgniter\View\View->CodeIgniter\View\{closure}()
 4 SYSTEMPATH\Common.php(1190): CodeIgniter\View\View->render('pages/keuangan', [], true)
 5 APPPATH\Controllers\Page.php(14): view('pages/keuangan', [...])
 6 SYSTEMPATH\CodeIgniter.php(942): App\Controllers\Page->keuangan()
 7 SYSTEMPATH\CodeIgniter.php(502): CodeIgniter\CodeIgniter->runController(Object(App\Controllers\Page))
 8 SYSTEMPATH\CodeIgniter.php(361): CodeIgniter\CodeIgniter->handleRequest(null, Object(Config\Cache), false)
 9 FCPATH\index.php(79): CodeIgniter\CodeIgniter->run()
CRITICAL - 2023-12-30 11:31:45 --> Undefined variable $transfer
in APPPATH\Views\pages\keuangan.php on line 34.
 1 APPPATH\Views\pages\keuangan.php(34): CodeIgniter\Debug\Exceptions->errorHandler(2, 'Undefined variable $transfer', 'C:\\xampp\\htdocs\\sistaff\\app\\Views\\pages\\keuangan.php', 34)
 2 SYSTEMPATH\View\View.php(228): include('C:\\xampp\\htdocs\\sistaff\\app\\Views\\pages\\keuangan.php')
 3 SYSTEMPATH\View\View.php(231): CodeIgniter\View\View->CodeIgniter\View\{closure}()
 4 SYSTEMPATH\Common.php(1190): CodeIgniter\View\View->render('pages/keuangan', [], true)
 5 APPPATH\Controllers\Page.php(14): view('pages/keuangan', [...])
 6 SYSTEMPATH\CodeIgniter.php(942): App\Controllers\Page->keuangan()
 7 SYSTEMPATH\CodeIgniter.php(502): CodeIgniter\CodeIgniter->runController(Object(App\Controllers\Page))
 8 SYSTEMPATH\CodeIgniter.php(361): CodeIgniter\CodeIgniter->handleRequest(null, Object(Config\Cache), false)
 9 FCPATH\index.php(79): CodeIgniter\CodeIgniter->run()
CRITICAL - 2023-12-30 11:32:11 --> Undefined variable $transferin
in APPPATH\Views\pages\keuangan.php on line 34.
 1 APPPATH\Views\pages\keuangan.php(34): CodeIgniter\Debug\Exceptions->errorHandler(2, 'Undefined variable $transferin', 'C:\\xampp\\htdocs\\sistaff\\app\\Views\\pages\\keuangan.php', 34)
 2 SYSTEMPATH\View\View.php(228): include('C:\\xampp\\htdocs\\sistaff\\app\\Views\\pages\\keuangan.php')
 3 SYSTEMPATH\View\View.php(231): CodeIgniter\View\View->CodeIgniter\View\{closure}()
 4 SYSTEMPATH\Common.php(1190): CodeIgniter\View\View->render('pages/keuangan', [], true)
 5 APPPATH\Controllers\Page.php(14): view('pages/keuangan', [...])
 6 SYSTEMPATH\CodeIgniter.php(942): App\Controllers\Page->keuangan()
 7 SYSTEMPATH\CodeIgniter.php(502): CodeIgniter\CodeIgniter->runController(Object(App\Controllers\Page))
 8 SYSTEMPATH\CodeIgniter.php(361): CodeIgniter\CodeIgniter->handleRequest(null, Object(Config\Cache), false)
 9 FCPATH\index.php(79): CodeIgniter\CodeIgniter->run()
CRITICAL - 2023-12-30 11:32:54 --> Undefined variable $transferin
in APPPATH\Views\pages\keuangan.php on line 34.
 1 APPPATH\Views\pages\keuangan.php(34): CodeIgniter\Debug\Exceptions->errorHandler(2, 'Undefined variable $transferin', 'C:\\xampp\\htdocs\\sistaff\\app\\Views\\pages\\keuangan.php', 34)
 2 SYSTEMPATH\View\View.php(228): include('C:\\xampp\\htdocs\\sistaff\\app\\Views\\pages\\keuangan.php')
 3 SYSTEMPATH\View\View.php(231): CodeIgniter\View\View->CodeIgniter\View\{closure}()
 4 SYSTEMPATH\Common.php(1190): CodeIgniter\View\View->render('pages/keuangan', [], true)
 5 APPPATH\Controllers\Page.php(14): view('pages/keuangan', [...])
 6 SYSTEMPATH\CodeIgniter.php(942): App\Controllers\Page->keuangan()
 7 SYSTEMPATH\CodeIgniter.php(502): CodeIgniter\CodeIgniter->runController(Object(App\Controllers\Page))
 8 SYSTEMPATH\CodeIgniter.php(361): CodeIgniter\CodeIgniter->handleRequest(null, Object(Config\Cache), false)
 9 FCPATH\index.php(79): CodeIgniter\CodeIgniter->run()
CRITICAL - 2023-12-30 11:33:07 --> Undefined property: CodeIgniter\View\View::$transfer
in APPPATH\Views\pages\keuangan.php on line 19.
 1 APPPATH\Views\pages\keuangan.php(19): CodeIgniter\Debug\Exceptions->errorHandler(2, 'Undefined property: CodeIgniter\\View\\View::$transfer', 'C:\\xampp\\htdocs\\sistaff\\app\\Views\\pages\\keuangan.php', 19)
 2 SYSTEMPATH\View\View.php(228): include('C:\\xampp\\htdocs\\sistaff\\app\\Views\\pages\\keuangan.php')
 3 SYSTEMPATH\View\View.php(231): CodeIgniter\View\View->CodeIgniter\View\{closure}()
 4 SYSTEMPATH\Common.php(1190): CodeIgniter\View\View->render('pages/keuangan', [], true)
 5 APPPATH\Controllers\Page.php(14): view('pages/keuangan', [...])
 6 SYSTEMPATH\CodeIgniter.php(942): App\Controllers\Page->keuangan()
 7 SYSTEMPATH\CodeIgniter.php(502): CodeIgniter\CodeIgniter->runController(Object(App\Controllers\Page))
 8 SYSTEMPATH\CodeIgniter.php(361): CodeIgniter\CodeIgniter->handleRequest(null, Object(Config\Cache), false)
 9 FCPATH\index.php(79): CodeIgniter\CodeIgniter->run()
CRITICAL - 2023-12-30 11:33:27 --> Undefined property: CodeIgniter\View\View::$transfer
in APPPATH\Views\pages\keuangan.php on line 19.
 1 APPPATH\Views\pages\keuangan.php(19): CodeIgniter\Debug\Exceptions->errorHandler(2, 'Undefined property: CodeIgniter\\View\\View::$transfer', 'C:\\xampp\\htdocs\\sistaff\\app\\Views\\pages\\keuangan.php', 19)
 2 SYSTEMPATH\View\View.php(228): include('C:\\xampp\\htdocs\\sistaff\\app\\Views\\pages\\keuangan.php')
 3 SYSTEMPATH\View\View.php(231): CodeIgniter\View\View->CodeIgniter\View\{closure}()
 4 SYSTEMPATH\Common.php(1190): CodeIgniter\View\View->render('pages/keuangan', [], true)
 5 APPPATH\Controllers\Page.php(14): view('pages/keuangan', [...])
 6 SYSTEMPATH\CodeIgniter.php(942): App\Controllers\Page->keuangan()
 7 SYSTEMPATH\CodeIgniter.php(502): CodeIgniter\CodeIgniter->runController(Object(App\Controllers\Page))
 8 SYSTEMPATH\CodeIgniter.php(361): CodeIgniter\CodeIgniter->handleRequest(null, Object(Config\Cache), false)
 9 FCPATH\index.php(79): CodeIgniter\CodeIgniter->run()
CRITICAL - 2023-12-30 11:35:49 --> Undefined variable $transferin
in APPPATH\Views\pages\keuangan.php on line 34.
 1 APPPATH\Views\pages\keuangan.php(34): CodeIgniter\Debug\Exceptions->errorHandler(2, 'Undefined variable $transferin', 'C:\\xampp\\htdocs\\sistaff\\app\\Views\\pages\\keuangan.php', 34)
 2 SYSTEMPATH\View\View.php(228): include('C:\\xampp\\htdocs\\sistaff\\app\\Views\\pages\\keuangan.php')
 3 SYSTEMPATH\View\View.php(231): CodeIgniter\View\View->CodeIgniter\View\{closure}()
 4 SYSTEMPATH\Common.php(1190): CodeIgniter\View\View->render('pages/keuangan', [], true)
 5 APPPATH\Controllers\Page.php(14): view('pages/keuangan', [...])
 6 SYSTEMPATH\CodeIgniter.php(942): App\Controllers\Page->keuangan()
 7 SYSTEMPATH\CodeIgniter.php(502): CodeIgniter\CodeIgniter->runController(Object(App\Controllers\Page))
 8 SYSTEMPATH\CodeIgniter.php(361): CodeIgniter\CodeIgniter->handleRequest(null, Object(Config\Cache), false)
 9 FCPATH\index.php(79): CodeIgniter\CodeIgniter->run()
CRITICAL - 2023-12-30 11:36:21 --> Undefined variable $data
in APPPATH\Views\pages\keuangan.php on line 34.
 1 APPPATH\Views\pages\keuangan.php(34): CodeIgniter\Debug\Exceptions->errorHandler(2, 'Undefined variable $data', 'C:\\xampp\\htdocs\\sistaff\\app\\Views\\pages\\keuangan.php', 34)
 2 SYSTEMPATH\View\View.php(228): include('C:\\xampp\\htdocs\\sistaff\\app\\Views\\pages\\keuangan.php')
 3 SYSTEMPATH\View\View.php(231): CodeIgniter\View\View->CodeIgniter\View\{closure}()
 4 SYSTEMPATH\Common.php(1190): CodeIgniter\View\View->render('pages/keuangan', [], true)
 5 APPPATH\Controllers\Page.php(14): view('pages/keuangan', [...])
 6 SYSTEMPATH\CodeIgniter.php(942): App\Controllers\Page->keuangan()
 7 SYSTEMPATH\CodeIgniter.php(502): CodeIgniter\CodeIgniter->runController(Object(App\Controllers\Page))
 8 SYSTEMPATH\CodeIgniter.php(361): CodeIgniter\CodeIgniter->handleRequest(null, Object(Config\Cache), false)
 9 FCPATH\index.php(79): CodeIgniter\CodeIgniter->run()
CRITICAL - 2023-12-30 11:36:45 --> Undefined variable $data
in APPPATH\Views\pages\keuangan.php on line 34.
 1 APPPATH\Views\pages\keuangan.php(34): CodeIgniter\Debug\Exceptions->errorHandler(2, 'Undefined variable $data', 'C:\\xampp\\htdocs\\sistaff\\app\\Views\\pages\\keuangan.php', 34)
 2 SYSTEMPATH\View\View.php(228): include('C:\\xampp\\htdocs\\sistaff\\app\\Views\\pages\\keuangan.php')
 3 SYSTEMPATH\View\View.php(231): CodeIgniter\View\View->CodeIgniter\View\{closure}()
 4 SYSTEMPATH\Common.php(1190): CodeIgniter\View\View->render('pages/keuangan', [], true)
 5 APPPATH\Controllers\Page.php(14): view('pages/keuangan', [...])
 6 SYSTEMPATH\CodeIgniter.php(942): App\Controllers\Page->keuangan()
 7 SYSTEMPATH\CodeIgniter.php(502): CodeIgniter\CodeIgniter->runController(Object(App\Controllers\Page))
 8 SYSTEMPATH\CodeIgniter.php(361): CodeIgniter\CodeIgniter->handleRequest(null, Object(Config\Cache), false)
 9 FCPATH\index.php(79): CodeIgniter\CodeIgniter->run()
CRITICAL - 2023-12-30 11:38:44 --> Undefined variable $data
in APPPATH\Views\pages\keuangan.php on line 34.
 1 APPPATH\Views\pages\keuangan.php(34): CodeIgniter\Debug\Exceptions->errorHandler(2, 'Undefined variable $data', 'C:\\xampp\\htdocs\\sistaff\\app\\Views\\pages\\keuangan.php', 34)
 2 SYSTEMPATH\View\View.php(228): include('C:\\xampp\\htdocs\\sistaff\\app\\Views\\pages\\keuangan.php')
 3 SYSTEMPATH\View\View.php(231): CodeIgniter\View\View->CodeIgniter\View\{closure}()
 4 SYSTEMPATH\Common.php(1190): CodeIgniter\View\View->render('pages/keuangan', [], true)
 5 APPPATH\Controllers\Page.php(14): view('pages/keuangan', [...])
 6 SYSTEMPATH\CodeIgniter.php(942): App\Controllers\Page->keuangan()
 7 SYSTEMPATH\CodeIgniter.php(502): CodeIgniter\CodeIgniter->runController(Object(App\Controllers\Page))
 8 SYSTEMPATH\CodeIgniter.php(361): CodeIgniter\CodeIgniter->handleRequest(null, Object(Config\Cache), false)
 9 FCPATH\index.php(79): CodeIgniter\CodeIgniter->run()
CRITICAL - 2023-12-30 11:39:01 --> Undefined variable $data
in APPPATH\Views\pages\keuangan.php on line 34.
 1 APPPATH\Views\pages\keuangan.php(34): CodeIgniter\Debug\Exceptions->errorHandler(2, 'Undefined variable $data', 'C:\\xampp\\htdocs\\sistaff\\app\\Views\\pages\\keuangan.php', 34)
 2 SYSTEMPATH\View\View.php(228): include('C:\\xampp\\htdocs\\sistaff\\app\\Views\\pages\\keuangan.php')
 3 SYSTEMPATH\View\View.php(231): CodeIgniter\View\View->CodeIgniter\View\{closure}()
 4 SYSTEMPATH\Common.php(1190): CodeIgniter\View\View->render('pages/keuangan', [], true)
 5 APPPATH\Controllers\Page.php(14): view('pages/keuangan', [...])
 6 SYSTEMPATH\CodeIgniter.php(942): App\Controllers\Page->keuangan()
 7 SYSTEMPATH\CodeIgniter.php(502): CodeIgniter\CodeIgniter->runController(Object(App\Controllers\Page))
 8 SYSTEMPATH\CodeIgniter.php(361): CodeIgniter\CodeIgniter->handleRequest(null, Object(Config\Cache), false)
 9 FCPATH\index.php(79): CodeIgniter\CodeIgniter->run()
CRITICAL - 2023-12-30 11:39:15 --> Undefined variable $santriModel
in APPPATH\Views\pages\keuangan.php on line 12.
 1 APPPATH\Views\pages\keuangan.php(12): CodeIgniter\Debug\Exceptions->errorHandler(2, 'Undefined variable $santriModel', 'C:\\xampp\\htdocs\\sistaff\\app\\Views\\pages\\keuangan.php', 12)
 2 SYSTEMPATH\View\View.php(228): include('C:\\xampp\\htdocs\\sistaff\\app\\Views\\pages\\keuangan.php')
 3 SYSTEMPATH\View\View.php(231): CodeIgniter\View\View->CodeIgniter\View\{closure}()
 4 SYSTEMPATH\Common.php(1190): CodeIgniter\View\View->render('pages/keuangan', [], true)
 5 APPPATH\Controllers\Page.php(14): view('pages/keuangan', [...])
 6 SYSTEMPATH\CodeIgniter.php(942): App\Controllers\Page->keuangan()
 7 SYSTEMPATH\CodeIgniter.php(502): CodeIgniter\CodeIgniter->runController(Object(App\Controllers\Page))
 8 SYSTEMPATH\CodeIgniter.php(361): CodeIgniter\CodeIgniter->handleRequest(null, Object(Config\Cache), false)
 9 FCPATH\index.php(79): CodeIgniter\CodeIgniter->run()
CRITICAL - 2023-12-30 11:39:26 --> Undefined variable $data
in APPPATH\Views\pages\keuangan.php on line 34.
 1 APPPATH\Views\pages\keuangan.php(34): CodeIgniter\Debug\Exceptions->errorHandler(2, 'Undefined variable $data', 'C:\\xampp\\htdocs\\sistaff\\app\\Views\\pages\\keuangan.php', 34)
 2 SYSTEMPATH\View\View.php(228): include('C:\\xampp\\htdocs\\sistaff\\app\\Views\\pages\\keuangan.php')
 3 SYSTEMPATH\View\View.php(231): CodeIgniter\View\View->CodeIgniter\View\{closure}()
 4 SYSTEMPATH\Common.php(1190): CodeIgniter\View\View->render('pages/keuangan', [], true)
 5 APPPATH\Controllers\Page.php(14): view('pages/keuangan', [...])
 6 SYSTEMPATH\CodeIgniter.php(942): App\Controllers\Page->keuangan()
 7 SYSTEMPATH\CodeIgniter.php(502): CodeIgniter\CodeIgniter->runController(Object(App\Controllers\Page))
 8 SYSTEMPATH\CodeIgniter.php(361): CodeIgniter\CodeIgniter->handleRequest(null, Object(Config\Cache), false)
 9 FCPATH\index.php(79): CodeIgniter\CodeIgniter->run()
CRITICAL - 2023-12-30 11:40:09 --> Undefined variable $data
in APPPATH\Views\pages\keuangan.php on line 35.
 1 APPPATH\Views\pages\keuangan.php(35): CodeIgniter\Debug\Exceptions->errorHandler(2, 'Undefined variable $data', 'C:\\xampp\\htdocs\\sistaff\\app\\Views\\pages\\keuangan.php', 35)
 2 SYSTEMPATH\View\View.php(228): include('C:\\xampp\\htdocs\\sistaff\\app\\Views\\pages\\keuangan.php')
 3 SYSTEMPATH\View\View.php(231): CodeIgniter\View\View->CodeIgniter\View\{closure}()
 4 SYSTEMPATH\Common.php(1190): CodeIgniter\View\View->render('pages/keuangan', [], true)
 5 APPPATH\Controllers\Page.php(14): view('pages/keuangan', [...])
 6 SYSTEMPATH\CodeIgniter.php(942): App\Controllers\Page->keuangan()
 7 SYSTEMPATH\CodeIgniter.php(502): CodeIgniter\CodeIgniter->runController(Object(App\Controllers\Page))
 8 SYSTEMPATH\CodeIgniter.php(361): CodeIgniter\CodeIgniter->handleRequest(null, Object(Config\Cache), false)
 9 FCPATH\index.php(79): CodeIgniter\CodeIgniter->run()
CRITICAL - 2023-12-30 11:40:19 --> Undefined array key "nama"
in APPPATH\Views\pages\keuangan.php on line 42.
 1 APPPATH\Views\pages\keuangan.php(42): CodeIgniter\Debug\Exceptions->errorHandler(2, 'Undefined array key "nama"', 'C:\\xampp\\htdocs\\sistaff\\app\\Views\\pages\\keuangan.php', 42)
 2 SYSTEMPATH\View\View.php(228): include('C:\\xampp\\htdocs\\sistaff\\app\\Views\\pages\\keuangan.php')
 3 SYSTEMPATH\View\View.php(231): CodeIgniter\View\View->CodeIgniter\View\{closure}()
 4 SYSTEMPATH\Common.php(1190): CodeIgniter\View\View->render('pages/keuangan', [], true)
 5 APPPATH\Controllers\Page.php(14): view('pages/keuangan', [...])
 6 SYSTEMPATH\CodeIgniter.php(942): App\Controllers\Page->keuangan()
 7 SYSTEMPATH\CodeIgniter.php(502): CodeIgniter\CodeIgniter->runController(Object(App\Controllers\Page))
 8 SYSTEMPATH\CodeIgniter.php(361): CodeIgniter\CodeIgniter->handleRequest(null, Object(Config\Cache), false)
 9 FCPATH\index.php(79): CodeIgniter\CodeIgniter->run()
CRITICAL - 2023-12-30 11:54:58 --> Undefined variable $db
in APPPATH\Views\pages\keuangan.php on line 15.
 1 APPPATH\Views\pages\keuangan.php(15): CodeIgniter\Debug\Exceptions->errorHandler(2, 'Undefined variable $db', 'C:\\xampp\\htdocs\\sistaff\\app\\Views\\pages\\keuangan.php', 15)
 2 SYSTEMPATH\View\View.php(228): include('C:\\xampp\\htdocs\\sistaff\\app\\Views\\pages\\keuangan.php')
 3 SYSTEMPATH\View\View.php(231): CodeIgniter\View\View->CodeIgniter\View\{closure}()
 4 SYSTEMPATH\Common.php(1190): CodeIgniter\View\View->render('pages/keuangan', [], true)
 5 APPPATH\Controllers\Page.php(14): view('pages/keuangan', [...])
 6 SYSTEMPATH\CodeIgniter.php(942): App\Controllers\Page->keuangan()
 7 SYSTEMPATH\CodeIgniter.php(502): CodeIgniter\CodeIgniter->runController(Object(App\Controllers\Page))
 8 SYSTEMPATH\CodeIgniter.php(361): CodeIgniter\CodeIgniter->handleRequest(null, Object(Config\Cache), false)
 9 FCPATH\index.php(79): CodeIgniter\CodeIgniter->run()
