ERROR - 2025-09-05 04:06:30 --> mysqli_sql_exception: Unknown column 'saldo_masuk' in 'SELECT' in /home/u927597906/domains/51-574-ff.darulhijrah.in/public_html/system/Database/MySQLi/Connection.php:306
Stack trace:
#0 /home/u927597906/domains/51-574-ff.darulhijrah.in/public_html/system/Database/MySQLi/Connection.php(306): mysqli->query()
#1 /home/u927597906/domains/51-574-ff.darulhijrah.in/public_html/system/Database/BaseConnection.php(693): CodeIgniter\Database\MySQLi\Connection->execute()
#2 /home/u927597906/domains/51-574-ff.darulhijrah.in/public_html/system/Database/BaseConnection.php(607): CodeIgniter\Database\BaseConnection->simpleQuery()
#3 /home/u927597906/domains/51-574-ff.darulhijrah.in/public_html/system/Database/BaseBuilder.php(1615): CodeIgniter\Database\BaseConnection->query()
#4 /home/u927597906/domains/51-574-ff.darulhijrah.in/public_html/system/Model.php(237): CodeIgniter\Database\BaseBuilder->get()
#5 /home/u927597906/domains/51-574-ff.darulhijrah.in/public_html/system/BaseModel.php(624): CodeIgniter\Model->doFindAll()
#6 /home/u927597906/domains/51-574-ff.darulhijrah.in/public_html/app/Controllers/Home.php(220): CodeIgniter\BaseModel->findAll()
#7 /home/u927597906/domains/51-574-ff.darulhijrah.in/public_html/system/CodeIgniter.php(942): App\Controllers\Home->koran()
#8 /home/u927597906/domains/51-574-ff.darulhijrah.in/public_html/system/CodeIgniter.php(502): CodeIgniter\CodeIgniter->runController()
#9 /home/u927597906/domains/51-574-ff.darulhijrah.in/public_html/system/CodeIgniter.php(361): CodeIgniter\CodeIgniter->handleRequest()
#10 /home/u927597906/domains/51-574-ff.darulhijrah.in/public_html/index.php(79): CodeIgniter\CodeIgniter->run()
#11 {main}
CRITICAL - 2025-09-05 04:06:30 --> Unknown column 'saldo_masuk' in 'SELECT'
in SYSTEMPATH/Database/BaseConnection.php on line 647.
 1 SYSTEMPATH/Database/BaseBuilder.php(1615): CodeIgniter\Database\BaseConnection->query()
 2 SYSTEMPATH/Model.php(237): CodeIgniter\Database\BaseBuilder->get()
 3 SYSTEMPATH/BaseModel.php(624): CodeIgniter\Model->doFindAll()
 4 APPPATH/Controllers/Home.php(220): CodeIgniter\BaseModel->findAll()
 5 SYSTEMPATH/CodeIgniter.php(942): App\Controllers\Home->koran()
 6 SYSTEMPATH/CodeIgniter.php(502): CodeIgniter\CodeIgniter->runController()
 7 SYSTEMPATH/CodeIgniter.php(361): CodeIgniter\CodeIgniter->handleRequest()
 8 FCPATH/index.php(79): CodeIgniter\CodeIgniter->run()
INFO - 2025-09-05 04:09:54 --> Session: Class initialized using 'CodeIgniter\Session\Handlers\FileHandler' driver.
ERROR - 2025-09-05 04:09:54 --> mysqli_sql_exception: Unknown column 'saldo_masuk' in 'SELECT' in /home/u927597906/domains/51-574-ff.darulhijrah.in/public_html/system/Database/MySQLi/Connection.php:306
Stack trace:
#0 /home/u927597906/domains/51-574-ff.darulhijrah.in/public_html/system/Database/MySQLi/Connection.php(306): mysqli->query()
#1 /home/u927597906/domains/51-574-ff.darulhijrah.in/public_html/system/Database/BaseConnection.php(693): CodeIgniter\Database\MySQLi\Connection->execute()
#2 /home/u927597906/domains/51-574-ff.darulhijrah.in/public_html/system/Database/BaseConnection.php(607): CodeIgniter\Database\BaseConnection->simpleQuery()
#3 /home/u927597906/domains/51-574-ff.darulhijrah.in/public_html/system/Database/BaseBuilder.php(1615): CodeIgniter\Database\BaseConnection->query()
#4 /home/u927597906/domains/51-574-ff.darulhijrah.in/public_html/system/Model.php(237): CodeIgniter\Database\BaseBuilder->get()
#5 /home/u927597906/domains/51-574-ff.darulhijrah.in/public_html/system/BaseModel.php(624): CodeIgniter\Model->doFindAll()
#6 /home/u927597906/domains/51-574-ff.darulhijrah.in/public_html/app/Controllers/Home.php(220): CodeIgniter\BaseModel->findAll()
#7 /home/u927597906/domains/51-574-ff.darulhijrah.in/public_html/system/CodeIgniter.php(942): App\Controllers\Home->koran()
#8 /home/u927597906/domains/51-574-ff.darulhijrah.in/public_html/system/CodeIgniter.php(502): CodeIgniter\CodeIgniter->runController()
#9 /home/u927597906/domains/51-574-ff.darulhijrah.in/public_html/system/CodeIgniter.php(361): CodeIgniter\CodeIgniter->handleRequest()
#10 /home/u927597906/domains/51-574-ff.darulhijrah.in/public_html/index.php(79): CodeIgniter\CodeIgniter->run()
#11 {main}
CRITICAL - 2025-09-05 04:09:54 --> Unknown column 'saldo_masuk' in 'SELECT'
in SYSTEMPATH/Database/BaseConnection.php on line 647.
 1 SYSTEMPATH/Database/BaseBuilder.php(1615): CodeIgniter\Database\BaseConnection->query()
 2 SYSTEMPATH/Model.php(237): CodeIgniter\Database\BaseBuilder->get()
 3 SYSTEMPATH/BaseModel.php(624): CodeIgniter\Model->doFindAll()
 4 APPPATH/Controllers/Home.php(220): CodeIgniter\BaseModel->findAll()
 5 SYSTEMPATH/CodeIgniter.php(942): App\Controllers\Home->koran()
 6 SYSTEMPATH/CodeIgniter.php(502): CodeIgniter\CodeIgniter->runController()
 7 SYSTEMPATH/CodeIgniter.php(361): CodeIgniter\CodeIgniter->handleRequest()
 8 FCPATH/index.php(79): CodeIgniter\CodeIgniter->run()
INFO - 2025-09-05 04:10:54 --> Session: Class initialized using 'CodeIgniter\Session\Handlers\FileHandler' driver.
ERROR - 2025-09-05 04:10:54 --> mysqli_sql_exception: Unknown column 'saldomasuk' in 'SELECT' in /home/u927597906/domains/51-574-ff.darulhijrah.in/public_html/system/Database/MySQLi/Connection.php:306
Stack trace:
#0 /home/u927597906/domains/51-574-ff.darulhijrah.in/public_html/system/Database/MySQLi/Connection.php(306): mysqli->query()
#1 /home/u927597906/domains/51-574-ff.darulhijrah.in/public_html/system/Database/BaseConnection.php(693): CodeIgniter\Database\MySQLi\Connection->execute()
#2 /home/u927597906/domains/51-574-ff.darulhijrah.in/public_html/system/Database/BaseConnection.php(607): CodeIgniter\Database\BaseConnection->simpleQuery()
#3 /home/u927597906/domains/51-574-ff.darulhijrah.in/public_html/system/Database/BaseBuilder.php(1615): CodeIgniter\Database\BaseConnection->query()
#4 /home/u927597906/domains/51-574-ff.darulhijrah.in/public_html/system/Model.php(237): CodeIgniter\Database\BaseBuilder->get()
#5 /home/u927597906/domains/51-574-ff.darulhijrah.in/public_html/system/BaseModel.php(624): CodeIgniter\Model->doFindAll()
#6 /home/u927597906/domains/51-574-ff.darulhijrah.in/public_html/app/Controllers/Home.php(220): CodeIgniter\BaseModel->findAll()
#7 /home/u927597906/domains/51-574-ff.darulhijrah.in/public_html/system/CodeIgniter.php(942): App\Controllers\Home->koran()
#8 /home/u927597906/domains/51-574-ff.darulhijrah.in/public_html/system/CodeIgniter.php(502): CodeIgniter\CodeIgniter->runController()
#9 /home/u927597906/domains/51-574-ff.darulhijrah.in/public_html/system/CodeIgniter.php(361): CodeIgniter\CodeIgniter->handleRequest()
#10 /home/u927597906/domains/51-574-ff.darulhijrah.in/public_html/index.php(79): CodeIgniter\CodeIgniter->run()
#11 {main}
CRITICAL - 2025-09-05 04:10:54 --> Unknown column 'saldomasuk' in 'SELECT'
in SYSTEMPATH/Database/BaseConnection.php on line 647.
 1 SYSTEMPATH/Database/BaseBuilder.php(1615): CodeIgniter\Database\BaseConnection->query()
 2 SYSTEMPATH/Model.php(237): CodeIgniter\Database\BaseBuilder->get()
 3 SYSTEMPATH/BaseModel.php(624): CodeIgniter\Model->doFindAll()
 4 APPPATH/Controllers/Home.php(220): CodeIgniter\BaseModel->findAll()
 5 SYSTEMPATH/CodeIgniter.php(942): App\Controllers\Home->koran()
 6 SYSTEMPATH/CodeIgniter.php(502): CodeIgniter\CodeIgniter->runController()
 7 SYSTEMPATH/CodeIgniter.php(361): CodeIgniter\CodeIgniter->handleRequest()
 8 FCPATH/index.php(79): CodeIgniter\CodeIgniter->run()
INFO - 2025-09-05 04:13:16 --> Session: Class initialized using 'CodeIgniter\Session\Handlers\FileHandler' driver.
INFO - 2025-09-05 04:13:29 --> Session: Class initialized using 'CodeIgniter\Session\Handlers\FileHandler' driver.
INFO - 2025-09-05 04:13:58 --> Session: Class initialized using 'CodeIgniter\Session\Handlers\FileHandler' driver.
INFO - 2025-09-05 04:14:03 --> Session: Class initialized using 'CodeIgniter\Session\Handlers\FileHandler' driver.
INFO - 2025-09-05 04:16:21 --> Session: Class initialized using 'CodeIgniter\Session\Handlers\FileHandler' driver.
INFO - 2025-09-05 04:16:24 --> Session: Class initialized using 'CodeIgniter\Session\Handlers\FileHandler' driver.
INFO - 2025-09-05 04:16:27 --> Session: Class initialized using 'CodeIgniter\Session\Handlers\FileHandler' driver.
INFO - 2025-09-05 04:16:29 --> Session: Class initialized using 'CodeIgniter\Session\Handlers\FileHandler' driver.
INFO - 2025-09-05 04:16:42 --> Session: Class initialized using 'CodeIgniter\Session\Handlers\FileHandler' driver.
INFO - 2025-09-05 04:25:58 --> Session: Class initialized using 'CodeIgniter\Session\Handlers\FileHandler' driver.
INFO - 2025-09-05 04:31:31 --> Session: Class initialized using 'CodeIgniter\Session\Handlers\FileHandler' driver.
ERROR - 2025-09-05 04:31:31 --> mysqli_sql_exception: Unknown column 'DISTINCT' in 'SELECT' in /home/u927597906/domains/51-574-ff.darulhijrah.in/public_html/system/Database/MySQLi/Connection.php:306
Stack trace:
#0 /home/u927597906/domains/51-574-ff.darulhijrah.in/public_html/system/Database/MySQLi/Connection.php(306): mysqli->query()
#1 /home/u927597906/domains/51-574-ff.darulhijrah.in/public_html/system/Database/BaseConnection.php(693): CodeIgniter\Database\MySQLi\Connection->execute()
#2 /home/u927597906/domains/51-574-ff.darulhijrah.in/public_html/system/Database/BaseConnection.php(607): CodeIgniter\Database\BaseConnection->simpleQuery()
#3 /home/u927597906/domains/51-574-ff.darulhijrah.in/public_html/system/Database/BaseBuilder.php(1615): CodeIgniter\Database\BaseConnection->query()
#4 /home/u927597906/domains/51-574-ff.darulhijrah.in/public_html/system/Model.php(199): CodeIgniter\Database\BaseBuilder->get()
#5 /home/u927597906/domains/51-574-ff.darulhijrah.in/public_html/system/BaseModel.php(563): CodeIgniter\Model->doFind()
#6 /home/u927597906/domains/51-574-ff.darulhijrah.in/public_html/system/Model.php(215): CodeIgniter\BaseModel->find()
#7 /home/u927597906/domains/51-574-ff.darulhijrah.in/public_html/system/BaseModel.php(594): CodeIgniter\Model->doFindColumn()
#8 /home/u927597906/domains/51-574-ff.darulhijrah.in/public_html/app/Controllers/Home.php(241): CodeIgniter\BaseModel->findColumn()
#9 /home/u927597906/domains/51-574-ff.darulhijrah.in/public_html/system/CodeIgniter.php(942): App\Controllers\Home->koran()
#10 /home/u927597906/domains/51-574-ff.darulhijrah.in/public_html/system/CodeIgniter.php(502): CodeIgniter\CodeIgniter->runController()
#11 /home/u927597906/domains/51-574-ff.darulhijrah.in/public_html/system/CodeIgniter.php(361): CodeIgniter\CodeIgniter->handleRequest()
#12 /home/u927597906/domains/51-574-ff.darulhijrah.in/public_html/index.php(79): CodeIgniter\CodeIgniter->run()
#13 {main}
CRITICAL - 2025-09-05 04:31:31 --> Unknown column 'DISTINCT' in 'SELECT'
in SYSTEMPATH/Database/BaseConnection.php on line 647.
 1 SYSTEMPATH/Database/BaseBuilder.php(1615): CodeIgniter\Database\BaseConnection->query()
 2 SYSTEMPATH/Model.php(199): CodeIgniter\Database\BaseBuilder->get()
 3 SYSTEMPATH/BaseModel.php(563): CodeIgniter\Model->doFind()
 4 SYSTEMPATH/Model.php(215): CodeIgniter\BaseModel->find()
 5 SYSTEMPATH/BaseModel.php(594): CodeIgniter\Model->doFindColumn()
 6 APPPATH/Controllers/Home.php(241): CodeIgniter\BaseModel->findColumn()
 7 SYSTEMPATH/CodeIgniter.php(942): App\Controllers\Home->koran()
 8 SYSTEMPATH/CodeIgniter.php(502): CodeIgniter\CodeIgniter->runController()
 9 SYSTEMPATH/CodeIgniter.php(361): CodeIgniter\CodeIgniter->handleRequest()
10 FCPATH/index.php(79): CodeIgniter\CodeIgniter->run()
INFO - 2025-09-05 04:32:51 --> Session: Class initialized using 'CodeIgniter\Session\Handlers\FileHandler' driver.
ERROR - 2025-09-05 04:32:51 --> mysqli_sql_exception: Unknown column 'DISTINCT' in 'SELECT' in /home/u927597906/domains/51-574-ff.darulhijrah.in/public_html/system/Database/MySQLi/Connection.php:306
Stack trace:
#0 /home/u927597906/domains/51-574-ff.darulhijrah.in/public_html/system/Database/MySQLi/Connection.php(306): mysqli->query()
#1 /home/u927597906/domains/51-574-ff.darulhijrah.in/public_html/system/Database/BaseConnection.php(693): CodeIgniter\Database\MySQLi\Connection->execute()
#2 /home/u927597906/domains/51-574-ff.darulhijrah.in/public_html/system/Database/BaseConnection.php(607): CodeIgniter\Database\BaseConnection->simpleQuery()
#3 /home/u927597906/domains/51-574-ff.darulhijrah.in/public_html/system/Database/BaseBuilder.php(1615): CodeIgniter\Database\BaseConnection->query()
#4 /home/u927597906/domains/51-574-ff.darulhijrah.in/public_html/system/Model.php(199): CodeIgniter\Database\BaseBuilder->get()
#5 /home/u927597906/domains/51-574-ff.darulhijrah.in/public_html/system/BaseModel.php(563): CodeIgniter\Model->doFind()
#6 /home/u927597906/domains/51-574-ff.darulhijrah.in/public_html/system/Model.php(215): CodeIgniter\BaseModel->find()
#7 /home/u927597906/domains/51-574-ff.darulhijrah.in/public_html/system/BaseModel.php(594): CodeIgniter\Model->doFindColumn()
#8 /home/u927597906/domains/51-574-ff.darulhijrah.in/public_html/app/Controllers/Home.php(241): CodeIgniter\BaseModel->findColumn()
#9 /home/u927597906/domains/51-574-ff.darulhijrah.in/public_html/system/CodeIgniter.php(942): App\Controllers\Home->koran()
#10 /home/u927597906/domains/51-574-ff.darulhijrah.in/public_html/system/CodeIgniter.php(502): CodeIgniter\CodeIgniter->runController()
#11 /home/u927597906/domains/51-574-ff.darulhijrah.in/public_html/system/CodeIgniter.php(361): CodeIgniter\CodeIgniter->handleRequest()
#12 /home/u927597906/domains/51-574-ff.darulhijrah.in/public_html/index.php(79): CodeIgniter\CodeIgniter->run()
#13 {main}
CRITICAL - 2025-09-05 04:32:51 --> Unknown column 'DISTINCT' in 'SELECT'
in SYSTEMPATH/Database/BaseConnection.php on line 647.
 1 SYSTEMPATH/Database/BaseBuilder.php(1615): CodeIgniter\Database\BaseConnection->query()
 2 SYSTEMPATH/Model.php(199): CodeIgniter\Database\BaseBuilder->get()
 3 SYSTEMPATH/BaseModel.php(563): CodeIgniter\Model->doFind()
 4 SYSTEMPATH/Model.php(215): CodeIgniter\BaseModel->find()
 5 SYSTEMPATH/BaseModel.php(594): CodeIgniter\Model->doFindColumn()
 6 APPPATH/Controllers/Home.php(241): CodeIgniter\BaseModel->findColumn()
 7 SYSTEMPATH/CodeIgniter.php(942): App\Controllers\Home->koran()
 8 SYSTEMPATH/CodeIgniter.php(502): CodeIgniter\CodeIgniter->runController()
 9 SYSTEMPATH/CodeIgniter.php(361): CodeIgniter\CodeIgniter->handleRequest()
10 FCPATH/index.php(79): CodeIgniter\CodeIgniter->run()
INFO - 2025-09-05 04:32:53 --> Session: Class initialized using 'CodeIgniter\Session\Handlers\FileHandler' driver.
ERROR - 2025-09-05 04:32:53 --> mysqli_sql_exception: Unknown column 'DISTINCT' in 'SELECT' in /home/u927597906/domains/51-574-ff.darulhijrah.in/public_html/system/Database/MySQLi/Connection.php:306
Stack trace:
#0 /home/u927597906/domains/51-574-ff.darulhijrah.in/public_html/system/Database/MySQLi/Connection.php(306): mysqli->query()
#1 /home/u927597906/domains/51-574-ff.darulhijrah.in/public_html/system/Database/BaseConnection.php(693): CodeIgniter\Database\MySQLi\Connection->execute()
#2 /home/u927597906/domains/51-574-ff.darulhijrah.in/public_html/system/Database/BaseConnection.php(607): CodeIgniter\Database\BaseConnection->simpleQuery()
#3 /home/u927597906/domains/51-574-ff.darulhijrah.in/public_html/system/Database/BaseBuilder.php(1615): CodeIgniter\Database\BaseConnection->query()
#4 /home/u927597906/domains/51-574-ff.darulhijrah.in/public_html/system/Model.php(199): CodeIgniter\Database\BaseBuilder->get()
#5 /home/u927597906/domains/51-574-ff.darulhijrah.in/public_html/system/BaseModel.php(563): CodeIgniter\Model->doFind()
#6 /home/u927597906/domains/51-574-ff.darulhijrah.in/public_html/system/Model.php(215): CodeIgniter\BaseModel->find()
#7 /home/u927597906/domains/51-574-ff.darulhijrah.in/public_html/system/BaseModel.php(594): CodeIgniter\Model->doFindColumn()
#8 /home/u927597906/domains/51-574-ff.darulhijrah.in/public_html/app/Controllers/Home.php(241): CodeIgniter\BaseModel->findColumn()
#9 /home/u927597906/domains/51-574-ff.darulhijrah.in/public_html/system/CodeIgniter.php(942): App\Controllers\Home->koran()
#10 /home/u927597906/domains/51-574-ff.darulhijrah.in/public_html/system/CodeIgniter.php(502): CodeIgniter\CodeIgniter->runController()
#11 /home/u927597906/domains/51-574-ff.darulhijrah.in/public_html/system/CodeIgniter.php(361): CodeIgniter\CodeIgniter->handleRequest()
#12 /home/u927597906/domains/51-574-ff.darulhijrah.in/public_html/index.php(79): CodeIgniter\CodeIgniter->run()
#13 {main}
CRITICAL - 2025-09-05 04:32:53 --> Unknown column 'DISTINCT' in 'SELECT'
in SYSTEMPATH/Database/BaseConnection.php on line 647.
 1 SYSTEMPATH/Database/BaseBuilder.php(1615): CodeIgniter\Database\BaseConnection->query()
 2 SYSTEMPATH/Model.php(199): CodeIgniter\Database\BaseBuilder->get()
 3 SYSTEMPATH/BaseModel.php(563): CodeIgniter\Model->doFind()
 4 SYSTEMPATH/Model.php(215): CodeIgniter\BaseModel->find()
 5 SYSTEMPATH/BaseModel.php(594): CodeIgniter\Model->doFindColumn()
 6 APPPATH/Controllers/Home.php(241): CodeIgniter\BaseModel->findColumn()
 7 SYSTEMPATH/CodeIgniter.php(942): App\Controllers\Home->koran()
 8 SYSTEMPATH/CodeIgniter.php(502): CodeIgniter\CodeIgniter->runController()
 9 SYSTEMPATH/CodeIgniter.php(361): CodeIgniter\CodeIgniter->handleRequest()
10 FCPATH/index.php(79): CodeIgniter\CodeIgniter->run()
INFO - 2025-09-05 04:32:55 --> Session: Class initialized using 'CodeIgniter\Session\Handlers\FileHandler' driver.
ERROR - 2025-09-05 04:32:55 --> mysqli_sql_exception: Unknown column 'DISTINCT' in 'SELECT' in /home/u927597906/domains/51-574-ff.darulhijrah.in/public_html/system/Database/MySQLi/Connection.php:306
Stack trace:
#0 /home/u927597906/domains/51-574-ff.darulhijrah.in/public_html/system/Database/MySQLi/Connection.php(306): mysqli->query()
#1 /home/u927597906/domains/51-574-ff.darulhijrah.in/public_html/system/Database/BaseConnection.php(693): CodeIgniter\Database\MySQLi\Connection->execute()
#2 /home/u927597906/domains/51-574-ff.darulhijrah.in/public_html/system/Database/BaseConnection.php(607): CodeIgniter\Database\BaseConnection->simpleQuery()
#3 /home/u927597906/domains/51-574-ff.darulhijrah.in/public_html/system/Database/BaseBuilder.php(1615): CodeIgniter\Database\BaseConnection->query()
#4 /home/u927597906/domains/51-574-ff.darulhijrah.in/public_html/system/Model.php(199): CodeIgniter\Database\BaseBuilder->get()
#5 /home/u927597906/domains/51-574-ff.darulhijrah.in/public_html/system/BaseModel.php(563): CodeIgniter\Model->doFind()
#6 /home/u927597906/domains/51-574-ff.darulhijrah.in/public_html/system/Model.php(215): CodeIgniter\BaseModel->find()
#7 /home/u927597906/domains/51-574-ff.darulhijrah.in/public_html/system/BaseModel.php(594): CodeIgniter\Model->doFindColumn()
#8 /home/u927597906/domains/51-574-ff.darulhijrah.in/public_html/app/Controllers/Home.php(241): CodeIgniter\BaseModel->findColumn()
#9 /home/u927597906/domains/51-574-ff.darulhijrah.in/public_html/system/CodeIgniter.php(942): App\Controllers\Home->koran()
#10 /home/u927597906/domains/51-574-ff.darulhijrah.in/public_html/system/CodeIgniter.php(502): CodeIgniter\CodeIgniter->runController()
#11 /home/u927597906/domains/51-574-ff.darulhijrah.in/public_html/system/CodeIgniter.php(361): CodeIgniter\CodeIgniter->handleRequest()
#12 /home/u927597906/domains/51-574-ff.darulhijrah.in/public_html/index.php(79): CodeIgniter\CodeIgniter->run()
#13 {main}
CRITICAL - 2025-09-05 04:32:55 --> Unknown column 'DISTINCT' in 'SELECT'
in SYSTEMPATH/Database/BaseConnection.php on line 647.
 1 SYSTEMPATH/Database/BaseBuilder.php(1615): CodeIgniter\Database\BaseConnection->query()
 2 SYSTEMPATH/Model.php(199): CodeIgniter\Database\BaseBuilder->get()
 3 SYSTEMPATH/BaseModel.php(563): CodeIgniter\Model->doFind()
 4 SYSTEMPATH/Model.php(215): CodeIgniter\BaseModel->find()
 5 SYSTEMPATH/BaseModel.php(594): CodeIgniter\Model->doFindColumn()
 6 APPPATH/Controllers/Home.php(241): CodeIgniter\BaseModel->findColumn()
 7 SYSTEMPATH/CodeIgniter.php(942): App\Controllers\Home->koran()
 8 SYSTEMPATH/CodeIgniter.php(502): CodeIgniter\CodeIgniter->runController()
 9 SYSTEMPATH/CodeIgniter.php(361): CodeIgniter\CodeIgniter->handleRequest()
10 FCPATH/index.php(79): CodeIgniter\CodeIgniter->run()
INFO - 2025-09-05 05:19:26 --> Session: Class initialized using 'CodeIgniter\Session\Handlers\FileHandler' driver.
ERROR - 2025-09-05 05:19:26 --> mysqli_sql_exception: Unknown column 'DISTINCT' in 'SELECT' in /home/u927597906/domains/51-574-ff.darulhijrah.in/public_html/system/Database/MySQLi/Connection.php:306
Stack trace:
#0 /home/u927597906/domains/51-574-ff.darulhijrah.in/public_html/system/Database/MySQLi/Connection.php(306): mysqli->query()
#1 /home/u927597906/domains/51-574-ff.darulhijrah.in/public_html/system/Database/BaseConnection.php(693): CodeIgniter\Database\MySQLi\Connection->execute()
#2 /home/u927597906/domains/51-574-ff.darulhijrah.in/public_html/system/Database/BaseConnection.php(607): CodeIgniter\Database\BaseConnection->simpleQuery()
#3 /home/u927597906/domains/51-574-ff.darulhijrah.in/public_html/system/Database/BaseBuilder.php(1615): CodeIgniter\Database\BaseConnection->query()
#4 /home/u927597906/domains/51-574-ff.darulhijrah.in/public_html/system/Model.php(199): CodeIgniter\Database\BaseBuilder->get()
#5 /home/u927597906/domains/51-574-ff.darulhijrah.in/public_html/system/BaseModel.php(563): CodeIgniter\Model->doFind()
#6 /home/u927597906/domains/51-574-ff.darulhijrah.in/public_html/system/Model.php(215): CodeIgniter\BaseModel->find()
#7 /home/u927597906/domains/51-574-ff.darulhijrah.in/public_html/system/BaseModel.php(594): CodeIgniter\Model->doFindColumn()
#8 /home/u927597906/domains/51-574-ff.darulhijrah.in/public_html/app/Controllers/Home.php(241): CodeIgniter\BaseModel->findColumn()
#9 /home/u927597906/domains/51-574-ff.darulhijrah.in/public_html/system/CodeIgniter.php(942): App\Controllers\Home->koran()
#10 /home/u927597906/domains/51-574-ff.darulhijrah.in/public_html/system/CodeIgniter.php(502): CodeIgniter\CodeIgniter->runController()
#11 /home/u927597906/domains/51-574-ff.darulhijrah.in/public_html/system/CodeIgniter.php(361): CodeIgniter\CodeIgniter->handleRequest()
#12 /home/u927597906/domains/51-574-ff.darulhijrah.in/public_html/index.php(79): CodeIgniter\CodeIgniter->run()
#13 {main}
CRITICAL - 2025-09-05 05:19:26 --> Unknown column 'DISTINCT' in 'SELECT'
in SYSTEMPATH/Database/BaseConnection.php on line 647.
 1 SYSTEMPATH/Database/BaseBuilder.php(1615): CodeIgniter\Database\BaseConnection->query()
 2 SYSTEMPATH/Model.php(199): CodeIgniter\Database\BaseBuilder->get()
 3 SYSTEMPATH/BaseModel.php(563): CodeIgniter\Model->doFind()
 4 SYSTEMPATH/Model.php(215): CodeIgniter\BaseModel->find()
 5 SYSTEMPATH/BaseModel.php(594): CodeIgniter\Model->doFindColumn()
 6 APPPATH/Controllers/Home.php(241): CodeIgniter\BaseModel->findColumn()
 7 SYSTEMPATH/CodeIgniter.php(942): App\Controllers\Home->koran()
 8 SYSTEMPATH/CodeIgniter.php(502): CodeIgniter\CodeIgniter->runController()
 9 SYSTEMPATH/CodeIgniter.php(361): CodeIgniter\CodeIgniter->handleRequest()
10 FCPATH/index.php(79): CodeIgniter\CodeIgniter->run()
INFO - 2025-09-05 05:19:29 --> Session: Class initialized using 'CodeIgniter\Session\Handlers\FileHandler' driver.
ERROR - 2025-09-05 05:19:29 --> mysqli_sql_exception: Unknown column 'DISTINCT' in 'SELECT' in /home/u927597906/domains/51-574-ff.darulhijrah.in/public_html/system/Database/MySQLi/Connection.php:306
Stack trace:
#0 /home/u927597906/domains/51-574-ff.darulhijrah.in/public_html/system/Database/MySQLi/Connection.php(306): mysqli->query()
#1 /home/u927597906/domains/51-574-ff.darulhijrah.in/public_html/system/Database/BaseConnection.php(693): CodeIgniter\Database\MySQLi\Connection->execute()
#2 /home/u927597906/domains/51-574-ff.darulhijrah.in/public_html/system/Database/BaseConnection.php(607): CodeIgniter\Database\BaseConnection->simpleQuery()
#3 /home/u927597906/domains/51-574-ff.darulhijrah.in/public_html/system/Database/BaseBuilder.php(1615): CodeIgniter\Database\BaseConnection->query()
#4 /home/u927597906/domains/51-574-ff.darulhijrah.in/public_html/system/Model.php(199): CodeIgniter\Database\BaseBuilder->get()
#5 /home/u927597906/domains/51-574-ff.darulhijrah.in/public_html/system/BaseModel.php(563): CodeIgniter\Model->doFind()
#6 /home/u927597906/domains/51-574-ff.darulhijrah.in/public_html/system/Model.php(215): CodeIgniter\BaseModel->find()
#7 /home/u927597906/domains/51-574-ff.darulhijrah.in/public_html/system/BaseModel.php(594): CodeIgniter\Model->doFindColumn()
#8 /home/u927597906/domains/51-574-ff.darulhijrah.in/public_html/app/Controllers/Home.php(241): CodeIgniter\BaseModel->findColumn()
#9 /home/u927597906/domains/51-574-ff.darulhijrah.in/public_html/system/CodeIgniter.php(942): App\Controllers\Home->koran()
#10 /home/u927597906/domains/51-574-ff.darulhijrah.in/public_html/system/CodeIgniter.php(502): CodeIgniter\CodeIgniter->runController()
#11 /home/u927597906/domains/51-574-ff.darulhijrah.in/public_html/system/CodeIgniter.php(361): CodeIgniter\CodeIgniter->handleRequest()
#12 /home/u927597906/domains/51-574-ff.darulhijrah.in/public_html/index.php(79): CodeIgniter\CodeIgniter->run()
#13 {main}
CRITICAL - 2025-09-05 05:19:29 --> Unknown column 'DISTINCT' in 'SELECT'
in SYSTEMPATH/Database/BaseConnection.php on line 647.
 1 SYSTEMPATH/Database/BaseBuilder.php(1615): CodeIgniter\Database\BaseConnection->query()
 2 SYSTEMPATH/Model.php(199): CodeIgniter\Database\BaseBuilder->get()
 3 SYSTEMPATH/BaseModel.php(563): CodeIgniter\Model->doFind()
 4 SYSTEMPATH/Model.php(215): CodeIgniter\BaseModel->find()
 5 SYSTEMPATH/BaseModel.php(594): CodeIgniter\Model->doFindColumn()
 6 APPPATH/Controllers/Home.php(241): CodeIgniter\BaseModel->findColumn()
 7 SYSTEMPATH/CodeIgniter.php(942): App\Controllers\Home->koran()
 8 SYSTEMPATH/CodeIgniter.php(502): CodeIgniter\CodeIgniter->runController()
 9 SYSTEMPATH/CodeIgniter.php(361): CodeIgniter\CodeIgniter->handleRequest()
10 FCPATH/index.php(79): CodeIgniter\CodeIgniter->run()
INFO - 2025-09-05 05:46:28 --> Session: Class initialized using 'CodeIgniter\Session\Handlers\FileHandler' driver.
ERROR - 2025-09-05 05:46:28 --> mysqli_sql_exception: Unknown column 'DISTINCT' in 'SELECT' in /home/u927597906/domains/51-574-ff.darulhijrah.in/public_html/system/Database/MySQLi/Connection.php:306
Stack trace:
#0 /home/u927597906/domains/51-574-ff.darulhijrah.in/public_html/system/Database/MySQLi/Connection.php(306): mysqli->query()
#1 /home/u927597906/domains/51-574-ff.darulhijrah.in/public_html/system/Database/BaseConnection.php(693): CodeIgniter\Database\MySQLi\Connection->execute()
#2 /home/u927597906/domains/51-574-ff.darulhijrah.in/public_html/system/Database/BaseConnection.php(607): CodeIgniter\Database\BaseConnection->simpleQuery()
#3 /home/u927597906/domains/51-574-ff.darulhijrah.in/public_html/system/Database/BaseBuilder.php(1615): CodeIgniter\Database\BaseConnection->query()
#4 /home/u927597906/domains/51-574-ff.darulhijrah.in/public_html/system/Model.php(199): CodeIgniter\Database\BaseBuilder->get()
#5 /home/u927597906/domains/51-574-ff.darulhijrah.in/public_html/system/BaseModel.php(563): CodeIgniter\Model->doFind()
#6 /home/u927597906/domains/51-574-ff.darulhijrah.in/public_html/system/Model.php(215): CodeIgniter\BaseModel->find()
#7 /home/u927597906/domains/51-574-ff.darulhijrah.in/public_html/system/BaseModel.php(594): CodeIgniter\Model->doFindColumn()
#8 /home/u927597906/domains/51-574-ff.darulhijrah.in/public_html/app/Controllers/Home.php(241): CodeIgniter\BaseModel->findColumn()
#9 /home/u927597906/domains/51-574-ff.darulhijrah.in/public_html/system/CodeIgniter.php(942): App\Controllers\Home->koran()
#10 /home/u927597906/domains/51-574-ff.darulhijrah.in/public_html/system/CodeIgniter.php(502): CodeIgniter\CodeIgniter->runController()
#11 /home/u927597906/domains/51-574-ff.darulhijrah.in/public_html/system/CodeIgniter.php(361): CodeIgniter\CodeIgniter->handleRequest()
#12 /home/u927597906/domains/51-574-ff.darulhijrah.in/public_html/index.php(79): CodeIgniter\CodeIgniter->run()
#13 {main}
CRITICAL - 2025-09-05 05:46:28 --> Unknown column 'DISTINCT' in 'SELECT'
in SYSTEMPATH/Database/BaseConnection.php on line 647.
 1 SYSTEMPATH/Database/BaseBuilder.php(1615): CodeIgniter\Database\BaseConnection->query()
 2 SYSTEMPATH/Model.php(199): CodeIgniter\Database\BaseBuilder->get()
 3 SYSTEMPATH/BaseModel.php(563): CodeIgniter\Model->doFind()
 4 SYSTEMPATH/Model.php(215): CodeIgniter\BaseModel->find()
 5 SYSTEMPATH/BaseModel.php(594): CodeIgniter\Model->doFindColumn()
 6 APPPATH/Controllers/Home.php(241): CodeIgniter\BaseModel->findColumn()
 7 SYSTEMPATH/CodeIgniter.php(942): App\Controllers\Home->koran()
 8 SYSTEMPATH/CodeIgniter.php(502): CodeIgniter\CodeIgniter->runController()
 9 SYSTEMPATH/CodeIgniter.php(361): CodeIgniter\CodeIgniter->handleRequest()
10 FCPATH/index.php(79): CodeIgniter\CodeIgniter->run()
INFO - 2025-09-05 05:57:54 --> Session: Class initialized using 'CodeIgniter\Session\Handlers\FileHandler' driver.
INFO - 2025-09-05 06:00:55 --> Session: Class initialized using 'CodeIgniter\Session\Handlers\FileHandler' driver.
INFO - 2025-09-05 06:01:14 --> Session: Class initialized using 'CodeIgniter\Session\Handlers\FileHandler' driver.
INFO - 2025-09-05 06:01:16 --> Session: Class initialized using 'CodeIgniter\Session\Handlers\FileHandler' driver.
INFO - 2025-09-05 06:07:53 --> Session: Class initialized using 'CodeIgniter\Session\Handlers\FileHandler' driver.
ERROR - 2025-09-05 06:07:53 --> mysqli_sql_exception: Unknown column 'DISTINCT' in 'SELECT' in /home/u927597906/domains/51-574-ff.darulhijrah.in/public_html/system/Database/MySQLi/Connection.php:306
Stack trace:
#0 /home/u927597906/domains/51-574-ff.darulhijrah.in/public_html/system/Database/MySQLi/Connection.php(306): mysqli->query()
#1 /home/u927597906/domains/51-574-ff.darulhijrah.in/public_html/system/Database/BaseConnection.php(693): CodeIgniter\Database\MySQLi\Connection->execute()
#2 /home/u927597906/domains/51-574-ff.darulhijrah.in/public_html/system/Database/BaseConnection.php(607): CodeIgniter\Database\BaseConnection->simpleQuery()
#3 /home/u927597906/domains/51-574-ff.darulhijrah.in/public_html/system/Database/BaseBuilder.php(1615): CodeIgniter\Database\BaseConnection->query()
#4 /home/u927597906/domains/51-574-ff.darulhijrah.in/public_html/system/Model.php(199): CodeIgniter\Database\BaseBuilder->get()
#5 /home/u927597906/domains/51-574-ff.darulhijrah.in/public_html/system/BaseModel.php(563): CodeIgniter\Model->doFind()
#6 /home/u927597906/domains/51-574-ff.darulhijrah.in/public_html/system/Model.php(215): CodeIgniter\BaseModel->find()
#7 /home/u927597906/domains/51-574-ff.darulhijrah.in/public_html/system/BaseModel.php(594): CodeIgniter\Model->doFindColumn()
#8 /home/u927597906/domains/51-574-ff.darulhijrah.in/public_html/app/Controllers/Home.php(241): CodeIgniter\BaseModel->findColumn()
#9 /home/u927597906/domains/51-574-ff.darulhijrah.in/public_html/system/CodeIgniter.php(942): App\Controllers\Home->koran()
#10 /home/u927597906/domains/51-574-ff.darulhijrah.in/public_html/system/CodeIgniter.php(502): CodeIgniter\CodeIgniter->runController()
#11 /home/u927597906/domains/51-574-ff.darulhijrah.in/public_html/system/CodeIgniter.php(361): CodeIgniter\CodeIgniter->handleRequest()
#12 /home/u927597906/domains/51-574-ff.darulhijrah.in/public_html/index.php(79): CodeIgniter\CodeIgniter->run()
#13 {main}
CRITICAL - 2025-09-05 06:07:53 --> Unknown column 'DISTINCT' in 'SELECT'
in SYSTEMPATH/Database/BaseConnection.php on line 647.
 1 SYSTEMPATH/Database/BaseBuilder.php(1615): CodeIgniter\Database\BaseConnection->query()
 2 SYSTEMPATH/Model.php(199): CodeIgniter\Database\BaseBuilder->get()
 3 SYSTEMPATH/BaseModel.php(563): CodeIgniter\Model->doFind()
 4 SYSTEMPATH/Model.php(215): CodeIgniter\BaseModel->find()
 5 SYSTEMPATH/BaseModel.php(594): CodeIgniter\Model->doFindColumn()
 6 APPPATH/Controllers/Home.php(241): CodeIgniter\BaseModel->findColumn()
 7 SYSTEMPATH/CodeIgniter.php(942): App\Controllers\Home->koran()
 8 SYSTEMPATH/CodeIgniter.php(502): CodeIgniter\CodeIgniter->runController()
 9 SYSTEMPATH/CodeIgniter.php(361): CodeIgniter\CodeIgniter->handleRequest()
10 FCPATH/index.php(79): CodeIgniter\CodeIgniter->run()
INFO - 2025-09-05 06:09:02 --> Session: Class initialized using 'CodeIgniter\Session\Handlers\FileHandler' driver.
ERROR - 2025-09-05 06:09:02 --> mysqli_sql_exception: Unknown column 'DISTINCT' in 'SELECT' in /home/u927597906/domains/51-574-ff.darulhijrah.in/public_html/system/Database/MySQLi/Connection.php:306
Stack trace:
#0 /home/u927597906/domains/51-574-ff.darulhijrah.in/public_html/system/Database/MySQLi/Connection.php(306): mysqli->query()
#1 /home/u927597906/domains/51-574-ff.darulhijrah.in/public_html/system/Database/BaseConnection.php(693): CodeIgniter\Database\MySQLi\Connection->execute()
#2 /home/u927597906/domains/51-574-ff.darulhijrah.in/public_html/system/Database/BaseConnection.php(607): CodeIgniter\Database\BaseConnection->simpleQuery()
#3 /home/u927597906/domains/51-574-ff.darulhijrah.in/public_html/system/Database/BaseBuilder.php(1615): CodeIgniter\Database\BaseConnection->query()
#4 /home/u927597906/domains/51-574-ff.darulhijrah.in/public_html/system/Model.php(199): CodeIgniter\Database\BaseBuilder->get()
#5 /home/u927597906/domains/51-574-ff.darulhijrah.in/public_html/system/BaseModel.php(563): CodeIgniter\Model->doFind()
#6 /home/u927597906/domains/51-574-ff.darulhijrah.in/public_html/system/Model.php(215): CodeIgniter\BaseModel->find()
#7 /home/u927597906/domains/51-574-ff.darulhijrah.in/public_html/system/BaseModel.php(594): CodeIgniter\Model->doFindColumn()
#8 /home/u927597906/domains/51-574-ff.darulhijrah.in/public_html/app/Controllers/Home.php(241): CodeIgniter\BaseModel->findColumn()
#9 /home/u927597906/domains/51-574-ff.darulhijrah.in/public_html/system/CodeIgniter.php(942): App\Controllers\Home->koran()
#10 /home/u927597906/domains/51-574-ff.darulhijrah.in/public_html/system/CodeIgniter.php(502): CodeIgniter\CodeIgniter->runController()
#11 /home/u927597906/domains/51-574-ff.darulhijrah.in/public_html/system/CodeIgniter.php(361): CodeIgniter\CodeIgniter->handleRequest()
#12 /home/u927597906/domains/51-574-ff.darulhijrah.in/public_html/index.php(79): CodeIgniter\CodeIgniter->run()
#13 {main}
CRITICAL - 2025-09-05 06:09:02 --> Unknown column 'DISTINCT' in 'SELECT'
in SYSTEMPATH/Database/BaseConnection.php on line 647.
 1 SYSTEMPATH/Database/BaseBuilder.php(1615): CodeIgniter\Database\BaseConnection->query()
 2 SYSTEMPATH/Model.php(199): CodeIgniter\Database\BaseBuilder->get()
 3 SYSTEMPATH/BaseModel.php(563): CodeIgniter\Model->doFind()
 4 SYSTEMPATH/Model.php(215): CodeIgniter\BaseModel->find()
 5 SYSTEMPATH/BaseModel.php(594): CodeIgniter\Model->doFindColumn()
 6 APPPATH/Controllers/Home.php(241): CodeIgniter\BaseModel->findColumn()
 7 SYSTEMPATH/CodeIgniter.php(942): App\Controllers\Home->koran()
 8 SYSTEMPATH/CodeIgniter.php(502): CodeIgniter\CodeIgniter->runController()
 9 SYSTEMPATH/CodeIgniter.php(361): CodeIgniter\CodeIgniter->handleRequest()
10 FCPATH/index.php(79): CodeIgniter\CodeIgniter->run()
INFO - 2025-09-05 06:09:04 --> Session: Class initialized using 'CodeIgniter\Session\Handlers\FileHandler' driver.
ERROR - 2025-09-05 06:09:04 --> mysqli_sql_exception: Unknown column 'DISTINCT' in 'SELECT' in /home/u927597906/domains/51-574-ff.darulhijrah.in/public_html/system/Database/MySQLi/Connection.php:306
Stack trace:
#0 /home/u927597906/domains/51-574-ff.darulhijrah.in/public_html/system/Database/MySQLi/Connection.php(306): mysqli->query()
#1 /home/u927597906/domains/51-574-ff.darulhijrah.in/public_html/system/Database/BaseConnection.php(693): CodeIgniter\Database\MySQLi\Connection->execute()
#2 /home/u927597906/domains/51-574-ff.darulhijrah.in/public_html/system/Database/BaseConnection.php(607): CodeIgniter\Database\BaseConnection->simpleQuery()
#3 /home/u927597906/domains/51-574-ff.darulhijrah.in/public_html/system/Database/BaseBuilder.php(1615): CodeIgniter\Database\BaseConnection->query()
#4 /home/u927597906/domains/51-574-ff.darulhijrah.in/public_html/system/Model.php(199): CodeIgniter\Database\BaseBuilder->get()
#5 /home/u927597906/domains/51-574-ff.darulhijrah.in/public_html/system/BaseModel.php(563): CodeIgniter\Model->doFind()
#6 /home/u927597906/domains/51-574-ff.darulhijrah.in/public_html/system/Model.php(215): CodeIgniter\BaseModel->find()
#7 /home/u927597906/domains/51-574-ff.darulhijrah.in/public_html/system/BaseModel.php(594): CodeIgniter\Model->doFindColumn()
#8 /home/u927597906/domains/51-574-ff.darulhijrah.in/public_html/app/Controllers/Home.php(241): CodeIgniter\BaseModel->findColumn()
#9 /home/u927597906/domains/51-574-ff.darulhijrah.in/public_html/system/CodeIgniter.php(942): App\Controllers\Home->koran()
#10 /home/u927597906/domains/51-574-ff.darulhijrah.in/public_html/system/CodeIgniter.php(502): CodeIgniter\CodeIgniter->runController()
#11 /home/u927597906/domains/51-574-ff.darulhijrah.in/public_html/system/CodeIgniter.php(361): CodeIgniter\CodeIgniter->handleRequest()
#12 /home/u927597906/domains/51-574-ff.darulhijrah.in/public_html/index.php(79): CodeIgniter\CodeIgniter->run()
#13 {main}
CRITICAL - 2025-09-05 06:09:04 --> Unknown column 'DISTINCT' in 'SELECT'
in SYSTEMPATH/Database/BaseConnection.php on line 647.
 1 SYSTEMPATH/Database/BaseBuilder.php(1615): CodeIgniter\Database\BaseConnection->query()
 2 SYSTEMPATH/Model.php(199): CodeIgniter\Database\BaseBuilder->get()
 3 SYSTEMPATH/BaseModel.php(563): CodeIgniter\Model->doFind()
 4 SYSTEMPATH/Model.php(215): CodeIgniter\BaseModel->find()
 5 SYSTEMPATH/BaseModel.php(594): CodeIgniter\Model->doFindColumn()
 6 APPPATH/Controllers/Home.php(241): CodeIgniter\BaseModel->findColumn()
 7 SYSTEMPATH/CodeIgniter.php(942): App\Controllers\Home->koran()
 8 SYSTEMPATH/CodeIgniter.php(502): CodeIgniter\CodeIgniter->runController()
 9 SYSTEMPATH/CodeIgniter.php(361): CodeIgniter\CodeIgniter->handleRequest()
10 FCPATH/index.php(79): CodeIgniter\CodeIgniter->run()
INFO - 2025-09-05 06:09:06 --> Session: Class initialized using 'CodeIgniter\Session\Handlers\FileHandler' driver.
ERROR - 2025-09-05 06:09:06 --> mysqli_sql_exception: Unknown column 'DISTINCT' in 'SELECT' in /home/u927597906/domains/51-574-ff.darulhijrah.in/public_html/system/Database/MySQLi/Connection.php:306
Stack trace:
#0 /home/u927597906/domains/51-574-ff.darulhijrah.in/public_html/system/Database/MySQLi/Connection.php(306): mysqli->query()
#1 /home/u927597906/domains/51-574-ff.darulhijrah.in/public_html/system/Database/BaseConnection.php(693): CodeIgniter\Database\MySQLi\Connection->execute()
#2 /home/u927597906/domains/51-574-ff.darulhijrah.in/public_html/system/Database/BaseConnection.php(607): CodeIgniter\Database\BaseConnection->simpleQuery()
#3 /home/u927597906/domains/51-574-ff.darulhijrah.in/public_html/system/Database/BaseBuilder.php(1615): CodeIgniter\Database\BaseConnection->query()
#4 /home/u927597906/domains/51-574-ff.darulhijrah.in/public_html/system/Model.php(199): CodeIgniter\Database\BaseBuilder->get()
#5 /home/u927597906/domains/51-574-ff.darulhijrah.in/public_html/system/BaseModel.php(563): CodeIgniter\Model->doFind()
#6 /home/u927597906/domains/51-574-ff.darulhijrah.in/public_html/system/Model.php(215): CodeIgniter\BaseModel->find()
#7 /home/u927597906/domains/51-574-ff.darulhijrah.in/public_html/system/BaseModel.php(594): CodeIgniter\Model->doFindColumn()
#8 /home/u927597906/domains/51-574-ff.darulhijrah.in/public_html/app/Controllers/Home.php(241): CodeIgniter\BaseModel->findColumn()
#9 /home/u927597906/domains/51-574-ff.darulhijrah.in/public_html/system/CodeIgniter.php(942): App\Controllers\Home->koran()
#10 /home/u927597906/domains/51-574-ff.darulhijrah.in/public_html/system/CodeIgniter.php(502): CodeIgniter\CodeIgniter->runController()
#11 /home/u927597906/domains/51-574-ff.darulhijrah.in/public_html/system/CodeIgniter.php(361): CodeIgniter\CodeIgniter->handleRequest()
#12 /home/u927597906/domains/51-574-ff.darulhijrah.in/public_html/index.php(79): CodeIgniter\CodeIgniter->run()
#13 {main}
CRITICAL - 2025-09-05 06:09:06 --> Unknown column 'DISTINCT' in 'SELECT'
in SYSTEMPATH/Database/BaseConnection.php on line 647.
 1 SYSTEMPATH/Database/BaseBuilder.php(1615): CodeIgniter\Database\BaseConnection->query()
 2 SYSTEMPATH/Model.php(199): CodeIgniter\Database\BaseBuilder->get()
 3 SYSTEMPATH/BaseModel.php(563): CodeIgniter\Model->doFind()
 4 SYSTEMPATH/Model.php(215): CodeIgniter\BaseModel->find()
 5 SYSTEMPATH/BaseModel.php(594): CodeIgniter\Model->doFindColumn()
 6 APPPATH/Controllers/Home.php(241): CodeIgniter\BaseModel->findColumn()
 7 SYSTEMPATH/CodeIgniter.php(942): App\Controllers\Home->koran()
 8 SYSTEMPATH/CodeIgniter.php(502): CodeIgniter\CodeIgniter->runController()
 9 SYSTEMPATH/CodeIgniter.php(361): CodeIgniter\CodeIgniter->handleRequest()
10 FCPATH/index.php(79): CodeIgniter\CodeIgniter->run()
INFO - 2025-09-05 06:09:36 --> Session: Class initialized using 'CodeIgniter\Session\Handlers\FileHandler' driver.
INFO - 2025-09-05 06:09:47 --> Session: Class initialized using 'CodeIgniter\Session\Handlers\FileHandler' driver.
INFO - 2025-09-05 06:09:58 --> Session: Class initialized using 'CodeIgniter\Session\Handlers\FileHandler' driver.
INFO - 2025-09-05 06:10:10 --> Session: Class initialized using 'CodeIgniter\Session\Handlers\FileHandler' driver.
INFO - 2025-09-05 06:10:21 --> Session: Class initialized using 'CodeIgniter\Session\Handlers\FileHandler' driver.
INFO - 2025-09-05 06:10:38 --> Session: Class initialized using 'CodeIgniter\Session\Handlers\FileHandler' driver.
INFO - 2025-09-05 06:10:49 --> Session: Class initialized using 'CodeIgniter\Session\Handlers\FileHandler' driver.
INFO - 2025-09-05 06:10:57 --> Session: Class initialized using 'CodeIgniter\Session\Handlers\FileHandler' driver.
CRITICAL - 2025-09-05 20:16:31 --> Call to undefined method App\Controllers\Home::makeCSV()
in APPPATH/Controllers/Home.php on line 270.
 1 SYSTEMPATH/CodeIgniter.php(942): App\Controllers\Home->downloadBulanan()
 2 SYSTEMPATH/CodeIgniter.php(502): CodeIgniter\CodeIgniter->runController()
 3 SYSTEMPATH/CodeIgniter.php(361): CodeIgniter\CodeIgniter->handleRequest()
 4 FCPATH/index.php(79): CodeIgniter\CodeIgniter->run()
INFO - 2025-09-05 22:30:25 --> Session: Class initialized using 'CodeIgniter\Session\Handlers\FileHandler' driver.
INFO - 2025-09-05 22:30:27 --> Session: Class initialized using 'CodeIgniter\Session\Handlers\FileHandler' driver.
INFO - 2025-09-05 22:30:30 --> Session: Class initialized using 'CodeIgniter\Session\Handlers\FileHandler' driver.
CRITICAL - 2025-09-05 22:30:30 --> Call to undefined method App\Controllers\Home::makeCSV()
in APPPATH/Controllers/Home.php on line 270.
 1 SYSTEMPATH/CodeIgniter.php(942): App\Controllers\Home->downloadBulanan()
 2 SYSTEMPATH/CodeIgniter.php(502): CodeIgniter\CodeIgniter->runController()
 3 SYSTEMPATH/CodeIgniter.php(361): CodeIgniter\CodeIgniter->handleRequest()
 4 FCPATH/index.php(79): CodeIgniter\CodeIgniter->run()
INFO - 2025-09-05 22:30:45 --> Session: Class initialized using 'CodeIgniter\Session\Handlers\FileHandler' driver.
CRITICAL - 2025-09-05 22:30:45 --> Call to undefined method App\Controllers\Home::makeCSV()
in APPPATH/Controllers/Home.php on line 291.
 1 SYSTEMPATH/CodeIgniter.php(942): App\Controllers\Home->downloadHarian()
 2 SYSTEMPATH/CodeIgniter.php(502): CodeIgniter\CodeIgniter->runController()
 3 SYSTEMPATH/CodeIgniter.php(361): CodeIgniter\CodeIgniter->handleRequest()
 4 FCPATH/index.php(79): CodeIgniter\CodeIgniter->run()
INFO - 2025-09-05 22:31:02 --> Session: Class initialized using 'CodeIgniter\Session\Handlers\FileHandler' driver.
CRITICAL - 2025-09-05 22:31:02 --> Call to undefined method App\Controllers\Home::makeCSV()
in APPPATH/Controllers/Home.php on line 270.
 1 SYSTEMPATH/CodeIgniter.php(942): App\Controllers\Home->downloadBulanan()
 2 SYSTEMPATH/CodeIgniter.php(502): CodeIgniter\CodeIgniter->runController()
 3 SYSTEMPATH/CodeIgniter.php(361): CodeIgniter\CodeIgniter->handleRequest()
 4 FCPATH/index.php(79): CodeIgniter\CodeIgniter->run()
INFO - 2025-09-05 22:32:54 --> Session: Class initialized using 'CodeIgniter\Session\Handlers\FileHandler' driver.
CRITICAL - 2025-09-05 22:32:57 --> Call to undefined method App\Controllers\Home::makeCSV()
in APPPATH/Controllers/Home.php on line 270.
 1 SYSTEMPATH/CodeIgniter.php(942): App\Controllers\Home->downloadBulanan()
 2 SYSTEMPATH/CodeIgniter.php(502): CodeIgniter\CodeIgniter->runController()
 3 SYSTEMPATH/CodeIgniter.php(361): CodeIgniter\CodeIgniter->handleRequest()
 4 FCPATH/index.php(79): CodeIgniter\CodeIgniter->run()
INFO - 2025-09-05 22:34:22 --> Session: Class initialized using 'CodeIgniter\Session\Handlers\FileHandler' driver.
INFO - 2025-09-05 22:34:57 --> Session: Class initialized using 'CodeIgniter\Session\Handlers\FileHandler' driver.
INFO - 2025-09-05 22:34:59 --> Session: Class initialized using 'CodeIgniter\Session\Handlers\FileHandler' driver.
INFO - 2025-09-05 22:35:05 --> Session: Class initialized using 'CodeIgniter\Session\Handlers\FileHandler' driver.
ERROR - 2025-09-05 22:35:05 --> mysqli_sql_exception: Unknown column 'saldo_masuk' in 'SELECT' in /home/u927597906/domains/51-574-ff.darulhijrah.in/public_html/system/Database/MySQLi/Connection.php:306
Stack trace:
#0 /home/u927597906/domains/51-574-ff.darulhijrah.in/public_html/system/Database/MySQLi/Connection.php(306): mysqli->query()
#1 /home/u927597906/domains/51-574-ff.darulhijrah.in/public_html/system/Database/BaseConnection.php(693): CodeIgniter\Database\MySQLi\Connection->execute()
#2 /home/u927597906/domains/51-574-ff.darulhijrah.in/public_html/system/Database/BaseConnection.php(607): CodeIgniter\Database\BaseConnection->simpleQuery()
#3 /home/u927597906/domains/51-574-ff.darulhijrah.in/public_html/system/Database/BaseBuilder.php(1615): CodeIgniter\Database\BaseConnection->query()
#4 /home/u927597906/domains/51-574-ff.darulhijrah.in/public_html/system/Model.php(237): CodeIgniter\Database\BaseBuilder->get()
#5 /home/u927597906/domains/51-574-ff.darulhijrah.in/public_html/system/BaseModel.php(624): CodeIgniter\Model->doFindAll()
#6 /home/u927597906/domains/51-574-ff.darulhijrah.in/public_html/app/Controllers/Home.php(295): CodeIgniter\BaseModel->findAll()
#7 /home/u927597906/domains/51-574-ff.darulhijrah.in/public_html/system/CodeIgniter.php(942): App\Controllers\Home->downloadHarian()
#8 /home/u927597906/domains/51-574-ff.darulhijrah.in/public_html/system/CodeIgniter.php(502): CodeIgniter\CodeIgniter->runController()
#9 /home/u927597906/domains/51-574-ff.darulhijrah.in/public_html/system/CodeIgniter.php(361): CodeIgniter\CodeIgniter->handleRequest()
#10 /home/u927597906/domains/51-574-ff.darulhijrah.in/public_html/index.php(79): CodeIgniter\CodeIgniter->run()
#11 {main}
CRITICAL - 2025-09-05 22:35:05 --> Unknown column 'saldo_masuk' in 'SELECT'
in SYSTEMPATH/Database/BaseConnection.php on line 647.
 1 SYSTEMPATH/Database/BaseBuilder.php(1615): CodeIgniter\Database\BaseConnection->query()
 2 SYSTEMPATH/Model.php(237): CodeIgniter\Database\BaseBuilder->get()
 3 SYSTEMPATH/BaseModel.php(624): CodeIgniter\Model->doFindAll()
 4 APPPATH/Controllers/Home.php(295): CodeIgniter\BaseModel->findAll()
 5 SYSTEMPATH/CodeIgniter.php(942): App\Controllers\Home->downloadHarian()
 6 SYSTEMPATH/CodeIgniter.php(502): CodeIgniter\CodeIgniter->runController()
 7 SYSTEMPATH/CodeIgniter.php(361): CodeIgniter\CodeIgniter->handleRequest()
 8 FCPATH/index.php(79): CodeIgniter\CodeIgniter->run()
INFO - 2025-09-05 22:35:41 --> Session: Class initialized using 'CodeIgniter\Session\Handlers\FileHandler' driver.
INFO - 2025-09-05 22:36:02 --> Session: Class initialized using 'CodeIgniter\Session\Handlers\FileHandler' driver.
INFO - 2025-09-05 22:36:26 --> Session: Class initialized using 'CodeIgniter\Session\Handlers\FileHandler' driver.
INFO - 2025-09-05 22:36:28 --> Session: Class initialized using 'CodeIgniter\Session\Handlers\FileHandler' driver.
INFO - 2025-09-05 22:39:12 --> Session: Class initialized using 'CodeIgniter\Session\Handlers\FileHandler' driver.
INFO - 2025-09-05 22:39:14 --> Session: Class initialized using 'CodeIgniter\Session\Handlers\FileHandler' driver.
INFO - 2025-09-05 22:40:48 --> Session: Class initialized using 'CodeIgniter\Session\Handlers\FileHandler' driver.
INFO - 2025-09-05 22:40:55 --> Session: Class initialized using 'CodeIgniter\Session\Handlers\FileHandler' driver.
INFO - 2025-09-05 22:40:57 --> Session: Class initialized using 'CodeIgniter\Session\Handlers\FileHandler' driver.
INFO - 2025-09-05 22:41:17 --> Session: Class initialized using 'CodeIgniter\Session\Handlers\FileHandler' driver.
INFO - 2025-09-05 22:42:06 --> Session: Class initialized using 'CodeIgniter\Session\Handlers\FileHandler' driver.
INFO - 2025-09-05 22:42:12 --> Session: Class initialized using 'CodeIgniter\Session\Handlers\FileHandler' driver.
WARNING - 2025-09-05 22:42:12 --> [DEPRECATED] Creation of dynamic property App\Controllers\Guru::$mapelModel is deprecated in APPPATH/Controllers/Guru.php on line 22.
 1 SYSTEMPATH/CodeIgniter.php(914): App\Controllers\Guru->__construct()
 2 SYSTEMPATH/CodeIgniter.php(493): CodeIgniter\CodeIgniter->createController()
 3 SYSTEMPATH/CodeIgniter.php(361): CodeIgniter\CodeIgniter->handleRequest(null, Object(Config\Cache), false)
 4 FCPATH/index.php(79): CodeIgniter\CodeIgniter->run()
WARNING - 2025-09-05 22:42:12 --> [DEPRECATED] Creation of dynamic property App\Controllers\Guru::$kelasModel is deprecated in APPPATH/Controllers/Guru.php on line 23.
 1 SYSTEMPATH/CodeIgniter.php(914): App\Controllers\Guru->__construct()
 2 SYSTEMPATH/CodeIgniter.php(493): CodeIgniter\CodeIgniter->createController()
 3 SYSTEMPATH/CodeIgniter.php(361): CodeIgniter\CodeIgniter->handleRequest(null, Object(Config\Cache), false)
 4 FCPATH/index.php(79): CodeIgniter\CodeIgniter->run()
WARNING - 2025-09-05 22:42:12 --> [DEPRECATED] Creation of dynamic property App\Controllers\Guru::$hariModel is deprecated in APPPATH/Controllers/Guru.php on line 24.
 1 SYSTEMPATH/CodeIgniter.php(914): App\Controllers\Guru->__construct()
 2 SYSTEMPATH/CodeIgniter.php(493): CodeIgniter\CodeIgniter->createController()
 3 SYSTEMPATH/CodeIgniter.php(361): CodeIgniter\CodeIgniter->handleRequest(null, Object(Config\Cache), false)
 4 FCPATH/index.php(79): CodeIgniter\CodeIgniter->run()
WARNING - 2025-09-05 22:42:12 --> [DEPRECATED] Creation of dynamic property App\Controllers\Guru::$jadwalModel is deprecated in APPPATH/Controllers/Guru.php on line 25.
 1 SYSTEMPATH/CodeIgniter.php(914): App\Controllers\Guru->__construct()
 2 SYSTEMPATH/CodeIgniter.php(493): CodeIgniter\CodeIgniter->createController()
 3 SYSTEMPATH/CodeIgniter.php(361): CodeIgniter\CodeIgniter->handleRequest(null, Object(Config\Cache), false)
 4 FCPATH/index.php(79): CodeIgniter\CodeIgniter->run()
WARNING - 2025-09-05 22:42:12 --> [DEPRECATED] Creation of dynamic property App\Controllers\Guru::$guruMapelModel is deprecated in APPPATH/Controllers/Guru.php on line 26.
 1 SYSTEMPATH/CodeIgniter.php(914): App\Controllers\Guru->__construct()
 2 SYSTEMPATH/CodeIgniter.php(493): CodeIgniter\CodeIgniter->createController()
 3 SYSTEMPATH/CodeIgniter.php(361): CodeIgniter\CodeIgniter->handleRequest(null, Object(Config\Cache), false)
 4 FCPATH/index.php(79): CodeIgniter\CodeIgniter->run()
WARNING - 2025-09-05 22:42:12 --> [DEPRECATED] Creation of dynamic property App\Controllers\Guru::$slotModel is deprecated in APPPATH/Controllers/Guru.php on line 27.
 1 SYSTEMPATH/CodeIgniter.php(914): App\Controllers\Guru->__construct()
 2 SYSTEMPATH/CodeIgniter.php(493): CodeIgniter\CodeIgniter->createController()
 3 SYSTEMPATH/CodeIgniter.php(361): CodeIgniter\CodeIgniter->handleRequest(null, Object(Config\Cache), false)
 4 FCPATH/index.php(79): CodeIgniter\CodeIgniter->run()
INFO - 2025-09-05 22:42:32 --> Session: Class initialized using 'CodeIgniter\Session\Handlers\FileHandler' driver.
WARNING - 2025-09-05 22:42:32 --> [DEPRECATED] Creation of dynamic property App\Controllers\Guru::$mapelModel is deprecated in APPPATH/Controllers/Guru.php on line 22.
 1 SYSTEMPATH/CodeIgniter.php(914): App\Controllers\Guru->__construct()
 2 SYSTEMPATH/CodeIgniter.php(493): CodeIgniter\CodeIgniter->createController()
 3 SYSTEMPATH/CodeIgniter.php(361): CodeIgniter\CodeIgniter->handleRequest(null, Object(Config\Cache), false)
 4 FCPATH/index.php(79): CodeIgniter\CodeIgniter->run()
WARNING - 2025-09-05 22:42:32 --> [DEPRECATED] Creation of dynamic property App\Controllers\Guru::$kelasModel is deprecated in APPPATH/Controllers/Guru.php on line 23.
 1 SYSTEMPATH/CodeIgniter.php(914): App\Controllers\Guru->__construct()
 2 SYSTEMPATH/CodeIgniter.php(493): CodeIgniter\CodeIgniter->createController()
 3 SYSTEMPATH/CodeIgniter.php(361): CodeIgniter\CodeIgniter->handleRequest(null, Object(Config\Cache), false)
 4 FCPATH/index.php(79): CodeIgniter\CodeIgniter->run()
WARNING - 2025-09-05 22:42:32 --> [DEPRECATED] Creation of dynamic property App\Controllers\Guru::$hariModel is deprecated in APPPATH/Controllers/Guru.php on line 24.
 1 SYSTEMPATH/CodeIgniter.php(914): App\Controllers\Guru->__construct()
 2 SYSTEMPATH/CodeIgniter.php(493): CodeIgniter\CodeIgniter->createController()
 3 SYSTEMPATH/CodeIgniter.php(361): CodeIgniter\CodeIgniter->handleRequest(null, Object(Config\Cache), false)
 4 FCPATH/index.php(79): CodeIgniter\CodeIgniter->run()
WARNING - 2025-09-05 22:42:32 --> [DEPRECATED] Creation of dynamic property App\Controllers\Guru::$jadwalModel is deprecated in APPPATH/Controllers/Guru.php on line 25.
 1 SYSTEMPATH/CodeIgniter.php(914): App\Controllers\Guru->__construct()
 2 SYSTEMPATH/CodeIgniter.php(493): CodeIgniter\CodeIgniter->createController()
 3 SYSTEMPATH/CodeIgniter.php(361): CodeIgniter\CodeIgniter->handleRequest(null, Object(Config\Cache), false)
 4 FCPATH/index.php(79): CodeIgniter\CodeIgniter->run()
WARNING - 2025-09-05 22:42:32 --> [DEPRECATED] Creation of dynamic property App\Controllers\Guru::$guruMapelModel is deprecated in APPPATH/Controllers/Guru.php on line 26.
 1 SYSTEMPATH/CodeIgniter.php(914): App\Controllers\Guru->__construct()
 2 SYSTEMPATH/CodeIgniter.php(493): CodeIgniter\CodeIgniter->createController()
 3 SYSTEMPATH/CodeIgniter.php(361): CodeIgniter\CodeIgniter->handleRequest(null, Object(Config\Cache), false)
 4 FCPATH/index.php(79): CodeIgniter\CodeIgniter->run()
WARNING - 2025-09-05 22:42:32 --> [DEPRECATED] Creation of dynamic property App\Controllers\Guru::$slotModel is deprecated in APPPATH/Controllers/Guru.php on line 27.
 1 SYSTEMPATH/CodeIgniter.php(914): App\Controllers\Guru->__construct()
 2 SYSTEMPATH/CodeIgniter.php(493): CodeIgniter\CodeIgniter->createController()
 3 SYSTEMPATH/CodeIgniter.php(361): CodeIgniter\CodeIgniter->handleRequest(null, Object(Config\Cache), false)
 4 FCPATH/index.php(79): CodeIgniter\CodeIgniter->run()
INFO - 2025-09-05 22:43:46 --> Session: Class initialized using 'CodeIgniter\Session\Handlers\FileHandler' driver.
INFO - 2025-09-05 22:50:53 --> Session: Class initialized using 'CodeIgniter\Session\Handlers\FileHandler' driver.
INFO - 2025-09-05 22:50:54 --> Session: Class initialized using 'CodeIgniter\Session\Handlers\FileHandler' driver.
INFO - 2025-09-05 22:51:02 --> Session: Class initialized using 'CodeIgniter\Session\Handlers\FileHandler' driver.
INFO - 2025-09-05 22:52:57 --> Session: Class initialized using 'CodeIgniter\Session\Handlers\FileHandler' driver.
INFO - 2025-09-05 22:57:43 --> Session: Class initialized using 'CodeIgniter\Session\Handlers\FileHandler' driver.
INFO - 2025-09-05 22:58:21 --> Session: Class initialized using 'CodeIgniter\Session\Handlers\FileHandler' driver.
INFO - 2025-09-05 22:58:32 --> Session: Class initialized using 'CodeIgniter\Session\Handlers\FileHandler' driver.
INFO - 2025-09-05 23:36:11 --> Session: Class initialized using 'CodeIgniter\Session\Handlers\FileHandler' driver.
INFO - 2025-09-05 23:36:19 --> Session: Class initialized using 'CodeIgniter\Session\Handlers\FileHandler' driver.
INFO - 2025-09-05 23:36:20 --> Session: Class initialized using 'CodeIgniter\Session\Handlers\FileHandler' driver.
INFO - 2025-09-05 23:36:26 --> Session: Class initialized using 'CodeIgniter\Session\Handlers\FileHandler' driver.
INFO - 2025-09-05 23:36:56 --> Session: Class initialized using 'CodeIgniter\Session\Handlers\FileHandler' driver.
INFO - 2025-09-05 23:37:27 --> Session: Class initialized using 'CodeIgniter\Session\Handlers\FileHandler' driver.
INFO - 2025-09-05 23:37:27 --> Session: Class initialized using 'CodeIgniter\Session\Handlers\FileHandler' driver.
INFO - 2025-09-05 23:37:41 --> Session: Class initialized using 'CodeIgniter\Session\Handlers\FileHandler' driver.
INFO - 2025-09-05 23:37:41 --> Session: Class initialized using 'CodeIgniter\Session\Handlers\FileHandler' driver.
INFO - 2025-09-05 23:37:50 --> Session: Class initialized using 'CodeIgniter\Session\Handlers\FileHandler' driver.
INFO - 2025-09-05 23:37:50 --> Session: Class initialized using 'CodeIgniter\Session\Handlers\FileHandler' driver.
INFO - 2025-09-05 23:37:57 --> Session: Class initialized using 'CodeIgniter\Session\Handlers\FileHandler' driver.
INFO - 2025-09-05 23:37:57 --> Session: Class initialized using 'CodeIgniter\Session\Handlers\FileHandler' driver.
INFO - 2025-09-05 23:38:04 --> Session: Class initialized using 'CodeIgniter\Session\Handlers\FileHandler' driver.
INFO - 2025-09-05 23:38:04 --> Session: Class initialized using 'CodeIgniter\Session\Handlers\FileHandler' driver.
INFO - 2025-09-05 23:38:49 --> Session: Class initialized using 'CodeIgniter\Session\Handlers\FileHandler' driver.
INFO - 2025-09-05 23:39:31 --> Session: Class initialized using 'CodeIgniter\Session\Handlers\FileHandler' driver.
INFO - 2025-09-05 23:39:31 --> Session: Class initialized using 'CodeIgniter\Session\Handlers\FileHandler' driver.
INFO - 2025-09-05 23:39:47 --> Session: Class initialized using 'CodeIgniter\Session\Handlers\FileHandler' driver.
INFO - 2025-09-05 23:39:47 --> Session: Class initialized using 'CodeIgniter\Session\Handlers\FileHandler' driver.
INFO - 2025-09-05 23:40:04 --> Session: Class initialized using 'CodeIgniter\Session\Handlers\FileHandler' driver.
INFO - 2025-09-05 23:40:04 --> Session: Class initialized using 'CodeIgniter\Session\Handlers\FileHandler' driver.
INFO - 2025-09-05 23:40:24 --> Session: Class initialized using 'CodeIgniter\Session\Handlers\FileHandler' driver.
INFO - 2025-09-05 23:40:24 --> Session: Class initialized using 'CodeIgniter\Session\Handlers\FileHandler' driver.
INFO - 2025-09-05 23:40:46 --> Session: Class initialized using 'CodeIgniter\Session\Handlers\FileHandler' driver.
INFO - 2025-09-05 23:40:46 --> Session: Class initialized using 'CodeIgniter\Session\Handlers\FileHandler' driver.
