ERROR - 2024-02-03 00:34:39 --> mysqli_sql_exception: Duplicate entry '244' for key 'PRIMARY' in C:\xampp\htdocs\sistaff\system\Database\MySQLi\Connection.php:306
Stack trace:
#0 C:\xampp\htdocs\sistaff\system\Database\MySQLi\Connection.php(306): mysqli->query('INSERT INTO `tr...', 0)
#1 C:\xampp\htdocs\sistaff\system\Database\BaseConnection.php(693): CodeIgniter\Database\MySQLi\Connection->execute('INSERT INTO `tr...')
#2 C:\xampp\htdocs\sistaff\system\Database\BaseConnection.php(607): CodeIgniter\Database\BaseConnection->simpleQuery('INSERT INTO `tr...')
#3 C:\xampp\htdocs\sistaff\system\Database\BaseBuilder.php(2308): CodeIgniter\Database\BaseConnection->query('INSERT INTO `tr...', Array, false)
#4 C:\xampp\htdocs\sistaff\system\Model.php(319): CodeIgniter\Database\BaseBuilder->insert()
#5 C:\xampp\htdocs\sistaff\system\BaseModel.php(788): CodeIgniter\Model->doInsert(Array)
#6 C:\xampp\htdocs\sistaff\system\Model.php(715): CodeIgniter\BaseModel->insert(Array, true)
#7 C:\xampp\htdocs\sistaff\app\Controllers\Page.php(70): CodeIgniter\Model->insert(Array)
#8 C:\xampp\htdocs\sistaff\system\CodeIgniter.php(942): App\Controllers\Page->save()
#9 C:\xampp\htdocs\sistaff\system\CodeIgniter.php(502): CodeIgniter\CodeIgniter->runController(Object(App\Controllers\Page))
#10 C:\xampp\htdocs\sistaff\system\CodeIgniter.php(361): CodeIgniter\CodeIgniter->handleRequest(NULL, Object(Config\Cache), false)
#11 C:\xampp\htdocs\sistaff\public\index.php(79): CodeIgniter\CodeIgniter->run()
#12 {main}
ERROR - 2024-02-03 00:34:39 --> mysqli_sql_exception: Duplicate entry '244' for key 'PRIMARY' in C:\xampp\htdocs\sistaff\system\Database\MySQLi\Connection.php:306
Stack trace:
#0 C:\xampp\htdocs\sistaff\system\Database\MySQLi\Connection.php(306): mysqli->query('INSERT INTO `tr...', 0)
#1 C:\xampp\htdocs\sistaff\system\Database\BaseConnection.php(693): CodeIgniter\Database\MySQLi\Connection->execute('INSERT INTO `tr...')
#2 C:\xampp\htdocs\sistaff\system\Database\BaseConnection.php(607): CodeIgniter\Database\BaseConnection->simpleQuery('INSERT INTO `tr...')
#3 C:\xampp\htdocs\sistaff\system\Database\BaseBuilder.php(2308): CodeIgniter\Database\BaseConnection->query('INSERT INTO `tr...', Array, false)
#4 C:\xampp\htdocs\sistaff\system\Model.php(319): CodeIgniter\Database\BaseBuilder->insert()
#5 C:\xampp\htdocs\sistaff\system\BaseModel.php(788): CodeIgniter\Model->doInsert(Array)
#6 C:\xampp\htdocs\sistaff\system\Model.php(715): CodeIgniter\BaseModel->insert(Array, true)
#7 C:\xampp\htdocs\sistaff\app\Controllers\Page.php(70): CodeIgniter\Model->insert(Array)
#8 C:\xampp\htdocs\sistaff\system\CodeIgniter.php(942): App\Controllers\Page->save()
#9 C:\xampp\htdocs\sistaff\system\CodeIgniter.php(502): CodeIgniter\CodeIgniter->runController(Object(App\Controllers\Page))
#10 C:\xampp\htdocs\sistaff\system\CodeIgniter.php(361): CodeIgniter\CodeIgniter->handleRequest(NULL, Object(Config\Cache), false)
#11 C:\xampp\htdocs\sistaff\public\index.php(79): CodeIgniter\CodeIgniter->run()
#12 {main}
CRITICAL - 2024-02-03 00:34:39 --> Duplicate entry '244' for key 'PRIMARY'
in SYSTEMPATH\Database\BaseConnection.php on line 647.
 1 SYSTEMPATH\Database\BaseBuilder.php(2308): CodeIgniter\Database\BaseConnection->query('INSERT INTO `transfer` (`idtrans`, `nisn`, `nama`, `kelas`, `bukti`, `saldomasuk`, `tanggal`, `keterangan`, `rekening`) VALUES (:idtrans:, :nisn:, :nama:, :kelas:, :bukti:, :saldomasuk:, :tanggal:, :keterangan:, :rekening:)', [...], false)
 2 SYSTEMPATH\Model.php(319): CodeIgniter\Database\BaseBuilder->insert()
 3 SYSTEMPATH\BaseModel.php(788): CodeIgniter\Model->doInsert([...])
 4 SYSTEMPATH\Model.php(715): CodeIgniter\BaseModel->insert([...], true)
 5 APPPATH\Controllers\Page.php(70): CodeIgniter\Model->insert([...])
 6 SYSTEMPATH\CodeIgniter.php(942): App\Controllers\Page->save()
 7 SYSTEMPATH\CodeIgniter.php(502): CodeIgniter\CodeIgniter->runController(Object(App\Controllers\Page))
 8 SYSTEMPATH\CodeIgniter.php(361): CodeIgniter\CodeIgniter->handleRequest(null, Object(Config\Cache), false)
 9 FCPATH\index.php(79): CodeIgniter\CodeIgniter->run()
CRITICAL - 2024-02-03 00:34:39 --> Duplicate entry '244' for key 'PRIMARY'
in SYSTEMPATH\Database\BaseConnection.php on line 647.
 1 SYSTEMPATH\Database\BaseBuilder.php(2308): CodeIgniter\Database\BaseConnection->query('INSERT INTO `transfer` (`idtrans`, `nisn`, `nama`, `kelas`, `bukti`, `saldomasuk`, `tanggal`, `keterangan`, `rekening`) VALUES (:idtrans:, :nisn:, :nama:, :kelas:, :bukti:, :saldomasuk:, :tanggal:, :keterangan:, :rekening:)', [...], false)
 2 SYSTEMPATH\Model.php(319): CodeIgniter\Database\BaseBuilder->insert()
 3 SYSTEMPATH\BaseModel.php(788): CodeIgniter\Model->doInsert([...])
 4 SYSTEMPATH\Model.php(715): CodeIgniter\BaseModel->insert([...], true)
 5 APPPATH\Controllers\Page.php(70): CodeIgniter\Model->insert([...])
 6 SYSTEMPATH\CodeIgniter.php(942): App\Controllers\Page->save()
 7 SYSTEMPATH\CodeIgniter.php(502): CodeIgniter\CodeIgniter->runController(Object(App\Controllers\Page))
 8 SYSTEMPATH\CodeIgniter.php(361): CodeIgniter\CodeIgniter->handleRequest(null, Object(Config\Cache), false)
 9 FCPATH\index.php(79): CodeIgniter\CodeIgniter->run()
ERROR - 2024-02-03 03:06:39 --> mysqli_sql_exception: Table 'sistaff.psb' doesn't exist in C:\xampp\htdocs\sistaff\system\Database\MySQLi\Connection.php:306
Stack trace:
#0 C:\xampp\htdocs\sistaff\system\Database\MySQLi\Connection.php(306): mysqli->query('SELECT `id`\nFRO...', 0)
#1 C:\xampp\htdocs\sistaff\system\Database\BaseConnection.php(693): CodeIgniter\Database\MySQLi\Connection->execute('SELECT `id`\nFRO...')
#2 C:\xampp\htdocs\sistaff\system\Database\BaseConnection.php(607): CodeIgniter\Database\BaseConnection->simpleQuery('SELECT `id`\nFRO...')
#3 C:\xampp\htdocs\sistaff\system\Database\BaseBuilder.php(1615): CodeIgniter\Database\BaseConnection->query('SELECT `id`\nFRO...', Array, false)
#4 C:\xampp\htdocs\sistaff\system\Model.php(199): CodeIgniter\Database\BaseBuilder->get()
#5 C:\xampp\htdocs\sistaff\system\BaseModel.php(563): CodeIgniter\Model->doFind(false, NULL)
#6 C:\xampp\htdocs\sistaff\system\Model.php(215): CodeIgniter\BaseModel->find()
#7 C:\xampp\htdocs\sistaff\system\BaseModel.php(594): CodeIgniter\Model->doFindColumn('id')
#8 C:\xampp\htdocs\sistaff\app\Controllers\Psb.php(20): CodeIgniter\BaseModel->findColumn('id')
#9 C:\xampp\htdocs\sistaff\system\CodeIgniter.php(942): App\Controllers\Psb->tambah()
#10 C:\xampp\htdocs\sistaff\system\CodeIgniter.php(502): CodeIgniter\CodeIgniter->runController(Object(App\Controllers\Psb))
#11 C:\xampp\htdocs\sistaff\system\CodeIgniter.php(361): CodeIgniter\CodeIgniter->handleRequest(NULL, Object(Config\Cache), false)
#12 C:\xampp\htdocs\sistaff\public\index.php(79): CodeIgniter\CodeIgniter->run()
#13 {main}
CRITICAL - 2024-02-03 03:06:39 --> Table 'sistaff.psb' doesn't exist
in SYSTEMPATH\Database\BaseConnection.php on line 647.
 1 SYSTEMPATH\Database\BaseBuilder.php(1615): CodeIgniter\Database\BaseConnection->query('SELECT `id`
FROM `psb`
ORDER BY `id` DESC
 LIMIT 1', [], false)
 2 SYSTEMPATH\Model.php(199): CodeIgniter\Database\BaseBuilder->get()
 3 SYSTEMPATH\BaseModel.php(563): CodeIgniter\Model->doFind(false, null)
 4 SYSTEMPATH\Model.php(215): CodeIgniter\BaseModel->find()
 5 SYSTEMPATH\BaseModel.php(594): CodeIgniter\Model->doFindColumn('id')
 6 APPPATH\Controllers\Psb.php(20): CodeIgniter\BaseModel->findColumn('id')
 7 SYSTEMPATH\CodeIgniter.php(942): App\Controllers\Psb->tambah()
 8 SYSTEMPATH\CodeIgniter.php(502): CodeIgniter\CodeIgniter->runController(Object(App\Controllers\Psb))
 9 SYSTEMPATH\CodeIgniter.php(361): CodeIgniter\CodeIgniter->handleRequest(null, Object(Config\Cache), false)
10 FCPATH\index.php(79): CodeIgniter\CodeIgniter->run()
