CRITICAL - 2024-01-01 08:53:06 --> Too few arguments to function format_rupiah(), 0 passed in C:\xampp\htdocs\sistaff\app\Views\pages\insert.php on line 19 and exactly 1 expected
in APPPATH\Helpers\my_helpers.php on line 2.
 1 APPPATH\Views\pages\insert.php(19): format_rupiah()
 2 SYSTEMPATH\View\View.php(228): include('C:\\xampp\\htdocs\\sistaff\\app\\Views\\pages\\insert.php')
 3 SYSTEMPATH\View\View.php(231): CodeIgniter\View\View->CodeIgniter\View\{closure}()
 4 SYSTEMPATH\Common.php(1190): CodeIgniter\View\View->render('pages/insert', [], true)
 5 APPPATH\Controllers\Page.php(22): view('pages/insert')
 6 SYSTEMPATH\CodeIgniter.php(942): App\Controllers\Page->tambah()
 7 SYSTEMPATH\CodeIgniter.php(502): CodeIgniter\CodeIgniter->runController(Object(App\Controllers\Page))
 8 SYSTEMPATH\CodeIgniter.php(361): CodeIgniter\CodeIgniter->handleRequest(null, Object(Config\Cache), false)
 9 FCPATH\index.php(79): CodeIgniter\CodeIgniter->run()
CRITICAL - 2024-01-01 08:53:13 --> number_format(): Argument #1 ($num) must be of type float, string given
in APPPATH\Helpers\my_helpers.php on line 3.
 1 APPPATH\Helpers\my_helpers.php(3): number_format('', 0, ',', '.')
 2 APPPATH\Views\pages\insert.php(19): format_rupiah('')
 3 SYSTEMPATH\View\View.php(228): include('C:\\xampp\\htdocs\\sistaff\\app\\Views\\pages\\insert.php')
 4 SYSTEMPATH\View\View.php(231): CodeIgniter\View\View->CodeIgniter\View\{closure}()
 5 SYSTEMPATH\Common.php(1190): CodeIgniter\View\View->render('pages/insert', [], true)
 6 APPPATH\Controllers\Page.php(22): view('pages/insert')
 7 SYSTEMPATH\CodeIgniter.php(942): App\Controllers\Page->tambah()
 8 SYSTEMPATH\CodeIgniter.php(502): CodeIgniter\CodeIgniter->runController(Object(App\Controllers\Page))
 9 SYSTEMPATH\CodeIgniter.php(361): CodeIgniter\CodeIgniter->handleRequest(null, Object(Config\Cache), false)
10 FCPATH\index.php(79): CodeIgniter\CodeIgniter->run()
CRITICAL - 2024-01-01 09:50:35 --> number_format(): Argument #1 ($num) must be of type float, string given
in APPPATH\Helpers\my_helpers.php on line 3.
 1 APPPATH\Helpers\my_helpers.php(3): number_format('', 0, ',', '.')
 2 APPPATH\Views\pages\insert.php(20): format_rupiah('')
 3 SYSTEMPATH\View\View.php(228): include('C:\\xampp\\htdocs\\sistaff\\app\\Views\\pages\\insert.php')
 4 SYSTEMPATH\View\View.php(231): CodeIgniter\View\View->CodeIgniter\View\{closure}()
 5 SYSTEMPATH\Common.php(1190): CodeIgniter\View\View->render('pages/insert', [], true)
 6 APPPATH\Controllers\Page.php(22): view('pages/insert')
 7 SYSTEMPATH\CodeIgniter.php(942): App\Controllers\Page->tambah()
 8 SYSTEMPATH\CodeIgniter.php(502): CodeIgniter\CodeIgniter->runController(Object(App\Controllers\Page))
 9 SYSTEMPATH\CodeIgniter.php(361): CodeIgniter\CodeIgniter->handleRequest(null, Object(Config\Cache), false)
10 FCPATH\index.php(79): CodeIgniter\CodeIgniter->run()
CRITICAL - 2024-01-01 09:50:46 --> number_format(): Argument #1 ($num) must be of type float, string given
in APPPATH\Helpers\my_helpers.php on line 3.
 1 APPPATH\Helpers\my_helpers.php(3): number_format('', 0, ',', '.')
 2 APPPATH\Views\pages\insert.php(20): format_rupiah('')
 3 SYSTEMPATH\View\View.php(228): include('C:\\xampp\\htdocs\\sistaff\\app\\Views\\pages\\insert.php')
 4 SYSTEMPATH\View\View.php(231): CodeIgniter\View\View->CodeIgniter\View\{closure}()
 5 SYSTEMPATH\Common.php(1190): CodeIgniter\View\View->render('pages/insert', [], true)
 6 APPPATH\Controllers\Page.php(22): view('pages/insert')
 7 SYSTEMPATH\CodeIgniter.php(942): App\Controllers\Page->tambah()
 8 SYSTEMPATH\CodeIgniter.php(502): CodeIgniter\CodeIgniter->runController(Object(App\Controllers\Page))
 9 SYSTEMPATH\CodeIgniter.php(361): CodeIgniter\CodeIgniter->handleRequest(null, Object(Config\Cache), false)
10 FCPATH\index.php(79): CodeIgniter\CodeIgniter->run()
CRITICAL - 2024-01-01 09:50:56 --> number_format(): Argument #1 ($num) must be of type float, string given
in APPPATH\Helpers\my_helpers.php on line 3.
 1 APPPATH\Helpers\my_helpers.php(3): number_format('', 0, ',', '.')
 2 APPPATH\Views\pages\insert.php(20): format_rupiah('')
 3 SYSTEMPATH\View\View.php(228): include('C:\\xampp\\htdocs\\sistaff\\app\\Views\\pages\\insert.php')
 4 SYSTEMPATH\View\View.php(231): CodeIgniter\View\View->CodeIgniter\View\{closure}()
 5 SYSTEMPATH\Common.php(1190): CodeIgniter\View\View->render('pages/insert', [], true)
 6 APPPATH\Controllers\Page.php(22): view('pages/insert')
 7 SYSTEMPATH\CodeIgniter.php(942): App\Controllers\Page->tambah()
 8 SYSTEMPATH\CodeIgniter.php(502): CodeIgniter\CodeIgniter->runController(Object(App\Controllers\Page))
 9 SYSTEMPATH\CodeIgniter.php(361): CodeIgniter\CodeIgniter->handleRequest(null, Object(Config\Cache), false)
10 FCPATH\index.php(79): CodeIgniter\CodeIgniter->run()
CRITICAL - 2024-01-01 09:59:53 --> Call to undefined function base_usl()
in APPPATH\Views\pages\insert.php on line 12.
 1 SYSTEMPATH\View\View.php(228): include()
 2 SYSTEMPATH\View\View.php(231): CodeIgniter\View\View->CodeIgniter\View\{closure}()
 3 SYSTEMPATH\Common.php(1190): CodeIgniter\View\View->render('pages/insert', [], true)
 4 APPPATH\Controllers\Page.php(22): view('pages/insert')
 5 SYSTEMPATH\CodeIgniter.php(942): App\Controllers\Page->tambah()
 6 SYSTEMPATH\CodeIgniter.php(502): CodeIgniter\CodeIgniter->runController(Object(App\Controllers\Page))
 7 SYSTEMPATH\CodeIgniter.php(361): CodeIgniter\CodeIgniter->handleRequest(null, Object(Config\Cache), false)
 8 FCPATH\index.php(79): CodeIgniter\CodeIgniter->run()
CRITICAL - 2024-01-01 09:59:55 --> Call to undefined function base_usl()
in APPPATH\Views\pages\insert.php on line 12.
 1 SYSTEMPATH\View\View.php(228): include()
 2 SYSTEMPATH\View\View.php(231): CodeIgniter\View\View->CodeIgniter\View\{closure}()
 3 SYSTEMPATH\Common.php(1190): CodeIgniter\View\View->render('pages/insert', [], true)
 4 APPPATH\Controllers\Page.php(22): view('pages/insert')
 5 SYSTEMPATH\CodeIgniter.php(942): App\Controllers\Page->tambah()
 6 SYSTEMPATH\CodeIgniter.php(502): CodeIgniter\CodeIgniter->runController(Object(App\Controllers\Page))
 7 SYSTEMPATH\CodeIgniter.php(361): CodeIgniter\CodeIgniter->handleRequest(null, Object(Config\Cache), false)
 8 FCPATH\index.php(79): CodeIgniter\CodeIgniter->run()
CRITICAL - 2024-01-01 10:22:37 --> Undefined property: App\Controllers\Page::$TransferModel
in APPPATH\Controllers\Page.php on line 26.
 1 APPPATH\Controllers\Page.php(26): CodeIgniter\Debug\Exceptions->errorHandler(2, 'Undefined property: App\\Controllers\\Page::$TransferModel', 'C:\\xampp\\htdocs\\sistaff\\app\\Controllers\\Page.php', 26)
 2 SYSTEMPATH\CodeIgniter.php(942): App\Controllers\Page->save()
 3 SYSTEMPATH\CodeIgniter.php(502): CodeIgniter\CodeIgniter->runController(Object(App\Controllers\Page))
 4 SYSTEMPATH\CodeIgniter.php(361): CodeIgniter\CodeIgniter->handleRequest(null, Object(Config\Cache), false)
 5 FCPATH\index.php(79): CodeIgniter\CodeIgniter->run()
CRITICAL - 2024-01-01 10:28:54 --> Undefined property: App\Controllers\Page::$TransferModel
in APPPATH\Controllers\Page.php on line 29.
 1 APPPATH\Controllers\Page.php(29): CodeIgniter\Debug\Exceptions->errorHandler(2, 'Undefined property: App\\Controllers\\Page::$TransferModel', 'C:\\xampp\\htdocs\\sistaff\\app\\Controllers\\Page.php', 29)
 2 SYSTEMPATH\CodeIgniter.php(942): App\Controllers\Page->save()
 3 SYSTEMPATH\CodeIgniter.php(502): CodeIgniter\CodeIgniter->runController(Object(App\Controllers\Page))
 4 SYSTEMPATH\CodeIgniter.php(361): CodeIgniter\CodeIgniter->handleRequest(null, Object(Config\Cache), false)
 5 FCPATH\index.php(79): CodeIgniter\CodeIgniter->run()
CRITICAL - 2024-01-01 10:29:33 --> Undefined property: App\Controllers\Page::$TransferModel
in APPPATH\Controllers\Page.php on line 29.
 1 APPPATH\Controllers\Page.php(29): CodeIgniter\Debug\Exceptions->errorHandler(2, 'Undefined property: App\\Controllers\\Page::$TransferModel', 'C:\\xampp\\htdocs\\sistaff\\app\\Controllers\\Page.php', 29)
 2 SYSTEMPATH\CodeIgniter.php(942): App\Controllers\Page->save()
 3 SYSTEMPATH\CodeIgniter.php(502): CodeIgniter\CodeIgniter->runController(Object(App\Controllers\Page))
 4 SYSTEMPATH\CodeIgniter.php(361): CodeIgniter\CodeIgniter->handleRequest(null, Object(Config\Cache), false)
 5 FCPATH\index.php(79): CodeIgniter\CodeIgniter->run()
CRITICAL - 2024-01-01 10:29:48 --> Undefined property: App\Controllers\Page::$TransferModel
in APPPATH\Controllers\Page.php on line 29.
 1 APPPATH\Controllers\Page.php(29): CodeIgniter\Debug\Exceptions->errorHandler(2, 'Undefined property: App\\Controllers\\Page::$TransferModel', 'C:\\xampp\\htdocs\\sistaff\\app\\Controllers\\Page.php', 29)
 2 SYSTEMPATH\CodeIgniter.php(942): App\Controllers\Page->save()
 3 SYSTEMPATH\CodeIgniter.php(502): CodeIgniter\CodeIgniter->runController(Object(App\Controllers\Page))
 4 SYSTEMPATH\CodeIgniter.php(361): CodeIgniter\CodeIgniter->handleRequest(null, Object(Config\Cache), false)
 5 FCPATH\index.php(79): CodeIgniter\CodeIgniter->run()
CRITICAL - 2024-01-01 10:30:24 --> Undefined property: App\Controllers\Page::$TransferModel
in APPPATH\Controllers\Page.php on line 29.
 1 APPPATH\Controllers\Page.php(29): CodeIgniter\Debug\Exceptions->errorHandler(2, 'Undefined property: App\\Controllers\\Page::$TransferModel', 'C:\\xampp\\htdocs\\sistaff\\app\\Controllers\\Page.php', 29)
 2 SYSTEMPATH\CodeIgniter.php(942): App\Controllers\Page->save()
 3 SYSTEMPATH\CodeIgniter.php(502): CodeIgniter\CodeIgniter->runController(Object(App\Controllers\Page))
 4 SYSTEMPATH\CodeIgniter.php(361): CodeIgniter\CodeIgniter->handleRequest(null, Object(Config\Cache), false)
 5 FCPATH\index.php(79): CodeIgniter\CodeIgniter->run()
CRITICAL - 2024-01-01 10:32:36 --> Undefined property: App\Controllers\Page::$TransferModel
in APPPATH\Controllers\Page.php on line 29.
 1 APPPATH\Controllers\Page.php(29): CodeIgniter\Debug\Exceptions->errorHandler(2, 'Undefined property: App\\Controllers\\Page::$TransferModel', 'C:\\xampp\\htdocs\\sistaff\\app\\Controllers\\Page.php', 29)
 2 SYSTEMPATH\CodeIgniter.php(942): App\Controllers\Page->save()
 3 SYSTEMPATH\CodeIgniter.php(502): CodeIgniter\CodeIgniter->runController(Object(App\Controllers\Page))
 4 SYSTEMPATH\CodeIgniter.php(361): CodeIgniter\CodeIgniter->handleRequest(null, Object(Config\Cache), false)
 5 FCPATH\index.php(79): CodeIgniter\CodeIgniter->run()
CRITICAL - 2024-01-01 10:32:44 --> Undefined property: App\Controllers\Page::$TransferModel
in APPPATH\Controllers\Page.php on line 29.
 1 APPPATH\Controllers\Page.php(29): CodeIgniter\Debug\Exceptions->errorHandler(2, 'Undefined property: App\\Controllers\\Page::$TransferModel', 'C:\\xampp\\htdocs\\sistaff\\app\\Controllers\\Page.php', 29)
 2 SYSTEMPATH\CodeIgniter.php(942): App\Controllers\Page->save()
 3 SYSTEMPATH\CodeIgniter.php(502): CodeIgniter\CodeIgniter->runController(Object(App\Controllers\Page))
 4 SYSTEMPATH\CodeIgniter.php(361): CodeIgniter\CodeIgniter->handleRequest(null, Object(Config\Cache), false)
 5 FCPATH\index.php(79): CodeIgniter\CodeIgniter->run()
CRITICAL - 2024-01-01 10:33:15 --> Undefined property: App\Controllers\Page::$TransferModel
in APPPATH\Controllers\Page.php on line 29.
 1 APPPATH\Controllers\Page.php(29): CodeIgniter\Debug\Exceptions->errorHandler(2, 'Undefined property: App\\Controllers\\Page::$TransferModel', 'C:\\xampp\\htdocs\\sistaff\\app\\Controllers\\Page.php', 29)
 2 SYSTEMPATH\CodeIgniter.php(942): App\Controllers\Page->save()
 3 SYSTEMPATH\CodeIgniter.php(502): CodeIgniter\CodeIgniter->runController(Object(App\Controllers\Page))
 4 SYSTEMPATH\CodeIgniter.php(361): CodeIgniter\CodeIgniter->handleRequest(null, Object(Config\Cache), false)
 5 FCPATH\index.php(79): CodeIgniter\CodeIgniter->run()
CRITICAL - 2024-01-01 10:33:27 --> Undefined property: App\Controllers\Page::$TransferModel
in APPPATH\Controllers\Page.php on line 29.
 1 APPPATH\Controllers\Page.php(29): CodeIgniter\Debug\Exceptions->errorHandler(2, 'Undefined property: App\\Controllers\\Page::$TransferModel', 'C:\\xampp\\htdocs\\sistaff\\app\\Controllers\\Page.php', 29)
 2 SYSTEMPATH\CodeIgniter.php(942): App\Controllers\Page->save()
 3 SYSTEMPATH\CodeIgniter.php(502): CodeIgniter\CodeIgniter->runController(Object(App\Controllers\Page))
 4 SYSTEMPATH\CodeIgniter.php(361): CodeIgniter\CodeIgniter->handleRequest(null, Object(Config\Cache), false)
 5 FCPATH\index.php(79): CodeIgniter\CodeIgniter->run()
CRITICAL - 2024-01-01 10:34:13 --> Undefined property: App\Controllers\Page::$TransferModel
in APPPATH\Controllers\Page.php on line 30.
 1 APPPATH\Controllers\Page.php(30): CodeIgniter\Debug\Exceptions->errorHandler(2, 'Undefined property: App\\Controllers\\Page::$TransferModel', 'C:\\xampp\\htdocs\\sistaff\\app\\Controllers\\Page.php', 30)
 2 SYSTEMPATH\CodeIgniter.php(942): App\Controllers\Page->save()
 3 SYSTEMPATH\CodeIgniter.php(502): CodeIgniter\CodeIgniter->runController(Object(App\Controllers\Page))
 4 SYSTEMPATH\CodeIgniter.php(361): CodeIgniter\CodeIgniter->handleRequest(null, Object(Config\Cache), false)
 5 FCPATH\index.php(79): CodeIgniter\CodeIgniter->run()
CRITICAL - 2024-01-01 10:34:55 --> Undefined property: App\Controllers\Page::$TransferModel
in APPPATH\Controllers\Page.php on line 29.
 1 APPPATH\Controllers\Page.php(29): CodeIgniter\Debug\Exceptions->errorHandler(2, 'Undefined property: App\\Controllers\\Page::$TransferModel', 'C:\\xampp\\htdocs\\sistaff\\app\\Controllers\\Page.php', 29)
 2 SYSTEMPATH\CodeIgniter.php(942): App\Controllers\Page->save()
 3 SYSTEMPATH\CodeIgniter.php(502): CodeIgniter\CodeIgniter->runController(Object(App\Controllers\Page))
 4 SYSTEMPATH\CodeIgniter.php(361): CodeIgniter\CodeIgniter->handleRequest(null, Object(Config\Cache), false)
 5 FCPATH\index.php(79): CodeIgniter\CodeIgniter->run()
CRITICAL - 2024-01-01 10:40:15 --> Undefined property: App\Controllers\Page::$TransferModel
in APPPATH\Controllers\Page.php on line 29.
 1 APPPATH\Controllers\Page.php(29): CodeIgniter\Debug\Exceptions->errorHandler(2, 'Undefined property: App\\Controllers\\Page::$TransferModel', 'C:\\xampp\\htdocs\\sistaff\\app\\Controllers\\Page.php', 29)
 2 SYSTEMPATH\CodeIgniter.php(942): App\Controllers\Page->save()
 3 SYSTEMPATH\CodeIgniter.php(502): CodeIgniter\CodeIgniter->runController(Object(App\Controllers\Page))
 4 SYSTEMPATH\CodeIgniter.php(361): CodeIgniter\CodeIgniter->handleRequest(null, Object(Config\Cache), false)
 5 FCPATH\index.php(79): CodeIgniter\CodeIgniter->run()
CRITICAL - 2024-01-01 10:40:27 --> Undefined property: App\Controllers\Page::$TransferModel
in APPPATH\Controllers\Page.php on line 29.
 1 APPPATH\Controllers\Page.php(29): CodeIgniter\Debug\Exceptions->errorHandler(2, 'Undefined property: App\\Controllers\\Page::$TransferModel', 'C:\\xampp\\htdocs\\sistaff\\app\\Controllers\\Page.php', 29)
 2 SYSTEMPATH\CodeIgniter.php(942): App\Controllers\Page->save()
 3 SYSTEMPATH\CodeIgniter.php(502): CodeIgniter\CodeIgniter->runController(Object(App\Controllers\Page))
 4 SYSTEMPATH\CodeIgniter.php(361): CodeIgniter\CodeIgniter->handleRequest(null, Object(Config\Cache), false)
 5 FCPATH\index.php(79): CodeIgniter\CodeIgniter->run()
CRITICAL - 2024-01-01 10:42:18 --> syntax error, unexpected token "use"
in APPPATH\Controllers\Page.php on line 28.
 1 SYSTEMPATH\Autoloader\Autoloader.php(291): CodeIgniter\Autoloader\Autoloader->includeFile('C:\\xampp\\htdocs\\sistaff\\app\\Controllers\\Page.php')
 2 SYSTEMPATH\Autoloader\Autoloader.php(269): CodeIgniter\Autoloader\Autoloader->loadInNamespace('App\\Controllers\\Page')
 3 [internal function]: CodeIgniter\Autoloader\Autoloader->loadClass('App\\Controllers\\Page')
 4 SYSTEMPATH\CodeIgniter.php(900): class_exists('\\App\\Controllers\\Page', true)
 5 SYSTEMPATH\CodeIgniter.php(489): CodeIgniter\CodeIgniter->startController()
 6 SYSTEMPATH\CodeIgniter.php(361): CodeIgniter\CodeIgniter->handleRequest(null, Object(Config\Cache), false)
 7 FCPATH\index.php(79): CodeIgniter\CodeIgniter->run()
CRITICAL - 2024-01-01 10:43:03 --> Undefined variable $TransferModel
in APPPATH\Controllers\Page.php on line 30.
 1 APPPATH\Controllers\Page.php(30): CodeIgniter\Debug\Exceptions->errorHandler(2, 'Undefined variable $TransferModel', 'C:\\xampp\\htdocs\\sistaff\\app\\Controllers\\Page.php', 30)
 2 SYSTEMPATH\CodeIgniter.php(942): App\Controllers\Page->save()
 3 SYSTEMPATH\CodeIgniter.php(502): CodeIgniter\CodeIgniter->runController(Object(App\Controllers\Page))
 4 SYSTEMPATH\CodeIgniter.php(361): CodeIgniter\CodeIgniter->handleRequest(null, Object(Config\Cache), false)
 5 FCPATH\index.php(79): CodeIgniter\CodeIgniter->run()
CRITICAL - 2024-01-01 10:43:29 --> Undefined property: App\Controllers\Page::$TransferModel
in APPPATH\Controllers\Page.php on line 30.
 1 APPPATH\Controllers\Page.php(30): CodeIgniter\Debug\Exceptions->errorHandler(2, 'Undefined property: App\\Controllers\\Page::$TransferModel', 'C:\\xampp\\htdocs\\sistaff\\app\\Controllers\\Page.php', 30)
 2 SYSTEMPATH\CodeIgniter.php(942): App\Controllers\Page->save()
 3 SYSTEMPATH\CodeIgniter.php(502): CodeIgniter\CodeIgniter->runController(Object(App\Controllers\Page))
 4 SYSTEMPATH\CodeIgniter.php(361): CodeIgniter\CodeIgniter->handleRequest(null, Object(Config\Cache), false)
 5 FCPATH\index.php(79): CodeIgniter\CodeIgniter->run()
