CRITICAL - 2025-06-30 04:18:08 --> Call to undefined function App\Controllers\findAll()
in APPPATH/Controllers/Psb.php on line 31.
 1 SYSTEMPATH/CodeIgniter.php(942): App\Controllers\Psb->index()
 2 SYSTEMPATH/CodeIgniter.php(502): CodeIgniter\CodeIgniter->runController()
 3 SYSTEMPATH/CodeIgniter.php(361): CodeIgniter\CodeIgniter->handleRequest()
 4 FCPATH/index.php(79): CodeIgniter\CodeIgniter->run()
CRITICAL - 2025-06-30 16:12:52 --> A non-numeric value encountered
in APPPATH/Controllers/Page.php on line 115.
 1 APPPATH/Controllers/Page.php(115): CodeIgniter\Debug\Exceptions->errorHandler()
 2 SYSTEMPATH/CodeIgniter.php(942): App\Controllers\Page->save()
 3 SYSTEMPATH/CodeIgniter.php(502): CodeIgniter\CodeIgniter->runController()
 4 SYSTEMPATH/CodeIgniter.php(361): CodeIgniter\CodeIgniter->handleRequest()
 5 FCPATH/index.php(79): CodeIgniter\CodeIgniter->run()
CRITICAL - 2025-06-30 23:57:44 --> Undefined variable $transferpsbmodel
in APPPATH/Controllers/Page.php on line 353.
 1 APPPATH/Controllers/Page.php(353): CodeIgniter\Debug\Exceptions->errorHandler()
 2 SYSTEMPATH/CodeIgniter.php(942): App\Controllers\Page->mutasi()
 3 SYSTEMPATH/CodeIgniter.php(502): CodeIgniter\CodeIgniter->runController()
 4 SYSTEMPATH/CodeIgniter.php(361): CodeIgniter\CodeIgniter->handleRequest()
 5 FCPATH/index.php(79): CodeIgniter\CodeIgniter->run()
