WARNING - 2024-01-30 04:37:58 --> [DEPRECATED] number_format(): Passing null to parameter #1 ($num) of type float is deprecated in APPPATH\Helpers\my_helpers.php on line 3.
 1 APPPATH\Helpers\my_helpers.php(3): number_format(null, 0, ',', '.')
 2 APPPATH\Views\pages\home.php(176): format_rupiah(null)
 3 SYSTEMPATH\View\View.php(228): include('C:\\xampp\\htdocs\\sistaff\\app\\Views\\pages\\home.php')
 4 SYSTEMPATH\View\View.php(231): CodeIgniter\View\View->CodeIgniter\View\{closure}()
 5 SYSTEMPATH\Common.php(1190): CodeIgniter\View\View->render('pages/home', [], true)
 6 APPPATH\Controllers\Home.php(67): view('pages/home', [...])
 7 SYSTEMPATH\CodeIgniter.php(942): App\Controllers\Home->index()
 8 SYSTEMPATH\CodeIgniter.php(502): CodeIgniter\CodeIgniter->runController(Object(App\Controllers\Home))
 9 SYSTEMPATH\CodeIgniter.php(361): CodeIgniter\CodeIgniter->handleRequest(null, Object(Config\Cache), false)
10 FCPATH\index.php(79): CodeIgniter\CodeIgniter->run()
WARNING - 2024-01-30 04:37:58 --> [DEPRECATED] number_format(): Passing null to parameter #1 ($num) of type float is deprecated in APPPATH\Helpers\my_helpers.php on line 3.
 1 APPPATH\Helpers\my_helpers.php(3): number_format(null, 0, ',', '.')
 2 APPPATH\Views\pages\home.php(191): format_rupiah(null)
 3 SYSTEMPATH\View\View.php(228): include('C:\\xampp\\htdocs\\sistaff\\app\\Views\\pages\\home.php')
 4 SYSTEMPATH\View\View.php(231): CodeIgniter\View\View->CodeIgniter\View\{closure}()
 5 SYSTEMPATH\Common.php(1190): CodeIgniter\View\View->render('pages/home', [], true)
 6 APPPATH\Controllers\Home.php(67): view('pages/home', [...])
 7 SYSTEMPATH\CodeIgniter.php(942): App\Controllers\Home->index()
 8 SYSTEMPATH\CodeIgniter.php(502): CodeIgniter\CodeIgniter->runController(Object(App\Controllers\Home))
 9 SYSTEMPATH\CodeIgniter.php(361): CodeIgniter\CodeIgniter->handleRequest(null, Object(Config\Cache), false)
10 FCPATH\index.php(79): CodeIgniter\CodeIgniter->run()
WARNING - 2024-01-30 04:37:58 --> [DEPRECATED] number_format(): Passing null to parameter #1 ($num) of type float is deprecated in APPPATH\Helpers\my_helpers.php on line 3.
 1 APPPATH\Helpers\my_helpers.php(3): number_format(null, 0, ',', '.')
 2 APPPATH\Views\pages\home.php(206): format_rupiah(null)
 3 SYSTEMPATH\View\View.php(228): include('C:\\xampp\\htdocs\\sistaff\\app\\Views\\pages\\home.php')
 4 SYSTEMPATH\View\View.php(231): CodeIgniter\View\View->CodeIgniter\View\{closure}()
 5 SYSTEMPATH\Common.php(1190): CodeIgniter\View\View->render('pages/home', [], true)
 6 APPPATH\Controllers\Home.php(67): view('pages/home', [...])
 7 SYSTEMPATH\CodeIgniter.php(942): App\Controllers\Home->index()
 8 SYSTEMPATH\CodeIgniter.php(502): CodeIgniter\CodeIgniter->runController(Object(App\Controllers\Home))
 9 SYSTEMPATH\CodeIgniter.php(361): CodeIgniter\CodeIgniter->handleRequest(null, Object(Config\Cache), false)
10 FCPATH\index.php(79): CodeIgniter\CodeIgniter->run()
WARNING - 2024-01-30 04:37:58 --> [DEPRECATED] number_format(): Passing null to parameter #1 ($num) of type float is deprecated in APPPATH\Helpers\my_helpers.php on line 3.
 1 APPPATH\Helpers\my_helpers.php(3): number_format(null, 0, ',', '.')
 2 APPPATH\Views\pages\home.php(221): format_rupiah(null)
 3 SYSTEMPATH\View\View.php(228): include('C:\\xampp\\htdocs\\sistaff\\app\\Views\\pages\\home.php')
 4 SYSTEMPATH\View\View.php(231): CodeIgniter\View\View->CodeIgniter\View\{closure}()
 5 SYSTEMPATH\Common.php(1190): CodeIgniter\View\View->render('pages/home', [], true)
 6 APPPATH\Controllers\Home.php(67): view('pages/home', [...])
 7 SYSTEMPATH\CodeIgniter.php(942): App\Controllers\Home->index()
 8 SYSTEMPATH\CodeIgniter.php(502): CodeIgniter\CodeIgniter->runController(Object(App\Controllers\Home))
 9 SYSTEMPATH\CodeIgniter.php(361): CodeIgniter\CodeIgniter->handleRequest(null, Object(Config\Cache), false)
10 FCPATH\index.php(79): CodeIgniter\CodeIgniter->run()
WARNING - 2024-01-30 04:37:58 --> [DEPRECATED] number_format(): Passing null to parameter #1 ($num) of type float is deprecated in APPPATH\Helpers\my_helpers.php on line 3.
 1 APPPATH\Helpers\my_helpers.php(3): number_format(null, 0, ',', '.')
 2 APPPATH\Views\pages\home.php(236): format_rupiah(null)
 3 SYSTEMPATH\View\View.php(228): include('C:\\xampp\\htdocs\\sistaff\\app\\Views\\pages\\home.php')
 4 SYSTEMPATH\View\View.php(231): CodeIgniter\View\View->CodeIgniter\View\{closure}()
 5 SYSTEMPATH\Common.php(1190): CodeIgniter\View\View->render('pages/home', [], true)
 6 APPPATH\Controllers\Home.php(67): view('pages/home', [...])
 7 SYSTEMPATH\CodeIgniter.php(942): App\Controllers\Home->index()
 8 SYSTEMPATH\CodeIgniter.php(502): CodeIgniter\CodeIgniter->runController(Object(App\Controllers\Home))
 9 SYSTEMPATH\CodeIgniter.php(361): CodeIgniter\CodeIgniter->handleRequest(null, Object(Config\Cache), false)
10 FCPATH\index.php(79): CodeIgniter\CodeIgniter->run()
WARNING - 2024-01-30 04:38:17 --> [DEPRECATED] number_format(): Passing null to parameter #1 ($num) of type float is deprecated in APPPATH\Helpers\my_helpers.php on line 3.
 1 APPPATH\Helpers\my_helpers.php(3): number_format(null, 0, ',', '.')
 2 APPPATH\Views\pages\home.php(176): format_rupiah(null)
 3 SYSTEMPATH\View\View.php(228): include('C:\\xampp\\htdocs\\sistaff\\app\\Views\\pages\\home.php')
 4 SYSTEMPATH\View\View.php(231): CodeIgniter\View\View->CodeIgniter\View\{closure}()
 5 SYSTEMPATH\Common.php(1190): CodeIgniter\View\View->render('pages/home', [], true)
 6 APPPATH\Controllers\Home.php(67): view('pages/home', [...])
 7 SYSTEMPATH\CodeIgniter.php(942): App\Controllers\Home->index()
 8 SYSTEMPATH\CodeIgniter.php(502): CodeIgniter\CodeIgniter->runController(Object(App\Controllers\Home))
 9 SYSTEMPATH\CodeIgniter.php(361): CodeIgniter\CodeIgniter->handleRequest(null, Object(Config\Cache), false)
10 FCPATH\index.php(79): CodeIgniter\CodeIgniter->run()
WARNING - 2024-01-30 04:38:17 --> [DEPRECATED] number_format(): Passing null to parameter #1 ($num) of type float is deprecated in APPPATH\Helpers\my_helpers.php on line 3.
 1 APPPATH\Helpers\my_helpers.php(3): number_format(null, 0, ',', '.')
 2 APPPATH\Views\pages\home.php(191): format_rupiah(null)
 3 SYSTEMPATH\View\View.php(228): include('C:\\xampp\\htdocs\\sistaff\\app\\Views\\pages\\home.php')
 4 SYSTEMPATH\View\View.php(231): CodeIgniter\View\View->CodeIgniter\View\{closure}()
 5 SYSTEMPATH\Common.php(1190): CodeIgniter\View\View->render('pages/home', [], true)
 6 APPPATH\Controllers\Home.php(67): view('pages/home', [...])
 7 SYSTEMPATH\CodeIgniter.php(942): App\Controllers\Home->index()
 8 SYSTEMPATH\CodeIgniter.php(502): CodeIgniter\CodeIgniter->runController(Object(App\Controllers\Home))
 9 SYSTEMPATH\CodeIgniter.php(361): CodeIgniter\CodeIgniter->handleRequest(null, Object(Config\Cache), false)
10 FCPATH\index.php(79): CodeIgniter\CodeIgniter->run()
WARNING - 2024-01-30 04:38:17 --> [DEPRECATED] number_format(): Passing null to parameter #1 ($num) of type float is deprecated in APPPATH\Helpers\my_helpers.php on line 3.
 1 APPPATH\Helpers\my_helpers.php(3): number_format(null, 0, ',', '.')
 2 APPPATH\Views\pages\home.php(206): format_rupiah(null)
 3 SYSTEMPATH\View\View.php(228): include('C:\\xampp\\htdocs\\sistaff\\app\\Views\\pages\\home.php')
 4 SYSTEMPATH\View\View.php(231): CodeIgniter\View\View->CodeIgniter\View\{closure}()
 5 SYSTEMPATH\Common.php(1190): CodeIgniter\View\View->render('pages/home', [], true)
 6 APPPATH\Controllers\Home.php(67): view('pages/home', [...])
 7 SYSTEMPATH\CodeIgniter.php(942): App\Controllers\Home->index()
 8 SYSTEMPATH\CodeIgniter.php(502): CodeIgniter\CodeIgniter->runController(Object(App\Controllers\Home))
 9 SYSTEMPATH\CodeIgniter.php(361): CodeIgniter\CodeIgniter->handleRequest(null, Object(Config\Cache), false)
10 FCPATH\index.php(79): CodeIgniter\CodeIgniter->run()
WARNING - 2024-01-30 04:38:17 --> [DEPRECATED] number_format(): Passing null to parameter #1 ($num) of type float is deprecated in APPPATH\Helpers\my_helpers.php on line 3.
 1 APPPATH\Helpers\my_helpers.php(3): number_format(null, 0, ',', '.')
 2 APPPATH\Views\pages\home.php(221): format_rupiah(null)
 3 SYSTEMPATH\View\View.php(228): include('C:\\xampp\\htdocs\\sistaff\\app\\Views\\pages\\home.php')
 4 SYSTEMPATH\View\View.php(231): CodeIgniter\View\View->CodeIgniter\View\{closure}()
 5 SYSTEMPATH\Common.php(1190): CodeIgniter\View\View->render('pages/home', [], true)
 6 APPPATH\Controllers\Home.php(67): view('pages/home', [...])
 7 SYSTEMPATH\CodeIgniter.php(942): App\Controllers\Home->index()
 8 SYSTEMPATH\CodeIgniter.php(502): CodeIgniter\CodeIgniter->runController(Object(App\Controllers\Home))
 9 SYSTEMPATH\CodeIgniter.php(361): CodeIgniter\CodeIgniter->handleRequest(null, Object(Config\Cache), false)
10 FCPATH\index.php(79): CodeIgniter\CodeIgniter->run()
WARNING - 2024-01-30 04:38:17 --> [DEPRECATED] number_format(): Passing null to parameter #1 ($num) of type float is deprecated in APPPATH\Helpers\my_helpers.php on line 3.
 1 APPPATH\Helpers\my_helpers.php(3): number_format(null, 0, ',', '.')
 2 APPPATH\Views\pages\home.php(236): format_rupiah(null)
 3 SYSTEMPATH\View\View.php(228): include('C:\\xampp\\htdocs\\sistaff\\app\\Views\\pages\\home.php')
 4 SYSTEMPATH\View\View.php(231): CodeIgniter\View\View->CodeIgniter\View\{closure}()
 5 SYSTEMPATH\Common.php(1190): CodeIgniter\View\View->render('pages/home', [], true)
 6 APPPATH\Controllers\Home.php(67): view('pages/home', [...])
 7 SYSTEMPATH\CodeIgniter.php(942): App\Controllers\Home->index()
 8 SYSTEMPATH\CodeIgniter.php(502): CodeIgniter\CodeIgniter->runController(Object(App\Controllers\Home))
 9 SYSTEMPATH\CodeIgniter.php(361): CodeIgniter\CodeIgniter->handleRequest(null, Object(Config\Cache), false)
10 FCPATH\index.php(79): CodeIgniter\CodeIgniter->run()
WARNING - 2024-01-30 04:38:21 --> [DEPRECATED] number_format(): Passing null to parameter #1 ($num) of type float is deprecated in APPPATH\Helpers\my_helpers.php on line 3.
 1 APPPATH\Helpers\my_helpers.php(3): number_format(null, 0, ',', '.')
 2 APPPATH\Views\pages\home.php(176): format_rupiah(null)
 3 SYSTEMPATH\View\View.php(228): include('C:\\xampp\\htdocs\\sistaff\\app\\Views\\pages\\home.php')
 4 SYSTEMPATH\View\View.php(231): CodeIgniter\View\View->CodeIgniter\View\{closure}()
 5 SYSTEMPATH\Common.php(1190): CodeIgniter\View\View->render('pages/home', [], true)
 6 APPPATH\Controllers\Home.php(67): view('pages/home', [...])
 7 SYSTEMPATH\CodeIgniter.php(942): App\Controllers\Home->index()
 8 SYSTEMPATH\CodeIgniter.php(502): CodeIgniter\CodeIgniter->runController(Object(App\Controllers\Home))
 9 SYSTEMPATH\CodeIgniter.php(361): CodeIgniter\CodeIgniter->handleRequest(null, Object(Config\Cache), false)
10 FCPATH\index.php(79): CodeIgniter\CodeIgniter->run()
WARNING - 2024-01-30 04:38:21 --> [DEPRECATED] number_format(): Passing null to parameter #1 ($num) of type float is deprecated in APPPATH\Helpers\my_helpers.php on line 3.
 1 APPPATH\Helpers\my_helpers.php(3): number_format(null, 0, ',', '.')
 2 APPPATH\Views\pages\home.php(191): format_rupiah(null)
 3 SYSTEMPATH\View\View.php(228): include('C:\\xampp\\htdocs\\sistaff\\app\\Views\\pages\\home.php')
 4 SYSTEMPATH\View\View.php(231): CodeIgniter\View\View->CodeIgniter\View\{closure}()
 5 SYSTEMPATH\Common.php(1190): CodeIgniter\View\View->render('pages/home', [], true)
 6 APPPATH\Controllers\Home.php(67): view('pages/home', [...])
 7 SYSTEMPATH\CodeIgniter.php(942): App\Controllers\Home->index()
 8 SYSTEMPATH\CodeIgniter.php(502): CodeIgniter\CodeIgniter->runController(Object(App\Controllers\Home))
 9 SYSTEMPATH\CodeIgniter.php(361): CodeIgniter\CodeIgniter->handleRequest(null, Object(Config\Cache), false)
10 FCPATH\index.php(79): CodeIgniter\CodeIgniter->run()
WARNING - 2024-01-30 04:38:21 --> [DEPRECATED] number_format(): Passing null to parameter #1 ($num) of type float is deprecated in APPPATH\Helpers\my_helpers.php on line 3.
 1 APPPATH\Helpers\my_helpers.php(3): number_format(null, 0, ',', '.')
 2 APPPATH\Views\pages\home.php(206): format_rupiah(null)
 3 SYSTEMPATH\View\View.php(228): include('C:\\xampp\\htdocs\\sistaff\\app\\Views\\pages\\home.php')
 4 SYSTEMPATH\View\View.php(231): CodeIgniter\View\View->CodeIgniter\View\{closure}()
 5 SYSTEMPATH\Common.php(1190): CodeIgniter\View\View->render('pages/home', [], true)
 6 APPPATH\Controllers\Home.php(67): view('pages/home', [...])
 7 SYSTEMPATH\CodeIgniter.php(942): App\Controllers\Home->index()
 8 SYSTEMPATH\CodeIgniter.php(502): CodeIgniter\CodeIgniter->runController(Object(App\Controllers\Home))
 9 SYSTEMPATH\CodeIgniter.php(361): CodeIgniter\CodeIgniter->handleRequest(null, Object(Config\Cache), false)
10 FCPATH\index.php(79): CodeIgniter\CodeIgniter->run()
WARNING - 2024-01-30 04:38:21 --> [DEPRECATED] number_format(): Passing null to parameter #1 ($num) of type float is deprecated in APPPATH\Helpers\my_helpers.php on line 3.
 1 APPPATH\Helpers\my_helpers.php(3): number_format(null, 0, ',', '.')
 2 APPPATH\Views\pages\home.php(221): format_rupiah(null)
 3 SYSTEMPATH\View\View.php(228): include('C:\\xampp\\htdocs\\sistaff\\app\\Views\\pages\\home.php')
 4 SYSTEMPATH\View\View.php(231): CodeIgniter\View\View->CodeIgniter\View\{closure}()
 5 SYSTEMPATH\Common.php(1190): CodeIgniter\View\View->render('pages/home', [], true)
 6 APPPATH\Controllers\Home.php(67): view('pages/home', [...])
 7 SYSTEMPATH\CodeIgniter.php(942): App\Controllers\Home->index()
 8 SYSTEMPATH\CodeIgniter.php(502): CodeIgniter\CodeIgniter->runController(Object(App\Controllers\Home))
 9 SYSTEMPATH\CodeIgniter.php(361): CodeIgniter\CodeIgniter->handleRequest(null, Object(Config\Cache), false)
10 FCPATH\index.php(79): CodeIgniter\CodeIgniter->run()
WARNING - 2024-01-30 04:38:21 --> [DEPRECATED] number_format(): Passing null to parameter #1 ($num) of type float is deprecated in APPPATH\Helpers\my_helpers.php on line 3.
 1 APPPATH\Helpers\my_helpers.php(3): number_format(null, 0, ',', '.')
 2 APPPATH\Views\pages\home.php(236): format_rupiah(null)
 3 SYSTEMPATH\View\View.php(228): include('C:\\xampp\\htdocs\\sistaff\\app\\Views\\pages\\home.php')
 4 SYSTEMPATH\View\View.php(231): CodeIgniter\View\View->CodeIgniter\View\{closure}()
 5 SYSTEMPATH\Common.php(1190): CodeIgniter\View\View->render('pages/home', [], true)
 6 APPPATH\Controllers\Home.php(67): view('pages/home', [...])
 7 SYSTEMPATH\CodeIgniter.php(942): App\Controllers\Home->index()
 8 SYSTEMPATH\CodeIgniter.php(502): CodeIgniter\CodeIgniter->runController(Object(App\Controllers\Home))
 9 SYSTEMPATH\CodeIgniter.php(361): CodeIgniter\CodeIgniter->handleRequest(null, Object(Config\Cache), false)
10 FCPATH\index.php(79): CodeIgniter\CodeIgniter->run()
