CRITICAL - 2025-07-06 00:16:01 --> Undefined array key "nisn"
in APPPATH/Views/santri/_card_list_santri.php on line 98.
 1 APPPATH/Views/santri/_card_list_santri.php(98): CodeIgniter\Debug\Exceptions->errorHandler()
 2 SYSTEMPATH/View/View.php(228): include('/home/u927597906/domains/51-574-ff.darulhijrah.in/public_html/app/Views/santri/_card_list_santri.php')
 3 SYSTEMPATH/View/View.php(231): CodeIgniter\View\View->CodeIgniter\View\{closure}()
 4 SYSTEMPATH/Common.php(1190): CodeIgniter\View\View->render()
 5 APPPATH/Controllers/Santri.php(46): view()
 6 SYSTEMPATH/CodeIgniter.php(942): App\Controllers\Santri->data()
 7 SYSTEMPATH/CodeIgniter.php(502): CodeIgniter\CodeIgniter->runController()
 8 SYSTEMPATH/CodeIgniter.php(361): CodeIgniter\CodeIgniter->handleRequest()
 9 FCPATH/index.php(79): CodeIgniter\CodeIgniter->run()
CRITICAL - 2025-07-06 00:16:08 --> Undefined array key "nisn"
in APPPATH/Views/santri/_card_list_santri.php on line 98.
 1 APPPATH/Views/santri/_card_list_santri.php(98): CodeIgniter\Debug\Exceptions->errorHandler()
 2 SYSTEMPATH/View/View.php(228): include('/home/u927597906/domains/51-574-ff.darulhijrah.in/public_html/app/Views/santri/_card_list_santri.php')
 3 SYSTEMPATH/View/View.php(231): CodeIgniter\View\View->CodeIgniter\View\{closure}()
 4 SYSTEMPATH/Common.php(1190): CodeIgniter\View\View->render()
 5 APPPATH/Controllers/Santri.php(46): view()
 6 SYSTEMPATH/CodeIgniter.php(942): App\Controllers\Santri->data()
 7 SYSTEMPATH/CodeIgniter.php(502): CodeIgniter\CodeIgniter->runController()
 8 SYSTEMPATH/CodeIgniter.php(361): CodeIgniter\CodeIgniter->handleRequest()
 9 FCPATH/index.php(79): CodeIgniter\CodeIgniter->run()
