CRITICAL - 2024-07-29 06:15:34 --> Undefined array key "mts"
in APPPATH\Views\psb\home.php on line 17.
 1 APPPATH\Views\psb\home.php(17): CodeIgniter\Debug\Exceptions->errorHandler(2, 'Undefined array key "mts"', 'C:\\xampp\\htdocs\\dummy\\app\\Views\\psb\\home.php', 17)
 2 SYSTEMPATH\View\View.php(228): include('C:\\xampp\\htdocs\\dummy\\app\\Views\\psb\\home.php')
 3 SYSTEMPATH\View\View.php(231): CodeIgniter\View\View->CodeIgniter\View\{closure}()
 4 SYSTEMPATH\Common.php(1190): CodeIgniter\View\View->render('psb/home', [], true)
 5 APPPATH\Controllers\Psb.php(28): view('psb/home', [...])
 6 SYSTEMPATH\CodeIgniter.php(942): App\Controllers\Psb->index()
 7 SYSTEMPATH\CodeIgniter.php(502): CodeIgniter\CodeIgniter->runController(Object(App\Controllers\Psb))
 8 SYSTEMPATH\CodeIgniter.php(361): CodeIgniter\CodeIgniter->handleRequest(null, Object(Config\Cache), false)
 9 FCPATH\index.php(79): CodeIgniter\CodeIgniter->run()
CRITICAL - 2024-07-29 06:17:09 --> Undefined array key "total"
in APPPATH\Views\psb\home.php on line 15.
 1 APPPATH\Views\psb\home.php(15): CodeIgniter\Debug\Exceptions->errorHandler(2, 'Undefined array key "total"', 'C:\\xampp\\htdocs\\dummy\\app\\Views\\psb\\home.php', 15)
 2 SYSTEMPATH\View\View.php(228): include('C:\\xampp\\htdocs\\dummy\\app\\Views\\psb\\home.php')
 3 SYSTEMPATH\View\View.php(231): CodeIgniter\View\View->CodeIgniter\View\{closure}()
 4 SYSTEMPATH\Common.php(1190): CodeIgniter\View\View->render('psb/home', [], true)
 5 APPPATH\Controllers\Psb.php(28): view('psb/home', [...])
 6 SYSTEMPATH\CodeIgniter.php(942): App\Controllers\Psb->index()
 7 SYSTEMPATH\CodeIgniter.php(502): CodeIgniter\CodeIgniter->runController(Object(App\Controllers\Psb))
 8 SYSTEMPATH\CodeIgniter.php(361): CodeIgniter\CodeIgniter->handleRequest(null, Object(Config\Cache), false)
 9 FCPATH\index.php(79): CodeIgniter\CodeIgniter->run()
CRITICAL - 2024-07-29 06:19:34 --> Array to string conversion
in APPPATH\Views\psb\home.php on line 15.
 1 APPPATH\Views\psb\home.php(15): CodeIgniter\Debug\Exceptions->errorHandler(2, 'Array to string conversion', 'C:\\xampp\\htdocs\\dummy\\app\\Views\\psb\\home.php', 15)
 2 SYSTEMPATH\View\View.php(228): include('C:\\xampp\\htdocs\\dummy\\app\\Views\\psb\\home.php')
 3 SYSTEMPATH\View\View.php(231): CodeIgniter\View\View->CodeIgniter\View\{closure}()
 4 SYSTEMPATH\Common.php(1190): CodeIgniter\View\View->render('psb/home', [], true)
 5 APPPATH\Controllers\Psb.php(28): view('psb/home', [...])
 6 SYSTEMPATH\CodeIgniter.php(942): App\Controllers\Psb->index()
 7 SYSTEMPATH\CodeIgniter.php(502): CodeIgniter\CodeIgniter->runController(Object(App\Controllers\Psb))
 8 SYSTEMPATH\CodeIgniter.php(361): CodeIgniter\CodeIgniter->handleRequest(null, Object(Config\Cache), false)
 9 FCPATH\index.php(79): CodeIgniter\CodeIgniter->run()
CRITICAL - 2024-07-29 06:19:36 --> Array to string conversion
in APPPATH\Views\psb\home.php on line 15.
 1 APPPATH\Views\psb\home.php(15): CodeIgniter\Debug\Exceptions->errorHandler(2, 'Array to string conversion', 'C:\\xampp\\htdocs\\dummy\\app\\Views\\psb\\home.php', 15)
 2 SYSTEMPATH\View\View.php(228): include('C:\\xampp\\htdocs\\dummy\\app\\Views\\psb\\home.php')
 3 SYSTEMPATH\View\View.php(231): CodeIgniter\View\View->CodeIgniter\View\{closure}()
 4 SYSTEMPATH\Common.php(1190): CodeIgniter\View\View->render('psb/home', [], true)
 5 APPPATH\Controllers\Psb.php(28): view('psb/home', [...])
 6 SYSTEMPATH\CodeIgniter.php(942): App\Controllers\Psb->index()
 7 SYSTEMPATH\CodeIgniter.php(502): CodeIgniter\CodeIgniter->runController(Object(App\Controllers\Psb))
 8 SYSTEMPATH\CodeIgniter.php(361): CodeIgniter\CodeIgniter->handleRequest(null, Object(Config\Cache), false)
 9 FCPATH\index.php(79): CodeIgniter\CodeIgniter->run()
CRITICAL - 2024-07-29 06:20:05 --> Too few arguments to function CodeIgniter\BaseModel::findColumn(), 0 passed in C:\xampp\htdocs\dummy\app\Controllers\Psb.php on line 21 and exactly 1 expected
in SYSTEMPATH\BaseModel.php on line 588.
 1 APPPATH\Controllers\Psb.php(21): CodeIgniter\BaseModel->findColumn()
 2 SYSTEMPATH\CodeIgniter.php(942): App\Controllers\Psb->index()
 3 SYSTEMPATH\CodeIgniter.php(502): CodeIgniter\CodeIgniter->runController(Object(App\Controllers\Psb))
 4 SYSTEMPATH\CodeIgniter.php(361): CodeIgniter\CodeIgniter->handleRequest(null, Object(Config\Cache), false)
 5 FCPATH\index.php(79): CodeIgniter\CodeIgniter->run()
CRITICAL - 2024-07-29 06:20:10 --> Call to undefined method App\Models\PsbModel::findC
in SYSTEMPATH\Model.php on line 873.
 1 APPPATH\Controllers\Psb.php(21): CodeIgniter\Model->__call('findC', [])
 2 SYSTEMPATH\CodeIgniter.php(942): App\Controllers\Psb->index()
 3 SYSTEMPATH\CodeIgniter.php(502): CodeIgniter\CodeIgniter->runController(Object(App\Controllers\Psb))
 4 SYSTEMPATH\CodeIgniter.php(361): CodeIgniter\CodeIgniter->handleRequest(null, Object(Config\Cache), false)
 5 FCPATH\index.php(79): CodeIgniter\CodeIgniter->run()
ERROR - 2024-07-29 06:20:42 --> mysqli_sql_exception: Unknown column 'total' in 'field list' in C:\xampp\htdocs\dummy\system\Database\MySQLi\Connection.php:306
Stack trace:
#0 C:\xampp\htdocs\dummy\system\Database\MySQLi\Connection.php(306): mysqli->query('SELECT count(na...', 0)
#1 C:\xampp\htdocs\dummy\system\Database\BaseConnection.php(693): CodeIgniter\Database\MySQLi\Connection->execute('SELECT count(na...')
#2 C:\xampp\htdocs\dummy\system\Database\BaseConnection.php(607): CodeIgniter\Database\BaseConnection->simpleQuery('SELECT count(na...')
#3 C:\xampp\htdocs\dummy\system\Database\BaseBuilder.php(1615): CodeIgniter\Database\BaseConnection->query('SELECT count(na...', Array, false)
#4 C:\xampp\htdocs\dummy\system\Model.php(199): CodeIgniter\Database\BaseBuilder->get()
#5 C:\xampp\htdocs\dummy\system\BaseModel.php(563): CodeIgniter\Model->doFind(false, NULL)
#6 C:\xampp\htdocs\dummy\system\Model.php(215): CodeIgniter\BaseModel->find()
#7 C:\xampp\htdocs\dummy\system\BaseModel.php(594): CodeIgniter\Model->doFindColumn('total')
#8 C:\xampp\htdocs\dummy\app\Controllers\Psb.php(21): CodeIgniter\BaseModel->findColumn('total')
#9 C:\xampp\htdocs\dummy\system\CodeIgniter.php(942): App\Controllers\Psb->index()
#10 C:\xampp\htdocs\dummy\system\CodeIgniter.php(502): CodeIgniter\CodeIgniter->runController(Object(App\Controllers\Psb))
#11 C:\xampp\htdocs\dummy\system\CodeIgniter.php(361): CodeIgniter\CodeIgniter->handleRequest(NULL, Object(Config\Cache), false)
#12 C:\xampp\htdocs\dummy\public\index.php(79): CodeIgniter\CodeIgniter->run()
#13 {main}
CRITICAL - 2024-07-29 06:20:42 --> Unknown column 'total' in 'field list'
in SYSTEMPATH\Database\BaseConnection.php on line 647.
 1 SYSTEMPATH\Database\BaseBuilder.php(1615): CodeIgniter\Database\BaseConnection->query('SELECT count(nama) as total, `total`
FROM `psb`', [], false)
 2 SYSTEMPATH\Model.php(199): CodeIgniter\Database\BaseBuilder->get()
 3 SYSTEMPATH\BaseModel.php(563): CodeIgniter\Model->doFind(false, null)
 4 SYSTEMPATH\Model.php(215): CodeIgniter\BaseModel->find()
 5 SYSTEMPATH\BaseModel.php(594): CodeIgniter\Model->doFindColumn('total')
 6 APPPATH\Controllers\Psb.php(21): CodeIgniter\BaseModel->findColumn('total')
 7 SYSTEMPATH\CodeIgniter.php(942): App\Controllers\Psb->index()
 8 SYSTEMPATH\CodeIgniter.php(502): CodeIgniter\CodeIgniter->runController(Object(App\Controllers\Psb))
 9 SYSTEMPATH\CodeIgniter.php(361): CodeIgniter\CodeIgniter->handleRequest(null, Object(Config\Cache), false)
10 FCPATH\index.php(79): CodeIgniter\CodeIgniter->run()
CRITICAL - 2024-07-29 06:21:47 --> Object of class App\Models\PsbModel could not be converted to string
in APPPATH\Controllers\Psb.php on line 21.
 1 SYSTEMPATH\CodeIgniter.php(942): App\Controllers\Psb->index()
 2 SYSTEMPATH\CodeIgniter.php(502): CodeIgniter\CodeIgniter->runController(Object(App\Controllers\Psb))
 3 SYSTEMPATH\CodeIgniter.php(361): CodeIgniter\CodeIgniter->handleRequest(null, Object(Config\Cache), false)
 4 FCPATH\index.php(79): CodeIgniter\CodeIgniter->run()
CRITICAL - 2024-07-29 06:22:01 --> Object of class App\Models\PsbModel could not be converted to string
in APPPATH\Controllers\Psb.php on line 21.
 1 SYSTEMPATH\CodeIgniter.php(942): App\Controllers\Psb->index()
 2 SYSTEMPATH\CodeIgniter.php(502): CodeIgniter\CodeIgniter->runController(Object(App\Controllers\Psb))
 3 SYSTEMPATH\CodeIgniter.php(361): CodeIgniter\CodeIgniter->handleRequest(null, Object(Config\Cache), false)
 4 FCPATH\index.php(79): CodeIgniter\CodeIgniter->run()
CRITICAL - 2024-07-29 06:22:07 --> Object of class App\Models\PsbModel could not be converted to string
in APPPATH\Controllers\Psb.php on line 21.
 1 SYSTEMPATH\CodeIgniter.php(942): App\Controllers\Psb->index()
 2 SYSTEMPATH\CodeIgniter.php(502): CodeIgniter\CodeIgniter->runController(Object(App\Controllers\Psb))
 3 SYSTEMPATH\CodeIgniter.php(361): CodeIgniter\CodeIgniter->handleRequest(null, Object(Config\Cache), false)
 4 FCPATH\index.php(79): CodeIgniter\CodeIgniter->run()
