WARNING - 2024-08-14 01:35:36 --> [DEPRECATED] number_format(): Passing null to parameter #1 ($num) of type float is deprecated in APPPATH\Helpers\my_helpers.php on line 3.
 1 APPPATH\Helpers\my_helpers.php(3): number_format(null, 0, ',', '.')
 2 APPPATH\Views\pages\keuangan.php(92): format_rupiah(null)
 3 SYSTEMPATH\View\View.php(228): include('C:\\xampp\\htdocs\\dummy\\app\\Views\\pages\\keuangan.php')
 4 SYSTEMPATH\View\View.php(231): CodeIgniter\View\View->CodeIgniter\View\{closure}()
 5 SYSTEMPATH\Common.php(1190): CodeIgniter\View\View->render('pages/keuangan', [], true)
 6 APPPATH\Controllers\Page.php(30): view('pages/keuangan', [...])
 7 SYSTEMPATH\CodeIgniter.php(942): App\Controllers\Page->keuangan()
 8 SYSTEMPATH\CodeIgniter.php(502): CodeIgniter\CodeIgniter->runController(Object(App\Controllers\Page))
 9 SYSTEMPATH\CodeIgniter.php(361): CodeIgniter\CodeIgniter->handleRequest(null, Object(Config\Cache), false)
10 FCPATH\index.php(79): CodeIgniter\CodeIgniter->run()
WARNING - 2024-08-14 01:35:57 --> [DEPRECATED] number_format(): Passing null to parameter #1 ($num) of type float is deprecated in APPPATH\Helpers\my_helpers.php on line 3.
 1 APPPATH\Helpers\my_helpers.php(3): number_format(null, 0, ',', '.')
 2 APPPATH\Views\pages\keuangan.php(92): format_rupiah(null)
 3 SYSTEMPATH\View\View.php(228): include('C:\\xampp\\htdocs\\dummy\\app\\Views\\pages\\keuangan.php')
 4 SYSTEMPATH\View\View.php(231): CodeIgniter\View\View->CodeIgniter\View\{closure}()
 5 SYSTEMPATH\Common.php(1190): CodeIgniter\View\View->render('pages/keuangan', [], true)
 6 APPPATH\Controllers\Page.php(30): view('pages/keuangan', [...])
 7 SYSTEMPATH\CodeIgniter.php(942): App\Controllers\Page->keuangan()
 8 SYSTEMPATH\CodeIgniter.php(502): CodeIgniter\CodeIgniter->runController(Object(App\Controllers\Page))
 9 SYSTEMPATH\CodeIgniter.php(361): CodeIgniter\CodeIgniter->handleRequest(null, Object(Config\Cache), false)
10 FCPATH\index.php(79): CodeIgniter\CodeIgniter->run()
WARNING - 2024-08-14 06:59:14 --> [DEPRECATED] number_format(): Passing null to parameter #1 ($num) of type float is deprecated in APPPATH\Helpers\my_helpers.php on line 3.
 1 APPPATH\Helpers\my_helpers.php(3): number_format(null, 0, ',', '.')
 2 APPPATH\Views\pages\keuangan.php(92): format_rupiah(null)
 3 SYSTEMPATH\View\View.php(228): include('C:\\xampp\\htdocs\\dummy\\app\\Views\\pages\\keuangan.php')
 4 SYSTEMPATH\View\View.php(231): CodeIgniter\View\View->CodeIgniter\View\{closure}()
 5 SYSTEMPATH\Common.php(1190): CodeIgniter\View\View->render('pages/keuangan', [], true)
 6 APPPATH\Controllers\Page.php(30): view('pages/keuangan', [...])
 7 SYSTEMPATH\CodeIgniter.php(942): App\Controllers\Page->keuangan()
 8 SYSTEMPATH\CodeIgniter.php(502): CodeIgniter\CodeIgniter->runController(Object(App\Controllers\Page))
 9 SYSTEMPATH\CodeIgniter.php(361): CodeIgniter\CodeIgniter->handleRequest(null, Object(Config\Cache), false)
10 FCPATH\index.php(79): CodeIgniter\CodeIgniter->run()
WARNING - 2024-08-14 06:59:42 --> [DEPRECATED] number_format(): Passing null to parameter #1 ($num) of type float is deprecated in APPPATH\Helpers\my_helpers.php on line 3.
 1 APPPATH\Helpers\my_helpers.php(3): number_format(null, 0, ',', '.')
 2 APPPATH\Views\pages\keuangan.php(92): format_rupiah(null)
 3 SYSTEMPATH\View\View.php(228): include('C:\\xampp\\htdocs\\dummy\\app\\Views\\pages\\keuangan.php')
 4 SYSTEMPATH\View\View.php(231): CodeIgniter\View\View->CodeIgniter\View\{closure}()
 5 SYSTEMPATH\Common.php(1190): CodeIgniter\View\View->render('pages/keuangan', [], true)
 6 APPPATH\Controllers\Page.php(30): view('pages/keuangan', [...])
 7 SYSTEMPATH\CodeIgniter.php(942): App\Controllers\Page->keuangan()
 8 SYSTEMPATH\CodeIgniter.php(502): CodeIgniter\CodeIgniter->runController(Object(App\Controllers\Page))
 9 SYSTEMPATH\CodeIgniter.php(361): CodeIgniter\CodeIgniter->handleRequest(null, Object(Config\Cache), false)
10 FCPATH\index.php(79): CodeIgniter\CodeIgniter->run()
WARNING - 2024-08-14 06:59:48 --> [DEPRECATED] number_format(): Passing null to parameter #1 ($num) of type float is deprecated in APPPATH\Helpers\my_helpers.php on line 3.
 1 APPPATH\Helpers\my_helpers.php(3): number_format(null, 0, ',', '.')
 2 APPPATH\Views\pages\keuangan.php(92): format_rupiah(null)
 3 SYSTEMPATH\View\View.php(228): include('C:\\xampp\\htdocs\\dummy\\app\\Views\\pages\\keuangan.php')
 4 SYSTEMPATH\View\View.php(231): CodeIgniter\View\View->CodeIgniter\View\{closure}()
 5 SYSTEMPATH\Common.php(1190): CodeIgniter\View\View->render('pages/keuangan', [], true)
 6 APPPATH\Controllers\Page.php(30): view('pages/keuangan', [...])
 7 SYSTEMPATH\CodeIgniter.php(942): App\Controllers\Page->keuangan()
 8 SYSTEMPATH\CodeIgniter.php(502): CodeIgniter\CodeIgniter->runController(Object(App\Controllers\Page))
 9 SYSTEMPATH\CodeIgniter.php(361): CodeIgniter\CodeIgniter->handleRequest(null, Object(Config\Cache), false)
10 FCPATH\index.php(79): CodeIgniter\CodeIgniter->run()
WARNING - 2024-08-14 06:59:59 --> [DEPRECATED] number_format(): Passing null to parameter #1 ($num) of type float is deprecated in APPPATH\Helpers\my_helpers.php on line 3.
 1 APPPATH\Helpers\my_helpers.php(3): number_format(null, 0, ',', '.')
 2 APPPATH\Views\pages\keuangan.php(92): format_rupiah(null)
 3 SYSTEMPATH\View\View.php(228): include('C:\\xampp\\htdocs\\dummy\\app\\Views\\pages\\keuangan.php')
 4 SYSTEMPATH\View\View.php(231): CodeIgniter\View\View->CodeIgniter\View\{closure}()
 5 SYSTEMPATH\Common.php(1190): CodeIgniter\View\View->render('pages/keuangan', [], true)
 6 APPPATH\Controllers\Page.php(30): view('pages/keuangan', [...])
 7 SYSTEMPATH\CodeIgniter.php(942): App\Controllers\Page->keuangan()
 8 SYSTEMPATH\CodeIgniter.php(502): CodeIgniter\CodeIgniter->runController(Object(App\Controllers\Page))
 9 SYSTEMPATH\CodeIgniter.php(361): CodeIgniter\CodeIgniter->handleRequest(null, Object(Config\Cache), false)
10 FCPATH\index.php(79): CodeIgniter\CodeIgniter->run()
