CRITICAL - 2024-06-24 05:06:19 --> CodeIgniter\BaseModel::transformDataToArray(): Return value must be of type array, string returned
in SYSTEMPATH\BaseModel.php on line 1752.
 1 SYSTEMPATH\BaseModel.php(916): CodeIgniter\BaseModel->transformDataToArray('lulus', 'update')
 2 SYSTEMPATH\Model.php(776): CodeIgniter\BaseModel->update([...], 'lulus')
 3 APPPATH\Controllers\Page.php(56): CodeIgniter\Model->update('kelas', 'lulus')
 4 SYSTEMPATH\CodeIgniter.php(942): App\Controllers\Page->naikkelas()
 5 SYSTEMPATH\CodeIgniter.php(502): CodeIgniter\CodeIgniter->runController(Object(App\Controllers\Page))
 6 SYSTEMPATH\CodeIgniter.php(361): CodeIgniter\CodeIgniter->handleRequest(null, Object(Config\Cache), false)
 7 FCPATH\index.php(79): CodeIgniter\CodeIgniter->run()
CRITICAL - 2024-06-24 07:46:25 --> CodeIgniter\BaseModel::transformDataToArray(): Return value must be of type array, string returned
in SYSTEMPATH\BaseModel.php on line 1752.
 1 SYSTEMPATH\BaseModel.php(916): CodeIgniter\BaseModel->transformDataToArray('lulus', 'update')
 2 SYSTEMPATH\Model.php(776): CodeIgniter\BaseModel->update([...], 'lulus')
 3 APPPATH\Controllers\Page.php(56): CodeIgniter\Model->update('kelas', 'lulus')
 4 SYSTEMPATH\CodeIgniter.php(942): App\Controllers\Page->naikkelas()
 5 SYSTEMPATH\CodeIgniter.php(502): CodeIgniter\CodeIgniter->runController(Object(App\Controllers\Page))
 6 SYSTEMPATH\CodeIgniter.php(361): CodeIgniter\CodeIgniter->handleRequest(null, Object(Config\Cache), false)
 7 FCPATH\index.php(79): CodeIgniter\CodeIgniter->run()
CRITICAL - 2024-06-24 08:04:10 --> Unsupported operand types: string + int
in APPPATH\Controllers\Page.php on line 64.
 1 SYSTEMPATH\CodeIgniter.php(942): App\Controllers\Page->naikkelas()
 2 SYSTEMPATH\CodeIgniter.php(502): CodeIgniter\CodeIgniter->runController(Object(App\Controllers\Page))
 3 SYSTEMPATH\CodeIgniter.php(361): CodeIgniter\CodeIgniter->handleRequest(null, Object(Config\Cache), false)
 4 FCPATH\index.php(79): CodeIgniter\CodeIgniter->run()
