ERROR - 2025-11-10 06:44:29 --> mysqli_sql_exception: Duplicate entry '4193' for key 'PRIMARY' in /home/u927597906/domains/51-574-ff.darulhijrah.in/public_html/system/Database/MySQLi/Connection.php:306
Stack trace:
#0 /home/u927597906/domains/51-574-ff.darulhijrah.in/public_html/system/Database/MySQLi/Connection.php(306): mysqli->query()
#1 /home/u927597906/domains/51-574-ff.darulhijrah.in/public_html/system/Database/BaseConnection.php(693): CodeIgniter\Database\MySQLi\Connection->execute()
#2 /home/u927597906/domains/51-574-ff.darulhijrah.in/public_html/system/Database/BaseConnection.php(607): CodeIgniter\Database\BaseConnection->simpleQuery()
#3 /home/u927597906/domains/51-574-ff.darulhijrah.in/public_html/system/Database/BaseBuilder.php(2308): CodeIgniter\Database\BaseConnection->query()
#4 /home/u927597906/domains/51-574-ff.darulhijrah.in/public_html/system/Model.php(319): CodeIgniter\Database\BaseBuilder->insert()
#5 /home/u927597906/domains/51-574-ff.darulhijrah.in/public_html/system/BaseModel.php(788): CodeIgniter\Model->doInsert()
#6 /home/u927597906/domains/51-574-ff.darulhijrah.in/public_html/system/Model.php(715): CodeIgniter\BaseModel->insert()
#7 /home/u927597906/domains/51-574-ff.darulhijrah.in/public_html/app/Controllers/Psb.php(56): CodeIgniter\Model->insert()
#8 /home/u927597906/domains/51-574-ff.darulhijrah.in/public_html/system/CodeIgniter.php(942): App\Controllers\Psb->save()
#9 /home/u927597906/domains/51-574-ff.darulhijrah.in/public_html/system/CodeIgniter.php(502): CodeIgniter\CodeIgniter->runController()
#10 /home/u927597906/domains/51-574-ff.darulhijrah.in/public_html/system/CodeIgniter.php(361): CodeIgniter\CodeIgniter->handleRequest()
#11 /home/u927597906/domains/51-574-ff.darulhijrah.in/public_html/index.php(79): CodeIgniter\CodeIgniter->run()
#12 {main}
CRITICAL - 2025-11-10 06:44:29 --> Duplicate entry '4193' for key 'PRIMARY'
in SYSTEMPATH/Database/BaseConnection.php on line 647.
 1 SYSTEMPATH/Database/BaseBuilder.php(2308): CodeIgniter\Database\BaseConnection->query()
 2 SYSTEMPATH/Model.php(319): CodeIgniter\Database\BaseBuilder->insert()
 3 SYSTEMPATH/BaseModel.php(788): CodeIgniter\Model->doInsert()
 4 SYSTEMPATH/Model.php(715): CodeIgniter\BaseModel->insert()
 5 APPPATH/Controllers/Psb.php(56): CodeIgniter\Model->insert()
 6 SYSTEMPATH/CodeIgniter.php(942): App\Controllers\Psb->save()
 7 SYSTEMPATH/CodeIgniter.php(502): CodeIgniter\CodeIgniter->runController()
 8 SYSTEMPATH/CodeIgniter.php(361): CodeIgniter\CodeIgniter->handleRequest()
 9 FCPATH/index.php(79): CodeIgniter\CodeIgniter->run()
