CRITICAL - 2024-01-06 00:00:21 --> Class "Mpdf\Mpdf" not found
in APPPATH\Views\pages\kwitansi.php on line 82.
 1 SYSTEMPATH\View\View.php(228): include()
 2 SYSTEMPATH\View\View.php(231): CodeIgniter\View\View->CodeIgniter\View\{closure}()
 3 SYSTEMPATH\Common.php(1190): CodeIgniter\View\View->render('pages/kwitansi', [], true)
 4 APPPATH\Controllers\Page.php(37): view('pages/kwitansi')
 5 SYSTEMPATH\CodeIgniter.php(942): App\Controllers\Page->save()
 6 SYSTEMPATH\CodeIgniter.php(502): CodeIgniter\CodeIgniter->runController(Object(App\Controllers\Page))
 7 SYSTEMPATH\CodeIgniter.php(361): CodeIgniter\CodeIgniter->handleRequest(null, Object(Config\Cache), false)
 8 FCPATH\index.php(79): CodeIgniter\CodeIgniter->run()
 9 SYSTEMPATH\Commands\Server\rewrite.php(47): require_once('C:\\xampp\\htdocs\\sistaff\\public\\index.php')
CRITICAL - 2024-01-06 02:55:07 --> require(vendor/autoload.php): Failed to open stream: No such file or directory
in APPPATH\Views\pages\kwitansi.php on line 83.
 1 APPPATH\Views\pages\kwitansi.php(83): CodeIgniter\Debug\Exceptions->errorHandler(2, 'require(vendor/autoload.php): Failed to open stream: No such file or directory', 'C:\\xampp\\htdocs\\sistaff\\app\\Views\\pages\\kwitansi.php', 83)
 2 APPPATH\Views\pages\kwitansi.php(83): require()
 3 SYSTEMPATH\View\View.php(228): include('C:\\xampp\\htdocs\\sistaff\\app\\Views\\pages\\kwitansi.php')
 4 SYSTEMPATH\View\View.php(231): CodeIgniter\View\View->CodeIgniter\View\{closure}()
 5 SYSTEMPATH\Common.php(1190): CodeIgniter\View\View->render('pages/kwitansi', [], true)
 6 APPPATH\Controllers\Page.php(37): view('pages/kwitansi')
 7 SYSTEMPATH\CodeIgniter.php(942): App\Controllers\Page->save()
 8 SYSTEMPATH\CodeIgniter.php(502): CodeIgniter\CodeIgniter->runController(Object(App\Controllers\Page))
 9 SYSTEMPATH\CodeIgniter.php(361): CodeIgniter\CodeIgniter->handleRequest(null, Object(Config\Cache), false)
10 FCPATH\index.php(79): CodeIgniter\CodeIgniter->run()
11 SYSTEMPATH\Commands\Server\rewrite.php(47): require_once('C:\\xampp\\htdocs\\sistaff\\public\\index.php')
CRITICAL - 2024-01-06 02:56:29 --> require(vendor/autoload.php): Failed to open stream: No such file or directory
in APPPATH\Views\pages\kwitansi.php on line 83.
 1 APPPATH\Views\pages\kwitansi.php(83): CodeIgniter\Debug\Exceptions->errorHandler(2, 'require(vendor/autoload.php): Failed to open stream: No such file or directory', 'C:\\xampp\\htdocs\\sistaff\\app\\Views\\pages\\kwitansi.php', 83)
 2 APPPATH\Views\pages\kwitansi.php(83): require()
 3 SYSTEMPATH\View\View.php(228): include('C:\\xampp\\htdocs\\sistaff\\app\\Views\\pages\\kwitansi.php')
 4 SYSTEMPATH\View\View.php(231): CodeIgniter\View\View->CodeIgniter\View\{closure}()
 5 SYSTEMPATH\Common.php(1190): CodeIgniter\View\View->render('pages/kwitansi', [], true)
 6 APPPATH\Controllers\Page.php(37): view('pages/kwitansi')
 7 SYSTEMPATH\CodeIgniter.php(942): App\Controllers\Page->save()
 8 SYSTEMPATH\CodeIgniter.php(502): CodeIgniter\CodeIgniter->runController(Object(App\Controllers\Page))
 9 SYSTEMPATH\CodeIgniter.php(361): CodeIgniter\CodeIgniter->handleRequest(null, Object(Config\Cache), false)
10 FCPATH\index.php(79): CodeIgniter\CodeIgniter->run()
11 SYSTEMPATH\Commands\Server\rewrite.php(47): require_once('C:\\xampp\\htdocs\\sistaff\\public\\index.php')
CRITICAL - 2024-01-06 02:57:50 --> require(vendor/autoload.php): Failed to open stream: No such file or directory
in APPPATH\Views\pages\kwitansi.php on line 83.
 1 APPPATH\Views\pages\kwitansi.php(83): CodeIgniter\Debug\Exceptions->errorHandler(2, 'require(vendor/autoload.php): Failed to open stream: No such file or directory', 'C:\\xampp\\htdocs\\sistaff\\app\\Views\\pages\\kwitansi.php', 83)
 2 APPPATH\Views\pages\kwitansi.php(83): require()
 3 SYSTEMPATH\View\View.php(228): include('C:\\xampp\\htdocs\\sistaff\\app\\Views\\pages\\kwitansi.php')
 4 SYSTEMPATH\View\View.php(231): CodeIgniter\View\View->CodeIgniter\View\{closure}()
 5 SYSTEMPATH\Common.php(1190): CodeIgniter\View\View->render('pages/kwitansi', [], true)
 6 APPPATH\Controllers\Page.php(37): view('pages/kwitansi')
 7 SYSTEMPATH\CodeIgniter.php(942): App\Controllers\Page->save()
 8 SYSTEMPATH\CodeIgniter.php(502): CodeIgniter\CodeIgniter->runController(Object(App\Controllers\Page))
 9 SYSTEMPATH\CodeIgniter.php(361): CodeIgniter\CodeIgniter->handleRequest(null, Object(Config\Cache), false)
10 FCPATH\index.php(79): CodeIgniter\CodeIgniter->run()
CRITICAL - 2024-01-06 03:02:35 --> require_once(C:\xampp\htdocs\sistaff\app\Views\pagesvendor/autoload.php): Failed to open stream: No such file or directory
in APPPATH\Views\pages\kwitansi.php on line 83.
 1 APPPATH\Views\pages\kwitansi.php(83): CodeIgniter\Debug\Exceptions->errorHandler(2, 'require_once(C:\\xampp\\htdocs\\sistaff\\app\\Views\\pagesvendor/autoload.php): Failed to open stream: No such file or directory', 'C:\\xampp\\htdocs\\sistaff\\app\\Views\\pages\\kwitansi.php', 83)
 2 APPPATH\Views\pages\kwitansi.php(83): require_once()
 3 SYSTEMPATH\View\View.php(228): include('C:\\xampp\\htdocs\\sistaff\\app\\Views\\pages\\kwitansi.php')
 4 SYSTEMPATH\View\View.php(231): CodeIgniter\View\View->CodeIgniter\View\{closure}()
 5 SYSTEMPATH\Common.php(1190): CodeIgniter\View\View->render('pages/kwitansi', [], true)
 6 APPPATH\Controllers\Page.php(37): view('pages/kwitansi')
 7 SYSTEMPATH\CodeIgniter.php(942): App\Controllers\Page->save()
 8 SYSTEMPATH\CodeIgniter.php(502): CodeIgniter\CodeIgniter->runController(Object(App\Controllers\Page))
 9 SYSTEMPATH\CodeIgniter.php(361): CodeIgniter\CodeIgniter->handleRequest(null, Object(Config\Cache), false)
10 FCPATH\index.php(79): CodeIgniter\CodeIgniter->run()
11 SYSTEMPATH\Commands\Server\rewrite.php(47): require_once('C:\\xampp\\htdocs\\sistaff\\public\\index.php')
CRITICAL - 2024-01-06 06:38:48 --> number_format(): Argument #1 ($num) must be of type float, string given
in APPPATH\Helpers\my_helpers.php on line 3.
 1 APPPATH\Helpers\my_helpers.php(3): number_format('', 0, ',', '.')
 2 APPPATH\Views\pages\insert.php(21): format_rupiah('')
 3 SYSTEMPATH\View\View.php(228): include('C:\\xampp\\htdocs\\sistaff\\app\\Views\\pages\\insert.php')
 4 SYSTEMPATH\View\View.php(231): CodeIgniter\View\View->CodeIgniter\View\{closure}()
 5 SYSTEMPATH\Common.php(1190): CodeIgniter\View\View->render('pages/insert', [], true)
 6 APPPATH\Controllers\Page.php(22): view('pages/insert')
 7 SYSTEMPATH\CodeIgniter.php(942): App\Controllers\Page->tambah()
 8 SYSTEMPATH\CodeIgniter.php(502): CodeIgniter\CodeIgniter->runController(Object(App\Controllers\Page))
 9 SYSTEMPATH\CodeIgniter.php(361): CodeIgniter\CodeIgniter->handleRequest(null, Object(Config\Cache), false)
10 FCPATH\index.php(79): CodeIgniter\CodeIgniter->run()
11 SYSTEMPATH\Commands\Server\rewrite.php(47): require_once('C:\\xampp\\htdocs\\sistaff\\public\\index.php')
CRITICAL - 2024-01-06 06:39:12 --> Too few arguments to function format_rupiah(), 0 passed in C:\xampp\htdocs\sistaff\app\Views\pages\insert.php on line 21 and exactly 1 expected
in APPPATH\Helpers\my_helpers.php on line 2.
 1 APPPATH\Views\pages\insert.php(21): format_rupiah()
 2 SYSTEMPATH\View\View.php(228): include('C:\\xampp\\htdocs\\sistaff\\app\\Views\\pages\\insert.php')
 3 SYSTEMPATH\View\View.php(231): CodeIgniter\View\View->CodeIgniter\View\{closure}()
 4 SYSTEMPATH\Common.php(1190): CodeIgniter\View\View->render('pages/insert', [], true)
 5 APPPATH\Controllers\Page.php(22): view('pages/insert')
 6 SYSTEMPATH\CodeIgniter.php(942): App\Controllers\Page->tambah()
 7 SYSTEMPATH\CodeIgniter.php(502): CodeIgniter\CodeIgniter->runController(Object(App\Controllers\Page))
 8 SYSTEMPATH\CodeIgniter.php(361): CodeIgniter\CodeIgniter->handleRequest(null, Object(Config\Cache), false)
 9 FCPATH\index.php(79): CodeIgniter\CodeIgniter->run()
10 SYSTEMPATH\Commands\Server\rewrite.php(47): require_once('C:\\xampp\\htdocs\\sistaff\\public\\index.php')
