CRITICAL - 2025-09-09 00:25:31 --> Trying to access array offset on value of type null
in APPPATH/Views/pages/kwitansi-update.php on line 87.
 1 APPPATH/Views/pages/kwitansi-update.php(87): CodeIgniter\Debug\Exceptions->errorHandler()
 2 SYSTEMPATH/View/View.php(228): include('/home/u927597906/domains/51-574-ff.darulhijrah.in/public_html/app/Views/pages/kwitansi-update.php')
 3 SYSTEMPATH/View/View.php(231): CodeIgniter\View\View->CodeIgniter\View\{closure}()
 4 SYSTEMPATH/Common.php(1190): CodeIgniter\View\View->render()
 5 APPPATH/Controllers/Page.php(169): view()
 6 SYSTEMPATH/CodeIgniter.php(942): App\Controllers\Page->kwitansi_santri_psb()
 7 SYSTEMPATH/CodeIgniter.php(502): CodeIgniter\CodeIgniter->runController()
 8 SYSTEMPATH/CodeIgniter.php(361): CodeIgniter\CodeIgniter->handleRequest()
 9 FCPATH/index.php(79): CodeIgniter\CodeIgniter->run()
CRITICAL - 2025-09-09 00:26:19 --> Trying to access array offset on value of type null
in APPPATH/Views/pages/kwitansi-update.php on line 87.
 1 APPPATH/Views/pages/kwitansi-update.php(87): CodeIgniter\Debug\Exceptions->errorHandler()
 2 SYSTEMPATH/View/View.php(228): include('/home/u927597906/domains/51-574-ff.darulhijrah.in/public_html/app/Views/pages/kwitansi-update.php')
 3 SYSTEMPATH/View/View.php(231): CodeIgniter\View\View->CodeIgniter\View\{closure}()
 4 SYSTEMPATH/Common.php(1190): CodeIgniter\View\View->render()
 5 APPPATH/Controllers/Page.php(169): view()
 6 SYSTEMPATH/CodeIgniter.php(942): App\Controllers\Page->kwitansi_santri_psb()
 7 SYSTEMPATH/CodeIgniter.php(502): CodeIgniter\CodeIgniter->runController()
 8 SYSTEMPATH/CodeIgniter.php(361): CodeIgniter\CodeIgniter->handleRequest()
 9 FCPATH/index.php(79): CodeIgniter\CodeIgniter->run()
CRITICAL - 2025-09-09 07:20:20 --> Trying to access array offset on value of type null
in APPPATH/Views/pages/kwitansi-update.php on line 87.
 1 APPPATH/Views/pages/kwitansi-update.php(87): CodeIgniter\Debug\Exceptions->errorHandler()
 2 SYSTEMPATH/View/View.php(228): include('/home/u927597906/domains/51-574-ff.darulhijrah.in/public_html/app/Views/pages/kwitansi-update.php')
 3 SYSTEMPATH/View/View.php(231): CodeIgniter\View\View->CodeIgniter\View\{closure}()
 4 SYSTEMPATH/Common.php(1190): CodeIgniter\View\View->render()
 5 APPPATH/Controllers/Page.php(169): view()
 6 SYSTEMPATH/CodeIgniter.php(942): App\Controllers\Page->kwitansi_santri_psb()
 7 SYSTEMPATH/CodeIgniter.php(502): CodeIgniter\CodeIgniter->runController()
 8 SYSTEMPATH/CodeIgniter.php(361): CodeIgniter\CodeIgniter->handleRequest()
 9 FCPATH/index.php(79): CodeIgniter\CodeIgniter->run()
ERROR - 2025-09-09 11:20:52 --> mysqli_sql_exception: Unknown column 'tdu' in 'WHERE' in /home/u927597906/domains/51-574-ff.darulhijrah.in/public_html/system/Database/MySQLi/Connection.php:306
Stack trace:
#0 /home/u927597906/domains/51-574-ff.darulhijrah.in/public_html/system/Database/MySQLi/Connection.php(306): mysqli->query()
#1 /home/u927597906/domains/51-574-ff.darulhijrah.in/public_html/system/Database/BaseConnection.php(693): CodeIgniter\Database\MySQLi\Connection->execute()
#2 /home/u927597906/domains/51-574-ff.darulhijrah.in/public_html/system/Database/BaseConnection.php(607): CodeIgniter\Database\BaseConnection->simpleQuery()
#3 /home/u927597906/domains/51-574-ff.darulhijrah.in/public_html/system/Database/BaseBuilder.php(1615): CodeIgniter\Database\BaseConnection->query()
#4 /home/u927597906/domains/51-574-ff.darulhijrah.in/public_html/system/Model.php(237): CodeIgniter\Database\BaseBuilder->get()
#5 /home/u927597906/domains/51-574-ff.darulhijrah.in/public_html/system/BaseModel.php(624): CodeIgniter\Model->doFindAll()
#6 /home/u927597906/domains/51-574-ff.darulhijrah.in/public_html/app/Controllers/Page.php(516): CodeIgniter\BaseModel->findAll()
#7 /home/u927597906/domains/51-574-ff.darulhijrah.in/public_html/system/CodeIgniter.php(942): App\Controllers\Page->reminder()
#8 /home/u927597906/domains/51-574-ff.darulhijrah.in/public_html/system/CodeIgniter.php(502): CodeIgniter\CodeIgniter->runController()
#9 /home/u927597906/domains/51-574-ff.darulhijrah.in/public_html/system/CodeIgniter.php(361): CodeIgniter\CodeIgniter->handleRequest()
#10 /home/u927597906/domains/51-574-ff.darulhijrah.in/public_html/index.php(79): CodeIgniter\CodeIgniter->run()
#11 {main}
CRITICAL - 2025-09-09 11:20:52 --> Unknown column 'tdu' in 'WHERE'
in SYSTEMPATH/Database/BaseConnection.php on line 647.
 1 SYSTEMPATH/Database/BaseBuilder.php(1615): CodeIgniter\Database\BaseConnection->query()
 2 SYSTEMPATH/Model.php(237): CodeIgniter\Database\BaseBuilder->get()
 3 SYSTEMPATH/BaseModel.php(624): CodeIgniter\Model->doFindAll()
 4 APPPATH/Controllers/Page.php(516): CodeIgniter\BaseModel->findAll()
 5 SYSTEMPATH/CodeIgniter.php(942): App\Controllers\Page->reminder()
 6 SYSTEMPATH/CodeIgniter.php(502): CodeIgniter\CodeIgniter->runController()
 7 SYSTEMPATH/CodeIgniter.php(361): CodeIgniter\CodeIgniter->handleRequest()
 8 FCPATH/index.php(79): CodeIgniter\CodeIgniter->run()
ERROR - 2025-09-09 11:20:56 --> mysqli_sql_exception: Unknown column 'tdu' in 'WHERE' in /home/u927597906/domains/51-574-ff.darulhijrah.in/public_html/system/Database/MySQLi/Connection.php:306
Stack trace:
#0 /home/u927597906/domains/51-574-ff.darulhijrah.in/public_html/system/Database/MySQLi/Connection.php(306): mysqli->query()
#1 /home/u927597906/domains/51-574-ff.darulhijrah.in/public_html/system/Database/BaseConnection.php(693): CodeIgniter\Database\MySQLi\Connection->execute()
#2 /home/u927597906/domains/51-574-ff.darulhijrah.in/public_html/system/Database/BaseConnection.php(607): CodeIgniter\Database\BaseConnection->simpleQuery()
#3 /home/u927597906/domains/51-574-ff.darulhijrah.in/public_html/system/Database/BaseBuilder.php(1615): CodeIgniter\Database\BaseConnection->query()
#4 /home/u927597906/domains/51-574-ff.darulhijrah.in/public_html/system/Model.php(237): CodeIgniter\Database\BaseBuilder->get()
#5 /home/u927597906/domains/51-574-ff.darulhijrah.in/public_html/system/BaseModel.php(624): CodeIgniter\Model->doFindAll()
#6 /home/u927597906/domains/51-574-ff.darulhijrah.in/public_html/app/Controllers/Page.php(516): CodeIgniter\BaseModel->findAll()
#7 /home/u927597906/domains/51-574-ff.darulhijrah.in/public_html/system/CodeIgniter.php(942): App\Controllers\Page->reminder()
#8 /home/u927597906/domains/51-574-ff.darulhijrah.in/public_html/system/CodeIgniter.php(502): CodeIgniter\CodeIgniter->runController()
#9 /home/u927597906/domains/51-574-ff.darulhijrah.in/public_html/system/CodeIgniter.php(361): CodeIgniter\CodeIgniter->handleRequest()
#10 /home/u927597906/domains/51-574-ff.darulhijrah.in/public_html/index.php(79): CodeIgniter\CodeIgniter->run()
#11 {main}
CRITICAL - 2025-09-09 11:20:56 --> Unknown column 'tdu' in 'WHERE'
in SYSTEMPATH/Database/BaseConnection.php on line 647.
 1 SYSTEMPATH/Database/BaseBuilder.php(1615): CodeIgniter\Database\BaseConnection->query()
 2 SYSTEMPATH/Model.php(237): CodeIgniter\Database\BaseBuilder->get()
 3 SYSTEMPATH/BaseModel.php(624): CodeIgniter\Model->doFindAll()
 4 APPPATH/Controllers/Page.php(516): CodeIgniter\BaseModel->findAll()
 5 SYSTEMPATH/CodeIgniter.php(942): App\Controllers\Page->reminder()
 6 SYSTEMPATH/CodeIgniter.php(502): CodeIgniter\CodeIgniter->runController()
 7 SYSTEMPATH/CodeIgniter.php(361): CodeIgniter\CodeIgniter->handleRequest()
 8 FCPATH/index.php(79): CodeIgniter\CodeIgniter->run()
ERROR - 2025-09-09 11:20:58 --> mysqli_sql_exception: Unknown column 'tdu' in 'WHERE' in /home/u927597906/domains/51-574-ff.darulhijrah.in/public_html/system/Database/MySQLi/Connection.php:306
Stack trace:
#0 /home/u927597906/domains/51-574-ff.darulhijrah.in/public_html/system/Database/MySQLi/Connection.php(306): mysqli->query()
#1 /home/u927597906/domains/51-574-ff.darulhijrah.in/public_html/system/Database/BaseConnection.php(693): CodeIgniter\Database\MySQLi\Connection->execute()
#2 /home/u927597906/domains/51-574-ff.darulhijrah.in/public_html/system/Database/BaseConnection.php(607): CodeIgniter\Database\BaseConnection->simpleQuery()
#3 /home/u927597906/domains/51-574-ff.darulhijrah.in/public_html/system/Database/BaseBuilder.php(1615): CodeIgniter\Database\BaseConnection->query()
#4 /home/u927597906/domains/51-574-ff.darulhijrah.in/public_html/system/Model.php(237): CodeIgniter\Database\BaseBuilder->get()
#5 /home/u927597906/domains/51-574-ff.darulhijrah.in/public_html/system/BaseModel.php(624): CodeIgniter\Model->doFindAll()
#6 /home/u927597906/domains/51-574-ff.darulhijrah.in/public_html/app/Controllers/Page.php(516): CodeIgniter\BaseModel->findAll()
#7 /home/u927597906/domains/51-574-ff.darulhijrah.in/public_html/system/CodeIgniter.php(942): App\Controllers\Page->reminder()
#8 /home/u927597906/domains/51-574-ff.darulhijrah.in/public_html/system/CodeIgniter.php(502): CodeIgniter\CodeIgniter->runController()
#9 /home/u927597906/domains/51-574-ff.darulhijrah.in/public_html/system/CodeIgniter.php(361): CodeIgniter\CodeIgniter->handleRequest()
#10 /home/u927597906/domains/51-574-ff.darulhijrah.in/public_html/index.php(79): CodeIgniter\CodeIgniter->run()
#11 {main}
CRITICAL - 2025-09-09 11:20:58 --> Unknown column 'tdu' in 'WHERE'
in SYSTEMPATH/Database/BaseConnection.php on line 647.
 1 SYSTEMPATH/Database/BaseBuilder.php(1615): CodeIgniter\Database\BaseConnection->query()
 2 SYSTEMPATH/Model.php(237): CodeIgniter\Database\BaseBuilder->get()
 3 SYSTEMPATH/BaseModel.php(624): CodeIgniter\Model->doFindAll()
 4 APPPATH/Controllers/Page.php(516): CodeIgniter\BaseModel->findAll()
 5 SYSTEMPATH/CodeIgniter.php(942): App\Controllers\Page->reminder()
 6 SYSTEMPATH/CodeIgniter.php(502): CodeIgniter\CodeIgniter->runController()
 7 SYSTEMPATH/CodeIgniter.php(361): CodeIgniter\CodeIgniter->handleRequest()
 8 FCPATH/index.php(79): CodeIgniter\CodeIgniter->run()
ERROR - 2025-09-09 11:20:59 --> mysqli_sql_exception: Unknown column 'tdu' in 'WHERE' in /home/u927597906/domains/51-574-ff.darulhijrah.in/public_html/system/Database/MySQLi/Connection.php:306
Stack trace:
#0 /home/u927597906/domains/51-574-ff.darulhijrah.in/public_html/system/Database/MySQLi/Connection.php(306): mysqli->query()
#1 /home/u927597906/domains/51-574-ff.darulhijrah.in/public_html/system/Database/BaseConnection.php(693): CodeIgniter\Database\MySQLi\Connection->execute()
#2 /home/u927597906/domains/51-574-ff.darulhijrah.in/public_html/system/Database/BaseConnection.php(607): CodeIgniter\Database\BaseConnection->simpleQuery()
#3 /home/u927597906/domains/51-574-ff.darulhijrah.in/public_html/system/Database/BaseBuilder.php(1615): CodeIgniter\Database\BaseConnection->query()
#4 /home/u927597906/domains/51-574-ff.darulhijrah.in/public_html/system/Model.php(237): CodeIgniter\Database\BaseBuilder->get()
#5 /home/u927597906/domains/51-574-ff.darulhijrah.in/public_html/system/BaseModel.php(624): CodeIgniter\Model->doFindAll()
#6 /home/u927597906/domains/51-574-ff.darulhijrah.in/public_html/app/Controllers/Page.php(516): CodeIgniter\BaseModel->findAll()
#7 /home/u927597906/domains/51-574-ff.darulhijrah.in/public_html/system/CodeIgniter.php(942): App\Controllers\Page->reminder()
#8 /home/u927597906/domains/51-574-ff.darulhijrah.in/public_html/system/CodeIgniter.php(502): CodeIgniter\CodeIgniter->runController()
#9 /home/u927597906/domains/51-574-ff.darulhijrah.in/public_html/system/CodeIgniter.php(361): CodeIgniter\CodeIgniter->handleRequest()
#10 /home/u927597906/domains/51-574-ff.darulhijrah.in/public_html/index.php(79): CodeIgniter\CodeIgniter->run()
#11 {main}
CRITICAL - 2025-09-09 11:20:59 --> Unknown column 'tdu' in 'WHERE'
in SYSTEMPATH/Database/BaseConnection.php on line 647.
 1 SYSTEMPATH/Database/BaseBuilder.php(1615): CodeIgniter\Database\BaseConnection->query()
 2 SYSTEMPATH/Model.php(237): CodeIgniter\Database\BaseBuilder->get()
 3 SYSTEMPATH/BaseModel.php(624): CodeIgniter\Model->doFindAll()
 4 APPPATH/Controllers/Page.php(516): CodeIgniter\BaseModel->findAll()
 5 SYSTEMPATH/CodeIgniter.php(942): App\Controllers\Page->reminder()
 6 SYSTEMPATH/CodeIgniter.php(502): CodeIgniter\CodeIgniter->runController()
 7 SYSTEMPATH/CodeIgniter.php(361): CodeIgniter\CodeIgniter->handleRequest()
 8 FCPATH/index.php(79): CodeIgniter\CodeIgniter->run()
ERROR - 2025-09-09 11:21:03 --> mysqli_sql_exception: Unknown column 'tdu' in 'WHERE' in /home/u927597906/domains/51-574-ff.darulhijrah.in/public_html/system/Database/MySQLi/Connection.php:306
Stack trace:
#0 /home/u927597906/domains/51-574-ff.darulhijrah.in/public_html/system/Database/MySQLi/Connection.php(306): mysqli->query()
#1 /home/u927597906/domains/51-574-ff.darulhijrah.in/public_html/system/Database/BaseConnection.php(693): CodeIgniter\Database\MySQLi\Connection->execute()
#2 /home/u927597906/domains/51-574-ff.darulhijrah.in/public_html/system/Database/BaseConnection.php(607): CodeIgniter\Database\BaseConnection->simpleQuery()
#3 /home/u927597906/domains/51-574-ff.darulhijrah.in/public_html/system/Database/BaseBuilder.php(1615): CodeIgniter\Database\BaseConnection->query()
#4 /home/u927597906/domains/51-574-ff.darulhijrah.in/public_html/system/Model.php(237): CodeIgniter\Database\BaseBuilder->get()
#5 /home/u927597906/domains/51-574-ff.darulhijrah.in/public_html/system/BaseModel.php(624): CodeIgniter\Model->doFindAll()
#6 /home/u927597906/domains/51-574-ff.darulhijrah.in/public_html/app/Controllers/Page.php(516): CodeIgniter\BaseModel->findAll()
#7 /home/u927597906/domains/51-574-ff.darulhijrah.in/public_html/system/CodeIgniter.php(942): App\Controllers\Page->reminder()
#8 /home/u927597906/domains/51-574-ff.darulhijrah.in/public_html/system/CodeIgniter.php(502): CodeIgniter\CodeIgniter->runController()
#9 /home/u927597906/domains/51-574-ff.darulhijrah.in/public_html/system/CodeIgniter.php(361): CodeIgniter\CodeIgniter->handleRequest()
#10 /home/u927597906/domains/51-574-ff.darulhijrah.in/public_html/index.php(79): CodeIgniter\CodeIgniter->run()
#11 {main}
CRITICAL - 2025-09-09 11:21:03 --> Unknown column 'tdu' in 'WHERE'
in SYSTEMPATH/Database/BaseConnection.php on line 647.
 1 SYSTEMPATH/Database/BaseBuilder.php(1615): CodeIgniter\Database\BaseConnection->query()
 2 SYSTEMPATH/Model.php(237): CodeIgniter\Database\BaseBuilder->get()
 3 SYSTEMPATH/BaseModel.php(624): CodeIgniter\Model->doFindAll()
 4 APPPATH/Controllers/Page.php(516): CodeIgniter\BaseModel->findAll()
 5 SYSTEMPATH/CodeIgniter.php(942): App\Controllers\Page->reminder()
 6 SYSTEMPATH/CodeIgniter.php(502): CodeIgniter\CodeIgniter->runController()
 7 SYSTEMPATH/CodeIgniter.php(361): CodeIgniter\CodeIgniter->handleRequest()
 8 FCPATH/index.php(79): CodeIgniter\CodeIgniter->run()
ERROR - 2025-09-09 11:21:04 --> mysqli_sql_exception: Unknown column 'tdu' in 'WHERE' in /home/u927597906/domains/51-574-ff.darulhijrah.in/public_html/system/Database/MySQLi/Connection.php:306
Stack trace:
#0 /home/u927597906/domains/51-574-ff.darulhijrah.in/public_html/system/Database/MySQLi/Connection.php(306): mysqli->query()
#1 /home/u927597906/domains/51-574-ff.darulhijrah.in/public_html/system/Database/BaseConnection.php(693): CodeIgniter\Database\MySQLi\Connection->execute()
#2 /home/u927597906/domains/51-574-ff.darulhijrah.in/public_html/system/Database/BaseConnection.php(607): CodeIgniter\Database\BaseConnection->simpleQuery()
#3 /home/u927597906/domains/51-574-ff.darulhijrah.in/public_html/system/Database/BaseBuilder.php(1615): CodeIgniter\Database\BaseConnection->query()
#4 /home/u927597906/domains/51-574-ff.darulhijrah.in/public_html/system/Model.php(237): CodeIgniter\Database\BaseBuilder->get()
#5 /home/u927597906/domains/51-574-ff.darulhijrah.in/public_html/system/BaseModel.php(624): CodeIgniter\Model->doFindAll()
#6 /home/u927597906/domains/51-574-ff.darulhijrah.in/public_html/app/Controllers/Page.php(516): CodeIgniter\BaseModel->findAll()
#7 /home/u927597906/domains/51-574-ff.darulhijrah.in/public_html/system/CodeIgniter.php(942): App\Controllers\Page->reminder()
#8 /home/u927597906/domains/51-574-ff.darulhijrah.in/public_html/system/CodeIgniter.php(502): CodeIgniter\CodeIgniter->runController()
#9 /home/u927597906/domains/51-574-ff.darulhijrah.in/public_html/system/CodeIgniter.php(361): CodeIgniter\CodeIgniter->handleRequest()
#10 /home/u927597906/domains/51-574-ff.darulhijrah.in/public_html/index.php(79): CodeIgniter\CodeIgniter->run()
#11 {main}
CRITICAL - 2025-09-09 11:21:04 --> Unknown column 'tdu' in 'WHERE'
in SYSTEMPATH/Database/BaseConnection.php on line 647.
 1 SYSTEMPATH/Database/BaseBuilder.php(1615): CodeIgniter\Database\BaseConnection->query()
 2 SYSTEMPATH/Model.php(237): CodeIgniter\Database\BaseBuilder->get()
 3 SYSTEMPATH/BaseModel.php(624): CodeIgniter\Model->doFindAll()
 4 APPPATH/Controllers/Page.php(516): CodeIgniter\BaseModel->findAll()
 5 SYSTEMPATH/CodeIgniter.php(942): App\Controllers\Page->reminder()
 6 SYSTEMPATH/CodeIgniter.php(502): CodeIgniter\CodeIgniter->runController()
 7 SYSTEMPATH/CodeIgniter.php(361): CodeIgniter\CodeIgniter->handleRequest()
 8 FCPATH/index.php(79): CodeIgniter\CodeIgniter->run()
ERROR - 2025-09-09 11:21:04 --> mysqli_sql_exception: Unknown column 'tdu' in 'WHERE' in /home/u927597906/domains/51-574-ff.darulhijrah.in/public_html/system/Database/MySQLi/Connection.php:306
Stack trace:
#0 /home/u927597906/domains/51-574-ff.darulhijrah.in/public_html/system/Database/MySQLi/Connection.php(306): mysqli->query()
#1 /home/u927597906/domains/51-574-ff.darulhijrah.in/public_html/system/Database/BaseConnection.php(693): CodeIgniter\Database\MySQLi\Connection->execute()
#2 /home/u927597906/domains/51-574-ff.darulhijrah.in/public_html/system/Database/BaseConnection.php(607): CodeIgniter\Database\BaseConnection->simpleQuery()
#3 /home/u927597906/domains/51-574-ff.darulhijrah.in/public_html/system/Database/BaseBuilder.php(1615): CodeIgniter\Database\BaseConnection->query()
#4 /home/u927597906/domains/51-574-ff.darulhijrah.in/public_html/system/Model.php(237): CodeIgniter\Database\BaseBuilder->get()
#5 /home/u927597906/domains/51-574-ff.darulhijrah.in/public_html/system/BaseModel.php(624): CodeIgniter\Model->doFindAll()
#6 /home/u927597906/domains/51-574-ff.darulhijrah.in/public_html/app/Controllers/Page.php(516): CodeIgniter\BaseModel->findAll()
#7 /home/u927597906/domains/51-574-ff.darulhijrah.in/public_html/system/CodeIgniter.php(942): App\Controllers\Page->reminder()
#8 /home/u927597906/domains/51-574-ff.darulhijrah.in/public_html/system/CodeIgniter.php(502): CodeIgniter\CodeIgniter->runController()
#9 /home/u927597906/domains/51-574-ff.darulhijrah.in/public_html/system/CodeIgniter.php(361): CodeIgniter\CodeIgniter->handleRequest()
#10 /home/u927597906/domains/51-574-ff.darulhijrah.in/public_html/index.php(79): CodeIgniter\CodeIgniter->run()
#11 {main}
CRITICAL - 2025-09-09 11:21:04 --> Unknown column 'tdu' in 'WHERE'
in SYSTEMPATH/Database/BaseConnection.php on line 647.
 1 SYSTEMPATH/Database/BaseBuilder.php(1615): CodeIgniter\Database\BaseConnection->query()
 2 SYSTEMPATH/Model.php(237): CodeIgniter\Database\BaseBuilder->get()
 3 SYSTEMPATH/BaseModel.php(624): CodeIgniter\Model->doFindAll()
 4 APPPATH/Controllers/Page.php(516): CodeIgniter\BaseModel->findAll()
 5 SYSTEMPATH/CodeIgniter.php(942): App\Controllers\Page->reminder()
 6 SYSTEMPATH/CodeIgniter.php(502): CodeIgniter\CodeIgniter->runController()
 7 SYSTEMPATH/CodeIgniter.php(361): CodeIgniter\CodeIgniter->handleRequest()
 8 FCPATH/index.php(79): CodeIgniter\CodeIgniter->run()
ERROR - 2025-09-09 11:21:05 --> mysqli_sql_exception: Unknown column 'tdu' in 'WHERE' in /home/u927597906/domains/51-574-ff.darulhijrah.in/public_html/system/Database/MySQLi/Connection.php:306
Stack trace:
#0 /home/u927597906/domains/51-574-ff.darulhijrah.in/public_html/system/Database/MySQLi/Connection.php(306): mysqli->query()
#1 /home/u927597906/domains/51-574-ff.darulhijrah.in/public_html/system/Database/BaseConnection.php(693): CodeIgniter\Database\MySQLi\Connection->execute()
#2 /home/u927597906/domains/51-574-ff.darulhijrah.in/public_html/system/Database/BaseConnection.php(607): CodeIgniter\Database\BaseConnection->simpleQuery()
#3 /home/u927597906/domains/51-574-ff.darulhijrah.in/public_html/system/Database/BaseBuilder.php(1615): CodeIgniter\Database\BaseConnection->query()
#4 /home/u927597906/domains/51-574-ff.darulhijrah.in/public_html/system/Model.php(237): CodeIgniter\Database\BaseBuilder->get()
#5 /home/u927597906/domains/51-574-ff.darulhijrah.in/public_html/system/BaseModel.php(624): CodeIgniter\Model->doFindAll()
#6 /home/u927597906/domains/51-574-ff.darulhijrah.in/public_html/app/Controllers/Page.php(516): CodeIgniter\BaseModel->findAll()
#7 /home/u927597906/domains/51-574-ff.darulhijrah.in/public_html/system/CodeIgniter.php(942): App\Controllers\Page->reminder()
#8 /home/u927597906/domains/51-574-ff.darulhijrah.in/public_html/system/CodeIgniter.php(502): CodeIgniter\CodeIgniter->runController()
#9 /home/u927597906/domains/51-574-ff.darulhijrah.in/public_html/system/CodeIgniter.php(361): CodeIgniter\CodeIgniter->handleRequest()
#10 /home/u927597906/domains/51-574-ff.darulhijrah.in/public_html/index.php(79): CodeIgniter\CodeIgniter->run()
#11 {main}
CRITICAL - 2025-09-09 11:21:05 --> Unknown column 'tdu' in 'WHERE'
in SYSTEMPATH/Database/BaseConnection.php on line 647.
 1 SYSTEMPATH/Database/BaseBuilder.php(1615): CodeIgniter\Database\BaseConnection->query()
 2 SYSTEMPATH/Model.php(237): CodeIgniter\Database\BaseBuilder->get()
 3 SYSTEMPATH/BaseModel.php(624): CodeIgniter\Model->doFindAll()
 4 APPPATH/Controllers/Page.php(516): CodeIgniter\BaseModel->findAll()
 5 SYSTEMPATH/CodeIgniter.php(942): App\Controllers\Page->reminder()
 6 SYSTEMPATH/CodeIgniter.php(502): CodeIgniter\CodeIgniter->runController()
 7 SYSTEMPATH/CodeIgniter.php(361): CodeIgniter\CodeIgniter->handleRequest()
 8 FCPATH/index.php(79): CodeIgniter\CodeIgniter->run()
ERROR - 2025-09-09 11:21:05 --> mysqli_sql_exception: Unknown column 'tdu' in 'WHERE' in /home/u927597906/domains/51-574-ff.darulhijrah.in/public_html/system/Database/MySQLi/Connection.php:306
Stack trace:
#0 /home/u927597906/domains/51-574-ff.darulhijrah.in/public_html/system/Database/MySQLi/Connection.php(306): mysqli->query()
#1 /home/u927597906/domains/51-574-ff.darulhijrah.in/public_html/system/Database/BaseConnection.php(693): CodeIgniter\Database\MySQLi\Connection->execute()
#2 /home/u927597906/domains/51-574-ff.darulhijrah.in/public_html/system/Database/BaseConnection.php(607): CodeIgniter\Database\BaseConnection->simpleQuery()
#3 /home/u927597906/domains/51-574-ff.darulhijrah.in/public_html/system/Database/BaseBuilder.php(1615): CodeIgniter\Database\BaseConnection->query()
#4 /home/u927597906/domains/51-574-ff.darulhijrah.in/public_html/system/Model.php(237): CodeIgniter\Database\BaseBuilder->get()
#5 /home/u927597906/domains/51-574-ff.darulhijrah.in/public_html/system/BaseModel.php(624): CodeIgniter\Model->doFindAll()
#6 /home/u927597906/domains/51-574-ff.darulhijrah.in/public_html/app/Controllers/Page.php(516): CodeIgniter\BaseModel->findAll()
#7 /home/u927597906/domains/51-574-ff.darulhijrah.in/public_html/system/CodeIgniter.php(942): App\Controllers\Page->reminder()
#8 /home/u927597906/domains/51-574-ff.darulhijrah.in/public_html/system/CodeIgniter.php(502): CodeIgniter\CodeIgniter->runController()
#9 /home/u927597906/domains/51-574-ff.darulhijrah.in/public_html/system/CodeIgniter.php(361): CodeIgniter\CodeIgniter->handleRequest()
#10 /home/u927597906/domains/51-574-ff.darulhijrah.in/public_html/index.php(79): CodeIgniter\CodeIgniter->run()
#11 {main}
CRITICAL - 2025-09-09 11:21:05 --> Unknown column 'tdu' in 'WHERE'
in SYSTEMPATH/Database/BaseConnection.php on line 647.
 1 SYSTEMPATH/Database/BaseBuilder.php(1615): CodeIgniter\Database\BaseConnection->query()
 2 SYSTEMPATH/Model.php(237): CodeIgniter\Database\BaseBuilder->get()
 3 SYSTEMPATH/BaseModel.php(624): CodeIgniter\Model->doFindAll()
 4 APPPATH/Controllers/Page.php(516): CodeIgniter\BaseModel->findAll()
 5 SYSTEMPATH/CodeIgniter.php(942): App\Controllers\Page->reminder()
 6 SYSTEMPATH/CodeIgniter.php(502): CodeIgniter\CodeIgniter->runController()
 7 SYSTEMPATH/CodeIgniter.php(361): CodeIgniter\CodeIgniter->handleRequest()
 8 FCPATH/index.php(79): CodeIgniter\CodeIgniter->run()
ERROR - 2025-09-09 11:21:05 --> mysqli_sql_exception: Unknown column 'tdu' in 'WHERE' in /home/u927597906/domains/51-574-ff.darulhijrah.in/public_html/system/Database/MySQLi/Connection.php:306
Stack trace:
#0 /home/u927597906/domains/51-574-ff.darulhijrah.in/public_html/system/Database/MySQLi/Connection.php(306): mysqli->query()
#1 /home/u927597906/domains/51-574-ff.darulhijrah.in/public_html/system/Database/BaseConnection.php(693): CodeIgniter\Database\MySQLi\Connection->execute()
#2 /home/u927597906/domains/51-574-ff.darulhijrah.in/public_html/system/Database/BaseConnection.php(607): CodeIgniter\Database\BaseConnection->simpleQuery()
#3 /home/u927597906/domains/51-574-ff.darulhijrah.in/public_html/system/Database/BaseBuilder.php(1615): CodeIgniter\Database\BaseConnection->query()
#4 /home/u927597906/domains/51-574-ff.darulhijrah.in/public_html/system/Model.php(237): CodeIgniter\Database\BaseBuilder->get()
#5 /home/u927597906/domains/51-574-ff.darulhijrah.in/public_html/system/BaseModel.php(624): CodeIgniter\Model->doFindAll()
#6 /home/u927597906/domains/51-574-ff.darulhijrah.in/public_html/app/Controllers/Page.php(516): CodeIgniter\BaseModel->findAll()
#7 /home/u927597906/domains/51-574-ff.darulhijrah.in/public_html/system/CodeIgniter.php(942): App\Controllers\Page->reminder()
#8 /home/u927597906/domains/51-574-ff.darulhijrah.in/public_html/system/CodeIgniter.php(502): CodeIgniter\CodeIgniter->runController()
#9 /home/u927597906/domains/51-574-ff.darulhijrah.in/public_html/system/CodeIgniter.php(361): CodeIgniter\CodeIgniter->handleRequest()
#10 /home/u927597906/domains/51-574-ff.darulhijrah.in/public_html/index.php(79): CodeIgniter\CodeIgniter->run()
#11 {main}
CRITICAL - 2025-09-09 11:21:05 --> Unknown column 'tdu' in 'WHERE'
in SYSTEMPATH/Database/BaseConnection.php on line 647.
 1 SYSTEMPATH/Database/BaseBuilder.php(1615): CodeIgniter\Database\BaseConnection->query()
 2 SYSTEMPATH/Model.php(237): CodeIgniter\Database\BaseBuilder->get()
 3 SYSTEMPATH/BaseModel.php(624): CodeIgniter\Model->doFindAll()
 4 APPPATH/Controllers/Page.php(516): CodeIgniter\BaseModel->findAll()
 5 SYSTEMPATH/CodeIgniter.php(942): App\Controllers\Page->reminder()
 6 SYSTEMPATH/CodeIgniter.php(502): CodeIgniter\CodeIgniter->runController()
 7 SYSTEMPATH/CodeIgniter.php(361): CodeIgniter\CodeIgniter->handleRequest()
 8 FCPATH/index.php(79): CodeIgniter\CodeIgniter->run()
ERROR - 2025-09-09 11:21:06 --> mysqli_sql_exception: Unknown column 'tdu' in 'WHERE' in /home/u927597906/domains/51-574-ff.darulhijrah.in/public_html/system/Database/MySQLi/Connection.php:306
Stack trace:
#0 /home/u927597906/domains/51-574-ff.darulhijrah.in/public_html/system/Database/MySQLi/Connection.php(306): mysqli->query()
#1 /home/u927597906/domains/51-574-ff.darulhijrah.in/public_html/system/Database/BaseConnection.php(693): CodeIgniter\Database\MySQLi\Connection->execute()
#2 /home/u927597906/domains/51-574-ff.darulhijrah.in/public_html/system/Database/BaseConnection.php(607): CodeIgniter\Database\BaseConnection->simpleQuery()
#3 /home/u927597906/domains/51-574-ff.darulhijrah.in/public_html/system/Database/BaseBuilder.php(1615): CodeIgniter\Database\BaseConnection->query()
#4 /home/u927597906/domains/51-574-ff.darulhijrah.in/public_html/system/Model.php(237): CodeIgniter\Database\BaseBuilder->get()
#5 /home/u927597906/domains/51-574-ff.darulhijrah.in/public_html/system/BaseModel.php(624): CodeIgniter\Model->doFindAll()
#6 /home/u927597906/domains/51-574-ff.darulhijrah.in/public_html/app/Controllers/Page.php(516): CodeIgniter\BaseModel->findAll()
#7 /home/u927597906/domains/51-574-ff.darulhijrah.in/public_html/system/CodeIgniter.php(942): App\Controllers\Page->reminder()
#8 /home/u927597906/domains/51-574-ff.darulhijrah.in/public_html/system/CodeIgniter.php(502): CodeIgniter\CodeIgniter->runController()
#9 /home/u927597906/domains/51-574-ff.darulhijrah.in/public_html/system/CodeIgniter.php(361): CodeIgniter\CodeIgniter->handleRequest()
#10 /home/u927597906/domains/51-574-ff.darulhijrah.in/public_html/index.php(79): CodeIgniter\CodeIgniter->run()
#11 {main}
CRITICAL - 2025-09-09 11:21:06 --> Unknown column 'tdu' in 'WHERE'
in SYSTEMPATH/Database/BaseConnection.php on line 647.
 1 SYSTEMPATH/Database/BaseBuilder.php(1615): CodeIgniter\Database\BaseConnection->query()
 2 SYSTEMPATH/Model.php(237): CodeIgniter\Database\BaseBuilder->get()
 3 SYSTEMPATH/BaseModel.php(624): CodeIgniter\Model->doFindAll()
 4 APPPATH/Controllers/Page.php(516): CodeIgniter\BaseModel->findAll()
 5 SYSTEMPATH/CodeIgniter.php(942): App\Controllers\Page->reminder()
 6 SYSTEMPATH/CodeIgniter.php(502): CodeIgniter\CodeIgniter->runController()
 7 SYSTEMPATH/CodeIgniter.php(361): CodeIgniter\CodeIgniter->handleRequest()
 8 FCPATH/index.php(79): CodeIgniter\CodeIgniter->run()
ERROR - 2025-09-09 11:21:11 --> mysqli_sql_exception: Unknown column 'tdu' in 'WHERE' in /home/u927597906/domains/51-574-ff.darulhijrah.in/public_html/system/Database/MySQLi/Connection.php:306
Stack trace:
#0 /home/u927597906/domains/51-574-ff.darulhijrah.in/public_html/system/Database/MySQLi/Connection.php(306): mysqli->query()
#1 /home/u927597906/domains/51-574-ff.darulhijrah.in/public_html/system/Database/BaseConnection.php(693): CodeIgniter\Database\MySQLi\Connection->execute()
#2 /home/u927597906/domains/51-574-ff.darulhijrah.in/public_html/system/Database/BaseConnection.php(607): CodeIgniter\Database\BaseConnection->simpleQuery()
#3 /home/u927597906/domains/51-574-ff.darulhijrah.in/public_html/system/Database/BaseBuilder.php(1615): CodeIgniter\Database\BaseConnection->query()
#4 /home/u927597906/domains/51-574-ff.darulhijrah.in/public_html/system/Model.php(237): CodeIgniter\Database\BaseBuilder->get()
#5 /home/u927597906/domains/51-574-ff.darulhijrah.in/public_html/system/BaseModel.php(624): CodeIgniter\Model->doFindAll()
#6 /home/u927597906/domains/51-574-ff.darulhijrah.in/public_html/app/Controllers/Page.php(516): CodeIgniter\BaseModel->findAll()
#7 /home/u927597906/domains/51-574-ff.darulhijrah.in/public_html/system/CodeIgniter.php(942): App\Controllers\Page->reminder()
#8 /home/u927597906/domains/51-574-ff.darulhijrah.in/public_html/system/CodeIgniter.php(502): CodeIgniter\CodeIgniter->runController()
#9 /home/u927597906/domains/51-574-ff.darulhijrah.in/public_html/system/CodeIgniter.php(361): CodeIgniter\CodeIgniter->handleRequest()
#10 /home/u927597906/domains/51-574-ff.darulhijrah.in/public_html/index.php(79): CodeIgniter\CodeIgniter->run()
#11 {main}
CRITICAL - 2025-09-09 11:21:11 --> Unknown column 'tdu' in 'WHERE'
in SYSTEMPATH/Database/BaseConnection.php on line 647.
 1 SYSTEMPATH/Database/BaseBuilder.php(1615): CodeIgniter\Database\BaseConnection->query()
 2 SYSTEMPATH/Model.php(237): CodeIgniter\Database\BaseBuilder->get()
 3 SYSTEMPATH/BaseModel.php(624): CodeIgniter\Model->doFindAll()
 4 APPPATH/Controllers/Page.php(516): CodeIgniter\BaseModel->findAll()
 5 SYSTEMPATH/CodeIgniter.php(942): App\Controllers\Page->reminder()
 6 SYSTEMPATH/CodeIgniter.php(502): CodeIgniter\CodeIgniter->runController()
 7 SYSTEMPATH/CodeIgniter.php(361): CodeIgniter\CodeIgniter->handleRequest()
 8 FCPATH/index.php(79): CodeIgniter\CodeIgniter->run()
ERROR - 2025-09-09 11:21:12 --> mysqli_sql_exception: Unknown column 'tdu' in 'WHERE' in /home/u927597906/domains/51-574-ff.darulhijrah.in/public_html/system/Database/MySQLi/Connection.php:306
Stack trace:
#0 /home/u927597906/domains/51-574-ff.darulhijrah.in/public_html/system/Database/MySQLi/Connection.php(306): mysqli->query()
#1 /home/u927597906/domains/51-574-ff.darulhijrah.in/public_html/system/Database/BaseConnection.php(693): CodeIgniter\Database\MySQLi\Connection->execute()
#2 /home/u927597906/domains/51-574-ff.darulhijrah.in/public_html/system/Database/BaseConnection.php(607): CodeIgniter\Database\BaseConnection->simpleQuery()
#3 /home/u927597906/domains/51-574-ff.darulhijrah.in/public_html/system/Database/BaseBuilder.php(1615): CodeIgniter\Database\BaseConnection->query()
#4 /home/u927597906/domains/51-574-ff.darulhijrah.in/public_html/system/Model.php(237): CodeIgniter\Database\BaseBuilder->get()
#5 /home/u927597906/domains/51-574-ff.darulhijrah.in/public_html/system/BaseModel.php(624): CodeIgniter\Model->doFindAll()
#6 /home/u927597906/domains/51-574-ff.darulhijrah.in/public_html/app/Controllers/Page.php(516): CodeIgniter\BaseModel->findAll()
#7 /home/u927597906/domains/51-574-ff.darulhijrah.in/public_html/system/CodeIgniter.php(942): App\Controllers\Page->reminder()
#8 /home/u927597906/domains/51-574-ff.darulhijrah.in/public_html/system/CodeIgniter.php(502): CodeIgniter\CodeIgniter->runController()
#9 /home/u927597906/domains/51-574-ff.darulhijrah.in/public_html/system/CodeIgniter.php(361): CodeIgniter\CodeIgniter->handleRequest()
#10 /home/u927597906/domains/51-574-ff.darulhijrah.in/public_html/index.php(79): CodeIgniter\CodeIgniter->run()
#11 {main}
CRITICAL - 2025-09-09 11:21:12 --> Unknown column 'tdu' in 'WHERE'
in SYSTEMPATH/Database/BaseConnection.php on line 647.
 1 SYSTEMPATH/Database/BaseBuilder.php(1615): CodeIgniter\Database\BaseConnection->query()
 2 SYSTEMPATH/Model.php(237): CodeIgniter\Database\BaseBuilder->get()
 3 SYSTEMPATH/BaseModel.php(624): CodeIgniter\Model->doFindAll()
 4 APPPATH/Controllers/Page.php(516): CodeIgniter\BaseModel->findAll()
 5 SYSTEMPATH/CodeIgniter.php(942): App\Controllers\Page->reminder()
 6 SYSTEMPATH/CodeIgniter.php(502): CodeIgniter\CodeIgniter->runController()
 7 SYSTEMPATH/CodeIgniter.php(361): CodeIgniter\CodeIgniter->handleRequest()
 8 FCPATH/index.php(79): CodeIgniter\CodeIgniter->run()
ERROR - 2025-09-09 11:21:15 --> mysqli_sql_exception: Unknown column 'tdu' in 'WHERE' in /home/u927597906/domains/51-574-ff.darulhijrah.in/public_html/system/Database/MySQLi/Connection.php:306
Stack trace:
#0 /home/u927597906/domains/51-574-ff.darulhijrah.in/public_html/system/Database/MySQLi/Connection.php(306): mysqli->query()
#1 /home/u927597906/domains/51-574-ff.darulhijrah.in/public_html/system/Database/BaseConnection.php(693): CodeIgniter\Database\MySQLi\Connection->execute()
#2 /home/u927597906/domains/51-574-ff.darulhijrah.in/public_html/system/Database/BaseConnection.php(607): CodeIgniter\Database\BaseConnection->simpleQuery()
#3 /home/u927597906/domains/51-574-ff.darulhijrah.in/public_html/system/Database/BaseBuilder.php(1615): CodeIgniter\Database\BaseConnection->query()
#4 /home/u927597906/domains/51-574-ff.darulhijrah.in/public_html/system/Model.php(237): CodeIgniter\Database\BaseBuilder->get()
#5 /home/u927597906/domains/51-574-ff.darulhijrah.in/public_html/system/BaseModel.php(624): CodeIgniter\Model->doFindAll()
#6 /home/u927597906/domains/51-574-ff.darulhijrah.in/public_html/app/Controllers/Page.php(516): CodeIgniter\BaseModel->findAll()
#7 /home/u927597906/domains/51-574-ff.darulhijrah.in/public_html/system/CodeIgniter.php(942): App\Controllers\Page->reminder()
#8 /home/u927597906/domains/51-574-ff.darulhijrah.in/public_html/system/CodeIgniter.php(502): CodeIgniter\CodeIgniter->runController()
#9 /home/u927597906/domains/51-574-ff.darulhijrah.in/public_html/system/CodeIgniter.php(361): CodeIgniter\CodeIgniter->handleRequest()
#10 /home/u927597906/domains/51-574-ff.darulhijrah.in/public_html/index.php(79): CodeIgniter\CodeIgniter->run()
#11 {main}
CRITICAL - 2025-09-09 11:21:15 --> Unknown column 'tdu' in 'WHERE'
in SYSTEMPATH/Database/BaseConnection.php on line 647.
 1 SYSTEMPATH/Database/BaseBuilder.php(1615): CodeIgniter\Database\BaseConnection->query()
 2 SYSTEMPATH/Model.php(237): CodeIgniter\Database\BaseBuilder->get()
 3 SYSTEMPATH/BaseModel.php(624): CodeIgniter\Model->doFindAll()
 4 APPPATH/Controllers/Page.php(516): CodeIgniter\BaseModel->findAll()
 5 SYSTEMPATH/CodeIgniter.php(942): App\Controllers\Page->reminder()
 6 SYSTEMPATH/CodeIgniter.php(502): CodeIgniter\CodeIgniter->runController()
 7 SYSTEMPATH/CodeIgniter.php(361): CodeIgniter\CodeIgniter->handleRequest()
 8 FCPATH/index.php(79): CodeIgniter\CodeIgniter->run()
ERROR - 2025-09-09 11:23:52 --> mysqli_sql_exception: Unknown column 'tdu' in 'WHERE' in /home/u927597906/domains/51-574-ff.darulhijrah.in/public_html/system/Database/MySQLi/Connection.php:306
Stack trace:
#0 /home/u927597906/domains/51-574-ff.darulhijrah.in/public_html/system/Database/MySQLi/Connection.php(306): mysqli->query()
#1 /home/u927597906/domains/51-574-ff.darulhijrah.in/public_html/system/Database/BaseConnection.php(693): CodeIgniter\Database\MySQLi\Connection->execute()
#2 /home/u927597906/domains/51-574-ff.darulhijrah.in/public_html/system/Database/BaseConnection.php(607): CodeIgniter\Database\BaseConnection->simpleQuery()
#3 /home/u927597906/domains/51-574-ff.darulhijrah.in/public_html/system/Database/BaseBuilder.php(1615): CodeIgniter\Database\BaseConnection->query()
#4 /home/u927597906/domains/51-574-ff.darulhijrah.in/public_html/system/Model.php(237): CodeIgniter\Database\BaseBuilder->get()
#5 /home/u927597906/domains/51-574-ff.darulhijrah.in/public_html/system/BaseModel.php(624): CodeIgniter\Model->doFindAll()
#6 /home/u927597906/domains/51-574-ff.darulhijrah.in/public_html/app/Controllers/Page.php(516): CodeIgniter\BaseModel->findAll()
#7 /home/u927597906/domains/51-574-ff.darulhijrah.in/public_html/system/CodeIgniter.php(942): App\Controllers\Page->reminder()
#8 /home/u927597906/domains/51-574-ff.darulhijrah.in/public_html/system/CodeIgniter.php(502): CodeIgniter\CodeIgniter->runController()
#9 /home/u927597906/domains/51-574-ff.darulhijrah.in/public_html/system/CodeIgniter.php(361): CodeIgniter\CodeIgniter->handleRequest()
#10 /home/u927597906/domains/51-574-ff.darulhijrah.in/public_html/index.php(79): CodeIgniter\CodeIgniter->run()
#11 {main}
CRITICAL - 2025-09-09 11:23:52 --> Unknown column 'tdu' in 'WHERE'
in SYSTEMPATH/Database/BaseConnection.php on line 647.
 1 SYSTEMPATH/Database/BaseBuilder.php(1615): CodeIgniter\Database\BaseConnection->query()
 2 SYSTEMPATH/Model.php(237): CodeIgniter\Database\BaseBuilder->get()
 3 SYSTEMPATH/BaseModel.php(624): CodeIgniter\Model->doFindAll()
 4 APPPATH/Controllers/Page.php(516): CodeIgniter\BaseModel->findAll()
 5 SYSTEMPATH/CodeIgniter.php(942): App\Controllers\Page->reminder()
 6 SYSTEMPATH/CodeIgniter.php(502): CodeIgniter\CodeIgniter->runController()
 7 SYSTEMPATH/CodeIgniter.php(361): CodeIgniter\CodeIgniter->handleRequest()
 8 FCPATH/index.php(79): CodeIgniter\CodeIgniter->run()
ERROR - 2025-09-09 11:23:52 --> mysqli_sql_exception: Unknown column 'tdu' in 'WHERE' in /home/u927597906/domains/51-574-ff.darulhijrah.in/public_html/system/Database/MySQLi/Connection.php:306
Stack trace:
#0 /home/u927597906/domains/51-574-ff.darulhijrah.in/public_html/system/Database/MySQLi/Connection.php(306): mysqli->query()
#1 /home/u927597906/domains/51-574-ff.darulhijrah.in/public_html/system/Database/BaseConnection.php(693): CodeIgniter\Database\MySQLi\Connection->execute()
#2 /home/u927597906/domains/51-574-ff.darulhijrah.in/public_html/system/Database/BaseConnection.php(607): CodeIgniter\Database\BaseConnection->simpleQuery()
#3 /home/u927597906/domains/51-574-ff.darulhijrah.in/public_html/system/Database/BaseBuilder.php(1615): CodeIgniter\Database\BaseConnection->query()
#4 /home/u927597906/domains/51-574-ff.darulhijrah.in/public_html/system/Model.php(237): CodeIgniter\Database\BaseBuilder->get()
#5 /home/u927597906/domains/51-574-ff.darulhijrah.in/public_html/system/BaseModel.php(624): CodeIgniter\Model->doFindAll()
#6 /home/u927597906/domains/51-574-ff.darulhijrah.in/public_html/app/Controllers/Page.php(516): CodeIgniter\BaseModel->findAll()
#7 /home/u927597906/domains/51-574-ff.darulhijrah.in/public_html/system/CodeIgniter.php(942): App\Controllers\Page->reminder()
#8 /home/u927597906/domains/51-574-ff.darulhijrah.in/public_html/system/CodeIgniter.php(502): CodeIgniter\CodeIgniter->runController()
#9 /home/u927597906/domains/51-574-ff.darulhijrah.in/public_html/system/CodeIgniter.php(361): CodeIgniter\CodeIgniter->handleRequest()
#10 /home/u927597906/domains/51-574-ff.darulhijrah.in/public_html/index.php(79): CodeIgniter\CodeIgniter->run()
#11 {main}
CRITICAL - 2025-09-09 11:23:52 --> Unknown column 'tdu' in 'WHERE'
in SYSTEMPATH/Database/BaseConnection.php on line 647.
 1 SYSTEMPATH/Database/BaseBuilder.php(1615): CodeIgniter\Database\BaseConnection->query()
 2 SYSTEMPATH/Model.php(237): CodeIgniter\Database\BaseBuilder->get()
 3 SYSTEMPATH/BaseModel.php(624): CodeIgniter\Model->doFindAll()
 4 APPPATH/Controllers/Page.php(516): CodeIgniter\BaseModel->findAll()
 5 SYSTEMPATH/CodeIgniter.php(942): App\Controllers\Page->reminder()
 6 SYSTEMPATH/CodeIgniter.php(502): CodeIgniter\CodeIgniter->runController()
 7 SYSTEMPATH/CodeIgniter.php(361): CodeIgniter\CodeIgniter->handleRequest()
 8 FCPATH/index.php(79): CodeIgniter\CodeIgniter->run()
ERROR - 2025-09-09 11:23:54 --> mysqli_sql_exception: Unknown column 'tdu' in 'WHERE' in /home/u927597906/domains/51-574-ff.darulhijrah.in/public_html/system/Database/MySQLi/Connection.php:306
Stack trace:
#0 /home/u927597906/domains/51-574-ff.darulhijrah.in/public_html/system/Database/MySQLi/Connection.php(306): mysqli->query()
#1 /home/u927597906/domains/51-574-ff.darulhijrah.in/public_html/system/Database/BaseConnection.php(693): CodeIgniter\Database\MySQLi\Connection->execute()
#2 /home/u927597906/domains/51-574-ff.darulhijrah.in/public_html/system/Database/BaseConnection.php(607): CodeIgniter\Database\BaseConnection->simpleQuery()
#3 /home/u927597906/domains/51-574-ff.darulhijrah.in/public_html/system/Database/BaseBuilder.php(1615): CodeIgniter\Database\BaseConnection->query()
#4 /home/u927597906/domains/51-574-ff.darulhijrah.in/public_html/system/Model.php(237): CodeIgniter\Database\BaseBuilder->get()
#5 /home/u927597906/domains/51-574-ff.darulhijrah.in/public_html/system/BaseModel.php(624): CodeIgniter\Model->doFindAll()
#6 /home/u927597906/domains/51-574-ff.darulhijrah.in/public_html/app/Controllers/Page.php(516): CodeIgniter\BaseModel->findAll()
#7 /home/u927597906/domains/51-574-ff.darulhijrah.in/public_html/system/CodeIgniter.php(942): App\Controllers\Page->reminder()
#8 /home/u927597906/domains/51-574-ff.darulhijrah.in/public_html/system/CodeIgniter.php(502): CodeIgniter\CodeIgniter->runController()
#9 /home/u927597906/domains/51-574-ff.darulhijrah.in/public_html/system/CodeIgniter.php(361): CodeIgniter\CodeIgniter->handleRequest()
#10 /home/u927597906/domains/51-574-ff.darulhijrah.in/public_html/index.php(79): CodeIgniter\CodeIgniter->run()
#11 {main}
CRITICAL - 2025-09-09 11:23:54 --> Unknown column 'tdu' in 'WHERE'
in SYSTEMPATH/Database/BaseConnection.php on line 647.
 1 SYSTEMPATH/Database/BaseBuilder.php(1615): CodeIgniter\Database\BaseConnection->query()
 2 SYSTEMPATH/Model.php(237): CodeIgniter\Database\BaseBuilder->get()
 3 SYSTEMPATH/BaseModel.php(624): CodeIgniter\Model->doFindAll()
 4 APPPATH/Controllers/Page.php(516): CodeIgniter\BaseModel->findAll()
 5 SYSTEMPATH/CodeIgniter.php(942): App\Controllers\Page->reminder()
 6 SYSTEMPATH/CodeIgniter.php(502): CodeIgniter\CodeIgniter->runController()
 7 SYSTEMPATH/CodeIgniter.php(361): CodeIgniter\CodeIgniter->handleRequest()
 8 FCPATH/index.php(79): CodeIgniter\CodeIgniter->run()
ERROR - 2025-09-09 11:23:55 --> mysqli_sql_exception: Unknown column 'tdu' in 'WHERE' in /home/u927597906/domains/51-574-ff.darulhijrah.in/public_html/system/Database/MySQLi/Connection.php:306
Stack trace:
#0 /home/u927597906/domains/51-574-ff.darulhijrah.in/public_html/system/Database/MySQLi/Connection.php(306): mysqli->query()
#1 /home/u927597906/domains/51-574-ff.darulhijrah.in/public_html/system/Database/BaseConnection.php(693): CodeIgniter\Database\MySQLi\Connection->execute()
#2 /home/u927597906/domains/51-574-ff.darulhijrah.in/public_html/system/Database/BaseConnection.php(607): CodeIgniter\Database\BaseConnection->simpleQuery()
#3 /home/u927597906/domains/51-574-ff.darulhijrah.in/public_html/system/Database/BaseBuilder.php(1615): CodeIgniter\Database\BaseConnection->query()
#4 /home/u927597906/domains/51-574-ff.darulhijrah.in/public_html/system/Model.php(237): CodeIgniter\Database\BaseBuilder->get()
#5 /home/u927597906/domains/51-574-ff.darulhijrah.in/public_html/system/BaseModel.php(624): CodeIgniter\Model->doFindAll()
#6 /home/u927597906/domains/51-574-ff.darulhijrah.in/public_html/app/Controllers/Page.php(516): CodeIgniter\BaseModel->findAll()
#7 /home/u927597906/domains/51-574-ff.darulhijrah.in/public_html/system/CodeIgniter.php(942): App\Controllers\Page->reminder()
#8 /home/u927597906/domains/51-574-ff.darulhijrah.in/public_html/system/CodeIgniter.php(502): CodeIgniter\CodeIgniter->runController()
#9 /home/u927597906/domains/51-574-ff.darulhijrah.in/public_html/system/CodeIgniter.php(361): CodeIgniter\CodeIgniter->handleRequest()
#10 /home/u927597906/domains/51-574-ff.darulhijrah.in/public_html/index.php(79): CodeIgniter\CodeIgniter->run()
#11 {main}
CRITICAL - 2025-09-09 11:23:55 --> Unknown column 'tdu' in 'WHERE'
in SYSTEMPATH/Database/BaseConnection.php on line 647.
 1 SYSTEMPATH/Database/BaseBuilder.php(1615): CodeIgniter\Database\BaseConnection->query()
 2 SYSTEMPATH/Model.php(237): CodeIgniter\Database\BaseBuilder->get()
 3 SYSTEMPATH/BaseModel.php(624): CodeIgniter\Model->doFindAll()
 4 APPPATH/Controllers/Page.php(516): CodeIgniter\BaseModel->findAll()
 5 SYSTEMPATH/CodeIgniter.php(942): App\Controllers\Page->reminder()
 6 SYSTEMPATH/CodeIgniter.php(502): CodeIgniter\CodeIgniter->runController()
 7 SYSTEMPATH/CodeIgniter.php(361): CodeIgniter\CodeIgniter->handleRequest()
 8 FCPATH/index.php(79): CodeIgniter\CodeIgniter->run()
ERROR - 2025-09-09 11:23:55 --> mysqli_sql_exception: Unknown column 'tdu' in 'WHERE' in /home/u927597906/domains/51-574-ff.darulhijrah.in/public_html/system/Database/MySQLi/Connection.php:306
Stack trace:
#0 /home/u927597906/domains/51-574-ff.darulhijrah.in/public_html/system/Database/MySQLi/Connection.php(306): mysqli->query()
#1 /home/u927597906/domains/51-574-ff.darulhijrah.in/public_html/system/Database/BaseConnection.php(693): CodeIgniter\Database\MySQLi\Connection->execute()
#2 /home/u927597906/domains/51-574-ff.darulhijrah.in/public_html/system/Database/BaseConnection.php(607): CodeIgniter\Database\BaseConnection->simpleQuery()
#3 /home/u927597906/domains/51-574-ff.darulhijrah.in/public_html/system/Database/BaseBuilder.php(1615): CodeIgniter\Database\BaseConnection->query()
#4 /home/u927597906/domains/51-574-ff.darulhijrah.in/public_html/system/Model.php(237): CodeIgniter\Database\BaseBuilder->get()
#5 /home/u927597906/domains/51-574-ff.darulhijrah.in/public_html/system/BaseModel.php(624): CodeIgniter\Model->doFindAll()
#6 /home/u927597906/domains/51-574-ff.darulhijrah.in/public_html/app/Controllers/Page.php(516): CodeIgniter\BaseModel->findAll()
#7 /home/u927597906/domains/51-574-ff.darulhijrah.in/public_html/system/CodeIgniter.php(942): App\Controllers\Page->reminder()
#8 /home/u927597906/domains/51-574-ff.darulhijrah.in/public_html/system/CodeIgniter.php(502): CodeIgniter\CodeIgniter->runController()
#9 /home/u927597906/domains/51-574-ff.darulhijrah.in/public_html/system/CodeIgniter.php(361): CodeIgniter\CodeIgniter->handleRequest()
#10 /home/u927597906/domains/51-574-ff.darulhijrah.in/public_html/index.php(79): CodeIgniter\CodeIgniter->run()
#11 {main}
CRITICAL - 2025-09-09 11:23:55 --> Unknown column 'tdu' in 'WHERE'
in SYSTEMPATH/Database/BaseConnection.php on line 647.
 1 SYSTEMPATH/Database/BaseBuilder.php(1615): CodeIgniter\Database\BaseConnection->query()
 2 SYSTEMPATH/Model.php(237): CodeIgniter\Database\BaseBuilder->get()
 3 SYSTEMPATH/BaseModel.php(624): CodeIgniter\Model->doFindAll()
 4 APPPATH/Controllers/Page.php(516): CodeIgniter\BaseModel->findAll()
 5 SYSTEMPATH/CodeIgniter.php(942): App\Controllers\Page->reminder()
 6 SYSTEMPATH/CodeIgniter.php(502): CodeIgniter\CodeIgniter->runController()
 7 SYSTEMPATH/CodeIgniter.php(361): CodeIgniter\CodeIgniter->handleRequest()
 8 FCPATH/index.php(79): CodeIgniter\CodeIgniter->run()
ERROR - 2025-09-09 11:29:58 --> mysqli_sql_exception: Unknown column 'tdu' in 'WHERE' in /home/u927597906/domains/51-574-ff.darulhijrah.in/public_html/system/Database/MySQLi/Connection.php:306
Stack trace:
#0 /home/u927597906/domains/51-574-ff.darulhijrah.in/public_html/system/Database/MySQLi/Connection.php(306): mysqli->query()
#1 /home/u927597906/domains/51-574-ff.darulhijrah.in/public_html/system/Database/BaseConnection.php(693): CodeIgniter\Database\MySQLi\Connection->execute()
#2 /home/u927597906/domains/51-574-ff.darulhijrah.in/public_html/system/Database/BaseConnection.php(607): CodeIgniter\Database\BaseConnection->simpleQuery()
#3 /home/u927597906/domains/51-574-ff.darulhijrah.in/public_html/system/Database/BaseBuilder.php(1615): CodeIgniter\Database\BaseConnection->query()
#4 /home/u927597906/domains/51-574-ff.darulhijrah.in/public_html/system/Model.php(237): CodeIgniter\Database\BaseBuilder->get()
#5 /home/u927597906/domains/51-574-ff.darulhijrah.in/public_html/system/BaseModel.php(624): CodeIgniter\Model->doFindAll()
#6 /home/u927597906/domains/51-574-ff.darulhijrah.in/public_html/app/Controllers/Page.php(516): CodeIgniter\BaseModel->findAll()
#7 /home/u927597906/domains/51-574-ff.darulhijrah.in/public_html/system/CodeIgniter.php(942): App\Controllers\Page->reminder()
#8 /home/u927597906/domains/51-574-ff.darulhijrah.in/public_html/system/CodeIgniter.php(502): CodeIgniter\CodeIgniter->runController()
#9 /home/u927597906/domains/51-574-ff.darulhijrah.in/public_html/system/CodeIgniter.php(361): CodeIgniter\CodeIgniter->handleRequest()
#10 /home/u927597906/domains/51-574-ff.darulhijrah.in/public_html/index.php(79): CodeIgniter\CodeIgniter->run()
#11 {main}
CRITICAL - 2025-09-09 11:29:58 --> Unknown column 'tdu' in 'WHERE'
in SYSTEMPATH/Database/BaseConnection.php on line 647.
 1 SYSTEMPATH/Database/BaseBuilder.php(1615): CodeIgniter\Database\BaseConnection->query()
 2 SYSTEMPATH/Model.php(237): CodeIgniter\Database\BaseBuilder->get()
 3 SYSTEMPATH/BaseModel.php(624): CodeIgniter\Model->doFindAll()
 4 APPPATH/Controllers/Page.php(516): CodeIgniter\BaseModel->findAll()
 5 SYSTEMPATH/CodeIgniter.php(942): App\Controllers\Page->reminder()
 6 SYSTEMPATH/CodeIgniter.php(502): CodeIgniter\CodeIgniter->runController()
 7 SYSTEMPATH/CodeIgniter.php(361): CodeIgniter\CodeIgniter->handleRequest()
 8 FCPATH/index.php(79): CodeIgniter\CodeIgniter->run()
ERROR - 2025-09-09 11:30:19 --> mysqli_sql_exception: Unknown column 'tdu' in 'WHERE' in /home/u927597906/domains/51-574-ff.darulhijrah.in/public_html/system/Database/MySQLi/Connection.php:306
Stack trace:
#0 /home/u927597906/domains/51-574-ff.darulhijrah.in/public_html/system/Database/MySQLi/Connection.php(306): mysqli->query()
#1 /home/u927597906/domains/51-574-ff.darulhijrah.in/public_html/system/Database/BaseConnection.php(693): CodeIgniter\Database\MySQLi\Connection->execute()
#2 /home/u927597906/domains/51-574-ff.darulhijrah.in/public_html/system/Database/BaseConnection.php(607): CodeIgniter\Database\BaseConnection->simpleQuery()
#3 /home/u927597906/domains/51-574-ff.darulhijrah.in/public_html/system/Database/BaseBuilder.php(1615): CodeIgniter\Database\BaseConnection->query()
#4 /home/u927597906/domains/51-574-ff.darulhijrah.in/public_html/system/Model.php(237): CodeIgniter\Database\BaseBuilder->get()
#5 /home/u927597906/domains/51-574-ff.darulhijrah.in/public_html/system/BaseModel.php(624): CodeIgniter\Model->doFindAll()
#6 /home/u927597906/domains/51-574-ff.darulhijrah.in/public_html/app/Controllers/Page.php(516): CodeIgniter\BaseModel->findAll()
#7 /home/u927597906/domains/51-574-ff.darulhijrah.in/public_html/system/CodeIgniter.php(942): App\Controllers\Page->reminder()
#8 /home/u927597906/domains/51-574-ff.darulhijrah.in/public_html/system/CodeIgniter.php(502): CodeIgniter\CodeIgniter->runController()
#9 /home/u927597906/domains/51-574-ff.darulhijrah.in/public_html/system/CodeIgniter.php(361): CodeIgniter\CodeIgniter->handleRequest()
#10 /home/u927597906/domains/51-574-ff.darulhijrah.in/public_html/index.php(79): CodeIgniter\CodeIgniter->run()
#11 {main}
CRITICAL - 2025-09-09 11:30:19 --> Unknown column 'tdu' in 'WHERE'
in SYSTEMPATH/Database/BaseConnection.php on line 647.
 1 SYSTEMPATH/Database/BaseBuilder.php(1615): CodeIgniter\Database\BaseConnection->query()
 2 SYSTEMPATH/Model.php(237): CodeIgniter\Database\BaseBuilder->get()
 3 SYSTEMPATH/BaseModel.php(624): CodeIgniter\Model->doFindAll()
 4 APPPATH/Controllers/Page.php(516): CodeIgniter\BaseModel->findAll()
 5 SYSTEMPATH/CodeIgniter.php(942): App\Controllers\Page->reminder()
 6 SYSTEMPATH/CodeIgniter.php(502): CodeIgniter\CodeIgniter->runController()
 7 SYSTEMPATH/CodeIgniter.php(361): CodeIgniter\CodeIgniter->handleRequest()
 8 FCPATH/index.php(79): CodeIgniter\CodeIgniter->run()
ERROR - 2025-09-09 11:30:21 --> mysqli_sql_exception: Unknown column 'tdu' in 'WHERE' in /home/u927597906/domains/51-574-ff.darulhijrah.in/public_html/system/Database/MySQLi/Connection.php:306
Stack trace:
#0 /home/u927597906/domains/51-574-ff.darulhijrah.in/public_html/system/Database/MySQLi/Connection.php(306): mysqli->query()
#1 /home/u927597906/domains/51-574-ff.darulhijrah.in/public_html/system/Database/BaseConnection.php(693): CodeIgniter\Database\MySQLi\Connection->execute()
#2 /home/u927597906/domains/51-574-ff.darulhijrah.in/public_html/system/Database/BaseConnection.php(607): CodeIgniter\Database\BaseConnection->simpleQuery()
#3 /home/u927597906/domains/51-574-ff.darulhijrah.in/public_html/system/Database/BaseBuilder.php(1615): CodeIgniter\Database\BaseConnection->query()
#4 /home/u927597906/domains/51-574-ff.darulhijrah.in/public_html/system/Model.php(237): CodeIgniter\Database\BaseBuilder->get()
#5 /home/u927597906/domains/51-574-ff.darulhijrah.in/public_html/system/BaseModel.php(624): CodeIgniter\Model->doFindAll()
#6 /home/u927597906/domains/51-574-ff.darulhijrah.in/public_html/app/Controllers/Page.php(516): CodeIgniter\BaseModel->findAll()
#7 /home/u927597906/domains/51-574-ff.darulhijrah.in/public_html/system/CodeIgniter.php(942): App\Controllers\Page->reminder()
#8 /home/u927597906/domains/51-574-ff.darulhijrah.in/public_html/system/CodeIgniter.php(502): CodeIgniter\CodeIgniter->runController()
#9 /home/u927597906/domains/51-574-ff.darulhijrah.in/public_html/system/CodeIgniter.php(361): CodeIgniter\CodeIgniter->handleRequest()
#10 /home/u927597906/domains/51-574-ff.darulhijrah.in/public_html/index.php(79): CodeIgniter\CodeIgniter->run()
#11 {main}
CRITICAL - 2025-09-09 11:30:21 --> Unknown column 'tdu' in 'WHERE'
in SYSTEMPATH/Database/BaseConnection.php on line 647.
 1 SYSTEMPATH/Database/BaseBuilder.php(1615): CodeIgniter\Database\BaseConnection->query()
 2 SYSTEMPATH/Model.php(237): CodeIgniter\Database\BaseBuilder->get()
 3 SYSTEMPATH/BaseModel.php(624): CodeIgniter\Model->doFindAll()
 4 APPPATH/Controllers/Page.php(516): CodeIgniter\BaseModel->findAll()
 5 SYSTEMPATH/CodeIgniter.php(942): App\Controllers\Page->reminder()
 6 SYSTEMPATH/CodeIgniter.php(502): CodeIgniter\CodeIgniter->runController()
 7 SYSTEMPATH/CodeIgniter.php(361): CodeIgniter\CodeIgniter->handleRequest()
 8 FCPATH/index.php(79): CodeIgniter\CodeIgniter->run()
ERROR - 2025-09-09 11:30:24 --> mysqli_sql_exception: Unknown column 'tdu' in 'WHERE' in /home/u927597906/domains/51-574-ff.darulhijrah.in/public_html/system/Database/MySQLi/Connection.php:306
Stack trace:
#0 /home/u927597906/domains/51-574-ff.darulhijrah.in/public_html/system/Database/MySQLi/Connection.php(306): mysqli->query()
#1 /home/u927597906/domains/51-574-ff.darulhijrah.in/public_html/system/Database/BaseConnection.php(693): CodeIgniter\Database\MySQLi\Connection->execute()
#2 /home/u927597906/domains/51-574-ff.darulhijrah.in/public_html/system/Database/BaseConnection.php(607): CodeIgniter\Database\BaseConnection->simpleQuery()
#3 /home/u927597906/domains/51-574-ff.darulhijrah.in/public_html/system/Database/BaseBuilder.php(1615): CodeIgniter\Database\BaseConnection->query()
#4 /home/u927597906/domains/51-574-ff.darulhijrah.in/public_html/system/Model.php(237): CodeIgniter\Database\BaseBuilder->get()
#5 /home/u927597906/domains/51-574-ff.darulhijrah.in/public_html/system/BaseModel.php(624): CodeIgniter\Model->doFindAll()
#6 /home/u927597906/domains/51-574-ff.darulhijrah.in/public_html/app/Controllers/Page.php(516): CodeIgniter\BaseModel->findAll()
#7 /home/u927597906/domains/51-574-ff.darulhijrah.in/public_html/system/CodeIgniter.php(942): App\Controllers\Page->reminder()
#8 /home/u927597906/domains/51-574-ff.darulhijrah.in/public_html/system/CodeIgniter.php(502): CodeIgniter\CodeIgniter->runController()
#9 /home/u927597906/domains/51-574-ff.darulhijrah.in/public_html/system/CodeIgniter.php(361): CodeIgniter\CodeIgniter->handleRequest()
#10 /home/u927597906/domains/51-574-ff.darulhijrah.in/public_html/index.php(79): CodeIgniter\CodeIgniter->run()
#11 {main}
CRITICAL - 2025-09-09 11:30:24 --> Unknown column 'tdu' in 'WHERE'
in SYSTEMPATH/Database/BaseConnection.php on line 647.
 1 SYSTEMPATH/Database/BaseBuilder.php(1615): CodeIgniter\Database\BaseConnection->query()
 2 SYSTEMPATH/Model.php(237): CodeIgniter\Database\BaseBuilder->get()
 3 SYSTEMPATH/BaseModel.php(624): CodeIgniter\Model->doFindAll()
 4 APPPATH/Controllers/Page.php(516): CodeIgniter\BaseModel->findAll()
 5 SYSTEMPATH/CodeIgniter.php(942): App\Controllers\Page->reminder()
 6 SYSTEMPATH/CodeIgniter.php(502): CodeIgniter\CodeIgniter->runController()
 7 SYSTEMPATH/CodeIgniter.php(361): CodeIgniter\CodeIgniter->handleRequest()
 8 FCPATH/index.php(79): CodeIgniter\CodeIgniter->run()
ERROR - 2025-09-09 11:30:25 --> mysqli_sql_exception: Unknown column 'tdu' in 'WHERE' in /home/u927597906/domains/51-574-ff.darulhijrah.in/public_html/system/Database/MySQLi/Connection.php:306
Stack trace:
#0 /home/u927597906/domains/51-574-ff.darulhijrah.in/public_html/system/Database/MySQLi/Connection.php(306): mysqli->query()
#1 /home/u927597906/domains/51-574-ff.darulhijrah.in/public_html/system/Database/BaseConnection.php(693): CodeIgniter\Database\MySQLi\Connection->execute()
#2 /home/u927597906/domains/51-574-ff.darulhijrah.in/public_html/system/Database/BaseConnection.php(607): CodeIgniter\Database\BaseConnection->simpleQuery()
#3 /home/u927597906/domains/51-574-ff.darulhijrah.in/public_html/system/Database/BaseBuilder.php(1615): CodeIgniter\Database\BaseConnection->query()
#4 /home/u927597906/domains/51-574-ff.darulhijrah.in/public_html/system/Model.php(237): CodeIgniter\Database\BaseBuilder->get()
#5 /home/u927597906/domains/51-574-ff.darulhijrah.in/public_html/system/BaseModel.php(624): CodeIgniter\Model->doFindAll()
#6 /home/u927597906/domains/51-574-ff.darulhijrah.in/public_html/app/Controllers/Page.php(516): CodeIgniter\BaseModel->findAll()
#7 /home/u927597906/domains/51-574-ff.darulhijrah.in/public_html/system/CodeIgniter.php(942): App\Controllers\Page->reminder()
#8 /home/u927597906/domains/51-574-ff.darulhijrah.in/public_html/system/CodeIgniter.php(502): CodeIgniter\CodeIgniter->runController()
#9 /home/u927597906/domains/51-574-ff.darulhijrah.in/public_html/system/CodeIgniter.php(361): CodeIgniter\CodeIgniter->handleRequest()
#10 /home/u927597906/domains/51-574-ff.darulhijrah.in/public_html/index.php(79): CodeIgniter\CodeIgniter->run()
#11 {main}
CRITICAL - 2025-09-09 11:30:25 --> Unknown column 'tdu' in 'WHERE'
in SYSTEMPATH/Database/BaseConnection.php on line 647.
 1 SYSTEMPATH/Database/BaseBuilder.php(1615): CodeIgniter\Database\BaseConnection->query()
 2 SYSTEMPATH/Model.php(237): CodeIgniter\Database\BaseBuilder->get()
 3 SYSTEMPATH/BaseModel.php(624): CodeIgniter\Model->doFindAll()
 4 APPPATH/Controllers/Page.php(516): CodeIgniter\BaseModel->findAll()
 5 SYSTEMPATH/CodeIgniter.php(942): App\Controllers\Page->reminder()
 6 SYSTEMPATH/CodeIgniter.php(502): CodeIgniter\CodeIgniter->runController()
 7 SYSTEMPATH/CodeIgniter.php(361): CodeIgniter\CodeIgniter->handleRequest()
 8 FCPATH/index.php(79): CodeIgniter\CodeIgniter->run()
ERROR - 2025-09-09 11:30:26 --> mysqli_sql_exception: Unknown column 'tdu' in 'WHERE' in /home/u927597906/domains/51-574-ff.darulhijrah.in/public_html/system/Database/MySQLi/Connection.php:306
Stack trace:
#0 /home/u927597906/domains/51-574-ff.darulhijrah.in/public_html/system/Database/MySQLi/Connection.php(306): mysqli->query()
#1 /home/u927597906/domains/51-574-ff.darulhijrah.in/public_html/system/Database/BaseConnection.php(693): CodeIgniter\Database\MySQLi\Connection->execute()
#2 /home/u927597906/domains/51-574-ff.darulhijrah.in/public_html/system/Database/BaseConnection.php(607): CodeIgniter\Database\BaseConnection->simpleQuery()
#3 /home/u927597906/domains/51-574-ff.darulhijrah.in/public_html/system/Database/BaseBuilder.php(1615): CodeIgniter\Database\BaseConnection->query()
#4 /home/u927597906/domains/51-574-ff.darulhijrah.in/public_html/system/Model.php(237): CodeIgniter\Database\BaseBuilder->get()
#5 /home/u927597906/domains/51-574-ff.darulhijrah.in/public_html/system/BaseModel.php(624): CodeIgniter\Model->doFindAll()
#6 /home/u927597906/domains/51-574-ff.darulhijrah.in/public_html/app/Controllers/Page.php(516): CodeIgniter\BaseModel->findAll()
#7 /home/u927597906/domains/51-574-ff.darulhijrah.in/public_html/system/CodeIgniter.php(942): App\Controllers\Page->reminder()
#8 /home/u927597906/domains/51-574-ff.darulhijrah.in/public_html/system/CodeIgniter.php(502): CodeIgniter\CodeIgniter->runController()
#9 /home/u927597906/domains/51-574-ff.darulhijrah.in/public_html/system/CodeIgniter.php(361): CodeIgniter\CodeIgniter->handleRequest()
#10 /home/u927597906/domains/51-574-ff.darulhijrah.in/public_html/index.php(79): CodeIgniter\CodeIgniter->run()
#11 {main}
CRITICAL - 2025-09-09 11:30:26 --> Unknown column 'tdu' in 'WHERE'
in SYSTEMPATH/Database/BaseConnection.php on line 647.
 1 SYSTEMPATH/Database/BaseBuilder.php(1615): CodeIgniter\Database\BaseConnection->query()
 2 SYSTEMPATH/Model.php(237): CodeIgniter\Database\BaseBuilder->get()
 3 SYSTEMPATH/BaseModel.php(624): CodeIgniter\Model->doFindAll()
 4 APPPATH/Controllers/Page.php(516): CodeIgniter\BaseModel->findAll()
 5 SYSTEMPATH/CodeIgniter.php(942): App\Controllers\Page->reminder()
 6 SYSTEMPATH/CodeIgniter.php(502): CodeIgniter\CodeIgniter->runController()
 7 SYSTEMPATH/CodeIgniter.php(361): CodeIgniter\CodeIgniter->handleRequest()
 8 FCPATH/index.php(79): CodeIgniter\CodeIgniter->run()
ERROR - 2025-09-09 11:31:30 --> mysqli_sql_exception: Unknown column 'tdu' in 'WHERE' in /home/u927597906/domains/51-574-ff.darulhijrah.in/public_html/system/Database/MySQLi/Connection.php:306
Stack trace:
#0 /home/u927597906/domains/51-574-ff.darulhijrah.in/public_html/system/Database/MySQLi/Connection.php(306): mysqli->query()
#1 /home/u927597906/domains/51-574-ff.darulhijrah.in/public_html/system/Database/BaseConnection.php(693): CodeIgniter\Database\MySQLi\Connection->execute()
#2 /home/u927597906/domains/51-574-ff.darulhijrah.in/public_html/system/Database/BaseConnection.php(607): CodeIgniter\Database\BaseConnection->simpleQuery()
#3 /home/u927597906/domains/51-574-ff.darulhijrah.in/public_html/system/Database/BaseBuilder.php(1615): CodeIgniter\Database\BaseConnection->query()
#4 /home/u927597906/domains/51-574-ff.darulhijrah.in/public_html/system/Model.php(237): CodeIgniter\Database\BaseBuilder->get()
#5 /home/u927597906/domains/51-574-ff.darulhijrah.in/public_html/system/BaseModel.php(624): CodeIgniter\Model->doFindAll()
#6 /home/u927597906/domains/51-574-ff.darulhijrah.in/public_html/app/Controllers/Page.php(516): CodeIgniter\BaseModel->findAll()
#7 /home/u927597906/domains/51-574-ff.darulhijrah.in/public_html/system/CodeIgniter.php(942): App\Controllers\Page->reminder()
#8 /home/u927597906/domains/51-574-ff.darulhijrah.in/public_html/system/CodeIgniter.php(502): CodeIgniter\CodeIgniter->runController()
#9 /home/u927597906/domains/51-574-ff.darulhijrah.in/public_html/system/CodeIgniter.php(361): CodeIgniter\CodeIgniter->handleRequest()
#10 /home/u927597906/domains/51-574-ff.darulhijrah.in/public_html/index.php(79): CodeIgniter\CodeIgniter->run()
#11 {main}
CRITICAL - 2025-09-09 11:31:30 --> Unknown column 'tdu' in 'WHERE'
in SYSTEMPATH/Database/BaseConnection.php on line 647.
 1 SYSTEMPATH/Database/BaseBuilder.php(1615): CodeIgniter\Database\BaseConnection->query()
 2 SYSTEMPATH/Model.php(237): CodeIgniter\Database\BaseBuilder->get()
 3 SYSTEMPATH/BaseModel.php(624): CodeIgniter\Model->doFindAll()
 4 APPPATH/Controllers/Page.php(516): CodeIgniter\BaseModel->findAll()
 5 SYSTEMPATH/CodeIgniter.php(942): App\Controllers\Page->reminder()
 6 SYSTEMPATH/CodeIgniter.php(502): CodeIgniter\CodeIgniter->runController()
 7 SYSTEMPATH/CodeIgniter.php(361): CodeIgniter\CodeIgniter->handleRequest()
 8 FCPATH/index.php(79): CodeIgniter\CodeIgniter->run()
ERROR - 2025-09-09 11:31:31 --> mysqli_sql_exception: Unknown column 'tdu' in 'WHERE' in /home/u927597906/domains/51-574-ff.darulhijrah.in/public_html/system/Database/MySQLi/Connection.php:306
Stack trace:
#0 /home/u927597906/domains/51-574-ff.darulhijrah.in/public_html/system/Database/MySQLi/Connection.php(306): mysqli->query()
#1 /home/u927597906/domains/51-574-ff.darulhijrah.in/public_html/system/Database/BaseConnection.php(693): CodeIgniter\Database\MySQLi\Connection->execute()
#2 /home/u927597906/domains/51-574-ff.darulhijrah.in/public_html/system/Database/BaseConnection.php(607): CodeIgniter\Database\BaseConnection->simpleQuery()
#3 /home/u927597906/domains/51-574-ff.darulhijrah.in/public_html/system/Database/BaseBuilder.php(1615): CodeIgniter\Database\BaseConnection->query()
#4 /home/u927597906/domains/51-574-ff.darulhijrah.in/public_html/system/Model.php(237): CodeIgniter\Database\BaseBuilder->get()
#5 /home/u927597906/domains/51-574-ff.darulhijrah.in/public_html/system/BaseModel.php(624): CodeIgniter\Model->doFindAll()
#6 /home/u927597906/domains/51-574-ff.darulhijrah.in/public_html/app/Controllers/Page.php(516): CodeIgniter\BaseModel->findAll()
#7 /home/u927597906/domains/51-574-ff.darulhijrah.in/public_html/system/CodeIgniter.php(942): App\Controllers\Page->reminder()
#8 /home/u927597906/domains/51-574-ff.darulhijrah.in/public_html/system/CodeIgniter.php(502): CodeIgniter\CodeIgniter->runController()
#9 /home/u927597906/domains/51-574-ff.darulhijrah.in/public_html/system/CodeIgniter.php(361): CodeIgniter\CodeIgniter->handleRequest()
#10 /home/u927597906/domains/51-574-ff.darulhijrah.in/public_html/index.php(79): CodeIgniter\CodeIgniter->run()
#11 {main}
CRITICAL - 2025-09-09 11:31:31 --> Unknown column 'tdu' in 'WHERE'
in SYSTEMPATH/Database/BaseConnection.php on line 647.
 1 SYSTEMPATH/Database/BaseBuilder.php(1615): CodeIgniter\Database\BaseConnection->query()
 2 SYSTEMPATH/Model.php(237): CodeIgniter\Database\BaseBuilder->get()
 3 SYSTEMPATH/BaseModel.php(624): CodeIgniter\Model->doFindAll()
 4 APPPATH/Controllers/Page.php(516): CodeIgniter\BaseModel->findAll()
 5 SYSTEMPATH/CodeIgniter.php(942): App\Controllers\Page->reminder()
 6 SYSTEMPATH/CodeIgniter.php(502): CodeIgniter\CodeIgniter->runController()
 7 SYSTEMPATH/CodeIgniter.php(361): CodeIgniter\CodeIgniter->handleRequest()
 8 FCPATH/index.php(79): CodeIgniter\CodeIgniter->run()
