CRITICAL - 2025-06-25 21:09:21 --> include(app/Libraries/phpqrcode/qrlib.php): Failed to open stream: No such file or directory
in APPPATH/Views/psb/kwitansi.php on line 102.
 1 APPPATH/Views/psb/kwitansi.php(102): CodeIgniter\Debug\Exceptions->errorHandler()
 2 APPPATH/Views/psb/kwitansi.php(102): include()
 3 SYSTEMPATH/View/View.php(228): include('/home/u927597906/domains/51-574-ff.darulhijrah.in/public_html/sistaff/app/Views/psb/kwitansi.php')
 4 SYSTEMPATH/View/View.php(231): CodeIgniter\View\View->CodeIgniter\View\{closure}()
 5 SYSTEMPATH/Common.php(1190): CodeIgniter\View\View->render()
 6 APPPATH/Controllers/Psb.php(368): view()
 7 SYSTEMPATH/CodeIgniter.php(942): App\Controllers\Psb->edittung()
 8 SYSTEMPATH/CodeIgniter.php(502): CodeIgniter\CodeIgniter->runController()
 9 SYSTEMPATH/CodeIgniter.php(361): CodeIgniter\CodeIgniter->handleRequest()
10 FCPATH/index.php(79): CodeIgniter\CodeIgniter->run()
CRITICAL - 2025-06-25 22:44:05 --> Cannot redeclare format_rupiah() (previously declared in /home/u927597906/domains/51-574-ff.darulhijrah.in/public_html/sistaff/app/Helpers/my_helpers.php:2)
in APPPATH/Views/psb/kwitansi.php on line 11.
 1 [internal function]: CodeIgniter\Debug\Exceptions->shutdownHandler()
CRITICAL - 2025-06-25 22:46:58 --> Cannot redeclare format_rupiah() (previously declared in /home/u927597906/domains/51-574-ff.darulhijrah.in/public_html/sistaff/app/Helpers/my_helpers.php:2)
in APPPATH/Views/psb/kwitansi.php on line 11.
 1 [internal function]: CodeIgniter\Debug\Exceptions->shutdownHandler()
CRITICAL - 2025-06-25 22:48:11 --> Cannot redeclare format_rupiah() (previously declared in /home/u927597906/domains/51-574-ff.darulhijrah.in/public_html/sistaff/app/Helpers/my_helpers.php:2)
in APPPATH/Views/psb/kwitansi.php on line 11.
 1 [internal function]: CodeIgniter\Debug\Exceptions->shutdownHandler()
CRITICAL - 2025-06-25 22:48:30 --> Cannot redeclare format_rupiah() (previously declared in /home/u927597906/domains/51-574-ff.darulhijrah.in/public_html/sistaff/app/Helpers/my_helpers.php:2)
in APPPATH/Views/psb/kwitansi.php on line 11.
 1 [internal function]: CodeIgniter\Debug\Exceptions->shutdownHandler()
