CRITICAL - 2024-01-05 04:48:11 --> The framework needs the following extension(s) installed and loaded: intl.
in SYSTEMPATH\CodeIgniter.php on line 252.
 1 SYSTEMPATH\CodeIgniter.php(252): CodeIgniter\Exceptions\FrameworkException::forMissingExtension('intl')
 2 SYSTEMPATH\CodeIgniter.php(214): CodeIgniter\CodeIgniter->resolvePlatformExtensions()
 3 FCPATH\index.php(67): CodeIgniter\CodeIgniter->initialize()
CRITICAL - 2024-01-05 04:48:11 --> Uncaught Error: Class "Locale" not found in C:\xampp\htdocs\sistaff\system\Helpers\number_helper.php:136
Stack trace:
#0 C:\xampp\htdocs\sistaff\system\Helpers\number_helper.php(55): format_number(14.0, 2, NULL, Array)
#1 C:\xampp\htdocs\sistaff\system\Debug\BaseExceptionHandler.php(145): number_to_size(14.0, 2)
#2 C:\xampp\htdocs\sistaff\app\Views\errors\html\error_exception.php(361): CodeIgniter\Debug\BaseExceptionHandler::describeMemory(14680064)
#3 C:\xampp\htdocs\sistaff\system\Debug\BaseExceptionHandler.php(241): include('C:\\xampp\\htdocs...')
#4 C:\xampp\htdocs\sistaff\system\Debug\BaseExceptionHandler.php(244): CodeIgniter\Debug\BaseExceptionHandler->CodeIgniter\Debug\{closure}()
#5 C:\xampp\htdocs\sistaff\system\Debug\ExceptionHandler.php(112): CodeIgniter\Debug\BaseExceptionHandler->render(Object(CodeIgniter\Exceptions\FrameworkException), 500, 'C:\\xampp\\htdocs...')
#6 C:\xampp\htdocs\sistaff\system\Debug\Exceptions.php(148): CodeIgniter\Debug\ExceptionHandler->handle(Object(CodeIgniter\Exceptions\FrameworkException), Object(CodeIgniter\HTTP\IncomingRequest), Object(CodeIgniter\HTTP\Response), 500, 1)
#7 [internal function]: CodeIgniter\Debug\Exceptions->exceptionHandler(Object(CodeIgniter\Exceptions\FrameworkException))
#8 {main}
  thrown
【Previous Exception】
CodeIgniter\Exceptions\FrameworkException
The framework needs the following extension(s) installed and loaded: intl.
#0 C:\xampp\htdocs\sistaff\system\CodeIgniter.php(252): CodeIgniter\Exceptions\FrameworkException::forMissingExtension('intl')
#1 C:\xampp\htdocs\sistaff\system\CodeIgniter.php(214): CodeIgniter\CodeIgniter->resolvePlatformExtensions()
#2 C:\xampp\htdocs\sistaff\public\index.php(67): CodeIgniter\CodeIgniter->initialize()
#3 {main}
in SYSTEMPATH\Helpers\number_helper.php on line 136.
 1 [internal function]: CodeIgniter\Debug\Exceptions->shutdownHandler()
CRITICAL - 2024-01-05 04:49:26 --> The framework needs the following extension(s) installed and loaded: intl.
in SYSTEMPATH\CodeIgniter.php on line 252.
 1 SYSTEMPATH\CodeIgniter.php(252): CodeIgniter\Exceptions\FrameworkException::forMissingExtension('intl')
 2 SYSTEMPATH\CodeIgniter.php(214): CodeIgniter\CodeIgniter->resolvePlatformExtensions()
 3 FCPATH\index.php(67): CodeIgniter\CodeIgniter->initialize()
CRITICAL - 2024-01-05 04:49:26 --> Uncaught Error: Class "Locale" not found in C:\xampp\htdocs\sistaff\system\Helpers\number_helper.php:136
Stack trace:
#0 C:\xampp\htdocs\sistaff\system\Helpers\number_helper.php(55): format_number(4.0, 2, NULL, Array)
#1 C:\xampp\htdocs\sistaff\system\Debug\BaseExceptionHandler.php(145): number_to_size(4.0, 2)
#2 C:\xampp\htdocs\sistaff\app\Views\errors\html\error_exception.php(361): CodeIgniter\Debug\BaseExceptionHandler::describeMemory(4194304)
#3 C:\xampp\htdocs\sistaff\system\Debug\BaseExceptionHandler.php(241): include('C:\\xampp\\htdocs...')
#4 C:\xampp\htdocs\sistaff\system\Debug\BaseExceptionHandler.php(244): CodeIgniter\Debug\BaseExceptionHandler->CodeIgniter\Debug\{closure}()
#5 C:\xampp\htdocs\sistaff\system\Debug\ExceptionHandler.php(112): CodeIgniter\Debug\BaseExceptionHandler->render(Object(CodeIgniter\Exceptions\FrameworkException), 500, 'C:\\xampp\\htdocs...')
#6 C:\xampp\htdocs\sistaff\system\Debug\Exceptions.php(148): CodeIgniter\Debug\ExceptionHandler->handle(Object(CodeIgniter\Exceptions\FrameworkException), Object(CodeIgniter\HTTP\IncomingRequest), Object(CodeIgniter\HTTP\Response), 500, 1)
#7 [internal function]: CodeIgniter\Debug\Exceptions->exceptionHandler(Object(CodeIgniter\Exceptions\FrameworkException))
#8 {main}
  thrown
【Previous Exception】
CodeIgniter\Exceptions\FrameworkException
The framework needs the following extension(s) installed and loaded: intl.
#0 C:\xampp\htdocs\sistaff\system\CodeIgniter.php(252): CodeIgniter\Exceptions\FrameworkException::forMissingExtension('intl')
#1 C:\xampp\htdocs\sistaff\system\CodeIgniter.php(214): CodeIgniter\CodeIgniter->resolvePlatformExtensions()
#2 C:\xampp\htdocs\sistaff\public\index.php(67): CodeIgniter\CodeIgniter->initialize()
#3 {main}
in SYSTEMPATH\Helpers\number_helper.php on line 136.
 1 [internal function]: CodeIgniter\Debug\Exceptions->shutdownHandler()
CRITICAL - 2024-01-05 04:49:35 --> The framework needs the following extension(s) installed and loaded: intl.
in SYSTEMPATH\CodeIgniter.php on line 252.
 1 SYSTEMPATH\CodeIgniter.php(252): CodeIgniter\Exceptions\FrameworkException::forMissingExtension('intl')
 2 SYSTEMPATH\CodeIgniter.php(214): CodeIgniter\CodeIgniter->resolvePlatformExtensions()
 3 FCPATH\index.php(67): CodeIgniter\CodeIgniter->initialize()
CRITICAL - 2024-01-05 04:49:35 --> Uncaught Error: Class "Locale" not found in C:\xampp\htdocs\sistaff\system\Helpers\number_helper.php:136
Stack trace:
#0 C:\xampp\htdocs\sistaff\system\Helpers\number_helper.php(55): format_number(4.0, 2, NULL, Array)
#1 C:\xampp\htdocs\sistaff\system\Debug\BaseExceptionHandler.php(145): number_to_size(4.0, 2)
#2 C:\xampp\htdocs\sistaff\app\Views\errors\html\error_exception.php(361): CodeIgniter\Debug\BaseExceptionHandler::describeMemory(4194304)
#3 C:\xampp\htdocs\sistaff\system\Debug\BaseExceptionHandler.php(241): include('C:\\xampp\\htdocs...')
#4 C:\xampp\htdocs\sistaff\system\Debug\BaseExceptionHandler.php(244): CodeIgniter\Debug\BaseExceptionHandler->CodeIgniter\Debug\{closure}()
#5 C:\xampp\htdocs\sistaff\system\Debug\ExceptionHandler.php(112): CodeIgniter\Debug\BaseExceptionHandler->render(Object(CodeIgniter\Exceptions\FrameworkException), 500, 'C:\\xampp\\htdocs...')
#6 C:\xampp\htdocs\sistaff\system\Debug\Exceptions.php(148): CodeIgniter\Debug\ExceptionHandler->handle(Object(CodeIgniter\Exceptions\FrameworkException), Object(CodeIgniter\HTTP\IncomingRequest), Object(CodeIgniter\HTTP\Response), 500, 1)
#7 [internal function]: CodeIgniter\Debug\Exceptions->exceptionHandler(Object(CodeIgniter\Exceptions\FrameworkException))
#8 {main}
  thrown
【Previous Exception】
CodeIgniter\Exceptions\FrameworkException
The framework needs the following extension(s) installed and loaded: intl.
#0 C:\xampp\htdocs\sistaff\system\CodeIgniter.php(252): CodeIgniter\Exceptions\FrameworkException::forMissingExtension('intl')
#1 C:\xampp\htdocs\sistaff\system\CodeIgniter.php(214): CodeIgniter\CodeIgniter->resolvePlatformExtensions()
#2 C:\xampp\htdocs\sistaff\public\index.php(67): CodeIgniter\CodeIgniter->initialize()
#3 {main}
in SYSTEMPATH\Helpers\number_helper.php on line 136.
 1 [internal function]: CodeIgniter\Debug\Exceptions->shutdownHandler()
CRITICAL - 2024-01-05 04:54:59 --> The framework needs the following extension(s) installed and loaded: intl.
in SYSTEMPATH\CodeIgniter.php on line 252.
 1 SYSTEMPATH\CodeIgniter.php(252): CodeIgniter\Exceptions\FrameworkException::forMissingExtension('intl')
 2 SYSTEMPATH\CodeIgniter.php(214): CodeIgniter\CodeIgniter->resolvePlatformExtensions()
 3 FCPATH\index.php(67): CodeIgniter\CodeIgniter->initialize()
CRITICAL - 2024-01-05 04:54:59 --> Uncaught Error: Class "Locale" not found in C:\xampp\htdocs\sistaff\system\Helpers\number_helper.php:136
Stack trace:
#0 C:\xampp\htdocs\sistaff\system\Helpers\number_helper.php(55): format_number(4.0, 2, NULL, Array)
#1 C:\xampp\htdocs\sistaff\system\Debug\BaseExceptionHandler.php(145): number_to_size(4.0, 2)
#2 C:\xampp\htdocs\sistaff\app\Views\errors\html\error_exception.php(361): CodeIgniter\Debug\BaseExceptionHandler::describeMemory(4194304)
#3 C:\xampp\htdocs\sistaff\system\Debug\BaseExceptionHandler.php(241): include('C:\\xampp\\htdocs...')
#4 C:\xampp\htdocs\sistaff\system\Debug\BaseExceptionHandler.php(244): CodeIgniter\Debug\BaseExceptionHandler->CodeIgniter\Debug\{closure}()
#5 C:\xampp\htdocs\sistaff\system\Debug\ExceptionHandler.php(112): CodeIgniter\Debug\BaseExceptionHandler->render(Object(CodeIgniter\Exceptions\FrameworkException), 500, 'C:\\xampp\\htdocs...')
#6 C:\xampp\htdocs\sistaff\system\Debug\Exceptions.php(148): CodeIgniter\Debug\ExceptionHandler->handle(Object(CodeIgniter\Exceptions\FrameworkException), Object(CodeIgniter\HTTP\IncomingRequest), Object(CodeIgniter\HTTP\Response), 500, 1)
#7 [internal function]: CodeIgniter\Debug\Exceptions->exceptionHandler(Object(CodeIgniter\Exceptions\FrameworkException))
#8 {main}
  thrown
【Previous Exception】
CodeIgniter\Exceptions\FrameworkException
The framework needs the following extension(s) installed and loaded: intl.
#0 C:\xampp\htdocs\sistaff\system\CodeIgniter.php(252): CodeIgniter\Exceptions\FrameworkException::forMissingExtension('intl')
#1 C:\xampp\htdocs\sistaff\system\CodeIgniter.php(214): CodeIgniter\CodeIgniter->resolvePlatformExtensions()
#2 C:\xampp\htdocs\sistaff\public\index.php(67): CodeIgniter\CodeIgniter->initialize()
#3 {main}
in SYSTEMPATH\Helpers\number_helper.php on line 136.
 1 [internal function]: CodeIgniter\Debug\Exceptions->shutdownHandler()
CRITICAL - 2024-01-05 04:57:37 --> The framework needs the following extension(s) installed and loaded: intl.
in SYSTEMPATH\CodeIgniter.php on line 252.
 1 SYSTEMPATH\CodeIgniter.php(252): CodeIgniter\Exceptions\FrameworkException::forMissingExtension('intl')
 2 SYSTEMPATH\CodeIgniter.php(214): CodeIgniter\CodeIgniter->resolvePlatformExtensions()
 3 FCPATH\index.php(67): CodeIgniter\CodeIgniter->initialize()
CRITICAL - 2024-01-05 04:57:37 --> Uncaught Error: Class "Locale" not found in C:\xampp\htdocs\sistaff\system\Helpers\number_helper.php:136
Stack trace:
#0 C:\xampp\htdocs\sistaff\system\Helpers\number_helper.php(55): format_number(4.0, 2, NULL, Array)
#1 C:\xampp\htdocs\sistaff\system\Debug\BaseExceptionHandler.php(145): number_to_size(4.0, 2)
#2 C:\xampp\htdocs\sistaff\app\Views\errors\html\error_exception.php(361): CodeIgniter\Debug\BaseExceptionHandler::describeMemory(4194304)
#3 C:\xampp\htdocs\sistaff\system\Debug\BaseExceptionHandler.php(241): include('C:\\xampp\\htdocs...')
#4 C:\xampp\htdocs\sistaff\system\Debug\BaseExceptionHandler.php(244): CodeIgniter\Debug\BaseExceptionHandler->CodeIgniter\Debug\{closure}()
#5 C:\xampp\htdocs\sistaff\system\Debug\ExceptionHandler.php(112): CodeIgniter\Debug\BaseExceptionHandler->render(Object(CodeIgniter\Exceptions\FrameworkException), 500, 'C:\\xampp\\htdocs...')
#6 C:\xampp\htdocs\sistaff\system\Debug\Exceptions.php(148): CodeIgniter\Debug\ExceptionHandler->handle(Object(CodeIgniter\Exceptions\FrameworkException), Object(CodeIgniter\HTTP\IncomingRequest), Object(CodeIgniter\HTTP\Response), 500, 1)
#7 [internal function]: CodeIgniter\Debug\Exceptions->exceptionHandler(Object(CodeIgniter\Exceptions\FrameworkException))
#8 {main}
  thrown
【Previous Exception】
CodeIgniter\Exceptions\FrameworkException
The framework needs the following extension(s) installed and loaded: intl.
#0 C:\xampp\htdocs\sistaff\system\CodeIgniter.php(252): CodeIgniter\Exceptions\FrameworkException::forMissingExtension('intl')
#1 C:\xampp\htdocs\sistaff\system\CodeIgniter.php(214): CodeIgniter\CodeIgniter->resolvePlatformExtensions()
#2 C:\xampp\htdocs\sistaff\public\index.php(67): CodeIgniter\CodeIgniter->initialize()
#3 {main}
in SYSTEMPATH\Helpers\number_helper.php on line 136.
 1 [internal function]: CodeIgniter\Debug\Exceptions->shutdownHandler()
CRITICAL - 2024-01-05 04:57:39 --> The framework needs the following extension(s) installed and loaded: intl.
in SYSTEMPATH\CodeIgniter.php on line 252.
 1 SYSTEMPATH\CodeIgniter.php(252): CodeIgniter\Exceptions\FrameworkException::forMissingExtension('intl')
 2 SYSTEMPATH\CodeIgniter.php(214): CodeIgniter\CodeIgniter->resolvePlatformExtensions()
 3 FCPATH\index.php(67): CodeIgniter\CodeIgniter->initialize()
CRITICAL - 2024-01-05 04:57:39 --> Uncaught Error: Class "Locale" not found in C:\xampp\htdocs\sistaff\system\Helpers\number_helper.php:136
Stack trace:
#0 C:\xampp\htdocs\sistaff\system\Helpers\number_helper.php(55): format_number(4.0, 2, NULL, Array)
#1 C:\xampp\htdocs\sistaff\system\Debug\BaseExceptionHandler.php(145): number_to_size(4.0, 2)
#2 C:\xampp\htdocs\sistaff\app\Views\errors\html\error_exception.php(361): CodeIgniter\Debug\BaseExceptionHandler::describeMemory(4194304)
#3 C:\xampp\htdocs\sistaff\system\Debug\BaseExceptionHandler.php(241): include('C:\\xampp\\htdocs...')
#4 C:\xampp\htdocs\sistaff\system\Debug\BaseExceptionHandler.php(244): CodeIgniter\Debug\BaseExceptionHandler->CodeIgniter\Debug\{closure}()
#5 C:\xampp\htdocs\sistaff\system\Debug\ExceptionHandler.php(112): CodeIgniter\Debug\BaseExceptionHandler->render(Object(CodeIgniter\Exceptions\FrameworkException), 500, 'C:\\xampp\\htdocs...')
#6 C:\xampp\htdocs\sistaff\system\Debug\Exceptions.php(148): CodeIgniter\Debug\ExceptionHandler->handle(Object(CodeIgniter\Exceptions\FrameworkException), Object(CodeIgniter\HTTP\IncomingRequest), Object(CodeIgniter\HTTP\Response), 500, 1)
#7 [internal function]: CodeIgniter\Debug\Exceptions->exceptionHandler(Object(CodeIgniter\Exceptions\FrameworkException))
#8 {main}
  thrown
【Previous Exception】
CodeIgniter\Exceptions\FrameworkException
The framework needs the following extension(s) installed and loaded: intl.
#0 C:\xampp\htdocs\sistaff\system\CodeIgniter.php(252): CodeIgniter\Exceptions\FrameworkException::forMissingExtension('intl')
#1 C:\xampp\htdocs\sistaff\system\CodeIgniter.php(214): CodeIgniter\CodeIgniter->resolvePlatformExtensions()
#2 C:\xampp\htdocs\sistaff\public\index.php(67): CodeIgniter\CodeIgniter->initialize()
#3 {main}
in SYSTEMPATH\Helpers\number_helper.php on line 136.
 1 [internal function]: CodeIgniter\Debug\Exceptions->shutdownHandler()
CRITICAL - 2024-01-05 05:53:58 --> Undefined variable $data
in APPPATH\Controllers\Page.php on line 32.
 1 APPPATH\Controllers\Page.php(32): CodeIgniter\Debug\Exceptions->errorHandler(2, 'Undefined variable $data', 'C:\\xampp\\htdocs\\sistaff\\app\\Controllers\\Page.php', 32)
 2 SYSTEMPATH\CodeIgniter.php(942): App\Controllers\Page->save()
 3 SYSTEMPATH\CodeIgniter.php(502): CodeIgniter\CodeIgniter->runController(Object(App\Controllers\Page))
 4 SYSTEMPATH\CodeIgniter.php(361): CodeIgniter\CodeIgniter->handleRequest(null, Object(Config\Cache), false)
 5 FCPATH\index.php(79): CodeIgniter\CodeIgniter->run()
CRITICAL - 2024-01-05 06:01:16 --> Undefined variable $data
in APPPATH\Controllers\Page.php on line 32.
 1 APPPATH\Controllers\Page.php(32): CodeIgniter\Debug\Exceptions->errorHandler(2, 'Undefined variable $data', 'C:\\xampp\\htdocs\\sistaff\\app\\Controllers\\Page.php', 32)
 2 SYSTEMPATH\CodeIgniter.php(942): App\Controllers\Page->save()
 3 SYSTEMPATH\CodeIgniter.php(502): CodeIgniter\CodeIgniter->runController(Object(App\Controllers\Page))
 4 SYSTEMPATH\CodeIgniter.php(361): CodeIgniter\CodeIgniter->handleRequest(null, Object(Config\Cache), false)
 5 FCPATH\index.php(79): CodeIgniter\CodeIgniter->run()
CRITICAL - 2024-01-05 06:03:18 --> view(): Argument #2 ($data) must be of type array, App\Models\TransferModel given, called in C:\xampp\htdocs\sistaff\app\Controllers\Page.php on line 32
in SYSTEMPATH\Common.php on line 1178.
 1 APPPATH\Controllers\Page.php(32): view('pages/kwitansi', Object(App\Models\TransferModel))
 2 SYSTEMPATH\CodeIgniter.php(942): App\Controllers\Page->save()
 3 SYSTEMPATH\CodeIgniter.php(502): CodeIgniter\CodeIgniter->runController(Object(App\Controllers\Page))
 4 SYSTEMPATH\CodeIgniter.php(361): CodeIgniter\CodeIgniter->handleRequest(null, Object(Config\Cache), false)
 5 FCPATH\index.php(79): CodeIgniter\CodeIgniter->run()
CRITICAL - 2024-01-05 06:04:10 --> Undefined variable $postModel
in APPPATH\Views\pages\kwitansi.php on line 22.
 1 APPPATH\Views\pages\kwitansi.php(22): CodeIgniter\Debug\Exceptions->errorHandler(2, 'Undefined variable $postModel', 'C:\\xampp\\htdocs\\sistaff\\app\\Views\\pages\\kwitansi.php', 22)
 2 SYSTEMPATH\View\View.php(228): include('C:\\xampp\\htdocs\\sistaff\\app\\Views\\pages\\kwitansi.php')
 3 SYSTEMPATH\View\View.php(231): CodeIgniter\View\View->CodeIgniter\View\{closure}()
 4 SYSTEMPATH\Common.php(1190): CodeIgniter\View\View->render('pages/kwitansi', [], true)
 5 APPPATH\Controllers\Page.php(33): view('pages/kwitansi')
 6 SYSTEMPATH\CodeIgniter.php(942): App\Controllers\Page->save()
 7 SYSTEMPATH\CodeIgniter.php(502): CodeIgniter\CodeIgniter->runController(Object(App\Controllers\Page))
 8 SYSTEMPATH\CodeIgniter.php(361): CodeIgniter\CodeIgniter->handleRequest(null, Object(Config\Cache), false)
 9 FCPATH\index.php(79): CodeIgniter\CodeIgniter->run()
CRITICAL - 2024-01-05 08:29:28 --> Undefined variable $data
in APPPATH\Views\pages\kwitansi.php on line 22.
 1 APPPATH\Views\pages\kwitansi.php(22): CodeIgniter\Debug\Exceptions->errorHandler(2, 'Undefined variable $data', 'C:\\xampp\\htdocs\\sistaff\\app\\Views\\pages\\kwitansi.php', 22)
 2 SYSTEMPATH\View\View.php(228): include('C:\\xampp\\htdocs\\sistaff\\app\\Views\\pages\\kwitansi.php')
 3 SYSTEMPATH\View\View.php(231): CodeIgniter\View\View->CodeIgniter\View\{closure}()
 4 SYSTEMPATH\Common.php(1190): CodeIgniter\View\View->render('pages/kwitansi', [], true)
 5 APPPATH\Controllers\Page.php(36): view('pages/kwitansi', [...])
 6 SYSTEMPATH\CodeIgniter.php(942): App\Controllers\Page->save()
 7 SYSTEMPATH\CodeIgniter.php(502): CodeIgniter\CodeIgniter->runController(Object(App\Controllers\Page))
 8 SYSTEMPATH\CodeIgniter.php(361): CodeIgniter\CodeIgniter->handleRequest(null, Object(Config\Cache), false)
 9 FCPATH\index.php(79): CodeIgniter\CodeIgniter->run()
10 SYSTEMPATH\Commands\Server\rewrite.php(47): require_once('C:\\xampp\\htdocs\\sistaff\\public\\index.php')
CRITICAL - 2024-01-05 08:30:06 --> Array to string conversion
in APPPATH\Views\pages\kwitansi.php on line 22.
 1 APPPATH\Views\pages\kwitansi.php(22): CodeIgniter\Debug\Exceptions->errorHandler(2, 'Array to string conversion', 'C:\\xampp\\htdocs\\sistaff\\app\\Views\\pages\\kwitansi.php', 22)
 2 SYSTEMPATH\View\View.php(228): include('C:\\xampp\\htdocs\\sistaff\\app\\Views\\pages\\kwitansi.php')
 3 SYSTEMPATH\View\View.php(231): CodeIgniter\View\View->CodeIgniter\View\{closure}()
 4 SYSTEMPATH\Common.php(1190): CodeIgniter\View\View->render('pages/kwitansi', [], true)
 5 APPPATH\Controllers\Page.php(36): view('pages/kwitansi', [...])
 6 SYSTEMPATH\CodeIgniter.php(942): App\Controllers\Page->save()
 7 SYSTEMPATH\CodeIgniter.php(502): CodeIgniter\CodeIgniter->runController(Object(App\Controllers\Page))
 8 SYSTEMPATH\CodeIgniter.php(361): CodeIgniter\CodeIgniter->handleRequest(null, Object(Config\Cache), false)
 9 FCPATH\index.php(79): CodeIgniter\CodeIgniter->run()
10 SYSTEMPATH\Commands\Server\rewrite.php(47): require_once('C:\\xampp\\htdocs\\sistaff\\public\\index.php')
CRITICAL - 2024-01-05 11:43:20 --> Undefined variable $data
in APPPATH\Views\pages\kwitansi.php on line 15.
 1 APPPATH\Views\pages\kwitansi.php(15): CodeIgniter\Debug\Exceptions->errorHandler(2, 'Undefined variable $data', 'C:\\xampp\\htdocs\\sistaff\\app\\Views\\pages\\kwitansi.php', 15)
 2 SYSTEMPATH\View\View.php(228): include('C:\\xampp\\htdocs\\sistaff\\app\\Views\\pages\\kwitansi.php')
 3 SYSTEMPATH\View\View.php(231): CodeIgniter\View\View->CodeIgniter\View\{closure}()
 4 SYSTEMPATH\Common.php(1190): CodeIgniter\View\View->render('pages/kwitansi', [], true)
 5 APPPATH\Controllers\Page.php(34): view('pages/kwitansi', [])
 6 SYSTEMPATH\CodeIgniter.php(942): App\Controllers\Page->save()
 7 SYSTEMPATH\CodeIgniter.php(502): CodeIgniter\CodeIgniter->runController(Object(App\Controllers\Page))
 8 SYSTEMPATH\CodeIgniter.php(361): CodeIgniter\CodeIgniter->handleRequest(null, Object(Config\Cache), false)
 9 FCPATH\index.php(79): CodeIgniter\CodeIgniter->run()
10 SYSTEMPATH\Commands\Server\rewrite.php(47): require_once('C:\\xampp\\htdocs\\sistaff\\public\\index.php')
CRITICAL - 2024-01-05 11:45:53 --> Undefined variable $data
in APPPATH\Views\pages\kwitansi.php on line 15.
 1 APPPATH\Views\pages\kwitansi.php(15): CodeIgniter\Debug\Exceptions->errorHandler(2, 'Undefined variable $data', 'C:\\xampp\\htdocs\\sistaff\\app\\Views\\pages\\kwitansi.php', 15)
 2 SYSTEMPATH\View\View.php(228): include('C:\\xampp\\htdocs\\sistaff\\app\\Views\\pages\\kwitansi.php')
 3 SYSTEMPATH\View\View.php(231): CodeIgniter\View\View->CodeIgniter\View\{closure}()
 4 SYSTEMPATH\Common.php(1190): CodeIgniter\View\View->render('pages/kwitansi', [], true)
 5 APPPATH\Controllers\Page.php(38): view('pages/kwitansi', [])
 6 SYSTEMPATH\CodeIgniter.php(942): App\Controllers\Page->save()
 7 SYSTEMPATH\CodeIgniter.php(502): CodeIgniter\CodeIgniter->runController(Object(App\Controllers\Page))
 8 SYSTEMPATH\CodeIgniter.php(361): CodeIgniter\CodeIgniter->handleRequest(null, Object(Config\Cache), false)
 9 FCPATH\index.php(79): CodeIgniter\CodeIgniter->run()
10 SYSTEMPATH\Commands\Server\rewrite.php(47): require_once('C:\\xampp\\htdocs\\sistaff\\public\\index.php')
CRITICAL - 2024-01-05 11:48:15 --> Undefined variable $data
in APPPATH\Views\pages\kwitansi.php on line 15.
 1 APPPATH\Views\pages\kwitansi.php(15): CodeIgniter\Debug\Exceptions->errorHandler(2, 'Undefined variable $data', 'C:\\xampp\\htdocs\\sistaff\\app\\Views\\pages\\kwitansi.php', 15)
 2 SYSTEMPATH\View\View.php(228): include('C:\\xampp\\htdocs\\sistaff\\app\\Views\\pages\\kwitansi.php')
 3 SYSTEMPATH\View\View.php(231): CodeIgniter\View\View->CodeIgniter\View\{closure}()
 4 SYSTEMPATH\Common.php(1190): CodeIgniter\View\View->render('pages/kwitansi', [], true)
 5 APPPATH\Controllers\Page.php(38): view('pages/kwitansi', [])
 6 SYSTEMPATH\CodeIgniter.php(942): App\Controllers\Page->save()
 7 SYSTEMPATH\CodeIgniter.php(502): CodeIgniter\CodeIgniter->runController(Object(App\Controllers\Page))
 8 SYSTEMPATH\CodeIgniter.php(361): CodeIgniter\CodeIgniter->handleRequest(null, Object(Config\Cache), false)
 9 FCPATH\index.php(79): CodeIgniter\CodeIgniter->run()
10 SYSTEMPATH\Commands\Server\rewrite.php(47): require_once('C:\\xampp\\htdocs\\sistaff\\public\\index.php')
CRITICAL - 2024-01-05 11:48:41 --> Undefined variable $data
in APPPATH\Views\pages\kwitansi.php on line 15.
 1 APPPATH\Views\pages\kwitansi.php(15): CodeIgniter\Debug\Exceptions->errorHandler(2, 'Undefined variable $data', 'C:\\xampp\\htdocs\\sistaff\\app\\Views\\pages\\kwitansi.php', 15)
 2 SYSTEMPATH\View\View.php(228): include('C:\\xampp\\htdocs\\sistaff\\app\\Views\\pages\\kwitansi.php')
 3 SYSTEMPATH\View\View.php(231): CodeIgniter\View\View->CodeIgniter\View\{closure}()
 4 SYSTEMPATH\Common.php(1190): CodeIgniter\View\View->render('pages/kwitansi', [], true)
 5 APPPATH\Controllers\Page.php(38): view('pages/kwitansi', [])
 6 SYSTEMPATH\CodeIgniter.php(942): App\Controllers\Page->save()
 7 SYSTEMPATH\CodeIgniter.php(502): CodeIgniter\CodeIgniter->runController(Object(App\Controllers\Page))
 8 SYSTEMPATH\CodeIgniter.php(361): CodeIgniter\CodeIgniter->handleRequest(null, Object(Config\Cache), false)
 9 FCPATH\index.php(79): CodeIgniter\CodeIgniter->run()
10 SYSTEMPATH\Commands\Server\rewrite.php(47): require_once('C:\\xampp\\htdocs\\sistaff\\public\\index.php')
CRITICAL - 2024-01-05 11:49:09 --> Undefined variable $data
in APPPATH\Views\pages\kwitansi.php on line 15.
 1 APPPATH\Views\pages\kwitansi.php(15): CodeIgniter\Debug\Exceptions->errorHandler(2, 'Undefined variable $data', 'C:\\xampp\\htdocs\\sistaff\\app\\Views\\pages\\kwitansi.php', 15)
 2 SYSTEMPATH\View\View.php(228): include('C:\\xampp\\htdocs\\sistaff\\app\\Views\\pages\\kwitansi.php')
 3 SYSTEMPATH\View\View.php(231): CodeIgniter\View\View->CodeIgniter\View\{closure}()
 4 SYSTEMPATH\Common.php(1190): CodeIgniter\View\View->render('pages/kwitansi', [], true)
 5 APPPATH\Controllers\Page.php(38): view('pages/kwitansi', [])
 6 SYSTEMPATH\CodeIgniter.php(942): App\Controllers\Page->save()
 7 SYSTEMPATH\CodeIgniter.php(502): CodeIgniter\CodeIgniter->runController(Object(App\Controllers\Page))
 8 SYSTEMPATH\CodeIgniter.php(361): CodeIgniter\CodeIgniter->handleRequest(null, Object(Config\Cache), false)
 9 FCPATH\index.php(79): CodeIgniter\CodeIgniter->run()
10 SYSTEMPATH\Commands\Server\rewrite.php(47): require_once('C:\\xampp\\htdocs\\sistaff\\public\\index.php')
CRITICAL - 2024-01-05 11:55:55 --> Call to undefined method App\Models\TransferModel::getPost
in SYSTEMPATH\Model.php on line 873.
 1 APPPATH\Controllers\Page.php(36): CodeIgniter\Model->__call('getPost', [...])
 2 SYSTEMPATH\CodeIgniter.php(942): App\Controllers\Page->save()
 3 SYSTEMPATH\CodeIgniter.php(502): CodeIgniter\CodeIgniter->runController(Object(App\Controllers\Page))
 4 SYSTEMPATH\CodeIgniter.php(361): CodeIgniter\CodeIgniter->handleRequest(null, Object(Config\Cache), false)
 5 FCPATH\index.php(79): CodeIgniter\CodeIgniter->run()
 6 SYSTEMPATH\Commands\Server\rewrite.php(47): require_once('C:\\xampp\\htdocs\\sistaff\\public\\index.php')
CRITICAL - 2024-01-05 12:04:10 --> Undefined property: App\Controllers\Page::$input
in APPPATH\Controllers\Page.php on line 36.
 1 APPPATH\Controllers\Page.php(36): CodeIgniter\Debug\Exceptions->errorHandler(2, 'Undefined property: App\\Controllers\\Page::$input', 'C:\\xampp\\htdocs\\sistaff\\app\\Controllers\\Page.php', 36)
 2 SYSTEMPATH\CodeIgniter.php(942): App\Controllers\Page->save()
 3 SYSTEMPATH\CodeIgniter.php(502): CodeIgniter\CodeIgniter->runController(Object(App\Controllers\Page))
 4 SYSTEMPATH\CodeIgniter.php(361): CodeIgniter\CodeIgniter->handleRequest(null, Object(Config\Cache), false)
 5 FCPATH\index.php(79): CodeIgniter\CodeIgniter->run()
 6 SYSTEMPATH\Commands\Server\rewrite.php(47): require_once('C:\\xampp\\htdocs\\sistaff\\public\\index.php')
CRITICAL - 2024-01-05 12:05:44 --> Object of type App\Models\TransferModel is not callable
in APPPATH\Controllers\Page.php on line 36.
 1 SYSTEMPATH\CodeIgniter.php(942): App\Controllers\Page->save()
 2 SYSTEMPATH\CodeIgniter.php(502): CodeIgniter\CodeIgniter->runController(Object(App\Controllers\Page))
 3 SYSTEMPATH\CodeIgniter.php(361): CodeIgniter\CodeIgniter->handleRequest(null, Object(Config\Cache), false)
 4 FCPATH\index.php(79): CodeIgniter\CodeIgniter->run()
 5 SYSTEMPATH\Commands\Server\rewrite.php(47): require_once('C:\\xampp\\htdocs\\sistaff\\public\\index.php')
CRITICAL - 2024-01-05 12:06:46 --> Cannot use object of type App\Models\TransferModel as array
in APPPATH\Controllers\Page.php on line 36.
 1 SYSTEMPATH\CodeIgniter.php(942): App\Controllers\Page->save()
 2 SYSTEMPATH\CodeIgniter.php(502): CodeIgniter\CodeIgniter->runController(Object(App\Controllers\Page))
 3 SYSTEMPATH\CodeIgniter.php(361): CodeIgniter\CodeIgniter->handleRequest(null, Object(Config\Cache), false)
 4 FCPATH\index.php(79): CodeIgniter\CodeIgniter->run()
 5 SYSTEMPATH\Commands\Server\rewrite.php(47): require_once('C:\\xampp\\htdocs\\sistaff\\public\\index.php')
CRITICAL - 2024-01-05 12:11:15 --> Call to undefined function App\Controllers\getPost()
in APPPATH\Controllers\Page.php on line 36.
 1 SYSTEMPATH\CodeIgniter.php(942): App\Controllers\Page->save()
 2 SYSTEMPATH\CodeIgniter.php(502): CodeIgniter\CodeIgniter->runController(Object(App\Controllers\Page))
 3 SYSTEMPATH\CodeIgniter.php(361): CodeIgniter\CodeIgniter->handleRequest(null, Object(Config\Cache), false)
 4 FCPATH\index.php(79): CodeIgniter\CodeIgniter->run()
 5 SYSTEMPATH\Commands\Server\rewrite.php(47): require_once('C:\\xampp\\htdocs\\sistaff\\public\\index.php')
ERROR - 2024-01-05 20:08:09 --> Error connecting to the database: mysqli_sql_exception: No connection could be made because the target machine actively refused it in C:\xampp\htdocs\sistaff\system\Database\MySQLi\Connection.php:184
Stack trace:
#0 C:\xampp\htdocs\sistaff\system\Database\MySQLi\Connection.php(184): mysqli->real_connect('localhost', 'root', Object(SensitiveParameterValue), 'sistaff', 3306, '', 0)
#1 C:\xampp\htdocs\sistaff\system\Database\BaseConnection.php(392): CodeIgniter\Database\MySQLi\Connection->connect(false)
#2 C:\xampp\htdocs\sistaff\system\Database\BaseConnection.php(575): CodeIgniter\Database\BaseConnection->initialize()
#3 C:\xampp\htdocs\sistaff\system\Database\BaseBuilder.php(2308): CodeIgniter\Database\BaseConnection->query('INSERT INTO `tr...', Array, false)
#4 C:\xampp\htdocs\sistaff\system\Model.php(319): CodeIgniter\Database\BaseBuilder->insert()
#5 C:\xampp\htdocs\sistaff\system\BaseModel.php(788): CodeIgniter\Model->doInsert(Array)
#6 C:\xampp\htdocs\sistaff\system\Model.php(715): CodeIgniter\BaseModel->insert(Array, true)
#7 C:\xampp\htdocs\sistaff\app\Controllers\Page.php(27): CodeIgniter\Model->insert(Array)
#8 C:\xampp\htdocs\sistaff\system\CodeIgniter.php(942): App\Controllers\Page->save()
#9 C:\xampp\htdocs\sistaff\system\CodeIgniter.php(502): CodeIgniter\CodeIgniter->runController(Object(App\Controllers\Page))
#10 C:\xampp\htdocs\sistaff\system\CodeIgniter.php(361): CodeIgniter\CodeIgniter->handleRequest(NULL, Object(Config\Cache), false)
#11 C:\xampp\htdocs\sistaff\public\index.php(79): CodeIgniter\CodeIgniter->run()
#12 C:\xampp\htdocs\sistaff\system\Commands\Server\rewrite.php(47): require_once('C:\\xampp\\htdocs...')
#13 {main}

Next CodeIgniter\Database\Exceptions\DatabaseException: No connection could be made because the target machine actively refused it in C:\xampp\htdocs\sistaff\system\Database\MySQLi\Connection.php:229
Stack trace:
#0 C:\xampp\htdocs\sistaff\system\Database\BaseConnection.php(392): CodeIgniter\Database\MySQLi\Connection->connect(false)
#1 C:\xampp\htdocs\sistaff\system\Database\BaseConnection.php(575): CodeIgniter\Database\BaseConnection->initialize()
#2 C:\xampp\htdocs\sistaff\system\Database\BaseBuilder.php(2308): CodeIgniter\Database\BaseConnection->query('INSERT INTO `tr...', Array, false)
#3 C:\xampp\htdocs\sistaff\system\Model.php(319): CodeIgniter\Database\BaseBuilder->insert()
#4 C:\xampp\htdocs\sistaff\system\BaseModel.php(788): CodeIgniter\Model->doInsert(Array)
#5 C:\xampp\htdocs\sistaff\system\Model.php(715): CodeIgniter\BaseModel->insert(Array, true)
#6 C:\xampp\htdocs\sistaff\app\Controllers\Page.php(27): CodeIgniter\Model->insert(Array)
#7 C:\xampp\htdocs\sistaff\system\CodeIgniter.php(942): App\Controllers\Page->save()
#8 C:\xampp\htdocs\sistaff\system\CodeIgniter.php(502): CodeIgniter\CodeIgniter->runController(Object(App\Controllers\Page))
#9 C:\xampp\htdocs\sistaff\system\CodeIgniter.php(361): CodeIgniter\CodeIgniter->handleRequest(NULL, Object(Config\Cache), false)
#10 C:\xampp\htdocs\sistaff\public\index.php(79): CodeIgniter\CodeIgniter->run()
#11 C:\xampp\htdocs\sistaff\system\Commands\Server\rewrite.php(47): require_once('C:\\xampp\\htdocs...')
#12 {main}
CRITICAL - 2024-01-05 20:08:09 --> Unable to connect to the database.
Main connection [MySQLi]: No connection could be made because the target machine actively refused it
in SYSTEMPATH\Database\BaseConnection.php on line 428.
 1 SYSTEMPATH\Database\BaseConnection.php(575): CodeIgniter\Database\BaseConnection->initialize()
 2 SYSTEMPATH\Database\BaseBuilder.php(2308): CodeIgniter\Database\BaseConnection->query('INSERT INTO `transfer` (`idtrans`, `nama`, `bukti`, `saldomasuk`, `tanggal`, `keterangan`, `rekening`) VALUES (:idtrans:, :nama:, :bukti:, :saldomasuk:, :tanggal:, :keterangan:, :rekening:)', [...], false)
 3 SYSTEMPATH\Model.php(319): CodeIgniter\Database\BaseBuilder->insert()
 4 SYSTEMPATH\BaseModel.php(788): CodeIgniter\Model->doInsert([...])
 5 SYSTEMPATH\Model.php(715): CodeIgniter\BaseModel->insert([...], true)
 6 APPPATH\Controllers\Page.php(27): CodeIgniter\Model->insert([...])
 7 SYSTEMPATH\CodeIgniter.php(942): App\Controllers\Page->save()
 8 SYSTEMPATH\CodeIgniter.php(502): CodeIgniter\CodeIgniter->runController(Object(App\Controllers\Page))
 9 SYSTEMPATH\CodeIgniter.php(361): CodeIgniter\CodeIgniter->handleRequest(null, Object(Config\Cache), false)
10 FCPATH\index.php(79): CodeIgniter\CodeIgniter->run()
11 SYSTEMPATH\Commands\Server\rewrite.php(47): require_once('C:\\xampp\\htdocs\\sistaff\\public\\index.php')
ERROR - 2024-01-05 20:08:47 --> Error connecting to the database: mysqli_sql_exception: No connection could be made because the target machine actively refused it in C:\xampp\htdocs\sistaff\system\Database\MySQLi\Connection.php:184
Stack trace:
#0 C:\xampp\htdocs\sistaff\system\Database\MySQLi\Connection.php(184): mysqli->real_connect('localhost', 'root', Object(SensitiveParameterValue), 'sistaff', 3306, '', 0)
#1 C:\xampp\htdocs\sistaff\system\Database\BaseConnection.php(392): CodeIgniter\Database\MySQLi\Connection->connect(false)
#2 C:\xampp\htdocs\sistaff\system\Database\BaseConnection.php(575): CodeIgniter\Database\BaseConnection->initialize()
#3 C:\xampp\htdocs\sistaff\system\Database\BaseBuilder.php(1615): CodeIgniter\Database\BaseConnection->query('SELECT *\nFROM `...', Array, false)
#4 C:\xampp\htdocs\sistaff\system\Model.php(237): CodeIgniter\Database\BaseBuilder->get()
#5 C:\xampp\htdocs\sistaff\system\BaseModel.php(624): CodeIgniter\Model->doFindAll(5, 0)
#6 C:\xampp\htdocs\sistaff\app\Views\pages\keuangan.php(13): CodeIgniter\BaseModel->findAll(5)
#7 C:\xampp\htdocs\sistaff\system\View\View.php(228): include('C:\\xampp\\htdocs...')
#8 C:\xampp\htdocs\sistaff\system\View\View.php(231): CodeIgniter\View\View->CodeIgniter\View\{closure}()
#9 C:\xampp\htdocs\sistaff\system\Common.php(1190): CodeIgniter\View\View->render('pages/keuangan', Array, true)
#10 C:\xampp\htdocs\sistaff\app\Controllers\Page.php(11): view('pages/keuangan')
#11 C:\xampp\htdocs\sistaff\system\CodeIgniter.php(942): App\Controllers\Page->keuangan()
#12 C:\xampp\htdocs\sistaff\system\CodeIgniter.php(502): CodeIgniter\CodeIgniter->runController(Object(App\Controllers\Page))
#13 C:\xampp\htdocs\sistaff\system\CodeIgniter.php(361): CodeIgniter\CodeIgniter->handleRequest(NULL, Object(Config\Cache), false)
#14 C:\xampp\htdocs\sistaff\public\index.php(79): CodeIgniter\CodeIgniter->run()
#15 C:\xampp\htdocs\sistaff\system\Commands\Server\rewrite.php(47): require_once('C:\\xampp\\htdocs...')
#16 {main}

Next CodeIgniter\Database\Exceptions\DatabaseException: No connection could be made because the target machine actively refused it in C:\xampp\htdocs\sistaff\system\Database\MySQLi\Connection.php:229
Stack trace:
#0 C:\xampp\htdocs\sistaff\system\Database\BaseConnection.php(392): CodeIgniter\Database\MySQLi\Connection->connect(false)
#1 C:\xampp\htdocs\sistaff\system\Database\BaseConnection.php(575): CodeIgniter\Database\BaseConnection->initialize()
#2 C:\xampp\htdocs\sistaff\system\Database\BaseBuilder.php(1615): CodeIgniter\Database\BaseConnection->query('SELECT *\nFROM `...', Array, false)
#3 C:\xampp\htdocs\sistaff\system\Model.php(237): CodeIgniter\Database\BaseBuilder->get()
#4 C:\xampp\htdocs\sistaff\system\BaseModel.php(624): CodeIgniter\Model->doFindAll(5, 0)
#5 C:\xampp\htdocs\sistaff\app\Views\pages\keuangan.php(13): CodeIgniter\BaseModel->findAll(5)
#6 C:\xampp\htdocs\sistaff\system\View\View.php(228): include('C:\\xampp\\htdocs...')
#7 C:\xampp\htdocs\sistaff\system\View\View.php(231): CodeIgniter\View\View->CodeIgniter\View\{closure}()
#8 C:\xampp\htdocs\sistaff\system\Common.php(1190): CodeIgniter\View\View->render('pages/keuangan', Array, true)
#9 C:\xampp\htdocs\sistaff\app\Controllers\Page.php(11): view('pages/keuangan')
#10 C:\xampp\htdocs\sistaff\system\CodeIgniter.php(942): App\Controllers\Page->keuangan()
#11 C:\xampp\htdocs\sistaff\system\CodeIgniter.php(502): CodeIgniter\CodeIgniter->runController(Object(App\Controllers\Page))
#12 C:\xampp\htdocs\sistaff\system\CodeIgniter.php(361): CodeIgniter\CodeIgniter->handleRequest(NULL, Object(Config\Cache), false)
#13 C:\xampp\htdocs\sistaff\public\index.php(79): CodeIgniter\CodeIgniter->run()
#14 C:\xampp\htdocs\sistaff\system\Commands\Server\rewrite.php(47): require_once('C:\\xampp\\htdocs...')
#15 {main}
CRITICAL - 2024-01-05 20:08:47 --> Unable to connect to the database.
Main connection [MySQLi]: No connection could be made because the target machine actively refused it
in SYSTEMPATH\Database\BaseConnection.php on line 428.
 1 SYSTEMPATH\Database\BaseConnection.php(575): CodeIgniter\Database\BaseConnection->initialize()
 2 SYSTEMPATH\Database\BaseBuilder.php(1615): CodeIgniter\Database\BaseConnection->query('SELECT *
FROM `santri`
 LIMIT 5', [], false)
 3 SYSTEMPATH\Model.php(237): CodeIgniter\Database\BaseBuilder->get()
 4 SYSTEMPATH\BaseModel.php(624): CodeIgniter\Model->doFindAll(5, 0)
 5 APPPATH\Views\pages\keuangan.php(13): CodeIgniter\BaseModel->findAll(5)
 6 SYSTEMPATH\View\View.php(228): include('C:\\xampp\\htdocs\\sistaff\\app\\Views\\pages\\keuangan.php')
 7 SYSTEMPATH\View\View.php(231): CodeIgniter\View\View->CodeIgniter\View\{closure}()
 8 SYSTEMPATH\Common.php(1190): CodeIgniter\View\View->render('pages/keuangan', [], true)
 9 APPPATH\Controllers\Page.php(11): view('pages/keuangan')
10 SYSTEMPATH\CodeIgniter.php(942): App\Controllers\Page->keuangan()
11 SYSTEMPATH\CodeIgniter.php(502): CodeIgniter\CodeIgniter->runController(Object(App\Controllers\Page))
12 SYSTEMPATH\CodeIgniter.php(361): CodeIgniter\CodeIgniter->handleRequest(null, Object(Config\Cache), false)
13 FCPATH\index.php(79): CodeIgniter\CodeIgniter->run()
14 SYSTEMPATH\Commands\Server\rewrite.php(47): require_once('C:\\xampp\\htdocs\\sistaff\\public\\index.php')
ERROR - 2024-01-05 20:09:26 --> Error connecting to the database: mysqli_sql_exception: No connection could be made because the target machine actively refused it in C:\xampp\htdocs\sistaff\system\Database\MySQLi\Connection.php:184
Stack trace:
#0 C:\xampp\htdocs\sistaff\system\Database\MySQLi\Connection.php(184): mysqli->real_connect('localhost', 'root', Object(SensitiveParameterValue), 'sistaff', 3306, '', 0)
#1 C:\xampp\htdocs\sistaff\system\Database\BaseConnection.php(392): CodeIgniter\Database\MySQLi\Connection->connect(false)
#2 C:\xampp\htdocs\sistaff\system\Database\BaseConnection.php(575): CodeIgniter\Database\BaseConnection->initialize()
#3 C:\xampp\htdocs\sistaff\system\Database\BaseBuilder.php(1615): CodeIgniter\Database\BaseConnection->query('SELECT *\nFROM `...', Array, false)
#4 C:\xampp\htdocs\sistaff\system\Model.php(237): CodeIgniter\Database\BaseBuilder->get()
#5 C:\xampp\htdocs\sistaff\system\BaseModel.php(624): CodeIgniter\Model->doFindAll(5, 0)
#6 C:\xampp\htdocs\sistaff\app\Views\pages\keuangan.php(13): CodeIgniter\BaseModel->findAll(5)
#7 C:\xampp\htdocs\sistaff\system\View\View.php(228): include('C:\\xampp\\htdocs...')
#8 C:\xampp\htdocs\sistaff\system\View\View.php(231): CodeIgniter\View\View->CodeIgniter\View\{closure}()
#9 C:\xampp\htdocs\sistaff\system\Common.php(1190): CodeIgniter\View\View->render('pages/keuangan', Array, true)
#10 C:\xampp\htdocs\sistaff\app\Controllers\Page.php(11): view('pages/keuangan')
#11 C:\xampp\htdocs\sistaff\system\CodeIgniter.php(942): App\Controllers\Page->keuangan()
#12 C:\xampp\htdocs\sistaff\system\CodeIgniter.php(502): CodeIgniter\CodeIgniter->runController(Object(App\Controllers\Page))
#13 C:\xampp\htdocs\sistaff\system\CodeIgniter.php(361): CodeIgniter\CodeIgniter->handleRequest(NULL, Object(Config\Cache), false)
#14 C:\xampp\htdocs\sistaff\public\index.php(79): CodeIgniter\CodeIgniter->run()
#15 C:\xampp\htdocs\sistaff\system\Commands\Server\rewrite.php(47): require_once('C:\\xampp\\htdocs...')
#16 {main}

Next CodeIgniter\Database\Exceptions\DatabaseException: No connection could be made because the target machine actively refused it in C:\xampp\htdocs\sistaff\system\Database\MySQLi\Connection.php:229
Stack trace:
#0 C:\xampp\htdocs\sistaff\system\Database\BaseConnection.php(392): CodeIgniter\Database\MySQLi\Connection->connect(false)
#1 C:\xampp\htdocs\sistaff\system\Database\BaseConnection.php(575): CodeIgniter\Database\BaseConnection->initialize()
#2 C:\xampp\htdocs\sistaff\system\Database\BaseBuilder.php(1615): CodeIgniter\Database\BaseConnection->query('SELECT *\nFROM `...', Array, false)
#3 C:\xampp\htdocs\sistaff\system\Model.php(237): CodeIgniter\Database\BaseBuilder->get()
#4 C:\xampp\htdocs\sistaff\system\BaseModel.php(624): CodeIgniter\Model->doFindAll(5, 0)
#5 C:\xampp\htdocs\sistaff\app\Views\pages\keuangan.php(13): CodeIgniter\BaseModel->findAll(5)
#6 C:\xampp\htdocs\sistaff\system\View\View.php(228): include('C:\\xampp\\htdocs...')
#7 C:\xampp\htdocs\sistaff\system\View\View.php(231): CodeIgniter\View\View->CodeIgniter\View\{closure}()
#8 C:\xampp\htdocs\sistaff\system\Common.php(1190): CodeIgniter\View\View->render('pages/keuangan', Array, true)
#9 C:\xampp\htdocs\sistaff\app\Controllers\Page.php(11): view('pages/keuangan')
#10 C:\xampp\htdocs\sistaff\system\CodeIgniter.php(942): App\Controllers\Page->keuangan()
#11 C:\xampp\htdocs\sistaff\system\CodeIgniter.php(502): CodeIgniter\CodeIgniter->runController(Object(App\Controllers\Page))
#12 C:\xampp\htdocs\sistaff\system\CodeIgniter.php(361): CodeIgniter\CodeIgniter->handleRequest(NULL, Object(Config\Cache), false)
#13 C:\xampp\htdocs\sistaff\public\index.php(79): CodeIgniter\CodeIgniter->run()
#14 C:\xampp\htdocs\sistaff\system\Commands\Server\rewrite.php(47): require_once('C:\\xampp\\htdocs...')
#15 {main}
CRITICAL - 2024-01-05 20:09:26 --> Unable to connect to the database.
Main connection [MySQLi]: No connection could be made because the target machine actively refused it
in SYSTEMPATH\Database\BaseConnection.php on line 428.
 1 SYSTEMPATH\Database\BaseConnection.php(575): CodeIgniter\Database\BaseConnection->initialize()
 2 SYSTEMPATH\Database\BaseBuilder.php(1615): CodeIgniter\Database\BaseConnection->query('SELECT *
FROM `santri`
 LIMIT 5', [], false)
 3 SYSTEMPATH\Model.php(237): CodeIgniter\Database\BaseBuilder->get()
 4 SYSTEMPATH\BaseModel.php(624): CodeIgniter\Model->doFindAll(5, 0)
 5 APPPATH\Views\pages\keuangan.php(13): CodeIgniter\BaseModel->findAll(5)
 6 SYSTEMPATH\View\View.php(228): include('C:\\xampp\\htdocs\\sistaff\\app\\Views\\pages\\keuangan.php')
 7 SYSTEMPATH\View\View.php(231): CodeIgniter\View\View->CodeIgniter\View\{closure}()
 8 SYSTEMPATH\Common.php(1190): CodeIgniter\View\View->render('pages/keuangan', [], true)
 9 APPPATH\Controllers\Page.php(11): view('pages/keuangan')
10 SYSTEMPATH\CodeIgniter.php(942): App\Controllers\Page->keuangan()
11 SYSTEMPATH\CodeIgniter.php(502): CodeIgniter\CodeIgniter->runController(Object(App\Controllers\Page))
12 SYSTEMPATH\CodeIgniter.php(361): CodeIgniter\CodeIgniter->handleRequest(null, Object(Config\Cache), false)
13 FCPATH\index.php(79): CodeIgniter\CodeIgniter->run()
14 SYSTEMPATH\Commands\Server\rewrite.php(47): require_once('C:\\xampp\\htdocs\\sistaff\\public\\index.php')
CRITICAL - 2024-01-05 20:15:16 --> Call to a member function getPost() on null
in APPPATH\Controllers\Page.php on line 37.
 1 SYSTEMPATH\CodeIgniter.php(942): App\Controllers\Page->save()
 2 SYSTEMPATH\CodeIgniter.php(502): CodeIgniter\CodeIgniter->runController(Object(App\Controllers\Page))
 3 SYSTEMPATH\CodeIgniter.php(361): CodeIgniter\CodeIgniter->handleRequest(null, Object(Config\Cache), false)
 4 FCPATH\index.php(79): CodeIgniter\CodeIgniter->run()
 5 SYSTEMPATH\Commands\Server\rewrite.php(47): require_once('C:\\xampp\\htdocs\\sistaff\\public\\index.php')
CRITICAL - 2024-01-05 20:15:44 --> Call to a member function getPost() on null
in APPPATH\Controllers\Page.php on line 37.
 1 SYSTEMPATH\CodeIgniter.php(942): App\Controllers\Page->save()
 2 SYSTEMPATH\CodeIgniter.php(502): CodeIgniter\CodeIgniter->runController(Object(App\Controllers\Page))
 3 SYSTEMPATH\CodeIgniter.php(361): CodeIgniter\CodeIgniter->handleRequest(null, Object(Config\Cache), false)
 4 FCPATH\index.php(79): CodeIgniter\CodeIgniter->run()
 5 SYSTEMPATH\Commands\Server\rewrite.php(47): require_once('C:\\xampp\\htdocs\\sistaff\\public\\index.php')
CRITICAL - 2024-01-05 20:16:30 --> Call to a member function getPost() on null
in APPPATH\Controllers\Page.php on line 37.
 1 SYSTEMPATH\CodeIgniter.php(942): App\Controllers\Page->save()
 2 SYSTEMPATH\CodeIgniter.php(502): CodeIgniter\CodeIgniter->runController(Object(App\Controllers\Page))
 3 SYSTEMPATH\CodeIgniter.php(361): CodeIgniter\CodeIgniter->handleRequest(null, Object(Config\Cache), false)
 4 FCPATH\index.php(79): CodeIgniter\CodeIgniter->run()
 5 SYSTEMPATH\Commands\Server\rewrite.php(47): require_once('C:\\xampp\\htdocs\\sistaff\\public\\index.php')
CRITICAL - 2024-01-05 20:21:04 --> Object of type App\Models\TransferModel is not callable
in APPPATH\Controllers\Page.php on line 38.
 1 SYSTEMPATH\CodeIgniter.php(942): App\Controllers\Page->save()
 2 SYSTEMPATH\CodeIgniter.php(502): CodeIgniter\CodeIgniter->runController(Object(App\Controllers\Page))
 3 SYSTEMPATH\CodeIgniter.php(361): CodeIgniter\CodeIgniter->handleRequest(null, Object(Config\Cache), false)
 4 FCPATH\index.php(79): CodeIgniter\CodeIgniter->run()
 5 SYSTEMPATH\Commands\Server\rewrite.php(47): require_once('C:\\xampp\\htdocs\\sistaff\\public\\index.php')
CRITICAL - 2024-01-05 20:43:43 --> Undefined variable $data
in APPPATH\Views\pages\kwitansi.php on line 15.
 1 APPPATH\Views\pages\kwitansi.php(15): CodeIgniter\Debug\Exceptions->errorHandler(2, 'Undefined variable $data', 'C:\\xampp\\htdocs\\sistaff\\app\\Views\\pages\\kwitansi.php', 15)
 2 SYSTEMPATH\View\View.php(228): include('C:\\xampp\\htdocs\\sistaff\\app\\Views\\pages\\kwitansi.php')
 3 SYSTEMPATH\View\View.php(231): CodeIgniter\View\View->CodeIgniter\View\{closure}()
 4 SYSTEMPATH\Common.php(1190): CodeIgniter\View\View->render('pages/kwitansi', [], true)
 5 APPPATH\Controllers\Page.php(39): view('pages/kwitansi', [...])
 6 SYSTEMPATH\CodeIgniter.php(942): App\Controllers\Page->save()
 7 SYSTEMPATH\CodeIgniter.php(502): CodeIgniter\CodeIgniter->runController(Object(App\Controllers\Page))
 8 SYSTEMPATH\CodeIgniter.php(361): CodeIgniter\CodeIgniter->handleRequest(null, Object(Config\Cache), false)
 9 FCPATH\index.php(79): CodeIgniter\CodeIgniter->run()
10 SYSTEMPATH\Commands\Server\rewrite.php(47): require_once('C:\\xampp\\htdocs\\sistaff\\public\\index.php')
CRITICAL - 2024-01-05 20:45:50 --> Undefined variable $data
in APPPATH\Views\pages\kwitansi.php on line 15.
 1 APPPATH\Views\pages\kwitansi.php(15): CodeIgniter\Debug\Exceptions->errorHandler(2, 'Undefined variable $data', 'C:\\xampp\\htdocs\\sistaff\\app\\Views\\pages\\kwitansi.php', 15)
 2 SYSTEMPATH\View\View.php(228): include('C:\\xampp\\htdocs\\sistaff\\app\\Views\\pages\\kwitansi.php')
 3 SYSTEMPATH\View\View.php(231): CodeIgniter\View\View->CodeIgniter\View\{closure}()
 4 SYSTEMPATH\Common.php(1190): CodeIgniter\View\View->render('pages/kwitansi', [], true)
 5 APPPATH\Controllers\Page.php(39): view('pages/kwitansi', [...])
 6 SYSTEMPATH\CodeIgniter.php(942): App\Controllers\Page->save()
 7 SYSTEMPATH\CodeIgniter.php(502): CodeIgniter\CodeIgniter->runController(Object(App\Controllers\Page))
 8 SYSTEMPATH\CodeIgniter.php(361): CodeIgniter\CodeIgniter->handleRequest(null, Object(Config\Cache), false)
 9 FCPATH\index.php(79): CodeIgniter\CodeIgniter->run()
10 SYSTEMPATH\Commands\Server\rewrite.php(47): require_once('C:\\xampp\\htdocs\\sistaff\\public\\index.php')
CRITICAL - 2024-01-05 20:48:36 --> Array to string conversion
in APPPATH\Views\pages\kwitansi.php on line 28.
 1 APPPATH\Views\pages\kwitansi.php(28): CodeIgniter\Debug\Exceptions->errorHandler(2, 'Array to string conversion', 'C:\\xampp\\htdocs\\sistaff\\app\\Views\\pages\\kwitansi.php', 28)
 2 SYSTEMPATH\View\View.php(228): include('C:\\xampp\\htdocs\\sistaff\\app\\Views\\pages\\kwitansi.php')
 3 SYSTEMPATH\View\View.php(231): CodeIgniter\View\View->CodeIgniter\View\{closure}()
 4 SYSTEMPATH\Common.php(1190): CodeIgniter\View\View->render('pages/kwitansi', [], true)
 5 APPPATH\Controllers\Page.php(39): view('pages/kwitansi', [...])
 6 SYSTEMPATH\CodeIgniter.php(942): App\Controllers\Page->save()
 7 SYSTEMPATH\CodeIgniter.php(502): CodeIgniter\CodeIgniter->runController(Object(App\Controllers\Page))
 8 SYSTEMPATH\CodeIgniter.php(361): CodeIgniter\CodeIgniter->handleRequest(null, Object(Config\Cache), false)
 9 FCPATH\index.php(79): CodeIgniter\CodeIgniter->run()
10 SYSTEMPATH\Commands\Server\rewrite.php(47): require_once('C:\\xampp\\htdocs\\sistaff\\public\\index.php')
CRITICAL - 2024-01-05 20:48:57 --> Undefined variable $data
in APPPATH\Views\pages\kwitansi.php on line 28.
 1 APPPATH\Views\pages\kwitansi.php(28): CodeIgniter\Debug\Exceptions->errorHandler(2, 'Undefined variable $data', 'C:\\xampp\\htdocs\\sistaff\\app\\Views\\pages\\kwitansi.php', 28)
 2 SYSTEMPATH\View\View.php(228): include('C:\\xampp\\htdocs\\sistaff\\app\\Views\\pages\\kwitansi.php')
 3 SYSTEMPATH\View\View.php(231): CodeIgniter\View\View->CodeIgniter\View\{closure}()
 4 SYSTEMPATH\Common.php(1190): CodeIgniter\View\View->render('pages/kwitansi', [], true)
 5 APPPATH\Controllers\Page.php(39): view('pages/kwitansi', [...])
 6 SYSTEMPATH\CodeIgniter.php(942): App\Controllers\Page->save()
 7 SYSTEMPATH\CodeIgniter.php(502): CodeIgniter\CodeIgniter->runController(Object(App\Controllers\Page))
 8 SYSTEMPATH\CodeIgniter.php(361): CodeIgniter\CodeIgniter->handleRequest(null, Object(Config\Cache), false)
 9 FCPATH\index.php(79): CodeIgniter\CodeIgniter->run()
10 SYSTEMPATH\Commands\Server\rewrite.php(47): require_once('C:\\xampp\\htdocs\\sistaff\\public\\index.php')
CRITICAL - 2024-01-05 20:49:41 --> Undefined variable $data
in APPPATH\Views\pages\kwitansi.php on line 15.
 1 APPPATH\Views\pages\kwitansi.php(15): CodeIgniter\Debug\Exceptions->errorHandler(2, 'Undefined variable $data', 'C:\\xampp\\htdocs\\sistaff\\app\\Views\\pages\\kwitansi.php', 15)
 2 SYSTEMPATH\View\View.php(228): include('C:\\xampp\\htdocs\\sistaff\\app\\Views\\pages\\kwitansi.php')
 3 SYSTEMPATH\View\View.php(231): CodeIgniter\View\View->CodeIgniter\View\{closure}()
 4 SYSTEMPATH\Common.php(1190): CodeIgniter\View\View->render('pages/kwitansi', [], true)
 5 APPPATH\Controllers\Page.php(39): view('pages/kwitansi', [...])
 6 SYSTEMPATH\CodeIgniter.php(942): App\Controllers\Page->save()
 7 SYSTEMPATH\CodeIgniter.php(502): CodeIgniter\CodeIgniter->runController(Object(App\Controllers\Page))
 8 SYSTEMPATH\CodeIgniter.php(361): CodeIgniter\CodeIgniter->handleRequest(null, Object(Config\Cache), false)
 9 FCPATH\index.php(79): CodeIgniter\CodeIgniter->run()
10 SYSTEMPATH\Commands\Server\rewrite.php(47): require_once('C:\\xampp\\htdocs\\sistaff\\public\\index.php')
CRITICAL - 2024-01-05 20:50:43 --> Undefined variable $data
in APPPATH\Views\pages\kwitansi.php on line 1.
 1 APPPATH\Views\pages\kwitansi.php(1): CodeIgniter\Debug\Exceptions->errorHandler(2, 'Undefined variable $data', 'C:\\xampp\\htdocs\\sistaff\\app\\Views\\pages\\kwitansi.php', 1)
 2 SYSTEMPATH\View\View.php(228): include('C:\\xampp\\htdocs\\sistaff\\app\\Views\\pages\\kwitansi.php')
 3 SYSTEMPATH\View\View.php(231): CodeIgniter\View\View->CodeIgniter\View\{closure}()
 4 SYSTEMPATH\Common.php(1190): CodeIgniter\View\View->render('pages/kwitansi', [], true)
 5 APPPATH\Controllers\Page.php(39): view('pages/kwitansi', [...])
 6 SYSTEMPATH\CodeIgniter.php(942): App\Controllers\Page->save()
 7 SYSTEMPATH\CodeIgniter.php(502): CodeIgniter\CodeIgniter->runController(Object(App\Controllers\Page))
 8 SYSTEMPATH\CodeIgniter.php(361): CodeIgniter\CodeIgniter->handleRequest(null, Object(Config\Cache), false)
 9 FCPATH\index.php(79): CodeIgniter\CodeIgniter->run()
10 SYSTEMPATH\Commands\Server\rewrite.php(47): require_once('C:\\xampp\\htdocs\\sistaff\\public\\index.php')
CRITICAL - 2024-01-05 20:58:00 --> Undefined variable $data
in APPPATH\Views\pages\kwitansi.php on line 15.
 1 APPPATH\Views\pages\kwitansi.php(15): CodeIgniter\Debug\Exceptions->errorHandler(2, 'Undefined variable $data', 'C:\\xampp\\htdocs\\sistaff\\app\\Views\\pages\\kwitansi.php', 15)
 2 SYSTEMPATH\View\View.php(228): include('C:\\xampp\\htdocs\\sistaff\\app\\Views\\pages\\kwitansi.php')
 3 SYSTEMPATH\View\View.php(231): CodeIgniter\View\View->CodeIgniter\View\{closure}()
 4 SYSTEMPATH\Common.php(1190): CodeIgniter\View\View->render('pages/kwitansi', [], true)
 5 APPPATH\Controllers\Page.php(39): view('pages/kwitansi')
 6 SYSTEMPATH\CodeIgniter.php(942): App\Controllers\Page->save()
 7 SYSTEMPATH\CodeIgniter.php(502): CodeIgniter\CodeIgniter->runController(Object(App\Controllers\Page))
 8 SYSTEMPATH\CodeIgniter.php(361): CodeIgniter\CodeIgniter->handleRequest(null, Object(Config\Cache), false)
 9 FCPATH\index.php(79): CodeIgniter\CodeIgniter->run()
10 SYSTEMPATH\Commands\Server\rewrite.php(47): require_once('C:\\xampp\\htdocs\\sistaff\\public\\index.php')
CRITICAL - 2024-01-05 21:01:06 --> Undefined variable $data
in APPPATH\Views\pages\kwitansi.php on line 9.
 1 APPPATH\Views\pages\kwitansi.php(9): CodeIgniter\Debug\Exceptions->errorHandler(2, 'Undefined variable $data', 'C:\\xampp\\htdocs\\sistaff\\app\\Views\\pages\\kwitansi.php', 9)
 2 SYSTEMPATH\View\View.php(228): include('C:\\xampp\\htdocs\\sistaff\\app\\Views\\pages\\kwitansi.php')
 3 SYSTEMPATH\View\View.php(231): CodeIgniter\View\View->CodeIgniter\View\{closure}()
 4 SYSTEMPATH\Common.php(1190): CodeIgniter\View\View->render('pages/kwitansi', [], true)
 5 APPPATH\Controllers\Page.php(39): view('pages/kwitansi', [...])
 6 SYSTEMPATH\CodeIgniter.php(942): App\Controllers\Page->save()
 7 SYSTEMPATH\CodeIgniter.php(502): CodeIgniter\CodeIgniter->runController(Object(App\Controllers\Page))
 8 SYSTEMPATH\CodeIgniter.php(361): CodeIgniter\CodeIgniter->handleRequest(null, Object(Config\Cache), false)
 9 FCPATH\index.php(79): CodeIgniter\CodeIgniter->run()
10 SYSTEMPATH\Commands\Server\rewrite.php(47): require_once('C:\\xampp\\htdocs\\sistaff\\public\\index.php')
CRITICAL - 2024-01-05 21:01:30 --> Undefined variable $data
in APPPATH\Views\pages\kwitansi.php on line 9.
 1 APPPATH\Views\pages\kwitansi.php(9): CodeIgniter\Debug\Exceptions->errorHandler(2, 'Undefined variable $data', 'C:\\xampp\\htdocs\\sistaff\\app\\Views\\pages\\kwitansi.php', 9)
 2 SYSTEMPATH\View\View.php(228): include('C:\\xampp\\htdocs\\sistaff\\app\\Views\\pages\\kwitansi.php')
 3 SYSTEMPATH\View\View.php(231): CodeIgniter\View\View->CodeIgniter\View\{closure}()
 4 SYSTEMPATH\Common.php(1190): CodeIgniter\View\View->render('pages/kwitansi', [], true)
 5 APPPATH\Controllers\Page.php(39): view('pages/kwitansi', [...])
 6 SYSTEMPATH\CodeIgniter.php(942): App\Controllers\Page->save()
 7 SYSTEMPATH\CodeIgniter.php(502): CodeIgniter\CodeIgniter->runController(Object(App\Controllers\Page))
 8 SYSTEMPATH\CodeIgniter.php(361): CodeIgniter\CodeIgniter->handleRequest(null, Object(Config\Cache), false)
 9 FCPATH\index.php(79): CodeIgniter\CodeIgniter->run()
10 SYSTEMPATH\Commands\Server\rewrite.php(47): require_once('C:\\xampp\\htdocs\\sistaff\\public\\index.php')
CRITICAL - 2024-01-05 21:11:03 --> Undefined variable $postModel
in APPPATH\Views\pages\kwitansi.php on line 6.
 1 APPPATH\Views\pages\kwitansi.php(6): CodeIgniter\Debug\Exceptions->errorHandler(2, 'Undefined variable $postModel', 'C:\\xampp\\htdocs\\sistaff\\app\\Views\\pages\\kwitansi.php', 6)
 2 SYSTEMPATH\View\View.php(228): include('C:\\xampp\\htdocs\\sistaff\\app\\Views\\pages\\kwitansi.php')
 3 SYSTEMPATH\View\View.php(231): CodeIgniter\View\View->CodeIgniter\View\{closure}()
 4 SYSTEMPATH\Common.php(1190): CodeIgniter\View\View->render('pages/kwitansi', [], true)
 5 APPPATH\Controllers\Page.php(37): view('pages/kwitansi')
 6 SYSTEMPATH\CodeIgniter.php(942): App\Controllers\Page->save()
 7 SYSTEMPATH\CodeIgniter.php(502): CodeIgniter\CodeIgniter->runController(Object(App\Controllers\Page))
 8 SYSTEMPATH\CodeIgniter.php(361): CodeIgniter\CodeIgniter->handleRequest(null, Object(Config\Cache), false)
 9 FCPATH\index.php(79): CodeIgniter\CodeIgniter->run()
10 SYSTEMPATH\Commands\Server\rewrite.php(47): require_once('C:\\xampp\\htdocs\\sistaff\\public\\index.php')
CRITICAL - 2024-01-05 21:11:26 --> Undefined variable $santriModel
in APPPATH\Views\pages\kwitansi.php on line 6.
 1 APPPATH\Views\pages\kwitansi.php(6): CodeIgniter\Debug\Exceptions->errorHandler(2, 'Undefined variable $santriModel', 'C:\\xampp\\htdocs\\sistaff\\app\\Views\\pages\\kwitansi.php', 6)
 2 SYSTEMPATH\View\View.php(228): include('C:\\xampp\\htdocs\\sistaff\\app\\Views\\pages\\kwitansi.php')
 3 SYSTEMPATH\View\View.php(231): CodeIgniter\View\View->CodeIgniter\View\{closure}()
 4 SYSTEMPATH\Common.php(1190): CodeIgniter\View\View->render('pages/kwitansi', [], true)
 5 APPPATH\Controllers\Page.php(37): view('pages/kwitansi')
 6 SYSTEMPATH\CodeIgniter.php(942): App\Controllers\Page->save()
 7 SYSTEMPATH\CodeIgniter.php(502): CodeIgniter\CodeIgniter->runController(Object(App\Controllers\Page))
 8 SYSTEMPATH\CodeIgniter.php(361): CodeIgniter\CodeIgniter->handleRequest(null, Object(Config\Cache), false)
 9 FCPATH\index.php(79): CodeIgniter\CodeIgniter->run()
10 SYSTEMPATH\Commands\Server\rewrite.php(47): require_once('C:\\xampp\\htdocs\\sistaff\\public\\index.php')
CRITICAL - 2024-01-05 21:11:40 --> Undefined variable $santriModel
in APPPATH\Views\pages\kwitansi.php on line 6.
 1 APPPATH\Views\pages\kwitansi.php(6): CodeIgniter\Debug\Exceptions->errorHandler(2, 'Undefined variable $santriModel', 'C:\\xampp\\htdocs\\sistaff\\app\\Views\\pages\\kwitansi.php', 6)
 2 SYSTEMPATH\View\View.php(228): include('C:\\xampp\\htdocs\\sistaff\\app\\Views\\pages\\kwitansi.php')
 3 SYSTEMPATH\View\View.php(231): CodeIgniter\View\View->CodeIgniter\View\{closure}()
 4 SYSTEMPATH\Common.php(1190): CodeIgniter\View\View->render('pages/kwitansi', [], true)
 5 APPPATH\Controllers\Page.php(37): view('pages/kwitansi')
 6 SYSTEMPATH\CodeIgniter.php(942): App\Controllers\Page->save()
 7 SYSTEMPATH\CodeIgniter.php(502): CodeIgniter\CodeIgniter->runController(Object(App\Controllers\Page))
 8 SYSTEMPATH\CodeIgniter.php(361): CodeIgniter\CodeIgniter->handleRequest(null, Object(Config\Cache), false)
 9 FCPATH\index.php(79): CodeIgniter\CodeIgniter->run()
10 SYSTEMPATH\Commands\Server\rewrite.php(47): require_once('C:\\xampp\\htdocs\\sistaff\\public\\index.php')
CRITICAL - 2024-01-05 21:13:12 --> Cannot access offset of type string on string
in APPPATH\Views\pages\kwitansi.php on line 31.
 1 SYSTEMPATH\View\View.php(228): include()
 2 SYSTEMPATH\View\View.php(231): CodeIgniter\View\View->CodeIgniter\View\{closure}()
 3 SYSTEMPATH\Common.php(1190): CodeIgniter\View\View->render('pages/kwitansi', [], true)
 4 APPPATH\Controllers\Page.php(37): view('pages/kwitansi')
 5 SYSTEMPATH\CodeIgniter.php(942): App\Controllers\Page->save()
 6 SYSTEMPATH\CodeIgniter.php(502): CodeIgniter\CodeIgniter->runController(Object(App\Controllers\Page))
 7 SYSTEMPATH\CodeIgniter.php(361): CodeIgniter\CodeIgniter->handleRequest(null, Object(Config\Cache), false)
 8 FCPATH\index.php(79): CodeIgniter\CodeIgniter->run()
 9 SYSTEMPATH\Commands\Server\rewrite.php(47): require_once('C:\\xampp\\htdocs\\sistaff\\public\\index.php')
CRITICAL - 2024-01-05 21:36:43 --> Trying to access array offset on value of type null
in APPPATH\Views\pages\kwitansi.php on line 51.
 1 APPPATH\Views\pages\kwitansi.php(51): CodeIgniter\Debug\Exceptions->errorHandler(2, 'Trying to access array offset on value of type null', 'C:\\xampp\\htdocs\\sistaff\\app\\Views\\pages\\kwitansi.php', 51)
 2 SYSTEMPATH\View\View.php(228): include('C:\\xampp\\htdocs\\sistaff\\app\\Views\\pages\\kwitansi.php')
 3 SYSTEMPATH\View\View.php(231): CodeIgniter\View\View->CodeIgniter\View\{closure}()
 4 SYSTEMPATH\Common.php(1190): CodeIgniter\View\View->render('pages/kwitansi', [], true)
 5 APPPATH\Controllers\Page.php(37): view('pages/kwitansi')
 6 SYSTEMPATH\CodeIgniter.php(942): App\Controllers\Page->save()
 7 SYSTEMPATH\CodeIgniter.php(502): CodeIgniter\CodeIgniter->runController(Object(App\Controllers\Page))
 8 SYSTEMPATH\CodeIgniter.php(361): CodeIgniter\CodeIgniter->handleRequest(null, Object(Config\Cache), false)
 9 FCPATH\index.php(79): CodeIgniter\CodeIgniter->run()
10 SYSTEMPATH\Commands\Server\rewrite.php(47): require_once('C:\\xampp\\htdocs\\sistaff\\public\\index.php')
CRITICAL - 2024-01-05 21:44:20 --> Undefined variable $postModel
in APPPATH\Views\pages\kwitansi.php on line 8.
 1 APPPATH\Views\pages\kwitansi.php(8): CodeIgniter\Debug\Exceptions->errorHandler(2, 'Undefined variable $postModel', 'C:\\xampp\\htdocs\\sistaff\\app\\Views\\pages\\kwitansi.php', 8)
 2 SYSTEMPATH\View\View.php(228): include('C:\\xampp\\htdocs\\sistaff\\app\\Views\\pages\\kwitansi.php')
 3 SYSTEMPATH\View\View.php(231): CodeIgniter\View\View->CodeIgniter\View\{closure}()
 4 SYSTEMPATH\Common.php(1190): CodeIgniter\View\View->render('pages/kwitansi', [], true)
 5 APPPATH\Controllers\Page.php(37): view('pages/kwitansi')
 6 SYSTEMPATH\CodeIgniter.php(942): App\Controllers\Page->save()
 7 SYSTEMPATH\CodeIgniter.php(502): CodeIgniter\CodeIgniter->runController(Object(App\Controllers\Page))
 8 SYSTEMPATH\CodeIgniter.php(361): CodeIgniter\CodeIgniter->handleRequest(null, Object(Config\Cache), false)
 9 FCPATH\index.php(79): CodeIgniter\CodeIgniter->run()
10 SYSTEMPATH\Commands\Server\rewrite.php(47): require_once('C:\\xampp\\htdocs\\sistaff\\public\\index.php')
CRITICAL - 2024-01-05 21:46:47 --> Trying to access array offset on value of type null
in APPPATH\Views\pages\kwitansi.php on line 51.
 1 APPPATH\Views\pages\kwitansi.php(51): CodeIgniter\Debug\Exceptions->errorHandler(2, 'Trying to access array offset on value of type null', 'C:\\xampp\\htdocs\\sistaff\\app\\Views\\pages\\kwitansi.php', 51)
 2 SYSTEMPATH\View\View.php(228): include('C:\\xampp\\htdocs\\sistaff\\app\\Views\\pages\\kwitansi.php')
 3 SYSTEMPATH\View\View.php(231): CodeIgniter\View\View->CodeIgniter\View\{closure}()
 4 SYSTEMPATH\Common.php(1190): CodeIgniter\View\View->render('pages/kwitansi', [], true)
 5 APPPATH\Controllers\Page.php(37): view('pages/kwitansi')
 6 SYSTEMPATH\CodeIgniter.php(942): App\Controllers\Page->save()
 7 SYSTEMPATH\CodeIgniter.php(502): CodeIgniter\CodeIgniter->runController(Object(App\Controllers\Page))
 8 SYSTEMPATH\CodeIgniter.php(361): CodeIgniter\CodeIgniter->handleRequest(null, Object(Config\Cache), false)
 9 FCPATH\index.php(79): CodeIgniter\CodeIgniter->run()
10 SYSTEMPATH\Commands\Server\rewrite.php(47): require_once('C:\\xampp\\htdocs\\sistaff\\public\\index.php')
CRITICAL - 2024-01-05 21:52:05 --> Undefined array key "kelas"
in APPPATH\Views\pages\kwitansi.php on line 33.
 1 APPPATH\Views\pages\kwitansi.php(33): CodeIgniter\Debug\Exceptions->errorHandler(2, 'Undefined array key "kelas"', 'C:\\xampp\\htdocs\\sistaff\\app\\Views\\pages\\kwitansi.php', 33)
 2 SYSTEMPATH\View\View.php(228): include('C:\\xampp\\htdocs\\sistaff\\app\\Views\\pages\\kwitansi.php')
 3 SYSTEMPATH\View\View.php(231): CodeIgniter\View\View->CodeIgniter\View\{closure}()
 4 SYSTEMPATH\Common.php(1190): CodeIgniter\View\View->render('pages/kwitansi', [], true)
 5 APPPATH\Controllers\Page.php(37): view('pages/kwitansi')
 6 SYSTEMPATH\CodeIgniter.php(942): App\Controllers\Page->save()
 7 SYSTEMPATH\CodeIgniter.php(502): CodeIgniter\CodeIgniter->runController(Object(App\Controllers\Page))
 8 SYSTEMPATH\CodeIgniter.php(361): CodeIgniter\CodeIgniter->handleRequest(null, Object(Config\Cache), false)
 9 FCPATH\index.php(79): CodeIgniter\CodeIgniter->run()
10 SYSTEMPATH\Commands\Server\rewrite.php(47): require_once('C:\\xampp\\htdocs\\sistaff\\public\\index.php')
CRITICAL - 2024-01-05 21:52:41 --> Undefined array key "kelas"
in APPPATH\Views\pages\kwitansi.php on line 33.
 1 APPPATH\Views\pages\kwitansi.php(33): CodeIgniter\Debug\Exceptions->errorHandler(2, 'Undefined array key "kelas"', 'C:\\xampp\\htdocs\\sistaff\\app\\Views\\pages\\kwitansi.php', 33)
 2 SYSTEMPATH\View\View.php(228): include('C:\\xampp\\htdocs\\sistaff\\app\\Views\\pages\\kwitansi.php')
 3 SYSTEMPATH\View\View.php(231): CodeIgniter\View\View->CodeIgniter\View\{closure}()
 4 SYSTEMPATH\Common.php(1190): CodeIgniter\View\View->render('pages/kwitansi', [], true)
 5 APPPATH\Controllers\Page.php(37): view('pages/kwitansi')
 6 SYSTEMPATH\CodeIgniter.php(942): App\Controllers\Page->save()
 7 SYSTEMPATH\CodeIgniter.php(502): CodeIgniter\CodeIgniter->runController(Object(App\Controllers\Page))
 8 SYSTEMPATH\CodeIgniter.php(361): CodeIgniter\CodeIgniter->handleRequest(null, Object(Config\Cache), false)
 9 FCPATH\index.php(79): CodeIgniter\CodeIgniter->run()
10 SYSTEMPATH\Commands\Server\rewrite.php(47): require_once('C:\\xampp\\htdocs\\sistaff\\public\\index.php')
CRITICAL - 2024-01-05 21:52:51 --> syntax error, unexpected token ";"
in APPPATH\Views\pages\kwitansi.php on line 33.
 1 SYSTEMPATH\View\View.php(231): CodeIgniter\View\View->CodeIgniter\View\{closure}()
 2 SYSTEMPATH\Common.php(1190): CodeIgniter\View\View->render('pages/kwitansi', [], true)
 3 APPPATH\Controllers\Page.php(37): view('pages/kwitansi')
 4 SYSTEMPATH\CodeIgniter.php(942): App\Controllers\Page->save()
 5 SYSTEMPATH\CodeIgniter.php(502): CodeIgniter\CodeIgniter->runController(Object(App\Controllers\Page))
 6 SYSTEMPATH\CodeIgniter.php(361): CodeIgniter\CodeIgniter->handleRequest(null, Object(Config\Cache), false)
 7 FCPATH\index.php(79): CodeIgniter\CodeIgniter->run()
 8 SYSTEMPATH\Commands\Server\rewrite.php(47): require_once('C:\\xampp\\htdocs\\sistaff\\public\\index.php')
CRITICAL - 2024-01-05 21:53:10 --> Undefined array key "tunggakanspp"
in APPPATH\Views\pages\kwitansi.php on line 51.
 1 APPPATH\Views\pages\kwitansi.php(51): CodeIgniter\Debug\Exceptions->errorHandler(2, 'Undefined array key "tunggakanspp"', 'C:\\xampp\\htdocs\\sistaff\\app\\Views\\pages\\kwitansi.php', 51)
 2 SYSTEMPATH\View\View.php(228): include('C:\\xampp\\htdocs\\sistaff\\app\\Views\\pages\\kwitansi.php')
 3 SYSTEMPATH\View\View.php(231): CodeIgniter\View\View->CodeIgniter\View\{closure}()
 4 SYSTEMPATH\Common.php(1190): CodeIgniter\View\View->render('pages/kwitansi', [], true)
 5 APPPATH\Controllers\Page.php(37): view('pages/kwitansi')
 6 SYSTEMPATH\CodeIgniter.php(942): App\Controllers\Page->save()
 7 SYSTEMPATH\CodeIgniter.php(502): CodeIgniter\CodeIgniter->runController(Object(App\Controllers\Page))
 8 SYSTEMPATH\CodeIgniter.php(361): CodeIgniter\CodeIgniter->handleRequest(null, Object(Config\Cache), false)
 9 FCPATH\index.php(79): CodeIgniter\CodeIgniter->run()
10 SYSTEMPATH\Commands\Server\rewrite.php(47): require_once('C:\\xampp\\htdocs\\sistaff\\public\\index.php')
CRITICAL - 2024-01-05 23:57:52 --> require(vendor/autoload.php): Failed to open stream: No such file or directory
in APPPATH\Views\pages\kwitansi.php on line 82.
 1 APPPATH\Views\pages\kwitansi.php(82): CodeIgniter\Debug\Exceptions->errorHandler(2, 'require(vendor/autoload.php): Failed to open stream: No such file or directory', 'C:\\xampp\\htdocs\\sistaff\\app\\Views\\pages\\kwitansi.php', 82)
 2 APPPATH\Views\pages\kwitansi.php(82): require()
 3 SYSTEMPATH\View\View.php(228): include('C:\\xampp\\htdocs\\sistaff\\app\\Views\\pages\\kwitansi.php')
 4 SYSTEMPATH\View\View.php(231): CodeIgniter\View\View->CodeIgniter\View\{closure}()
 5 SYSTEMPATH\Common.php(1190): CodeIgniter\View\View->render('pages/kwitansi', [], true)
 6 APPPATH\Controllers\Page.php(37): view('pages/kwitansi')
 7 SYSTEMPATH\CodeIgniter.php(942): App\Controllers\Page->save()
 8 SYSTEMPATH\CodeIgniter.php(502): CodeIgniter\CodeIgniter->runController(Object(App\Controllers\Page))
 9 SYSTEMPATH\CodeIgniter.php(361): CodeIgniter\CodeIgniter->handleRequest(null, Object(Config\Cache), false)
10 FCPATH\index.php(79): CodeIgniter\CodeIgniter->run()
11 SYSTEMPATH\Commands\Server\rewrite.php(47): require_once('C:\\xampp\\htdocs\\sistaff\\public\\index.php')
CRITICAL - 2024-01-05 23:58:54 --> require(/vendor/autoload.php): Failed to open stream: No such file or directory
in APPPATH\Views\pages\kwitansi.php on line 82.
 1 APPPATH\Views\pages\kwitansi.php(82): CodeIgniter\Debug\Exceptions->errorHandler(2, 'require(/vendor/autoload.php): Failed to open stream: No such file or directory', 'C:\\xampp\\htdocs\\sistaff\\app\\Views\\pages\\kwitansi.php', 82)
 2 APPPATH\Views\pages\kwitansi.php(82): require()
 3 SYSTEMPATH\View\View.php(228): include('C:\\xampp\\htdocs\\sistaff\\app\\Views\\pages\\kwitansi.php')
 4 SYSTEMPATH\View\View.php(231): CodeIgniter\View\View->CodeIgniter\View\{closure}()
 5 SYSTEMPATH\Common.php(1190): CodeIgniter\View\View->render('pages/kwitansi', [], true)
 6 APPPATH\Controllers\Page.php(37): view('pages/kwitansi')
 7 SYSTEMPATH\CodeIgniter.php(942): App\Controllers\Page->save()
 8 SYSTEMPATH\CodeIgniter.php(502): CodeIgniter\CodeIgniter->runController(Object(App\Controllers\Page))
 9 SYSTEMPATH\CodeIgniter.php(361): CodeIgniter\CodeIgniter->handleRequest(null, Object(Config\Cache), false)
10 FCPATH\index.php(79): CodeIgniter\CodeIgniter->run()
11 SYSTEMPATH\Commands\Server\rewrite.php(47): require_once('C:\\xampp\\htdocs\\sistaff\\public\\index.php')
CRITICAL - 2024-01-05 23:59:30 --> require(./vendor/autoload.php): Failed to open stream: No such file or directory
in APPPATH\Views\pages\kwitansi.php on line 82.
 1 APPPATH\Views\pages\kwitansi.php(82): CodeIgniter\Debug\Exceptions->errorHandler(2, 'require(./vendor/autoload.php): Failed to open stream: No such file or directory', 'C:\\xampp\\htdocs\\sistaff\\app\\Views\\pages\\kwitansi.php', 82)
 2 APPPATH\Views\pages\kwitansi.php(82): require()
 3 SYSTEMPATH\View\View.php(228): include('C:\\xampp\\htdocs\\sistaff\\app\\Views\\pages\\kwitansi.php')
 4 SYSTEMPATH\View\View.php(231): CodeIgniter\View\View->CodeIgniter\View\{closure}()
 5 SYSTEMPATH\Common.php(1190): CodeIgniter\View\View->render('pages/kwitansi', [], true)
 6 APPPATH\Controllers\Page.php(37): view('pages/kwitansi')
 7 SYSTEMPATH\CodeIgniter.php(942): App\Controllers\Page->save()
 8 SYSTEMPATH\CodeIgniter.php(502): CodeIgniter\CodeIgniter->runController(Object(App\Controllers\Page))
 9 SYSTEMPATH\CodeIgniter.php(361): CodeIgniter\CodeIgniter->handleRequest(null, Object(Config\Cache), false)
10 FCPATH\index.php(79): CodeIgniter\CodeIgniter->run()
11 SYSTEMPATH\Commands\Server\rewrite.php(47): require_once('C:\\xampp\\htdocs\\sistaff\\public\\index.php')
