CRITICAL - 2025-07-26 16:44:37 --> syntax error, unexpected end of file
in APPPATH/Views/guru/jadwal.php on line 318.
 1 SYSTEMPATH/View/View.php(231): CodeIgniter\View\View->CodeIgniter\View\{closure}()
 2 SYSTEMPATH/Common.php(1190): CodeIgniter\View\View->render()
 3 APPPATH/Controllers/Guru.php(153): view()
 4 SYSTEMPATH/CodeIgniter.php(942): App\Controllers\Guru->jadwal()
 5 SYSTEMPATH/CodeIgniter.php(502): CodeIgniter\CodeIgniter->runController()
 6 SYSTEMPATH/CodeIgniter.php(361): CodeIgniter\CodeIgniter->handleRequest()
 7 FCPATH/index.php(79): CodeIgniter\CodeIgniter->run()
CRITICAL - 2025-07-26 16:44:38 --> syntax error, unexpected end of file
in APPPATH/Views/guru/jadwal.php on line 318.
 1 SYSTEMPATH/View/View.php(231): CodeIgniter\View\View->CodeIgniter\View\{closure}()
 2 SYSTEMPATH/Common.php(1190): CodeIgniter\View\View->render()
 3 APPPATH/Controllers/Guru.php(153): view()
 4 SYSTEMPATH/CodeIgniter.php(942): App\Controllers\Guru->jadwal()
 5 SYSTEMPATH/CodeIgniter.php(502): CodeIgniter\CodeIgniter->runController()
 6 SYSTEMPATH/CodeIgniter.php(361): CodeIgniter\CodeIgniter->handleRequest()
 7 FCPATH/index.php(79): CodeIgniter\CodeIgniter->run()
CRITICAL - 2025-07-26 16:44:40 --> syntax error, unexpected end of file
in APPPATH/Views/guru/jadwal.php on line 318.
 1 SYSTEMPATH/View/View.php(231): CodeIgniter\View\View->CodeIgniter\View\{closure}()
 2 SYSTEMPATH/Common.php(1190): CodeIgniter\View\View->render()
 3 APPPATH/Controllers/Guru.php(153): view()
 4 SYSTEMPATH/CodeIgniter.php(942): App\Controllers\Guru->jadwal()
 5 SYSTEMPATH/CodeIgniter.php(502): CodeIgniter\CodeIgniter->runController()
 6 SYSTEMPATH/CodeIgniter.php(361): CodeIgniter\CodeIgniter->handleRequest()
 7 FCPATH/index.php(79): CodeIgniter\CodeIgniter->run()
CRITICAL - 2025-07-26 16:45:10 --> syntax error, unexpected end of file
in APPPATH/Views/guru/jadwal.php on line 318.
 1 SYSTEMPATH/View/View.php(231): CodeIgniter\View\View->CodeIgniter\View\{closure}()
 2 SYSTEMPATH/Common.php(1190): CodeIgniter\View\View->render()
 3 APPPATH/Controllers/Guru.php(153): view()
 4 SYSTEMPATH/CodeIgniter.php(942): App\Controllers\Guru->jadwal()
 5 SYSTEMPATH/CodeIgniter.php(502): CodeIgniter\CodeIgniter->runController()
 6 SYSTEMPATH/CodeIgniter.php(361): CodeIgniter\CodeIgniter->handleRequest()
 7 FCPATH/index.php(79): CodeIgniter\CodeIgniter->run()
CRITICAL - 2025-07-26 16:45:11 --> syntax error, unexpected end of file
in APPPATH/Views/guru/jadwal.php on line 318.
 1 SYSTEMPATH/View/View.php(231): CodeIgniter\View\View->CodeIgniter\View\{closure}()
 2 SYSTEMPATH/Common.php(1190): CodeIgniter\View\View->render()
 3 APPPATH/Controllers/Guru.php(153): view()
 4 SYSTEMPATH/CodeIgniter.php(942): App\Controllers\Guru->jadwal()
 5 SYSTEMPATH/CodeIgniter.php(502): CodeIgniter\CodeIgniter->runController()
 6 SYSTEMPATH/CodeIgniter.php(361): CodeIgniter\CodeIgniter->handleRequest()
 7 FCPATH/index.php(79): CodeIgniter\CodeIgniter->run()
CRITICAL - 2025-07-26 16:45:27 --> syntax error, unexpected end of file
in APPPATH/Views/guru/jadwal.php on line 318.
 1 SYSTEMPATH/View/View.php(231): CodeIgniter\View\View->CodeIgniter\View\{closure}()
 2 SYSTEMPATH/Common.php(1190): CodeIgniter\View\View->render()
 3 APPPATH/Controllers/Guru.php(153): view()
 4 SYSTEMPATH/CodeIgniter.php(942): App\Controllers\Guru->jadwal()
 5 SYSTEMPATH/CodeIgniter.php(502): CodeIgniter\CodeIgniter->runController()
 6 SYSTEMPATH/CodeIgniter.php(361): CodeIgniter\CodeIgniter->handleRequest()
 7 FCPATH/index.php(79): CodeIgniter\CodeIgniter->run()
INFO - 2025-07-26 16:48:41 --> Session: Class initialized using 'CodeIgniter\Session\Handlers\FileHandler' driver.
WARNING - 2025-07-26 16:48:41 --> [DEPRECATED] Creation of dynamic property App\Controllers\Guru::$mapelModel is deprecated in APPPATH/Controllers/Guru.php on line 21.
 1 SYSTEMPATH/CodeIgniter.php(914): App\Controllers\Guru->__construct()
 2 SYSTEMPATH/CodeIgniter.php(493): CodeIgniter\CodeIgniter->createController()
 3 SYSTEMPATH/CodeIgniter.php(361): CodeIgniter\CodeIgniter->handleRequest(null, Object(Config\Cache), false)
 4 FCPATH/index.php(79): CodeIgniter\CodeIgniter->run()
WARNING - 2025-07-26 16:48:41 --> [DEPRECATED] Creation of dynamic property App\Controllers\Guru::$kelasModel is deprecated in APPPATH/Controllers/Guru.php on line 22.
 1 SYSTEMPATH/CodeIgniter.php(914): App\Controllers\Guru->__construct()
 2 SYSTEMPATH/CodeIgniter.php(493): CodeIgniter\CodeIgniter->createController()
 3 SYSTEMPATH/CodeIgniter.php(361): CodeIgniter\CodeIgniter->handleRequest(null, Object(Config\Cache), false)
 4 FCPATH/index.php(79): CodeIgniter\CodeIgniter->run()
WARNING - 2025-07-26 16:48:41 --> [DEPRECATED] Creation of dynamic property App\Controllers\Guru::$hariModel is deprecated in APPPATH/Controllers/Guru.php on line 23.
 1 SYSTEMPATH/CodeIgniter.php(914): App\Controllers\Guru->__construct()
 2 SYSTEMPATH/CodeIgniter.php(493): CodeIgniter\CodeIgniter->createController()
 3 SYSTEMPATH/CodeIgniter.php(361): CodeIgniter\CodeIgniter->handleRequest(null, Object(Config\Cache), false)
 4 FCPATH/index.php(79): CodeIgniter\CodeIgniter->run()
WARNING - 2025-07-26 16:48:41 --> [DEPRECATED] Creation of dynamic property App\Controllers\Guru::$jadwalModel is deprecated in APPPATH/Controllers/Guru.php on line 24.
 1 SYSTEMPATH/CodeIgniter.php(914): App\Controllers\Guru->__construct()
 2 SYSTEMPATH/CodeIgniter.php(493): CodeIgniter\CodeIgniter->createController()
 3 SYSTEMPATH/CodeIgniter.php(361): CodeIgniter\CodeIgniter->handleRequest(null, Object(Config\Cache), false)
 4 FCPATH/index.php(79): CodeIgniter\CodeIgniter->run()
WARNING - 2025-07-26 16:48:41 --> [DEPRECATED] Creation of dynamic property App\Controllers\Guru::$guruMapelModel is deprecated in APPPATH/Controllers/Guru.php on line 25.
 1 SYSTEMPATH/CodeIgniter.php(914): App\Controllers\Guru->__construct()
 2 SYSTEMPATH/CodeIgniter.php(493): CodeIgniter\CodeIgniter->createController()
 3 SYSTEMPATH/CodeIgniter.php(361): CodeIgniter\CodeIgniter->handleRequest(null, Object(Config\Cache), false)
 4 FCPATH/index.php(79): CodeIgniter\CodeIgniter->run()
WARNING - 2025-07-26 16:48:41 --> [DEPRECATED] Creation of dynamic property App\Controllers\Guru::$slotModel is deprecated in APPPATH/Controllers/Guru.php on line 26.
 1 SYSTEMPATH/CodeIgniter.php(914): App\Controllers\Guru->__construct()
 2 SYSTEMPATH/CodeIgniter.php(493): CodeIgniter\CodeIgniter->createController()
 3 SYSTEMPATH/CodeIgniter.php(361): CodeIgniter\CodeIgniter->handleRequest(null, Object(Config\Cache), false)
 4 FCPATH/index.php(79): CodeIgniter\CodeIgniter->run()
INFO - 2025-07-26 16:48:42 --> Session: Class initialized using 'CodeIgniter\Session\Handlers\FileHandler' driver.
WARNING - 2025-07-26 16:48:42 --> [DEPRECATED] Creation of dynamic property App\Controllers\Guru::$mapelModel is deprecated in APPPATH/Controllers/Guru.php on line 21.
 1 SYSTEMPATH/CodeIgniter.php(914): App\Controllers\Guru->__construct()
 2 SYSTEMPATH/CodeIgniter.php(493): CodeIgniter\CodeIgniter->createController()
 3 SYSTEMPATH/CodeIgniter.php(361): CodeIgniter\CodeIgniter->handleRequest(null, Object(Config\Cache), false)
 4 FCPATH/index.php(79): CodeIgniter\CodeIgniter->run()
WARNING - 2025-07-26 16:48:42 --> [DEPRECATED] Creation of dynamic property App\Controllers\Guru::$kelasModel is deprecated in APPPATH/Controllers/Guru.php on line 22.
 1 SYSTEMPATH/CodeIgniter.php(914): App\Controllers\Guru->__construct()
 2 SYSTEMPATH/CodeIgniter.php(493): CodeIgniter\CodeIgniter->createController()
 3 SYSTEMPATH/CodeIgniter.php(361): CodeIgniter\CodeIgniter->handleRequest(null, Object(Config\Cache), false)
 4 FCPATH/index.php(79): CodeIgniter\CodeIgniter->run()
WARNING - 2025-07-26 16:48:42 --> [DEPRECATED] Creation of dynamic property App\Controllers\Guru::$hariModel is deprecated in APPPATH/Controllers/Guru.php on line 23.
 1 SYSTEMPATH/CodeIgniter.php(914): App\Controllers\Guru->__construct()
 2 SYSTEMPATH/CodeIgniter.php(493): CodeIgniter\CodeIgniter->createController()
 3 SYSTEMPATH/CodeIgniter.php(361): CodeIgniter\CodeIgniter->handleRequest(null, Object(Config\Cache), false)
 4 FCPATH/index.php(79): CodeIgniter\CodeIgniter->run()
WARNING - 2025-07-26 16:48:42 --> [DEPRECATED] Creation of dynamic property App\Controllers\Guru::$jadwalModel is deprecated in APPPATH/Controllers/Guru.php on line 24.
 1 SYSTEMPATH/CodeIgniter.php(914): App\Controllers\Guru->__construct()
 2 SYSTEMPATH/CodeIgniter.php(493): CodeIgniter\CodeIgniter->createController()
 3 SYSTEMPATH/CodeIgniter.php(361): CodeIgniter\CodeIgniter->handleRequest(null, Object(Config\Cache), false)
 4 FCPATH/index.php(79): CodeIgniter\CodeIgniter->run()
WARNING - 2025-07-26 16:48:42 --> [DEPRECATED] Creation of dynamic property App\Controllers\Guru::$guruMapelModel is deprecated in APPPATH/Controllers/Guru.php on line 25.
 1 SYSTEMPATH/CodeIgniter.php(914): App\Controllers\Guru->__construct()
 2 SYSTEMPATH/CodeIgniter.php(493): CodeIgniter\CodeIgniter->createController()
 3 SYSTEMPATH/CodeIgniter.php(361): CodeIgniter\CodeIgniter->handleRequest(null, Object(Config\Cache), false)
 4 FCPATH/index.php(79): CodeIgniter\CodeIgniter->run()
WARNING - 2025-07-26 16:48:42 --> [DEPRECATED] Creation of dynamic property App\Controllers\Guru::$slotModel is deprecated in APPPATH/Controllers/Guru.php on line 26.
 1 SYSTEMPATH/CodeIgniter.php(914): App\Controllers\Guru->__construct()
 2 SYSTEMPATH/CodeIgniter.php(493): CodeIgniter\CodeIgniter->createController()
 3 SYSTEMPATH/CodeIgniter.php(361): CodeIgniter\CodeIgniter->handleRequest(null, Object(Config\Cache), false)
 4 FCPATH/index.php(79): CodeIgniter\CodeIgniter->run()
CRITICAL - 2025-07-26 16:48:42 --> syntax error, unexpected end of file
in APPPATH/Views/guru/jadwal.php on line 318.
 1 SYSTEMPATH/View/View.php(231): CodeIgniter\View\View->CodeIgniter\View\{closure}()
 2 SYSTEMPATH/Common.php(1190): CodeIgniter\View\View->render()
 3 APPPATH/Controllers/Guru.php(153): view()
 4 SYSTEMPATH/CodeIgniter.php(942): App\Controllers\Guru->jadwal()
 5 SYSTEMPATH/CodeIgniter.php(502): CodeIgniter\CodeIgniter->runController()
 6 SYSTEMPATH/CodeIgniter.php(361): CodeIgniter\CodeIgniter->handleRequest()
 7 FCPATH/index.php(79): CodeIgniter\CodeIgniter->run()
INFO - 2025-07-26 17:21:17 --> Session: Class initialized using 'CodeIgniter\Session\Handlers\FileHandler' driver.
WARNING - 2025-07-26 17:21:17 --> [DEPRECATED] Creation of dynamic property App\Controllers\Guru::$mapelModel is deprecated in APPPATH/Controllers/Guru.php on line 21.
 1 SYSTEMPATH/CodeIgniter.php(914): App\Controllers\Guru->__construct()
 2 SYSTEMPATH/CodeIgniter.php(493): CodeIgniter\CodeIgniter->createController()
 3 SYSTEMPATH/CodeIgniter.php(361): CodeIgniter\CodeIgniter->handleRequest(null, Object(Config\Cache), false)
 4 FCPATH/index.php(79): CodeIgniter\CodeIgniter->run()
WARNING - 2025-07-26 17:21:17 --> [DEPRECATED] Creation of dynamic property App\Controllers\Guru::$kelasModel is deprecated in APPPATH/Controllers/Guru.php on line 22.
 1 SYSTEMPATH/CodeIgniter.php(914): App\Controllers\Guru->__construct()
 2 SYSTEMPATH/CodeIgniter.php(493): CodeIgniter\CodeIgniter->createController()
 3 SYSTEMPATH/CodeIgniter.php(361): CodeIgniter\CodeIgniter->handleRequest(null, Object(Config\Cache), false)
 4 FCPATH/index.php(79): CodeIgniter\CodeIgniter->run()
WARNING - 2025-07-26 17:21:17 --> [DEPRECATED] Creation of dynamic property App\Controllers\Guru::$hariModel is deprecated in APPPATH/Controllers/Guru.php on line 23.
 1 SYSTEMPATH/CodeIgniter.php(914): App\Controllers\Guru->__construct()
 2 SYSTEMPATH/CodeIgniter.php(493): CodeIgniter\CodeIgniter->createController()
 3 SYSTEMPATH/CodeIgniter.php(361): CodeIgniter\CodeIgniter->handleRequest(null, Object(Config\Cache), false)
 4 FCPATH/index.php(79): CodeIgniter\CodeIgniter->run()
WARNING - 2025-07-26 17:21:17 --> [DEPRECATED] Creation of dynamic property App\Controllers\Guru::$jadwalModel is deprecated in APPPATH/Controllers/Guru.php on line 24.
 1 SYSTEMPATH/CodeIgniter.php(914): App\Controllers\Guru->__construct()
 2 SYSTEMPATH/CodeIgniter.php(493): CodeIgniter\CodeIgniter->createController()
 3 SYSTEMPATH/CodeIgniter.php(361): CodeIgniter\CodeIgniter->handleRequest(null, Object(Config\Cache), false)
 4 FCPATH/index.php(79): CodeIgniter\CodeIgniter->run()
WARNING - 2025-07-26 17:21:17 --> [DEPRECATED] Creation of dynamic property App\Controllers\Guru::$guruMapelModel is deprecated in APPPATH/Controllers/Guru.php on line 25.
 1 SYSTEMPATH/CodeIgniter.php(914): App\Controllers\Guru->__construct()
 2 SYSTEMPATH/CodeIgniter.php(493): CodeIgniter\CodeIgniter->createController()
 3 SYSTEMPATH/CodeIgniter.php(361): CodeIgniter\CodeIgniter->handleRequest(null, Object(Config\Cache), false)
 4 FCPATH/index.php(79): CodeIgniter\CodeIgniter->run()
WARNING - 2025-07-26 17:21:17 --> [DEPRECATED] Creation of dynamic property App\Controllers\Guru::$slotModel is deprecated in APPPATH/Controllers/Guru.php on line 26.
 1 SYSTEMPATH/CodeIgniter.php(914): App\Controllers\Guru->__construct()
 2 SYSTEMPATH/CodeIgniter.php(493): CodeIgniter\CodeIgniter->createController()
 3 SYSTEMPATH/CodeIgniter.php(361): CodeIgniter\CodeIgniter->handleRequest(null, Object(Config\Cache), false)
 4 FCPATH/index.php(79): CodeIgniter\CodeIgniter->run()
CRITICAL - 2025-07-26 17:21:17 --> syntax error, unexpected end of file
in APPPATH/Views/guru/jadwal.php on line 318.
 1 SYSTEMPATH/View/View.php(231): CodeIgniter\View\View->CodeIgniter\View\{closure}()
 2 SYSTEMPATH/Common.php(1190): CodeIgniter\View\View->render()
 3 APPPATH/Controllers/Guru.php(153): view()
 4 SYSTEMPATH/CodeIgniter.php(942): App\Controllers\Guru->jadwal()
 5 SYSTEMPATH/CodeIgniter.php(502): CodeIgniter\CodeIgniter->runController()
 6 SYSTEMPATH/CodeIgniter.php(361): CodeIgniter\CodeIgniter->handleRequest()
 7 FCPATH/index.php(79): CodeIgniter\CodeIgniter->run()
INFO - 2025-07-26 17:21:18 --> Session: Class initialized using 'CodeIgniter\Session\Handlers\FileHandler' driver.
WARNING - 2025-07-26 17:21:18 --> [DEPRECATED] Creation of dynamic property App\Controllers\Guru::$mapelModel is deprecated in APPPATH/Controllers/Guru.php on line 21.
 1 SYSTEMPATH/CodeIgniter.php(914): App\Controllers\Guru->__construct()
 2 SYSTEMPATH/CodeIgniter.php(493): CodeIgniter\CodeIgniter->createController()
 3 SYSTEMPATH/CodeIgniter.php(361): CodeIgniter\CodeIgniter->handleRequest(null, Object(Config\Cache), false)
 4 FCPATH/index.php(79): CodeIgniter\CodeIgniter->run()
WARNING - 2025-07-26 17:21:18 --> [DEPRECATED] Creation of dynamic property App\Controllers\Guru::$kelasModel is deprecated in APPPATH/Controllers/Guru.php on line 22.
 1 SYSTEMPATH/CodeIgniter.php(914): App\Controllers\Guru->__construct()
 2 SYSTEMPATH/CodeIgniter.php(493): CodeIgniter\CodeIgniter->createController()
 3 SYSTEMPATH/CodeIgniter.php(361): CodeIgniter\CodeIgniter->handleRequest(null, Object(Config\Cache), false)
 4 FCPATH/index.php(79): CodeIgniter\CodeIgniter->run()
WARNING - 2025-07-26 17:21:18 --> [DEPRECATED] Creation of dynamic property App\Controllers\Guru::$hariModel is deprecated in APPPATH/Controllers/Guru.php on line 23.
 1 SYSTEMPATH/CodeIgniter.php(914): App\Controllers\Guru->__construct()
 2 SYSTEMPATH/CodeIgniter.php(493): CodeIgniter\CodeIgniter->createController()
 3 SYSTEMPATH/CodeIgniter.php(361): CodeIgniter\CodeIgniter->handleRequest(null, Object(Config\Cache), false)
 4 FCPATH/index.php(79): CodeIgniter\CodeIgniter->run()
WARNING - 2025-07-26 17:21:18 --> [DEPRECATED] Creation of dynamic property App\Controllers\Guru::$jadwalModel is deprecated in APPPATH/Controllers/Guru.php on line 24.
 1 SYSTEMPATH/CodeIgniter.php(914): App\Controllers\Guru->__construct()
 2 SYSTEMPATH/CodeIgniter.php(493): CodeIgniter\CodeIgniter->createController()
 3 SYSTEMPATH/CodeIgniter.php(361): CodeIgniter\CodeIgniter->handleRequest(null, Object(Config\Cache), false)
 4 FCPATH/index.php(79): CodeIgniter\CodeIgniter->run()
WARNING - 2025-07-26 17:21:18 --> [DEPRECATED] Creation of dynamic property App\Controllers\Guru::$guruMapelModel is deprecated in APPPATH/Controllers/Guru.php on line 25.
 1 SYSTEMPATH/CodeIgniter.php(914): App\Controllers\Guru->__construct()
 2 SYSTEMPATH/CodeIgniter.php(493): CodeIgniter\CodeIgniter->createController()
 3 SYSTEMPATH/CodeIgniter.php(361): CodeIgniter\CodeIgniter->handleRequest(null, Object(Config\Cache), false)
 4 FCPATH/index.php(79): CodeIgniter\CodeIgniter->run()
WARNING - 2025-07-26 17:21:18 --> [DEPRECATED] Creation of dynamic property App\Controllers\Guru::$slotModel is deprecated in APPPATH/Controllers/Guru.php on line 26.
 1 SYSTEMPATH/CodeIgniter.php(914): App\Controllers\Guru->__construct()
 2 SYSTEMPATH/CodeIgniter.php(493): CodeIgniter\CodeIgniter->createController()
 3 SYSTEMPATH/CodeIgniter.php(361): CodeIgniter\CodeIgniter->handleRequest(null, Object(Config\Cache), false)
 4 FCPATH/index.php(79): CodeIgniter\CodeIgniter->run()
INFO - 2025-07-26 17:21:22 --> Session: Class initialized using 'CodeIgniter\Session\Handlers\FileHandler' driver.
INFO - 2025-07-26 17:21:23 --> Session: Class initialized using 'CodeIgniter\Session\Handlers\FileHandler' driver.
INFO - 2025-07-26 18:16:51 --> Session: Class initialized using 'CodeIgniter\Session\Handlers\FileHandler' driver.
WARNING - 2025-07-26 18:16:51 --> [DEPRECATED] Creation of dynamic property App\Controllers\Guru::$mapelModel is deprecated in APPPATH/Controllers/Guru.php on line 21.
 1 SYSTEMPATH/CodeIgniter.php(914): App\Controllers\Guru->__construct()
 2 SYSTEMPATH/CodeIgniter.php(493): CodeIgniter\CodeIgniter->createController()
 3 SYSTEMPATH/CodeIgniter.php(361): CodeIgniter\CodeIgniter->handleRequest(null, Object(Config\Cache), false)
 4 FCPATH/index.php(79): CodeIgniter\CodeIgniter->run()
WARNING - 2025-07-26 18:16:51 --> [DEPRECATED] Creation of dynamic property App\Controllers\Guru::$kelasModel is deprecated in APPPATH/Controllers/Guru.php on line 22.
 1 SYSTEMPATH/CodeIgniter.php(914): App\Controllers\Guru->__construct()
 2 SYSTEMPATH/CodeIgniter.php(493): CodeIgniter\CodeIgniter->createController()
 3 SYSTEMPATH/CodeIgniter.php(361): CodeIgniter\CodeIgniter->handleRequest(null, Object(Config\Cache), false)
 4 FCPATH/index.php(79): CodeIgniter\CodeIgniter->run()
WARNING - 2025-07-26 18:16:51 --> [DEPRECATED] Creation of dynamic property App\Controllers\Guru::$hariModel is deprecated in APPPATH/Controllers/Guru.php on line 23.
 1 SYSTEMPATH/CodeIgniter.php(914): App\Controllers\Guru->__construct()
 2 SYSTEMPATH/CodeIgniter.php(493): CodeIgniter\CodeIgniter->createController()
 3 SYSTEMPATH/CodeIgniter.php(361): CodeIgniter\CodeIgniter->handleRequest(null, Object(Config\Cache), false)
 4 FCPATH/index.php(79): CodeIgniter\CodeIgniter->run()
WARNING - 2025-07-26 18:16:51 --> [DEPRECATED] Creation of dynamic property App\Controllers\Guru::$jadwalModel is deprecated in APPPATH/Controllers/Guru.php on line 24.
 1 SYSTEMPATH/CodeIgniter.php(914): App\Controllers\Guru->__construct()
 2 SYSTEMPATH/CodeIgniter.php(493): CodeIgniter\CodeIgniter->createController()
 3 SYSTEMPATH/CodeIgniter.php(361): CodeIgniter\CodeIgniter->handleRequest(null, Object(Config\Cache), false)
 4 FCPATH/index.php(79): CodeIgniter\CodeIgniter->run()
WARNING - 2025-07-26 18:16:51 --> [DEPRECATED] Creation of dynamic property App\Controllers\Guru::$guruMapelModel is deprecated in APPPATH/Controllers/Guru.php on line 25.
 1 SYSTEMPATH/CodeIgniter.php(914): App\Controllers\Guru->__construct()
 2 SYSTEMPATH/CodeIgniter.php(493): CodeIgniter\CodeIgniter->createController()
 3 SYSTEMPATH/CodeIgniter.php(361): CodeIgniter\CodeIgniter->handleRequest(null, Object(Config\Cache), false)
 4 FCPATH/index.php(79): CodeIgniter\CodeIgniter->run()
WARNING - 2025-07-26 18:16:51 --> [DEPRECATED] Creation of dynamic property App\Controllers\Guru::$slotModel is deprecated in APPPATH/Controllers/Guru.php on line 26.
 1 SYSTEMPATH/CodeIgniter.php(914): App\Controllers\Guru->__construct()
 2 SYSTEMPATH/CodeIgniter.php(493): CodeIgniter\CodeIgniter->createController()
 3 SYSTEMPATH/CodeIgniter.php(361): CodeIgniter\CodeIgniter->handleRequest(null, Object(Config\Cache), false)
 4 FCPATH/index.php(79): CodeIgniter\CodeIgniter->run()
INFO - 2025-07-26 18:16:51 --> Session: Class initialized using 'CodeIgniter\Session\Handlers\FileHandler' driver.
WARNING - 2025-07-26 18:16:51 --> [DEPRECATED] Creation of dynamic property App\Controllers\Guru::$mapelModel is deprecated in APPPATH/Controllers/Guru.php on line 21.
 1 SYSTEMPATH/CodeIgniter.php(914): App\Controllers\Guru->__construct()
 2 SYSTEMPATH/CodeIgniter.php(493): CodeIgniter\CodeIgniter->createController()
 3 SYSTEMPATH/CodeIgniter.php(361): CodeIgniter\CodeIgniter->handleRequest(null, Object(Config\Cache), false)
 4 FCPATH/index.php(79): CodeIgniter\CodeIgniter->run()
WARNING - 2025-07-26 18:16:51 --> [DEPRECATED] Creation of dynamic property App\Controllers\Guru::$kelasModel is deprecated in APPPATH/Controllers/Guru.php on line 22.
 1 SYSTEMPATH/CodeIgniter.php(914): App\Controllers\Guru->__construct()
 2 SYSTEMPATH/CodeIgniter.php(493): CodeIgniter\CodeIgniter->createController()
 3 SYSTEMPATH/CodeIgniter.php(361): CodeIgniter\CodeIgniter->handleRequest(null, Object(Config\Cache), false)
 4 FCPATH/index.php(79): CodeIgniter\CodeIgniter->run()
WARNING - 2025-07-26 18:16:51 --> [DEPRECATED] Creation of dynamic property App\Controllers\Guru::$hariModel is deprecated in APPPATH/Controllers/Guru.php on line 23.
 1 SYSTEMPATH/CodeIgniter.php(914): App\Controllers\Guru->__construct()
 2 SYSTEMPATH/CodeIgniter.php(493): CodeIgniter\CodeIgniter->createController()
 3 SYSTEMPATH/CodeIgniter.php(361): CodeIgniter\CodeIgniter->handleRequest(null, Object(Config\Cache), false)
 4 FCPATH/index.php(79): CodeIgniter\CodeIgniter->run()
WARNING - 2025-07-26 18:16:51 --> [DEPRECATED] Creation of dynamic property App\Controllers\Guru::$jadwalModel is deprecated in APPPATH/Controllers/Guru.php on line 24.
 1 SYSTEMPATH/CodeIgniter.php(914): App\Controllers\Guru->__construct()
 2 SYSTEMPATH/CodeIgniter.php(493): CodeIgniter\CodeIgniter->createController()
 3 SYSTEMPATH/CodeIgniter.php(361): CodeIgniter\CodeIgniter->handleRequest(null, Object(Config\Cache), false)
 4 FCPATH/index.php(79): CodeIgniter\CodeIgniter->run()
WARNING - 2025-07-26 18:16:51 --> [DEPRECATED] Creation of dynamic property App\Controllers\Guru::$guruMapelModel is deprecated in APPPATH/Controllers/Guru.php on line 25.
 1 SYSTEMPATH/CodeIgniter.php(914): App\Controllers\Guru->__construct()
 2 SYSTEMPATH/CodeIgniter.php(493): CodeIgniter\CodeIgniter->createController()
 3 SYSTEMPATH/CodeIgniter.php(361): CodeIgniter\CodeIgniter->handleRequest(null, Object(Config\Cache), false)
 4 FCPATH/index.php(79): CodeIgniter\CodeIgniter->run()
WARNING - 2025-07-26 18:16:51 --> [DEPRECATED] Creation of dynamic property App\Controllers\Guru::$slotModel is deprecated in APPPATH/Controllers/Guru.php on line 26.
 1 SYSTEMPATH/CodeIgniter.php(914): App\Controllers\Guru->__construct()
 2 SYSTEMPATH/CodeIgniter.php(493): CodeIgniter\CodeIgniter->createController()
 3 SYSTEMPATH/CodeIgniter.php(361): CodeIgniter\CodeIgniter->handleRequest(null, Object(Config\Cache), false)
 4 FCPATH/index.php(79): CodeIgniter\CodeIgniter->run()
CRITICAL - 2025-07-26 18:16:51 --> syntax error, unexpected end of file
in APPPATH/Views/guru/jadwal.php on line 309.
 1 SYSTEMPATH/View/View.php(231): CodeIgniter\View\View->CodeIgniter\View\{closure}()
 2 SYSTEMPATH/Common.php(1190): CodeIgniter\View\View->render()
 3 APPPATH/Controllers/Guru.php(153): view()
 4 SYSTEMPATH/CodeIgniter.php(942): App\Controllers\Guru->jadwal()
 5 SYSTEMPATH/CodeIgniter.php(502): CodeIgniter\CodeIgniter->runController()
 6 SYSTEMPATH/CodeIgniter.php(361): CodeIgniter\CodeIgniter->handleRequest()
 7 FCPATH/index.php(79): CodeIgniter\CodeIgniter->run()
INFO - 2025-07-26 18:18:12 --> Session: Class initialized using 'CodeIgniter\Session\Handlers\FileHandler' driver.
WARNING - 2025-07-26 18:18:12 --> [DEPRECATED] Creation of dynamic property App\Controllers\Guru::$mapelModel is deprecated in APPPATH/Controllers/Guru.php on line 21.
 1 SYSTEMPATH/CodeIgniter.php(914): App\Controllers\Guru->__construct()
 2 SYSTEMPATH/CodeIgniter.php(493): CodeIgniter\CodeIgniter->createController()
 3 SYSTEMPATH/CodeIgniter.php(361): CodeIgniter\CodeIgniter->handleRequest(null, Object(Config\Cache), false)
 4 FCPATH/index.php(79): CodeIgniter\CodeIgniter->run()
WARNING - 2025-07-26 18:18:12 --> [DEPRECATED] Creation of dynamic property App\Controllers\Guru::$kelasModel is deprecated in APPPATH/Controllers/Guru.php on line 22.
 1 SYSTEMPATH/CodeIgniter.php(914): App\Controllers\Guru->__construct()
 2 SYSTEMPATH/CodeIgniter.php(493): CodeIgniter\CodeIgniter->createController()
 3 SYSTEMPATH/CodeIgniter.php(361): CodeIgniter\CodeIgniter->handleRequest(null, Object(Config\Cache), false)
 4 FCPATH/index.php(79): CodeIgniter\CodeIgniter->run()
WARNING - 2025-07-26 18:18:12 --> [DEPRECATED] Creation of dynamic property App\Controllers\Guru::$hariModel is deprecated in APPPATH/Controllers/Guru.php on line 23.
 1 SYSTEMPATH/CodeIgniter.php(914): App\Controllers\Guru->__construct()
 2 SYSTEMPATH/CodeIgniter.php(493): CodeIgniter\CodeIgniter->createController()
 3 SYSTEMPATH/CodeIgniter.php(361): CodeIgniter\CodeIgniter->handleRequest(null, Object(Config\Cache), false)
 4 FCPATH/index.php(79): CodeIgniter\CodeIgniter->run()
WARNING - 2025-07-26 18:18:12 --> [DEPRECATED] Creation of dynamic property App\Controllers\Guru::$jadwalModel is deprecated in APPPATH/Controllers/Guru.php on line 24.
 1 SYSTEMPATH/CodeIgniter.php(914): App\Controllers\Guru->__construct()
 2 SYSTEMPATH/CodeIgniter.php(493): CodeIgniter\CodeIgniter->createController()
 3 SYSTEMPATH/CodeIgniter.php(361): CodeIgniter\CodeIgniter->handleRequest(null, Object(Config\Cache), false)
 4 FCPATH/index.php(79): CodeIgniter\CodeIgniter->run()
WARNING - 2025-07-26 18:18:12 --> [DEPRECATED] Creation of dynamic property App\Controllers\Guru::$guruMapelModel is deprecated in APPPATH/Controllers/Guru.php on line 25.
 1 SYSTEMPATH/CodeIgniter.php(914): App\Controllers\Guru->__construct()
 2 SYSTEMPATH/CodeIgniter.php(493): CodeIgniter\CodeIgniter->createController()
 3 SYSTEMPATH/CodeIgniter.php(361): CodeIgniter\CodeIgniter->handleRequest(null, Object(Config\Cache), false)
 4 FCPATH/index.php(79): CodeIgniter\CodeIgniter->run()
WARNING - 2025-07-26 18:18:12 --> [DEPRECATED] Creation of dynamic property App\Controllers\Guru::$slotModel is deprecated in APPPATH/Controllers/Guru.php on line 26.
 1 SYSTEMPATH/CodeIgniter.php(914): App\Controllers\Guru->__construct()
 2 SYSTEMPATH/CodeIgniter.php(493): CodeIgniter\CodeIgniter->createController()
 3 SYSTEMPATH/CodeIgniter.php(361): CodeIgniter\CodeIgniter->handleRequest(null, Object(Config\Cache), false)
 4 FCPATH/index.php(79): CodeIgniter\CodeIgniter->run()
INFO - 2025-07-26 18:18:14 --> Session: Class initialized using 'CodeIgniter\Session\Handlers\FileHandler' driver.
WARNING - 2025-07-26 18:18:14 --> [DEPRECATED] Creation of dynamic property App\Controllers\Guru::$mapelModel is deprecated in APPPATH/Controllers/Guru.php on line 21.
 1 SYSTEMPATH/CodeIgniter.php(914): App\Controllers\Guru->__construct()
 2 SYSTEMPATH/CodeIgniter.php(493): CodeIgniter\CodeIgniter->createController()
 3 SYSTEMPATH/CodeIgniter.php(361): CodeIgniter\CodeIgniter->handleRequest(null, Object(Config\Cache), false)
 4 FCPATH/index.php(79): CodeIgniter\CodeIgniter->run()
WARNING - 2025-07-26 18:18:14 --> [DEPRECATED] Creation of dynamic property App\Controllers\Guru::$kelasModel is deprecated in APPPATH/Controllers/Guru.php on line 22.
 1 SYSTEMPATH/CodeIgniter.php(914): App\Controllers\Guru->__construct()
 2 SYSTEMPATH/CodeIgniter.php(493): CodeIgniter\CodeIgniter->createController()
 3 SYSTEMPATH/CodeIgniter.php(361): CodeIgniter\CodeIgniter->handleRequest(null, Object(Config\Cache), false)
 4 FCPATH/index.php(79): CodeIgniter\CodeIgniter->run()
WARNING - 2025-07-26 18:18:14 --> [DEPRECATED] Creation of dynamic property App\Controllers\Guru::$hariModel is deprecated in APPPATH/Controllers/Guru.php on line 23.
 1 SYSTEMPATH/CodeIgniter.php(914): App\Controllers\Guru->__construct()
 2 SYSTEMPATH/CodeIgniter.php(493): CodeIgniter\CodeIgniter->createController()
 3 SYSTEMPATH/CodeIgniter.php(361): CodeIgniter\CodeIgniter->handleRequest(null, Object(Config\Cache), false)
 4 FCPATH/index.php(79): CodeIgniter\CodeIgniter->run()
WARNING - 2025-07-26 18:18:14 --> [DEPRECATED] Creation of dynamic property App\Controllers\Guru::$jadwalModel is deprecated in APPPATH/Controllers/Guru.php on line 24.
 1 SYSTEMPATH/CodeIgniter.php(914): App\Controllers\Guru->__construct()
 2 SYSTEMPATH/CodeIgniter.php(493): CodeIgniter\CodeIgniter->createController()
 3 SYSTEMPATH/CodeIgniter.php(361): CodeIgniter\CodeIgniter->handleRequest(null, Object(Config\Cache), false)
 4 FCPATH/index.php(79): CodeIgniter\CodeIgniter->run()
WARNING - 2025-07-26 18:18:14 --> [DEPRECATED] Creation of dynamic property App\Controllers\Guru::$guruMapelModel is deprecated in APPPATH/Controllers/Guru.php on line 25.
 1 SYSTEMPATH/CodeIgniter.php(914): App\Controllers\Guru->__construct()
 2 SYSTEMPATH/CodeIgniter.php(493): CodeIgniter\CodeIgniter->createController()
 3 SYSTEMPATH/CodeIgniter.php(361): CodeIgniter\CodeIgniter->handleRequest(null, Object(Config\Cache), false)
 4 FCPATH/index.php(79): CodeIgniter\CodeIgniter->run()
WARNING - 2025-07-26 18:18:14 --> [DEPRECATED] Creation of dynamic property App\Controllers\Guru::$slotModel is deprecated in APPPATH/Controllers/Guru.php on line 26.
 1 SYSTEMPATH/CodeIgniter.php(914): App\Controllers\Guru->__construct()
 2 SYSTEMPATH/CodeIgniter.php(493): CodeIgniter\CodeIgniter->createController()
 3 SYSTEMPATH/CodeIgniter.php(361): CodeIgniter\CodeIgniter->handleRequest(null, Object(Config\Cache), false)
 4 FCPATH/index.php(79): CodeIgniter\CodeIgniter->run()
INFO - 2025-07-26 18:18:14 --> Session: Class initialized using 'CodeIgniter\Session\Handlers\FileHandler' driver.
WARNING - 2025-07-26 18:18:14 --> [DEPRECATED] Creation of dynamic property App\Controllers\Guru::$mapelModel is deprecated in APPPATH/Controllers/Guru.php on line 21.
 1 SYSTEMPATH/CodeIgniter.php(914): App\Controllers\Guru->__construct()
 2 SYSTEMPATH/CodeIgniter.php(493): CodeIgniter\CodeIgniter->createController()
 3 SYSTEMPATH/CodeIgniter.php(361): CodeIgniter\CodeIgniter->handleRequest(null, Object(Config\Cache), false)
 4 FCPATH/index.php(79): CodeIgniter\CodeIgniter->run()
WARNING - 2025-07-26 18:18:14 --> [DEPRECATED] Creation of dynamic property App\Controllers\Guru::$kelasModel is deprecated in APPPATH/Controllers/Guru.php on line 22.
 1 SYSTEMPATH/CodeIgniter.php(914): App\Controllers\Guru->__construct()
 2 SYSTEMPATH/CodeIgniter.php(493): CodeIgniter\CodeIgniter->createController()
 3 SYSTEMPATH/CodeIgniter.php(361): CodeIgniter\CodeIgniter->handleRequest(null, Object(Config\Cache), false)
 4 FCPATH/index.php(79): CodeIgniter\CodeIgniter->run()
WARNING - 2025-07-26 18:18:14 --> [DEPRECATED] Creation of dynamic property App\Controllers\Guru::$hariModel is deprecated in APPPATH/Controllers/Guru.php on line 23.
 1 SYSTEMPATH/CodeIgniter.php(914): App\Controllers\Guru->__construct()
 2 SYSTEMPATH/CodeIgniter.php(493): CodeIgniter\CodeIgniter->createController()
 3 SYSTEMPATH/CodeIgniter.php(361): CodeIgniter\CodeIgniter->handleRequest(null, Object(Config\Cache), false)
 4 FCPATH/index.php(79): CodeIgniter\CodeIgniter->run()
WARNING - 2025-07-26 18:18:14 --> [DEPRECATED] Creation of dynamic property App\Controllers\Guru::$jadwalModel is deprecated in APPPATH/Controllers/Guru.php on line 24.
 1 SYSTEMPATH/CodeIgniter.php(914): App\Controllers\Guru->__construct()
 2 SYSTEMPATH/CodeIgniter.php(493): CodeIgniter\CodeIgniter->createController()
 3 SYSTEMPATH/CodeIgniter.php(361): CodeIgniter\CodeIgniter->handleRequest(null, Object(Config\Cache), false)
 4 FCPATH/index.php(79): CodeIgniter\CodeIgniter->run()
WARNING - 2025-07-26 18:18:14 --> [DEPRECATED] Creation of dynamic property App\Controllers\Guru::$guruMapelModel is deprecated in APPPATH/Controllers/Guru.php on line 25.
 1 SYSTEMPATH/CodeIgniter.php(914): App\Controllers\Guru->__construct()
 2 SYSTEMPATH/CodeIgniter.php(493): CodeIgniter\CodeIgniter->createController()
 3 SYSTEMPATH/CodeIgniter.php(361): CodeIgniter\CodeIgniter->handleRequest(null, Object(Config\Cache), false)
 4 FCPATH/index.php(79): CodeIgniter\CodeIgniter->run()
WARNING - 2025-07-26 18:18:14 --> [DEPRECATED] Creation of dynamic property App\Controllers\Guru::$slotModel is deprecated in APPPATH/Controllers/Guru.php on line 26.
 1 SYSTEMPATH/CodeIgniter.php(914): App\Controllers\Guru->__construct()
 2 SYSTEMPATH/CodeIgniter.php(493): CodeIgniter\CodeIgniter->createController()
 3 SYSTEMPATH/CodeIgniter.php(361): CodeIgniter\CodeIgniter->handleRequest(null, Object(Config\Cache), false)
 4 FCPATH/index.php(79): CodeIgniter\CodeIgniter->run()
INFO - 2025-07-26 19:00:31 --> Session: Class initialized using 'CodeIgniter\Session\Handlers\FileHandler' driver.
WARNING - 2025-07-26 19:00:31 --> [DEPRECATED] Creation of dynamic property App\Controllers\Guru::$mapelModel is deprecated in APPPATH/Controllers/Guru.php on line 21.
 1 SYSTEMPATH/CodeIgniter.php(914): App\Controllers\Guru->__construct()
 2 SYSTEMPATH/CodeIgniter.php(493): CodeIgniter\CodeIgniter->createController()
 3 SYSTEMPATH/CodeIgniter.php(361): CodeIgniter\CodeIgniter->handleRequest(null, Object(Config\Cache), false)
 4 FCPATH/index.php(79): CodeIgniter\CodeIgniter->run()
WARNING - 2025-07-26 19:00:31 --> [DEPRECATED] Creation of dynamic property App\Controllers\Guru::$kelasModel is deprecated in APPPATH/Controllers/Guru.php on line 22.
 1 SYSTEMPATH/CodeIgniter.php(914): App\Controllers\Guru->__construct()
 2 SYSTEMPATH/CodeIgniter.php(493): CodeIgniter\CodeIgniter->createController()
 3 SYSTEMPATH/CodeIgniter.php(361): CodeIgniter\CodeIgniter->handleRequest(null, Object(Config\Cache), false)
 4 FCPATH/index.php(79): CodeIgniter\CodeIgniter->run()
WARNING - 2025-07-26 19:00:31 --> [DEPRECATED] Creation of dynamic property App\Controllers\Guru::$hariModel is deprecated in APPPATH/Controllers/Guru.php on line 23.
 1 SYSTEMPATH/CodeIgniter.php(914): App\Controllers\Guru->__construct()
 2 SYSTEMPATH/CodeIgniter.php(493): CodeIgniter\CodeIgniter->createController()
 3 SYSTEMPATH/CodeIgniter.php(361): CodeIgniter\CodeIgniter->handleRequest(null, Object(Config\Cache), false)
 4 FCPATH/index.php(79): CodeIgniter\CodeIgniter->run()
WARNING - 2025-07-26 19:00:31 --> [DEPRECATED] Creation of dynamic property App\Controllers\Guru::$jadwalModel is deprecated in APPPATH/Controllers/Guru.php on line 24.
 1 SYSTEMPATH/CodeIgniter.php(914): App\Controllers\Guru->__construct()
 2 SYSTEMPATH/CodeIgniter.php(493): CodeIgniter\CodeIgniter->createController()
 3 SYSTEMPATH/CodeIgniter.php(361): CodeIgniter\CodeIgniter->handleRequest(null, Object(Config\Cache), false)
 4 FCPATH/index.php(79): CodeIgniter\CodeIgniter->run()
WARNING - 2025-07-26 19:00:31 --> [DEPRECATED] Creation of dynamic property App\Controllers\Guru::$guruMapelModel is deprecated in APPPATH/Controllers/Guru.php on line 25.
 1 SYSTEMPATH/CodeIgniter.php(914): App\Controllers\Guru->__construct()
 2 SYSTEMPATH/CodeIgniter.php(493): CodeIgniter\CodeIgniter->createController()
 3 SYSTEMPATH/CodeIgniter.php(361): CodeIgniter\CodeIgniter->handleRequest(null, Object(Config\Cache), false)
 4 FCPATH/index.php(79): CodeIgniter\CodeIgniter->run()
WARNING - 2025-07-26 19:00:31 --> [DEPRECATED] Creation of dynamic property App\Controllers\Guru::$slotModel is deprecated in APPPATH/Controllers/Guru.php on line 26.
 1 SYSTEMPATH/CodeIgniter.php(914): App\Controllers\Guru->__construct()
 2 SYSTEMPATH/CodeIgniter.php(493): CodeIgniter\CodeIgniter->createController()
 3 SYSTEMPATH/CodeIgniter.php(361): CodeIgniter\CodeIgniter->handleRequest(null, Object(Config\Cache), false)
 4 FCPATH/index.php(79): CodeIgniter\CodeIgniter->run()
INFO - 2025-07-26 19:00:37 --> Session: Class initialized using 'CodeIgniter\Session\Handlers\FileHandler' driver.
WARNING - 2025-07-26 19:00:37 --> [DEPRECATED] Creation of dynamic property App\Controllers\Guru::$mapelModel is deprecated in APPPATH/Controllers/Guru.php on line 21.
 1 SYSTEMPATH/CodeIgniter.php(914): App\Controllers\Guru->__construct()
 2 SYSTEMPATH/CodeIgniter.php(493): CodeIgniter\CodeIgniter->createController()
 3 SYSTEMPATH/CodeIgniter.php(361): CodeIgniter\CodeIgniter->handleRequest(null, Object(Config\Cache), false)
 4 FCPATH/index.php(79): CodeIgniter\CodeIgniter->run()
WARNING - 2025-07-26 19:00:37 --> [DEPRECATED] Creation of dynamic property App\Controllers\Guru::$kelasModel is deprecated in APPPATH/Controllers/Guru.php on line 22.
 1 SYSTEMPATH/CodeIgniter.php(914): App\Controllers\Guru->__construct()
 2 SYSTEMPATH/CodeIgniter.php(493): CodeIgniter\CodeIgniter->createController()
 3 SYSTEMPATH/CodeIgniter.php(361): CodeIgniter\CodeIgniter->handleRequest(null, Object(Config\Cache), false)
 4 FCPATH/index.php(79): CodeIgniter\CodeIgniter->run()
WARNING - 2025-07-26 19:00:37 --> [DEPRECATED] Creation of dynamic property App\Controllers\Guru::$hariModel is deprecated in APPPATH/Controllers/Guru.php on line 23.
 1 SYSTEMPATH/CodeIgniter.php(914): App\Controllers\Guru->__construct()
 2 SYSTEMPATH/CodeIgniter.php(493): CodeIgniter\CodeIgniter->createController()
 3 SYSTEMPATH/CodeIgniter.php(361): CodeIgniter\CodeIgniter->handleRequest(null, Object(Config\Cache), false)
 4 FCPATH/index.php(79): CodeIgniter\CodeIgniter->run()
WARNING - 2025-07-26 19:00:37 --> [DEPRECATED] Creation of dynamic property App\Controllers\Guru::$jadwalModel is deprecated in APPPATH/Controllers/Guru.php on line 24.
 1 SYSTEMPATH/CodeIgniter.php(914): App\Controllers\Guru->__construct()
 2 SYSTEMPATH/CodeIgniter.php(493): CodeIgniter\CodeIgniter->createController()
 3 SYSTEMPATH/CodeIgniter.php(361): CodeIgniter\CodeIgniter->handleRequest(null, Object(Config\Cache), false)
 4 FCPATH/index.php(79): CodeIgniter\CodeIgniter->run()
WARNING - 2025-07-26 19:00:37 --> [DEPRECATED] Creation of dynamic property App\Controllers\Guru::$guruMapelModel is deprecated in APPPATH/Controllers/Guru.php on line 25.
 1 SYSTEMPATH/CodeIgniter.php(914): App\Controllers\Guru->__construct()
 2 SYSTEMPATH/CodeIgniter.php(493): CodeIgniter\CodeIgniter->createController()
 3 SYSTEMPATH/CodeIgniter.php(361): CodeIgniter\CodeIgniter->handleRequest(null, Object(Config\Cache), false)
 4 FCPATH/index.php(79): CodeIgniter\CodeIgniter->run()
WARNING - 2025-07-26 19:00:37 --> [DEPRECATED] Creation of dynamic property App\Controllers\Guru::$slotModel is deprecated in APPPATH/Controllers/Guru.php on line 26.
 1 SYSTEMPATH/CodeIgniter.php(914): App\Controllers\Guru->__construct()
 2 SYSTEMPATH/CodeIgniter.php(493): CodeIgniter\CodeIgniter->createController()
 3 SYSTEMPATH/CodeIgniter.php(361): CodeIgniter\CodeIgniter->handleRequest(null, Object(Config\Cache), false)
 4 FCPATH/index.php(79): CodeIgniter\CodeIgniter->run()
INFO - 2025-07-26 19:00:44 --> Session: Class initialized using 'CodeIgniter\Session\Handlers\FileHandler' driver.
WARNING - 2025-07-26 19:00:44 --> [DEPRECATED] Creation of dynamic property App\Controllers\Guru::$mapelModel is deprecated in APPPATH/Controllers/Guru.php on line 21.
 1 SYSTEMPATH/CodeIgniter.php(914): App\Controllers\Guru->__construct()
 2 SYSTEMPATH/CodeIgniter.php(493): CodeIgniter\CodeIgniter->createController()
 3 SYSTEMPATH/CodeIgniter.php(361): CodeIgniter\CodeIgniter->handleRequest(null, Object(Config\Cache), false)
 4 FCPATH/index.php(79): CodeIgniter\CodeIgniter->run()
WARNING - 2025-07-26 19:00:44 --> [DEPRECATED] Creation of dynamic property App\Controllers\Guru::$kelasModel is deprecated in APPPATH/Controllers/Guru.php on line 22.
 1 SYSTEMPATH/CodeIgniter.php(914): App\Controllers\Guru->__construct()
 2 SYSTEMPATH/CodeIgniter.php(493): CodeIgniter\CodeIgniter->createController()
 3 SYSTEMPATH/CodeIgniter.php(361): CodeIgniter\CodeIgniter->handleRequest(null, Object(Config\Cache), false)
 4 FCPATH/index.php(79): CodeIgniter\CodeIgniter->run()
WARNING - 2025-07-26 19:00:44 --> [DEPRECATED] Creation of dynamic property App\Controllers\Guru::$hariModel is deprecated in APPPATH/Controllers/Guru.php on line 23.
 1 SYSTEMPATH/CodeIgniter.php(914): App\Controllers\Guru->__construct()
 2 SYSTEMPATH/CodeIgniter.php(493): CodeIgniter\CodeIgniter->createController()
 3 SYSTEMPATH/CodeIgniter.php(361): CodeIgniter\CodeIgniter->handleRequest(null, Object(Config\Cache), false)
 4 FCPATH/index.php(79): CodeIgniter\CodeIgniter->run()
WARNING - 2025-07-26 19:00:44 --> [DEPRECATED] Creation of dynamic property App\Controllers\Guru::$jadwalModel is deprecated in APPPATH/Controllers/Guru.php on line 24.
 1 SYSTEMPATH/CodeIgniter.php(914): App\Controllers\Guru->__construct()
 2 SYSTEMPATH/CodeIgniter.php(493): CodeIgniter\CodeIgniter->createController()
 3 SYSTEMPATH/CodeIgniter.php(361): CodeIgniter\CodeIgniter->handleRequest(null, Object(Config\Cache), false)
 4 FCPATH/index.php(79): CodeIgniter\CodeIgniter->run()
WARNING - 2025-07-26 19:00:44 --> [DEPRECATED] Creation of dynamic property App\Controllers\Guru::$guruMapelModel is deprecated in APPPATH/Controllers/Guru.php on line 25.
 1 SYSTEMPATH/CodeIgniter.php(914): App\Controllers\Guru->__construct()
 2 SYSTEMPATH/CodeIgniter.php(493): CodeIgniter\CodeIgniter->createController()
 3 SYSTEMPATH/CodeIgniter.php(361): CodeIgniter\CodeIgniter->handleRequest(null, Object(Config\Cache), false)
 4 FCPATH/index.php(79): CodeIgniter\CodeIgniter->run()
WARNING - 2025-07-26 19:00:44 --> [DEPRECATED] Creation of dynamic property App\Controllers\Guru::$slotModel is deprecated in APPPATH/Controllers/Guru.php on line 26.
 1 SYSTEMPATH/CodeIgniter.php(914): App\Controllers\Guru->__construct()
 2 SYSTEMPATH/CodeIgniter.php(493): CodeIgniter\CodeIgniter->createController()
 3 SYSTEMPATH/CodeIgniter.php(361): CodeIgniter\CodeIgniter->handleRequest(null, Object(Config\Cache), false)
 4 FCPATH/index.php(79): CodeIgniter\CodeIgniter->run()
INFO - 2025-07-26 19:00:44 --> Session: Class initialized using 'CodeIgniter\Session\Handlers\FileHandler' driver.
WARNING - 2025-07-26 19:00:44 --> [DEPRECATED] Creation of dynamic property App\Controllers\Guru::$mapelModel is deprecated in APPPATH/Controllers/Guru.php on line 21.
 1 SYSTEMPATH/CodeIgniter.php(914): App\Controllers\Guru->__construct()
 2 SYSTEMPATH/CodeIgniter.php(493): CodeIgniter\CodeIgniter->createController()
 3 SYSTEMPATH/CodeIgniter.php(361): CodeIgniter\CodeIgniter->handleRequest(null, Object(Config\Cache), false)
 4 FCPATH/index.php(79): CodeIgniter\CodeIgniter->run()
WARNING - 2025-07-26 19:00:44 --> [DEPRECATED] Creation of dynamic property App\Controllers\Guru::$kelasModel is deprecated in APPPATH/Controllers/Guru.php on line 22.
 1 SYSTEMPATH/CodeIgniter.php(914): App\Controllers\Guru->__construct()
 2 SYSTEMPATH/CodeIgniter.php(493): CodeIgniter\CodeIgniter->createController()
 3 SYSTEMPATH/CodeIgniter.php(361): CodeIgniter\CodeIgniter->handleRequest(null, Object(Config\Cache), false)
 4 FCPATH/index.php(79): CodeIgniter\CodeIgniter->run()
WARNING - 2025-07-26 19:00:44 --> [DEPRECATED] Creation of dynamic property App\Controllers\Guru::$hariModel is deprecated in APPPATH/Controllers/Guru.php on line 23.
 1 SYSTEMPATH/CodeIgniter.php(914): App\Controllers\Guru->__construct()
 2 SYSTEMPATH/CodeIgniter.php(493): CodeIgniter\CodeIgniter->createController()
 3 SYSTEMPATH/CodeIgniter.php(361): CodeIgniter\CodeIgniter->handleRequest(null, Object(Config\Cache), false)
 4 FCPATH/index.php(79): CodeIgniter\CodeIgniter->run()
WARNING - 2025-07-26 19:00:44 --> [DEPRECATED] Creation of dynamic property App\Controllers\Guru::$jadwalModel is deprecated in APPPATH/Controllers/Guru.php on line 24.
 1 SYSTEMPATH/CodeIgniter.php(914): App\Controllers\Guru->__construct()
 2 SYSTEMPATH/CodeIgniter.php(493): CodeIgniter\CodeIgniter->createController()
 3 SYSTEMPATH/CodeIgniter.php(361): CodeIgniter\CodeIgniter->handleRequest(null, Object(Config\Cache), false)
 4 FCPATH/index.php(79): CodeIgniter\CodeIgniter->run()
WARNING - 2025-07-26 19:00:44 --> [DEPRECATED] Creation of dynamic property App\Controllers\Guru::$guruMapelModel is deprecated in APPPATH/Controllers/Guru.php on line 25.
 1 SYSTEMPATH/CodeIgniter.php(914): App\Controllers\Guru->__construct()
 2 SYSTEMPATH/CodeIgniter.php(493): CodeIgniter\CodeIgniter->createController()
 3 SYSTEMPATH/CodeIgniter.php(361): CodeIgniter\CodeIgniter->handleRequest(null, Object(Config\Cache), false)
 4 FCPATH/index.php(79): CodeIgniter\CodeIgniter->run()
WARNING - 2025-07-26 19:00:44 --> [DEPRECATED] Creation of dynamic property App\Controllers\Guru::$slotModel is deprecated in APPPATH/Controllers/Guru.php on line 26.
 1 SYSTEMPATH/CodeIgniter.php(914): App\Controllers\Guru->__construct()
 2 SYSTEMPATH/CodeIgniter.php(493): CodeIgniter\CodeIgniter->createController()
 3 SYSTEMPATH/CodeIgniter.php(361): CodeIgniter\CodeIgniter->handleRequest(null, Object(Config\Cache), false)
 4 FCPATH/index.php(79): CodeIgniter\CodeIgniter->run()
INFO - 2025-07-26 19:00:47 --> Session: Class initialized using 'CodeIgniter\Session\Handlers\FileHandler' driver.
WARNING - 2025-07-26 19:00:47 --> [DEPRECATED] Creation of dynamic property App\Controllers\Guru::$mapelModel is deprecated in APPPATH/Controllers/Guru.php on line 21.
 1 SYSTEMPATH/CodeIgniter.php(914): App\Controllers\Guru->__construct()
 2 SYSTEMPATH/CodeIgniter.php(493): CodeIgniter\CodeIgniter->createController()
 3 SYSTEMPATH/CodeIgniter.php(361): CodeIgniter\CodeIgniter->handleRequest(null, Object(Config\Cache), false)
 4 FCPATH/index.php(79): CodeIgniter\CodeIgniter->run()
WARNING - 2025-07-26 19:00:47 --> [DEPRECATED] Creation of dynamic property App\Controllers\Guru::$kelasModel is deprecated in APPPATH/Controllers/Guru.php on line 22.
 1 SYSTEMPATH/CodeIgniter.php(914): App\Controllers\Guru->__construct()
 2 SYSTEMPATH/CodeIgniter.php(493): CodeIgniter\CodeIgniter->createController()
 3 SYSTEMPATH/CodeIgniter.php(361): CodeIgniter\CodeIgniter->handleRequest(null, Object(Config\Cache), false)
 4 FCPATH/index.php(79): CodeIgniter\CodeIgniter->run()
WARNING - 2025-07-26 19:00:47 --> [DEPRECATED] Creation of dynamic property App\Controllers\Guru::$hariModel is deprecated in APPPATH/Controllers/Guru.php on line 23.
 1 SYSTEMPATH/CodeIgniter.php(914): App\Controllers\Guru->__construct()
 2 SYSTEMPATH/CodeIgniter.php(493): CodeIgniter\CodeIgniter->createController()
 3 SYSTEMPATH/CodeIgniter.php(361): CodeIgniter\CodeIgniter->handleRequest(null, Object(Config\Cache), false)
 4 FCPATH/index.php(79): CodeIgniter\CodeIgniter->run()
WARNING - 2025-07-26 19:00:47 --> [DEPRECATED] Creation of dynamic property App\Controllers\Guru::$jadwalModel is deprecated in APPPATH/Controllers/Guru.php on line 24.
 1 SYSTEMPATH/CodeIgniter.php(914): App\Controllers\Guru->__construct()
 2 SYSTEMPATH/CodeIgniter.php(493): CodeIgniter\CodeIgniter->createController()
 3 SYSTEMPATH/CodeIgniter.php(361): CodeIgniter\CodeIgniter->handleRequest(null, Object(Config\Cache), false)
 4 FCPATH/index.php(79): CodeIgniter\CodeIgniter->run()
WARNING - 2025-07-26 19:00:47 --> [DEPRECATED] Creation of dynamic property App\Controllers\Guru::$guruMapelModel is deprecated in APPPATH/Controllers/Guru.php on line 25.
 1 SYSTEMPATH/CodeIgniter.php(914): App\Controllers\Guru->__construct()
 2 SYSTEMPATH/CodeIgniter.php(493): CodeIgniter\CodeIgniter->createController()
 3 SYSTEMPATH/CodeIgniter.php(361): CodeIgniter\CodeIgniter->handleRequest(null, Object(Config\Cache), false)
 4 FCPATH/index.php(79): CodeIgniter\CodeIgniter->run()
WARNING - 2025-07-26 19:00:47 --> [DEPRECATED] Creation of dynamic property App\Controllers\Guru::$slotModel is deprecated in APPPATH/Controllers/Guru.php on line 26.
 1 SYSTEMPATH/CodeIgniter.php(914): App\Controllers\Guru->__construct()
 2 SYSTEMPATH/CodeIgniter.php(493): CodeIgniter\CodeIgniter->createController()
 3 SYSTEMPATH/CodeIgniter.php(361): CodeIgniter\CodeIgniter->handleRequest(null, Object(Config\Cache), false)
 4 FCPATH/index.php(79): CodeIgniter\CodeIgniter->run()
