CRITICAL - 2025-10-03 01:09:35 --> Trying to access array offset on value of type null
in APPPATH/Views/pages/kwitansi-update.php on line 89.
 1 APPPATH/Views/pages/kwitansi-update.php(89): CodeIgniter\Debug\Exceptions->errorHandler()
 2 SYSTEMPATH/View/View.php(228): include('/home/u927597906/domains/51-574-ff.darulhijrah.in/public_html/app/Views/pages/kwitansi-update.php')
 3 SYSTEMPATH/View/View.php(231): CodeIgniter\View\View->CodeIgniter\View\{closure}()
 4 SYSTEMPATH/Common.php(1190): CodeIgniter\View\View->render()
 5 APPPATH/Controllers/Page.php(169): view()
 6 SYSTEMPATH/CodeIgniter.php(942): App\Controllers\Page->kwitansi_santri_psb()
 7 SYSTEMPATH/CodeIgniter.php(502): CodeIgniter\CodeIgniter->runController()
 8 SYSTEMPATH/CodeIgniter.php(361): CodeIgniter\CodeIgniter->handleRequest()
 9 FCPATH/index.php(79): CodeIgniter\CodeIgniter->run()
CRITICAL - 2025-10-03 01:14:02 --> Trying to access array offset on value of type null
in APPPATH/Views/pages/kwitansi-update.php on line 89.
 1 APPPATH/Views/pages/kwitansi-update.php(89): CodeIgniter\Debug\Exceptions->errorHandler()
 2 SYSTEMPATH/View/View.php(228): include('/home/u927597906/domains/51-574-ff.darulhijrah.in/public_html/app/Views/pages/kwitansi-update.php')
 3 SYSTEMPATH/View/View.php(231): CodeIgniter\View\View->CodeIgniter\View\{closure}()
 4 SYSTEMPATH/Common.php(1190): CodeIgniter\View\View->render()
 5 APPPATH/Controllers/Page.php(169): view()
 6 SYSTEMPATH/CodeIgniter.php(942): App\Controllers\Page->kwitansi_santri_psb()
 7 SYSTEMPATH/CodeIgniter.php(502): CodeIgniter\CodeIgniter->runController()
 8 SYSTEMPATH/CodeIgniter.php(361): CodeIgniter\CodeIgniter->handleRequest()
 9 FCPATH/index.php(79): CodeIgniter\CodeIgniter->run()
CRITICAL - 2025-10-03 05:31:59 --> Trying to access array offset on value of type null
in APPPATH/Views/pages/kwitansi-update.php on line 89.
 1 APPPATH/Views/pages/kwitansi-update.php(89): CodeIgniter\Debug\Exceptions->errorHandler()
 2 SYSTEMPATH/View/View.php(228): include('/home/u927597906/domains/51-574-ff.darulhijrah.in/public_html/app/Views/pages/kwitansi-update.php')
 3 SYSTEMPATH/View/View.php(231): CodeIgniter\View\View->CodeIgniter\View\{closure}()
 4 SYSTEMPATH/Common.php(1190): CodeIgniter\View\View->render()
 5 APPPATH/Controllers/Page.php(169): view()
 6 SYSTEMPATH/CodeIgniter.php(942): App\Controllers\Page->kwitansi_santri_psb()
 7 SYSTEMPATH/CodeIgniter.php(502): CodeIgniter\CodeIgniter->runController()
 8 SYSTEMPATH/CodeIgniter.php(361): CodeIgniter\CodeIgniter->handleRequest()
 9 FCPATH/index.php(79): CodeIgniter\CodeIgniter->run()
CRITICAL - 2025-10-03 05:35:47 --> Trying to access array offset on value of type null
in APPPATH/Views/pages/kwitansi-update.php on line 89.
 1 APPPATH/Views/pages/kwitansi-update.php(89): CodeIgniter\Debug\Exceptions->errorHandler()
 2 SYSTEMPATH/View/View.php(228): include('/home/u927597906/domains/51-574-ff.darulhijrah.in/public_html/app/Views/pages/kwitansi-update.php')
 3 SYSTEMPATH/View/View.php(231): CodeIgniter\View\View->CodeIgniter\View\{closure}()
 4 SYSTEMPATH/Common.php(1190): CodeIgniter\View\View->render()
 5 APPPATH/Controllers/Page.php(169): view()
 6 SYSTEMPATH/CodeIgniter.php(942): App\Controllers\Page->kwitansi_santri_psb()
 7 SYSTEMPATH/CodeIgniter.php(502): CodeIgniter\CodeIgniter->runController()
 8 SYSTEMPATH/CodeIgniter.php(361): CodeIgniter\CodeIgniter->handleRequest()
 9 FCPATH/index.php(79): CodeIgniter\CodeIgniter->run()
CRITICAL - 2025-10-03 05:36:34 --> Trying to access array offset on value of type null
in APPPATH/Views/pages/kwitansi-update.php on line 89.
 1 APPPATH/Views/pages/kwitansi-update.php(89): CodeIgniter\Debug\Exceptions->errorHandler()
 2 SYSTEMPATH/View/View.php(228): include('/home/u927597906/domains/51-574-ff.darulhijrah.in/public_html/app/Views/pages/kwitansi-update.php')
 3 SYSTEMPATH/View/View.php(231): CodeIgniter\View\View->CodeIgniter\View\{closure}()
 4 SYSTEMPATH/Common.php(1190): CodeIgniter\View\View->render()
 5 APPPATH/Controllers/Page.php(169): view()
 6 SYSTEMPATH/CodeIgniter.php(942): App\Controllers\Page->kwitansi_santri_psb()
 7 SYSTEMPATH/CodeIgniter.php(502): CodeIgniter\CodeIgniter->runController()
 8 SYSTEMPATH/CodeIgniter.php(361): CodeIgniter\CodeIgniter->handleRequest()
 9 FCPATH/index.php(79): CodeIgniter\CodeIgniter->run()
